[2025-05-15T21:09:22.674+0000] {local_task_job_runner.py:123} INFO - ::group::Pre task execution logs
[2025-05-15T21:09:22.700+0000] {taskinstance.py:2614} INFO - Dependencies all met for dep_context=non-requeueable deps ti=<TaskInstance: update_manga_database.extract_chapter_ids manual__2025-05-15T21:09:07.164618+00:00 [queued]>
[2025-05-15T21:09:22.709+0000] {taskinstance.py:2614} INFO - Dependencies all met for dep_context=requeueable deps ti=<TaskInstance: update_manga_database.extract_chapter_ids manual__2025-05-15T21:09:07.164618+00:00 [queued]>
[2025-05-15T21:09:22.710+0000] {taskinstance.py:2867} INFO - Starting attempt 1 of 2
[2025-05-15T21:09:22.731+0000] {taskinstance.py:2890} INFO - Executing <Task(_PythonDecoratedOperator): extract_chapter_ids> on 2025-05-15 21:09:07.164618+00:00
[2025-05-15T21:09:22.742+0000] {warnings.py:112} WARNING - /home/***/.local/lib/python3.12/site-packages/***/task/task_runner/standard_task_runner.py:70: DeprecationWarning: This process (pid=2705) is multi-threaded, use of fork() may lead to deadlocks in the child.
  pid = os.fork()

[2025-05-15T21:09:22.745+0000] {standard_task_runner.py:72} INFO - Started process 2710 to run task
[2025-05-15T21:09:22.745+0000] {standard_task_runner.py:104} INFO - Running: ['***', 'tasks', 'run', 'update_manga_database', 'extract_chapter_ids', 'manual__2025-05-15T21:09:07.164618+00:00', '--job-id', '33', '--raw', '--subdir', 'DAGS_FOLDER/update_manga_database_dag.py', '--cfg-path', '/tmp/tmpd_r_jdtw']
[2025-05-15T21:09:22.747+0000] {standard_task_runner.py:105} INFO - Job 33: Subtask extract_chapter_ids
[2025-05-15T21:09:22.803+0000] {task_command.py:467} INFO - Running <TaskInstance: update_manga_database.extract_chapter_ids manual__2025-05-15T21:09:07.164618+00:00 [running]> on host 3729034b4972
[2025-05-15T21:09:22.903+0000] {taskinstance.py:3134} INFO - Exporting env vars: AIRFLOW_CTX_DAG_OWNER='***' AIRFLOW_CTX_DAG_ID='update_manga_database' AIRFLOW_CTX_TASK_ID='extract_chapter_ids' AIRFLOW_CTX_EXECUTION_DATE='2025-05-15T21:09:07.164618+00:00' AIRFLOW_CTX_TRY_NUMBER='1' AIRFLOW_CTX_DAG_RUN_ID='manual__2025-05-15T21:09:07.164618+00:00'
[2025-05-15T21:09:22.905+0000] {logging_mixin.py:190} INFO - Task instance is in running state
[2025-05-15T21:09:22.906+0000] {logging_mixin.py:190} INFO -  Previous state of the Task instance: queued
[2025-05-15T21:09:22.907+0000] {logging_mixin.py:190} INFO - Current task name:extract_chapter_ids state:running start_date:2025-05-15 21:09:22.701217+00:00
[2025-05-15T21:09:22.907+0000] {logging_mixin.py:190} INFO - Dag name:update_manga_database and current dag run status:running
[2025-05-15T21:09:22.908+0000] {taskinstance.py:732} INFO - ::endgroup::
[2025-05-15T21:09:22.908+0000] {python.py:240} INFO - Done. Returned value was: ['6ec2b9fd-08f7-4a58-a08a-80f82436c8c9', '8c8f62b4-e063-4e9a-8fc7-972b6045687a', '143711b7-4eb8-43e9-8c8b-f51ebb9a344c', '82141f03-c082-442c-8b6a-13afb1ba3e23', '6d720b40-3aad-47a0-916d-6ce4f5f5d365', '87a809bb-2126-4199-8bb0-ca744e76aeca', '7d419259-e55c-493a-a849-8c3395ddc510', 'f31f77eb-eb4e-488a-89fa-145ae089649b', '60533411-a9ec-42e9-99eb-4a7387c6e544', 'ec3cfe93-39ec-4300-8fbd-2613764f32c2', '7fe37362-9219-445a-ad4b-d044f5fb0f78', 'de4fd14a-ab6e-485d-a2ab-f321fcd3908b', '399e4037-7548-4855-8dc0-d78510e0c952', '92da9200-c9ec-4eb9-8404-668f0f0d48b7', 'bdc35347-8a27-4f76-bf22-bfa7a4fe6841', '247220e4-5bc2-49cd-b527-eb2c75296896', 'b309ee67-e822-4cf6-97b6-332df1b42adc', 'f184c114-68c2-433d-abd0-aa2fc4ebe293', '51317a0e-0c77-4f00-9ff9-f68e49c3b29f', '4eaa5b40-aac7-4f34-94bf-0c4108856419', 'ecdb565d-a9c2-4e49-a2c0-293ac5589180', '1ff59269-d84d-4d40-98b6-7353a826a6b6', '54f1f873-5e11-47b7-94b9-d8a8396e2bb4', 'fa75eb21-daad-4607-afec-5a65340a0928', '971668bb-24d4-4a02-a53f-21f7be8b9685', 'ed9723d3-06f4-4396-aa32-37fa2b10231f', 'ea538fa8-e518-4baf-8150-bbeef6ff5509', '7f9cf233-33de-4641-84c4-819dddcda0cd', '710ac6e0-39fc-48f1-ae84-3c805c61dc81', '3fbe55c3-9785-4874-89b3-ba8e0b035a72', '9e17a307-cb2d-4923-9f36-949600129a49', 'ee79f063-8fcd-4f58-92e8-d58e48c170fd', 'f3dcd0d6-83dc-48f2-8685-2b90320788b2', 'b785b05e-0d84-454c-a13c-80141f061788', '3b9f350a-e4d2-4d9f-b382-77f8d3084e1f', 'a660aaf0-2b7d-4034-b998-24640ff1ad00', 'd87d2e44-6984-4fcd-bf88-011a1c9e0a99']
[2025-05-15T21:09:22.933+0000] {taskinstance.py:341} INFO - ::group::Post task execution logs
[2025-05-15T21:09:22.934+0000] {taskinstance.py:353} INFO - Marking task as SUCCESS. dag_id=update_manga_database, task_id=extract_chapter_ids, run_id=manual__2025-05-15T21:09:07.164618+00:00, execution_date=20250515T210907, start_date=20250515T210922, end_date=20250515T210922
[2025-05-15T21:09:22.959+0000] {logging_mixin.py:190} INFO - Task instance in success state
[2025-05-15T21:09:22.960+0000] {logging_mixin.py:190} INFO -  Previous state of the Task instance: running
[2025-05-15T21:09:22.960+0000] {logging_mixin.py:190} INFO - Dag name:update_manga_database queued_at:2025-05-15 21:09:07.200229+00:00
[2025-05-15T21:09:22.961+0000] {logging_mixin.py:190} INFO - Task hostname:3729034b4972 operator:_PythonDecoratedOperator
[2025-05-15T21:09:23.001+0000] {local_task_job_runner.py:266} INFO - Task exited with return code 0
[2025-05-15T21:09:23.037+0000] {taskinstance.py:3901} INFO - 1 downstream tasks scheduled from follow-on schedule check
[2025-05-15T21:09:23.040+0000] {local_task_job_runner.py:245} INFO - ::endgroup::
