[2025-05-16T04:59:20.137+0000] {local_task_job_runner.py:123} INFO - ::group::Pre task execution logs
[2025-05-16T04:59:20.157+0000] {taskinstance.py:2614} INFO - Dependencies all met for dep_context=non-requeueable deps ti=<TaskInstance: update_manga_database.fetch_and_process_image_data manual__2025-05-16T04:59:05.924329+00:00 [queued]>
[2025-05-16T04:59:20.166+0000] {taskinstance.py:2614} INFO - Dependencies all met for dep_context=requeueable deps ti=<TaskInstance: update_manga_database.fetch_and_process_image_data manual__2025-05-16T04:59:05.924329+00:00 [queued]>
[2025-05-16T04:59:20.167+0000] {taskinstance.py:2867} INFO - Starting attempt 1 of 2
[2025-05-16T04:59:20.185+0000] {taskinstance.py:2890} INFO - Executing <Task(_PythonDecoratedOperator): fetch_and_process_image_data> on 2025-05-16 04:59:05.924329+00:00
[2025-05-16T04:59:20.192+0000] {warnings.py:112} WARNING - /home/***/.local/lib/python3.12/site-packages/***/task/task_runner/standard_task_runner.py:70: DeprecationWarning: This process (pid=384) is multi-threaded, use of fork() may lead to deadlocks in the child.
  pid = os.fork()

[2025-05-16T04:59:20.193+0000] {standard_task_runner.py:72} INFO - Started process 389 to run task
[2025-05-16T04:59:20.195+0000] {standard_task_runner.py:104} INFO - Running: ['***', 'tasks', 'run', 'update_manga_database', 'fetch_and_process_image_data', 'manual__2025-05-16T04:59:05.924329+00:00', '--job-id', '52', '--raw', '--subdir', 'DAGS_FOLDER/update_manga_database_dag.py', '--cfg-path', '/tmp/tmponhj0t_8']
[2025-05-16T04:59:20.196+0000] {standard_task_runner.py:105} INFO - Job 52: Subtask fetch_and_process_image_data
[2025-05-16T04:59:20.239+0000] {task_command.py:467} INFO - Running <TaskInstance: update_manga_database.fetch_and_process_image_data manual__2025-05-16T04:59:05.924329+00:00 [running]> on host 3729034b4972
[2025-05-16T04:59:20.315+0000] {taskinstance.py:3134} INFO - Exporting env vars: AIRFLOW_CTX_DAG_OWNER='***' AIRFLOW_CTX_DAG_ID='update_manga_database' AIRFLOW_CTX_TASK_ID='fetch_and_process_image_data' AIRFLOW_CTX_EXECUTION_DATE='2025-05-16T04:59:05.924329+00:00' AIRFLOW_CTX_TRY_NUMBER='1' AIRFLOW_CTX_DAG_RUN_ID='manual__2025-05-16T04:59:05.924329+00:00'
[2025-05-16T04:59:20.317+0000] {logging_mixin.py:190} INFO - Task instance is in running state
[2025-05-16T04:59:20.317+0000] {logging_mixin.py:190} INFO -  Previous state of the Task instance: queued
[2025-05-16T04:59:20.318+0000] {logging_mixin.py:190} INFO - Current task name:fetch_and_process_image_data state:running start_date:2025-05-16 04:59:20.158650+00:00
[2025-05-16T04:59:20.318+0000] {logging_mixin.py:190} INFO - Dag name:update_manga_database and current dag run status:running
[2025-05-16T04:59:20.319+0000] {taskinstance.py:732} INFO - ::endgroup::
[2025-05-16T04:59:20.321+0000] {log.py:232} WARNING - 2025-05-16 04:59:20,320 - INFO: Fetching image data
[2025-05-16T04:59:20.320+0000] {update_manga_database_dag.py:383} INFO - Fetching image data
[2025-05-16T04:59:20.333+0000] {logging_mixin.py:190} WARNING - Fetching chapters:   0%|                                        | 0/1 [00:00<?, ?it/s]
[2025-05-16T04:59:20.565+0000] {log.py:232} WARNING - 2025-05-16 04:59:20,565 - INFO: Fetched 28 images for chapter 49c5e0a1-7e6a-4fb0-8708-8f3ce0a806f1
[2025-05-16T04:59:20.565+0000] {crawler_instance.py:372} INFO - Fetched 28 images for chapter 49c5e0a1-7e6a-4fb0-8708-8f3ce0a806f1
[2025-05-16T04:59:20.566+0000] {logging_mixin.py:190} WARNING - Fetching chapters: 100%|########################################| 1/1 [00:00<00:00,  4.30it/s]
[2025-05-16T04:59:20.858+0000] {logging_mixin.py:190} WARNING - Fetching chapters: 100%|########################################| 1/1 [00:00<00:00,  1.91it/s]
[2025-05-16T04:59:20.859+0000] {log.py:232} WARNING - 2025-05-16 04:59:20,859 - INFO: Processed images for 1 chapters
[2025-05-16T04:59:20.859+0000] {update_manga_database_dag.py:386} INFO - Processed images for 1 chapters
[2025-05-16T04:59:20.861+0000] {python.py:240} INFO - Done. Returned value was: {'49c5e0a1-7e6a-4fb0-8708-8f3ce0a806f1': ['https://cmdxd98sb0x3yprd.mangadex.network/data/b24a500a8f54fa5d26439f495b656a53/1-21bc79b10b2e2772412b4385135b45bc34a7651ad226efd0b8f7f525b9a2e473.jpg', 'https://cmdxd98sb0x3yprd.mangadex.network/data/b24a500a8f54fa5d26439f495b656a53/2-1ab6f527ba5339f048df868be7420352ceeeaaae1567a5124014001eb27a8cda.jpg', 'https://cmdxd98sb0x3yprd.mangadex.network/data/b24a500a8f54fa5d26439f495b656a53/3-d89f46bf44fba0845ed25ff8552273738dd61ef2b4f66a8991a05601ca6e2c90.jpg', 'https://cmdxd98sb0x3yprd.mangadex.network/data/b24a500a8f54fa5d26439f495b656a53/4-42b0ae2634f6694f0e9576cee2b5cbc6b996f5c88f235be69dda97f687b428df.jpg', 'https://cmdxd98sb0x3yprd.mangadex.network/data/b24a500a8f54fa5d26439f495b656a53/5-5d459bb873ac57e88ad7f76f1ab9bb9c55ffe70cb32714517641cbaa75bb3866.jpg', 'https://cmdxd98sb0x3yprd.mangadex.network/data/b24a500a8f54fa5d26439f495b656a53/6-3866b73d9feabc58a629549c3692072ed2f0d7202937d0d494c9bda0d6e2ffab.jpg', 'https://cmdxd98sb0x3yprd.mangadex.network/data/b24a500a8f54fa5d26439f495b656a53/7-bf451cc2d477ec2aeea0262301e30eb78a8dd33f374787fe8462c576f2b694d7.jpg', 'https://cmdxd98sb0x3yprd.mangadex.network/data/b24a500a8f54fa5d26439f495b656a53/8-8d92f690e2da5f6790e135a0d76a94421eef305cfe48e41770079431253535fe.jpg', 'https://cmdxd98sb0x3yprd.mangadex.network/data/b24a500a8f54fa5d26439f495b656a53/9-b0d321cf610574a9d09701e0528f009a35e7823b381946125ffcee6862c5c25e.jpg', 'https://cmdxd98sb0x3yprd.mangadex.network/data/b24a500a8f54fa5d26439f495b656a53/10-4bf981a95700db349e2676b873469bedb3fd6632b547c442ff854593eece2652.jpg', 'https://cmdxd98sb0x3yprd.mangadex.network/data/b24a500a8f54fa5d26439f495b656a53/11-71e2c8476d934e092fc2917899345afffed32d1a21b187d9fe615f2f1f0d2a53.jpg', 'https://cmdxd98sb0x3yprd.mangadex.network/data/b24a500a8f54fa5d26439f495b656a53/12-270408911ff493309077f7b1c4fd1fffcb2b54dca10a5e33937c2bb2e12d978e.jpg', 'https://cmdxd98sb0x3yprd.mangadex.network/data/b24a500a8f54fa5d26439f495b656a53/13-8a4c1729a770f68402c7fdfc198f2b8bbb47479d277958ee706b497a6f92953d.jpg', 'https://cmdxd98sb0x3yprd.mangadex.network/data/b24a500a8f54fa5d26439f495b656a53/14-a549fcafb18b869c80ef381e89b2b93ed54aaa2517b8f095bf95cc85f08523cb.jpg', 'https://cmdxd98sb0x3yprd.mangadex.network/data/b24a500a8f54fa5d26439f495b656a53/15-15187db620e1b3e9440ecc32d3e5f221b76cd6950f20b4020b679b3914c334b3.jpg', 'https://cmdxd98sb0x3yprd.mangadex.network/data/b24a500a8f54fa5d26439f495b656a53/16-81a983e11ca4d70ece343dc071bdebab63449f54e04e33a19d69f5b20a6f7dcb.jpg', 'https://cmdxd98sb0x3yprd.mangadex.network/data/b24a500a8f54fa5d26439f495b656a53/17-0b375aba118aa34b65e01269a13a5698f8e47a268e60d3cc85bfa019ea7f4638.jpg', 'https://cmdxd98sb0x3yprd.mangadex.network/data/b24a500a8f54fa5d26439f495b656a53/18-be87b0fb6ba182a31a8c08c5ae32824acdff1373d0f0994775e23455a895b83b.jpg', 'https://cmdxd98sb0x3yprd.mangadex.network/data/b24a500a8f54fa5d26439f495b656a53/19-424a67eb009b6c705b2637a9f3cb9f2b51ebcf8d16d9a06c8b6d87879e268ca8.jpg', 'https://cmdxd98sb0x3yprd.mangadex.network/data/b24a500a8f54fa5d26439f495b656a53/20-f579f040908d58b191748ab30512d64987c7ab2ccbb2ef13a67fef3cd71b3a27.jpg', 'https://cmdxd98sb0x3yprd.mangadex.network/data/b24a500a8f54fa5d26439f495b656a53/21-2ff0cce96b7a8cf5cb9a1e65fd59adaef32943e3ed687c42c512a30bf0ef749d.jpg', 'https://cmdxd98sb0x3yprd.mangadex.network/data/b24a500a8f54fa5d26439f495b656a53/22-49d39fc58de399099f366dbc7d67b2ac3c6bf6908db53bf0e93b80ebd48fe6cd.jpg', 'https://cmdxd98sb0x3yprd.mangadex.network/data/b24a500a8f54fa5d26439f495b656a53/23-9cf372b4b53534ec215d98687624eac7c788d3845d42526bd09a8d1f155a7863.jpg', 'https://cmdxd98sb0x3yprd.mangadex.network/data/b24a500a8f54fa5d26439f495b656a53/24-1c9175f2641c5e4ae96063d4876c3f42ec790aab7670aa7522e131e79527e5dd.jpg', 'https://cmdxd98sb0x3yprd.mangadex.network/data/b24a500a8f54fa5d26439f495b656a53/25-36a8e5486e65206c327740a66c82025723ddf761eb871208780dbba48a6f1b2e.jpg', 'https://cmdxd98sb0x3yprd.mangadex.network/data/b24a500a8f54fa5d26439f495b656a53/26-e05f970781443f856e713ce5bb833f9a2a527783d2aa5056ac8721c1f03b63e5.jpg', 'https://cmdxd98sb0x3yprd.mangadex.network/data/b24a500a8f54fa5d26439f495b656a53/27-fbdd9d99d6890b6f1bd15f48ccbfc99fbc058c54947b4dd13de57dc33530e8e7.jpg', 'https://cmdxd98sb0x3yprd.mangadex.network/data/b24a500a8f54fa5d26439f495b656a53/28-8af375dbd3956e4ca219b297d73a29f22479adeecc4eff4321e8391f49a42dbe.jpg']}
[2025-05-16T04:59:20.888+0000] {taskinstance.py:341} INFO - ::group::Post task execution logs
[2025-05-16T04:59:20.889+0000] {taskinstance.py:353} INFO - Marking task as SUCCESS. dag_id=update_manga_database, task_id=fetch_and_process_image_data, run_id=manual__2025-05-16T04:59:05.924329+00:00, execution_date=20250516T045905, start_date=20250516T045920, end_date=20250516T045920
[2025-05-16T04:59:20.914+0000] {logging_mixin.py:190} INFO - Task instance in success state
[2025-05-16T04:59:20.914+0000] {logging_mixin.py:190} INFO -  Previous state of the Task instance: running
[2025-05-16T04:59:20.915+0000] {logging_mixin.py:190} INFO - Dag name:update_manga_database queued_at:2025-05-16 04:59:05.947319+00:00
[2025-05-16T04:59:20.915+0000] {logging_mixin.py:190} INFO - Task hostname:3729034b4972 operator:_PythonDecoratedOperator
[2025-05-16T04:59:20.932+0000] {local_task_job_runner.py:266} INFO - Task exited with return code 0
[2025-05-16T04:59:20.958+0000] {taskinstance.py:3901} INFO - 1 downstream tasks scheduled from follow-on schedule check
[2025-05-16T04:59:20.964+0000] {local_task_job_runner.py:245} INFO - ::endgroup::
