[2025-05-16T08:16:31.226+0000] {local_task_job_runner.py:123} INFO - ::group::Pre task execution logs
[2025-05-16T08:16:31.252+0000] {taskinstance.py:2614} INFO - Dependencies all met for dep_context=non-requeueable deps ti=<TaskInstance: update_manga_database.update_all_databases manual__2025-05-16T08:15:02.966469+00:00 [queued]>
[2025-05-16T08:16:31.266+0000] {taskinstance.py:2614} INFO - Dependencies all met for dep_context=requeueable deps ti=<TaskInstance: update_manga_database.update_all_databases manual__2025-05-16T08:15:02.966469+00:00 [queued]>
[2025-05-16T08:16:31.267+0000] {taskinstance.py:2867} INFO - Starting attempt 1 of 2
[2025-05-16T08:16:31.280+0000] {taskinstance.py:2890} INFO - Executing <Task(_PythonDecoratedOperator): update_all_databases> on 2025-05-16 08:15:02.966469+00:00
[2025-05-16T08:16:31.290+0000] {warnings.py:112} WARNING - /home/***/.local/lib/python3.12/site-packages/***/task/task_runner/standard_task_runner.py:70: DeprecationWarning: This process (pid=3482) is multi-threaded, use of fork() may lead to deadlocks in the child.
  pid = os.fork()

[2025-05-16T08:16:31.292+0000] {standard_task_runner.py:72} INFO - Started process 3494 to run task
[2025-05-16T08:16:31.293+0000] {standard_task_runner.py:104} INFO - Running: ['***', 'tasks', 'run', 'update_manga_database', 'update_all_databases', 'manual__2025-05-16T08:15:02.966469+00:00', '--job-id', '110', '--raw', '--subdir', 'DAGS_FOLDER/update_manga_database_dag.py', '--cfg-path', '/tmp/tmpw3i7bk1m']
[2025-05-16T08:16:31.294+0000] {standard_task_runner.py:105} INFO - Job 110: Subtask update_all_databases
[2025-05-16T08:16:31.339+0000] {task_command.py:467} INFO - Running <TaskInstance: update_manga_database.update_all_databases manual__2025-05-16T08:15:02.966469+00:00 [running]> on host 3729034b4972
[2025-05-16T08:16:31.473+0000] {taskinstance.py:3134} INFO - Exporting env vars: AIRFLOW_CTX_DAG_OWNER='***' AIRFLOW_CTX_DAG_ID='update_manga_database' AIRFLOW_CTX_TASK_ID='update_all_databases' AIRFLOW_CTX_EXECUTION_DATE='2025-05-16T08:15:02.966469+00:00' AIRFLOW_CTX_TRY_NUMBER='1' AIRFLOW_CTX_DAG_RUN_ID='manual__2025-05-16T08:15:02.966469+00:00'
[2025-05-16T08:16:31.475+0000] {logging_mixin.py:190} INFO - Task instance is in running state
[2025-05-16T08:16:31.475+0000] {logging_mixin.py:190} INFO -  Previous state of the Task instance: queued
[2025-05-16T08:16:31.476+0000] {logging_mixin.py:190} INFO - Current task name:update_all_databases state:running start_date:2025-05-16 08:16:31.253868+00:00
[2025-05-16T08:16:31.476+0000] {logging_mixin.py:190} INFO - Dag name:update_manga_database and current dag run status:running
[2025-05-16T08:16:31.477+0000] {taskinstance.py:732} INFO - ::endgroup::
[2025-05-16T08:16:31.479+0000] {log.py:232} WARNING - 2025-05-16 08:16:31,478 - INFO: Starting all database updates
[2025-05-16T08:16:31.478+0000] {update_manga_database_dag.py:396} INFO - Starting all database updates
[2025-05-16T08:16:31.488+0000] {log.py:232} WARNING - 2025-05-16 08:16:31,488 - INFO: Transaction started
[2025-05-16T08:16:31.488+0000] {update_manga_database_dag.py:74} INFO - Transaction started
[2025-05-16T08:16:31.494+0000] {log.py:232} WARNING - 2025-05-16 08:16:31,493 - INFO: Checking 59 manga for updates
[2025-05-16T08:16:31.493+0000] {update_sequential.py:59} INFO - Checking 59 manga for updates
[2025-05-16T08:16:36.175+0000] {log.py:232} WARNING - 2025-05-16 08:16:36,158 - INFO: Database update complete
[2025-05-16T08:16:36.158+0000] {update_sequential.py:119} INFO - Database update complete
[2025-05-16T08:16:36.192+0000] {log.py:232} WARNING - 2025-05-16 08:16:36,186 - INFO: SUMMARY: 0 manga updated, 0 manga added
[2025-05-16T08:16:36.186+0000] {update_sequential.py:120} INFO - SUMMARY: 0 manga updated, 0 manga added
[2025-05-16T08:16:36.215+0000] {log.py:232} WARNING - 2025-05-16 08:16:36,214 - INFO: Updated 0 manga
[2025-05-16T08:16:36.214+0000] {update_manga_database_dag.py:412} INFO - Updated 0 manga
[2025-05-16T08:16:36.236+0000] {log.py:232} WARNING - 2025-05-16 08:16:36,221 - INFO: Checking 85 chapters across 59 manga
[2025-05-16T08:16:36.221+0000] {update_sequential.py:175} INFO - Checking 85 chapters across 59 manga
[2025-05-16T08:16:36.799+0000] {log.py:232} WARNING - 2025-05-16 08:16:36,798 - INFO: Processing manga 4551679e-820b-42a5-85ff-d00ade797383, chapter 1 (ko)
[2025-05-16T08:16:36.798+0000] {update_sequential.py:209} INFO - Processing manga 4551679e-820b-42a5-85ff-d00ade797383, chapter 1 (ko)
[2025-05-16T08:16:36.801+0000] {log.py:232} WARNING - 2025-05-16 08:16:36,800 - INFO: Chapter 1 (ko) already exists, no change needed
[2025-05-16T08:16:36.800+0000] {update_sequential.py:237} INFO - Chapter 1 (ko) already exists, no change needed
[2025-05-16T08:16:36.802+0000] {log.py:232} WARNING - 2025-05-16 08:16:36,802 - INFO: Processing manga 236ab0cf-a5ef-4039-8e0a-f4cfe4660424, chapter 1.1 (en)
[2025-05-16T08:16:36.802+0000] {update_sequential.py:209} INFO - Processing manga 236ab0cf-a5ef-4039-8e0a-f4cfe4660424, chapter 1.1 (en)
[2025-05-16T08:16:36.804+0000] {log.py:232} WARNING - 2025-05-16 08:16:36,803 - INFO: Chapter 1.1 (en) already exists, no change needed
[2025-05-16T08:16:36.803+0000] {update_sequential.py:237} INFO - Chapter 1.1 (en) already exists, no change needed
[2025-05-16T08:16:36.805+0000] {log.py:232} WARNING - 2025-05-16 08:16:36,804 - INFO: Processing manga e82fb7dd-edff-4593-9fff-760f018f6703, chapter None (es-la)
[2025-05-16T08:16:36.804+0000] {update_sequential.py:209} INFO - Processing manga e82fb7dd-edff-4593-9fff-760f018f6703, chapter None (es-la)
[2025-05-16T08:16:36.806+0000] {log.py:232} WARNING - 2025-05-16 08:16:36,805 - INFO: Chapter None (es-la) already exists, no change needed
[2025-05-16T08:16:36.805+0000] {update_sequential.py:237} INFO - Chapter None (es-la) already exists, no change needed
[2025-05-16T08:16:36.807+0000] {log.py:232} WARNING - 2025-05-16 08:16:36,806 - INFO: Processing manga 192ec1c9-eb9a-4771-bb79-2b9bb4adbe0e, chapter 1 (en)
[2025-05-16T08:16:36.806+0000] {update_sequential.py:209} INFO - Processing manga 192ec1c9-eb9a-4771-bb79-2b9bb4adbe0e, chapter 1 (en)
[2025-05-16T08:16:36.808+0000] {log.py:232} WARNING - 2025-05-16 08:16:36,808 - INFO: Chapter 1 (en) already exists, no change needed
[2025-05-16T08:16:36.808+0000] {update_sequential.py:237} INFO - Chapter 1 (en) already exists, no change needed
[2025-05-16T08:16:36.809+0000] {log.py:232} WARNING - 2025-05-16 08:16:36,809 - INFO: Processing manga 192ec1c9-eb9a-4771-bb79-2b9bb4adbe0e, chapter 2 (en)
[2025-05-16T08:16:36.809+0000] {update_sequential.py:209} INFO - Processing manga 192ec1c9-eb9a-4771-bb79-2b9bb4adbe0e, chapter 2 (en)
[2025-05-16T08:16:36.810+0000] {log.py:232} WARNING - 2025-05-16 08:16:36,810 - INFO: Chapter 2 (en) already exists, no change needed
[2025-05-16T08:16:36.810+0000] {update_sequential.py:237} INFO - Chapter 2 (en) already exists, no change needed
[2025-05-16T08:16:36.811+0000] {log.py:232} WARNING - 2025-05-16 08:16:36,811 - INFO: Processing manga 192ec1c9-eb9a-4771-bb79-2b9bb4adbe0e, chapter 3 (en)
[2025-05-16T08:16:36.811+0000] {update_sequential.py:209} INFO - Processing manga 192ec1c9-eb9a-4771-bb79-2b9bb4adbe0e, chapter 3 (en)
[2025-05-16T08:16:36.812+0000] {log.py:232} WARNING - 2025-05-16 08:16:36,812 - INFO: Chapter 3 (en) already exists, no change needed
[2025-05-16T08:16:36.812+0000] {update_sequential.py:237} INFO - Chapter 3 (en) already exists, no change needed
[2025-05-16T08:16:36.813+0000] {log.py:232} WARNING - 2025-05-16 08:16:36,813 - INFO: Processing manga 3de96e80-6feb-450c-a169-053d40c01063, chapter 1 (en)
[2025-05-16T08:16:36.813+0000] {update_sequential.py:209} INFO - Processing manga 3de96e80-6feb-450c-a169-053d40c01063, chapter 1 (en)
[2025-05-16T08:16:36.813+0000] {log.py:232} WARNING - 2025-05-16 08:16:36,813 - INFO: Chapter 1 (en) already exists, no change needed
[2025-05-16T08:16:36.813+0000] {update_sequential.py:237} INFO - Chapter 1 (en) already exists, no change needed
[2025-05-16T08:16:36.814+0000] {log.py:232} WARNING - 2025-05-16 08:16:36,814 - INFO: Processing manga 3de96e80-6feb-450c-a169-053d40c01063, chapter 2 (en)
[2025-05-16T08:16:36.814+0000] {update_sequential.py:209} INFO - Processing manga 3de96e80-6feb-450c-a169-053d40c01063, chapter 2 (en)
[2025-05-16T08:16:36.815+0000] {log.py:232} WARNING - 2025-05-16 08:16:36,815 - INFO: Chapter 2 (en) already exists, no change needed
[2025-05-16T08:16:36.815+0000] {update_sequential.py:237} INFO - Chapter 2 (en) already exists, no change needed
[2025-05-16T08:16:36.816+0000] {log.py:232} WARNING - 2025-05-16 08:16:36,816 - INFO: Processing manga 3de96e80-6feb-450c-a169-053d40c01063, chapter 3 (en)
[2025-05-16T08:16:36.816+0000] {update_sequential.py:209} INFO - Processing manga 3de96e80-6feb-450c-a169-053d40c01063, chapter 3 (en)
[2025-05-16T08:16:36.817+0000] {log.py:232} WARNING - 2025-05-16 08:16:36,817 - INFO: Chapter 3 (en) already exists, no change needed
[2025-05-16T08:16:36.817+0000] {update_sequential.py:237} INFO - Chapter 3 (en) already exists, no change needed
[2025-05-16T08:16:36.818+0000] {log.py:232} WARNING - 2025-05-16 08:16:36,818 - INFO: Processing manga 3de96e80-6feb-450c-a169-053d40c01063, chapter 4 (en)
[2025-05-16T08:16:36.818+0000] {update_sequential.py:209} INFO - Processing manga 3de96e80-6feb-450c-a169-053d40c01063, chapter 4 (en)
[2025-05-16T08:16:36.819+0000] {log.py:232} WARNING - 2025-05-16 08:16:36,819 - INFO: Chapter 4 (en) already exists, no change needed
[2025-05-16T08:16:36.819+0000] {update_sequential.py:237} INFO - Chapter 4 (en) already exists, no change needed
[2025-05-16T08:16:36.820+0000] {log.py:232} WARNING - 2025-05-16 08:16:36,820 - INFO: Processing manga 8dbb4f57-4e35-4fa6-88c7-2d8f8334d8db, chapter 1 (en)
[2025-05-16T08:16:36.820+0000] {update_sequential.py:209} INFO - Processing manga 8dbb4f57-4e35-4fa6-88c7-2d8f8334d8db, chapter 1 (en)
[2025-05-16T08:16:36.821+0000] {log.py:232} WARNING - 2025-05-16 08:16:36,820 - INFO: Chapter 1 (en) already exists, no change needed
[2025-05-16T08:16:36.820+0000] {update_sequential.py:237} INFO - Chapter 1 (en) already exists, no change needed
[2025-05-16T08:16:36.821+0000] {log.py:232} WARNING - 2025-05-16 08:16:36,821 - INFO: Processing manga 8dbb4f57-4e35-4fa6-88c7-2d8f8334d8db, chapter 2 (en)
[2025-05-16T08:16:36.821+0000] {update_sequential.py:209} INFO - Processing manga 8dbb4f57-4e35-4fa6-88c7-2d8f8334d8db, chapter 2 (en)
[2025-05-16T08:16:36.822+0000] {log.py:232} WARNING - 2025-05-16 08:16:36,822 - INFO: Chapter 2 (en) already exists, no change needed
[2025-05-16T08:16:36.822+0000] {update_sequential.py:237} INFO - Chapter 2 (en) already exists, no change needed
[2025-05-16T08:16:36.823+0000] {log.py:232} WARNING - 2025-05-16 08:16:36,823 - INFO: Processing manga 8dbb4f57-4e35-4fa6-88c7-2d8f8334d8db, chapter 3 (en)
[2025-05-16T08:16:36.823+0000] {update_sequential.py:209} INFO - Processing manga 8dbb4f57-4e35-4fa6-88c7-2d8f8334d8db, chapter 3 (en)
[2025-05-16T08:16:36.824+0000] {log.py:232} WARNING - 2025-05-16 08:16:36,823 - INFO: Chapter 3 (en) already exists, no change needed
[2025-05-16T08:16:36.823+0000] {update_sequential.py:237} INFO - Chapter 3 (en) already exists, no change needed
[2025-05-16T08:16:36.825+0000] {log.py:232} WARNING - 2025-05-16 08:16:36,824 - INFO: Processing manga 8dbb4f57-4e35-4fa6-88c7-2d8f8334d8db, chapter 4 (en)
[2025-05-16T08:16:36.824+0000] {update_sequential.py:209} INFO - Processing manga 8dbb4f57-4e35-4fa6-88c7-2d8f8334d8db, chapter 4 (en)
[2025-05-16T08:16:36.825+0000] {log.py:232} WARNING - 2025-05-16 08:16:36,825 - INFO: Chapter 4 (en) already exists, no change needed
[2025-05-16T08:16:36.825+0000] {update_sequential.py:237} INFO - Chapter 4 (en) already exists, no change needed
[2025-05-16T08:16:36.826+0000] {log.py:232} WARNING - 2025-05-16 08:16:36,826 - INFO: Processing manga 8dbb4f57-4e35-4fa6-88c7-2d8f8334d8db, chapter 5 (en)
[2025-05-16T08:16:36.826+0000] {update_sequential.py:209} INFO - Processing manga 8dbb4f57-4e35-4fa6-88c7-2d8f8334d8db, chapter 5 (en)
[2025-05-16T08:16:36.827+0000] {log.py:232} WARNING - 2025-05-16 08:16:36,827 - INFO: Chapter 5 (en) already exists, no change needed
[2025-05-16T08:16:36.827+0000] {update_sequential.py:237} INFO - Chapter 5 (en) already exists, no change needed
[2025-05-16T08:16:36.828+0000] {log.py:232} WARNING - 2025-05-16 08:16:36,828 - INFO: Processing manga 8dbb4f57-4e35-4fa6-88c7-2d8f8334d8db, chapter 6 (en)
[2025-05-16T08:16:36.828+0000] {update_sequential.py:209} INFO - Processing manga 8dbb4f57-4e35-4fa6-88c7-2d8f8334d8db, chapter 6 (en)
[2025-05-16T08:16:36.829+0000] {log.py:232} WARNING - 2025-05-16 08:16:36,829 - INFO: Chapter 6 (en) already exists, no change needed
[2025-05-16T08:16:36.829+0000] {update_sequential.py:237} INFO - Chapter 6 (en) already exists, no change needed
[2025-05-16T08:16:36.830+0000] {log.py:232} WARNING - 2025-05-16 08:16:36,829 - INFO: Processing manga 8dbb4f57-4e35-4fa6-88c7-2d8f8334d8db, chapter 7 (en)
[2025-05-16T08:16:36.829+0000] {update_sequential.py:209} INFO - Processing manga 8dbb4f57-4e35-4fa6-88c7-2d8f8334d8db, chapter 7 (en)
[2025-05-16T08:16:36.830+0000] {log.py:232} WARNING - 2025-05-16 08:16:36,830 - INFO: Chapter 7 (en) already exists, no change needed
[2025-05-16T08:16:36.830+0000] {update_sequential.py:237} INFO - Chapter 7 (en) already exists, no change needed
[2025-05-16T08:16:36.831+0000] {log.py:232} WARNING - 2025-05-16 08:16:36,831 - INFO: Processing manga 8dbb4f57-4e35-4fa6-88c7-2d8f8334d8db, chapter 8 (en)
[2025-05-16T08:16:36.831+0000] {update_sequential.py:209} INFO - Processing manga 8dbb4f57-4e35-4fa6-88c7-2d8f8334d8db, chapter 8 (en)
[2025-05-16T08:16:36.832+0000] {log.py:232} WARNING - 2025-05-16 08:16:36,832 - INFO: Chapter 8 (en) already exists, no change needed
[2025-05-16T08:16:36.832+0000] {update_sequential.py:237} INFO - Chapter 8 (en) already exists, no change needed
[2025-05-16T08:16:36.833+0000] {log.py:232} WARNING - 2025-05-16 08:16:36,833 - INFO: Processing manga 8dbb4f57-4e35-4fa6-88c7-2d8f8334d8db, chapter 9 (en)
[2025-05-16T08:16:36.833+0000] {update_sequential.py:209} INFO - Processing manga 8dbb4f57-4e35-4fa6-88c7-2d8f8334d8db, chapter 9 (en)
[2025-05-16T08:16:36.834+0000] {log.py:232} WARNING - 2025-05-16 08:16:36,834 - INFO: Chapter 9 (en) already exists, no change needed
[2025-05-16T08:16:36.834+0000] {update_sequential.py:237} INFO - Chapter 9 (en) already exists, no change needed
[2025-05-16T08:16:36.835+0000] {log.py:232} WARNING - 2025-05-16 08:16:36,835 - INFO: Processing manga 8dbb4f57-4e35-4fa6-88c7-2d8f8334d8db, chapter 10 (en)
[2025-05-16T08:16:36.835+0000] {update_sequential.py:209} INFO - Processing manga 8dbb4f57-4e35-4fa6-88c7-2d8f8334d8db, chapter 10 (en)
[2025-05-16T08:16:36.836+0000] {log.py:232} WARNING - 2025-05-16 08:16:36,836 - INFO: Chapter 10 (en) already exists, no change needed
[2025-05-16T08:16:36.836+0000] {update_sequential.py:237} INFO - Chapter 10 (en) already exists, no change needed
[2025-05-16T08:16:36.837+0000] {log.py:232} WARNING - 2025-05-16 08:16:36,836 - INFO: Processing manga 8dbb4f57-4e35-4fa6-88c7-2d8f8334d8db, chapter 11 (en)
[2025-05-16T08:16:36.836+0000] {update_sequential.py:209} INFO - Processing manga 8dbb4f57-4e35-4fa6-88c7-2d8f8334d8db, chapter 11 (en)
[2025-05-16T08:16:36.838+0000] {log.py:232} WARNING - 2025-05-16 08:16:36,837 - INFO: Chapter 11 (en) already exists, no change needed
[2025-05-16T08:16:36.837+0000] {update_sequential.py:237} INFO - Chapter 11 (en) already exists, no change needed
[2025-05-16T08:16:36.838+0000] {log.py:232} WARNING - 2025-05-16 08:16:36,838 - INFO: Processing manga 8dbb4f57-4e35-4fa6-88c7-2d8f8334d8db, chapter 12 (en)
[2025-05-16T08:16:36.838+0000] {update_sequential.py:209} INFO - Processing manga 8dbb4f57-4e35-4fa6-88c7-2d8f8334d8db, chapter 12 (en)
[2025-05-16T08:16:36.839+0000] {log.py:232} WARNING - 2025-05-16 08:16:36,839 - INFO: Chapter 12 (en) already exists, no change needed
[2025-05-16T08:16:36.839+0000] {update_sequential.py:237} INFO - Chapter 12 (en) already exists, no change needed
[2025-05-16T08:16:36.840+0000] {log.py:232} WARNING - 2025-05-16 08:16:36,839 - INFO: Processing manga 8dbb4f57-4e35-4fa6-88c7-2d8f8334d8db, chapter 13 (en)
[2025-05-16T08:16:36.839+0000] {update_sequential.py:209} INFO - Processing manga 8dbb4f57-4e35-4fa6-88c7-2d8f8334d8db, chapter 13 (en)
[2025-05-16T08:16:36.840+0000] {log.py:232} WARNING - 2025-05-16 08:16:36,840 - INFO: Chapter 13 (en) already exists, no change needed
[2025-05-16T08:16:36.840+0000] {update_sequential.py:237} INFO - Chapter 13 (en) already exists, no change needed
[2025-05-16T08:16:36.841+0000] {log.py:232} WARNING - 2025-05-16 08:16:36,841 - INFO: Processing manga 8dbb4f57-4e35-4fa6-88c7-2d8f8334d8db, chapter 14 (en)
[2025-05-16T08:16:36.841+0000] {update_sequential.py:209} INFO - Processing manga 8dbb4f57-4e35-4fa6-88c7-2d8f8334d8db, chapter 14 (en)
[2025-05-16T08:16:36.842+0000] {log.py:232} WARNING - 2025-05-16 08:16:36,842 - INFO: Chapter 14 (en) already exists, no change needed
[2025-05-16T08:16:36.842+0000] {update_sequential.py:237} INFO - Chapter 14 (en) already exists, no change needed
[2025-05-16T08:16:36.842+0000] {log.py:232} WARNING - 2025-05-16 08:16:36,842 - INFO: Processing manga 8dbb4f57-4e35-4fa6-88c7-2d8f8334d8db, chapter 15 (en)
[2025-05-16T08:16:36.842+0000] {update_sequential.py:209} INFO - Processing manga 8dbb4f57-4e35-4fa6-88c7-2d8f8334d8db, chapter 15 (en)
[2025-05-16T08:16:36.843+0000] {log.py:232} WARNING - 2025-05-16 08:16:36,843 - INFO: Chapter 15 (en) already exists, no change needed
[2025-05-16T08:16:36.843+0000] {update_sequential.py:237} INFO - Chapter 15 (en) already exists, no change needed
[2025-05-16T08:16:36.844+0000] {log.py:232} WARNING - 2025-05-16 08:16:36,844 - INFO: Processing manga e195fc69-5e5c-4410-84fe-268daef38fbc, chapter None (en)
[2025-05-16T08:16:36.844+0000] {update_sequential.py:209} INFO - Processing manga e195fc69-5e5c-4410-84fe-268daef38fbc, chapter None (en)
[2025-05-16T08:16:36.845+0000] {log.py:232} WARNING - 2025-05-16 08:16:36,845 - INFO: Chapter None (en) already exists, no change needed
[2025-05-16T08:16:36.845+0000] {update_sequential.py:237} INFO - Chapter None (en) already exists, no change needed
[2025-05-16T08:16:36.846+0000] {log.py:232} WARNING - 2025-05-16 08:16:36,845 - INFO: Processing manga e7fa5fe6-7988-4f69-a6b8-7f5c34ade5d4, chapter 1 (en)
[2025-05-16T08:16:36.845+0000] {update_sequential.py:209} INFO - Processing manga e7fa5fe6-7988-4f69-a6b8-7f5c34ade5d4, chapter 1 (en)
[2025-05-16T08:16:36.847+0000] {log.py:232} WARNING - 2025-05-16 08:16:36,846 - INFO: Chapter 1 (en) already exists, no change needed
[2025-05-16T08:16:36.846+0000] {update_sequential.py:237} INFO - Chapter 1 (en) already exists, no change needed
[2025-05-16T08:16:36.847+0000] {log.py:232} WARNING - 2025-05-16 08:16:36,847 - INFO: Processing manga e7fa5fe6-7988-4f69-a6b8-7f5c34ade5d4, chapter 2 (en)
[2025-05-16T08:16:36.847+0000] {update_sequential.py:209} INFO - Processing manga e7fa5fe6-7988-4f69-a6b8-7f5c34ade5d4, chapter 2 (en)
[2025-05-16T08:16:36.848+0000] {log.py:232} WARNING - 2025-05-16 08:16:36,848 - INFO: Chapter 2 (en) already exists, no change needed
[2025-05-16T08:16:36.848+0000] {update_sequential.py:237} INFO - Chapter 2 (en) already exists, no change needed
[2025-05-16T08:16:36.849+0000] {log.py:232} WARNING - 2025-05-16 08:16:36,849 - INFO: Processing manga e7fa5fe6-7988-4f69-a6b8-7f5c34ade5d4, chapter 3 (en)
[2025-05-16T08:16:36.849+0000] {update_sequential.py:209} INFO - Processing manga e7fa5fe6-7988-4f69-a6b8-7f5c34ade5d4, chapter 3 (en)
[2025-05-16T08:16:36.850+0000] {log.py:232} WARNING - 2025-05-16 08:16:36,850 - INFO: Chapter 3 (en) already exists, no change needed
[2025-05-16T08:16:36.850+0000] {update_sequential.py:237} INFO - Chapter 3 (en) already exists, no change needed
[2025-05-16T08:16:36.850+0000] {log.py:232} WARNING - 2025-05-16 08:16:36,850 - INFO: Processing manga e7fa5fe6-7988-4f69-a6b8-7f5c34ade5d4, chapter 4 (en)
[2025-05-16T08:16:36.850+0000] {update_sequential.py:209} INFO - Processing manga e7fa5fe6-7988-4f69-a6b8-7f5c34ade5d4, chapter 4 (en)
[2025-05-16T08:16:36.851+0000] {log.py:232} WARNING - 2025-05-16 08:16:36,851 - INFO: Chapter 4 (en) already exists, no change needed
[2025-05-16T08:16:36.851+0000] {update_sequential.py:237} INFO - Chapter 4 (en) already exists, no change needed
[2025-05-16T08:16:36.852+0000] {log.py:232} WARNING - 2025-05-16 08:16:36,852 - INFO: Processing manga e7fa5fe6-7988-4f69-a6b8-7f5c34ade5d4, chapter 5 (en)
[2025-05-16T08:16:36.852+0000] {update_sequential.py:209} INFO - Processing manga e7fa5fe6-7988-4f69-a6b8-7f5c34ade5d4, chapter 5 (en)
[2025-05-16T08:16:36.853+0000] {log.py:232} WARNING - 2025-05-16 08:16:36,853 - INFO: Chapter 5 (en) already exists, no change needed
[2025-05-16T08:16:36.853+0000] {update_sequential.py:237} INFO - Chapter 5 (en) already exists, no change needed
[2025-05-16T08:16:36.853+0000] {log.py:232} WARNING - 2025-05-16 08:16:36,853 - INFO: Processing manga e7fa5fe6-7988-4f69-a6b8-7f5c34ade5d4, chapter 6 (en)
[2025-05-16T08:16:36.853+0000] {update_sequential.py:209} INFO - Processing manga e7fa5fe6-7988-4f69-a6b8-7f5c34ade5d4, chapter 6 (en)
[2025-05-16T08:16:36.854+0000] {log.py:232} WARNING - 2025-05-16 08:16:36,854 - INFO: Chapter 6 (en) already exists, no change needed
[2025-05-16T08:16:36.854+0000] {update_sequential.py:237} INFO - Chapter 6 (en) already exists, no change needed
[2025-05-16T08:16:36.855+0000] {log.py:232} WARNING - 2025-05-16 08:16:36,855 - INFO: Processing manga e7fa5fe6-7988-4f69-a6b8-7f5c34ade5d4, chapter 7 (en)
[2025-05-16T08:16:36.855+0000] {update_sequential.py:209} INFO - Processing manga e7fa5fe6-7988-4f69-a6b8-7f5c34ade5d4, chapter 7 (en)
[2025-05-16T08:16:36.856+0000] {log.py:232} WARNING - 2025-05-16 08:16:36,855 - INFO: Chapter 7 (en) already exists, no change needed
[2025-05-16T08:16:36.855+0000] {update_sequential.py:237} INFO - Chapter 7 (en) already exists, no change needed
[2025-05-16T08:16:36.856+0000] {log.py:232} WARNING - 2025-05-16 08:16:36,856 - INFO: Processing manga e7fa5fe6-7988-4f69-a6b8-7f5c34ade5d4, chapter 8 (en)
[2025-05-16T08:16:36.856+0000] {update_sequential.py:209} INFO - Processing manga e7fa5fe6-7988-4f69-a6b8-7f5c34ade5d4, chapter 8 (en)
[2025-05-16T08:16:36.857+0000] {log.py:232} WARNING - 2025-05-16 08:16:36,857 - INFO: Chapter 8 (en) already exists, no change needed
[2025-05-16T08:16:36.857+0000] {update_sequential.py:237} INFO - Chapter 8 (en) already exists, no change needed
[2025-05-16T08:16:36.858+0000] {log.py:232} WARNING - 2025-05-16 08:16:36,858 - INFO: Processing manga e7fa5fe6-7988-4f69-a6b8-7f5c34ade5d4, chapter 9 (en)
[2025-05-16T08:16:36.858+0000] {update_sequential.py:209} INFO - Processing manga e7fa5fe6-7988-4f69-a6b8-7f5c34ade5d4, chapter 9 (en)
[2025-05-16T08:16:36.859+0000] {log.py:232} WARNING - 2025-05-16 08:16:36,858 - INFO: Chapter 9 (en) already exists, no change needed
[2025-05-16T08:16:36.858+0000] {update_sequential.py:237} INFO - Chapter 9 (en) already exists, no change needed
[2025-05-16T08:16:36.859+0000] {log.py:232} WARNING - 2025-05-16 08:16:36,859 - INFO: Processing manga e7fa5fe6-7988-4f69-a6b8-7f5c34ade5d4, chapter 10 (en)
[2025-05-16T08:16:36.859+0000] {update_sequential.py:209} INFO - Processing manga e7fa5fe6-7988-4f69-a6b8-7f5c34ade5d4, chapter 10 (en)
[2025-05-16T08:16:36.860+0000] {log.py:232} WARNING - 2025-05-16 08:16:36,860 - INFO: Chapter 10 (en) already exists, no change needed
[2025-05-16T08:16:36.860+0000] {update_sequential.py:237} INFO - Chapter 10 (en) already exists, no change needed
[2025-05-16T08:16:36.861+0000] {log.py:232} WARNING - 2025-05-16 08:16:36,861 - INFO: Processing manga e7fa5fe6-7988-4f69-a6b8-7f5c34ade5d4, chapter 11 (en)
[2025-05-16T08:16:36.861+0000] {update_sequential.py:209} INFO - Processing manga e7fa5fe6-7988-4f69-a6b8-7f5c34ade5d4, chapter 11 (en)
[2025-05-16T08:16:36.862+0000] {log.py:232} WARNING - 2025-05-16 08:16:36,862 - INFO: Chapter 11 (en) already exists, no change needed
[2025-05-16T08:16:36.862+0000] {update_sequential.py:237} INFO - Chapter 11 (en) already exists, no change needed
[2025-05-16T08:16:36.863+0000] {log.py:232} WARNING - 2025-05-16 08:16:36,863 - INFO: Processing manga 051f9e5b-72d9-4d32-ac41-2441c2c03a67, chapter 0 (en)
[2025-05-16T08:16:36.863+0000] {update_sequential.py:209} INFO - Processing manga 051f9e5b-72d9-4d32-ac41-2441c2c03a67, chapter 0 (en)
[2025-05-16T08:16:36.864+0000] {log.py:232} WARNING - 2025-05-16 08:16:36,864 - INFO: Chapter 0 (en) already exists, no change needed
[2025-05-16T08:16:36.864+0000] {update_sequential.py:237} INFO - Chapter 0 (en) already exists, no change needed
[2025-05-16T08:16:36.865+0000] {log.py:232} WARNING - 2025-05-16 08:16:36,865 - INFO: Processing manga 2e85b6e4-f73c-4483-8860-f55f2bd67119, chapter 0 (en)
[2025-05-16T08:16:36.865+0000] {update_sequential.py:209} INFO - Processing manga 2e85b6e4-f73c-4483-8860-f55f2bd67119, chapter 0 (en)
[2025-05-16T08:16:36.866+0000] {log.py:232} WARNING - 2025-05-16 08:16:36,865 - INFO: Chapter 0 (en) already exists, no change needed
[2025-05-16T08:16:36.865+0000] {update_sequential.py:237} INFO - Chapter 0 (en) already exists, no change needed
[2025-05-16T08:16:36.866+0000] {log.py:232} WARNING - 2025-05-16 08:16:36,866 - INFO: Processing manga e46ede76-7aa6-4887-9eb2-b5fa537b91b6, chapter 1 (en)
[2025-05-16T08:16:36.866+0000] {update_sequential.py:209} INFO - Processing manga e46ede76-7aa6-4887-9eb2-b5fa537b91b6, chapter 1 (en)
[2025-05-16T08:16:36.867+0000] {log.py:232} WARNING - 2025-05-16 08:16:36,867 - INFO: Chapter 1 (en) already exists, no change needed
[2025-05-16T08:16:36.867+0000] {update_sequential.py:237} INFO - Chapter 1 (en) already exists, no change needed
[2025-05-16T08:16:36.868+0000] {log.py:232} WARNING - 2025-05-16 08:16:36,867 - INFO: Processing manga e46ede76-7aa6-4887-9eb2-b5fa537b91b6, chapter 2 (en)
[2025-05-16T08:16:36.867+0000] {update_sequential.py:209} INFO - Processing manga e46ede76-7aa6-4887-9eb2-b5fa537b91b6, chapter 2 (en)
[2025-05-16T08:16:36.868+0000] {log.py:232} WARNING - 2025-05-16 08:16:36,868 - INFO: Chapter 2 (en) already exists, no change needed
[2025-05-16T08:16:36.868+0000] {update_sequential.py:237} INFO - Chapter 2 (en) already exists, no change needed
[2025-05-16T08:16:36.869+0000] {log.py:232} WARNING - 2025-05-16 08:16:36,869 - INFO: Processing manga e46ede76-7aa6-4887-9eb2-b5fa537b91b6, chapter 3 (en)
[2025-05-16T08:16:36.869+0000] {update_sequential.py:209} INFO - Processing manga e46ede76-7aa6-4887-9eb2-b5fa537b91b6, chapter 3 (en)
[2025-05-16T08:16:36.870+0000] {log.py:232} WARNING - 2025-05-16 08:16:36,870 - INFO: Chapter 3 (en) already exists, no change needed
[2025-05-16T08:16:36.870+0000] {update_sequential.py:237} INFO - Chapter 3 (en) already exists, no change needed
[2025-05-16T08:16:36.870+0000] {log.py:232} WARNING - 2025-05-16 08:16:36,870 - INFO: Processing manga e46ede76-7aa6-4887-9eb2-b5fa537b91b6, chapter 4 (en)
[2025-05-16T08:16:36.870+0000] {update_sequential.py:209} INFO - Processing manga e46ede76-7aa6-4887-9eb2-b5fa537b91b6, chapter 4 (en)
[2025-05-16T08:16:36.871+0000] {log.py:232} WARNING - 2025-05-16 08:16:36,871 - INFO: Chapter 4 (en) already exists, no change needed
[2025-05-16T08:16:36.871+0000] {update_sequential.py:237} INFO - Chapter 4 (en) already exists, no change needed
[2025-05-16T08:16:36.872+0000] {log.py:232} WARNING - 2025-05-16 08:16:36,872 - INFO: Processing manga e46ede76-7aa6-4887-9eb2-b5fa537b91b6, chapter 5 (en)
[2025-05-16T08:16:36.872+0000] {update_sequential.py:209} INFO - Processing manga e46ede76-7aa6-4887-9eb2-b5fa537b91b6, chapter 5 (en)
[2025-05-16T08:16:36.873+0000] {log.py:232} WARNING - 2025-05-16 08:16:36,872 - INFO: Chapter 5 (en) already exists, no change needed
[2025-05-16T08:16:36.872+0000] {update_sequential.py:237} INFO - Chapter 5 (en) already exists, no change needed
[2025-05-16T08:16:36.873+0000] {log.py:232} WARNING - 2025-05-16 08:16:36,873 - INFO: Processing manga e46ede76-7aa6-4887-9eb2-b5fa537b91b6, chapter 6 (en)
[2025-05-16T08:16:36.873+0000] {update_sequential.py:209} INFO - Processing manga e46ede76-7aa6-4887-9eb2-b5fa537b91b6, chapter 6 (en)
[2025-05-16T08:16:36.874+0000] {log.py:232} WARNING - 2025-05-16 08:16:36,874 - INFO: Chapter 6 (en) already exists, no change needed
[2025-05-16T08:16:36.874+0000] {update_sequential.py:237} INFO - Chapter 6 (en) already exists, no change needed
[2025-05-16T08:16:36.875+0000] {log.py:232} WARNING - 2025-05-16 08:16:36,875 - INFO: Processing manga e46ede76-7aa6-4887-9eb2-b5fa537b91b6, chapter 7 (en)
[2025-05-16T08:16:36.875+0000] {update_sequential.py:209} INFO - Processing manga e46ede76-7aa6-4887-9eb2-b5fa537b91b6, chapter 7 (en)
[2025-05-16T08:16:36.875+0000] {log.py:232} WARNING - 2025-05-16 08:16:36,875 - INFO: Chapter 7 (en) already exists, no change needed
[2025-05-16T08:16:36.875+0000] {update_sequential.py:237} INFO - Chapter 7 (en) already exists, no change needed
[2025-05-16T08:16:36.876+0000] {log.py:232} WARNING - 2025-05-16 08:16:36,876 - INFO: Processing manga e46ede76-7aa6-4887-9eb2-b5fa537b91b6, chapter 8 (en)
[2025-05-16T08:16:36.876+0000] {update_sequential.py:209} INFO - Processing manga e46ede76-7aa6-4887-9eb2-b5fa537b91b6, chapter 8 (en)
[2025-05-16T08:16:36.877+0000] {log.py:232} WARNING - 2025-05-16 08:16:36,876 - INFO: Chapter 8 (en) already exists, no change needed
[2025-05-16T08:16:36.876+0000] {update_sequential.py:237} INFO - Chapter 8 (en) already exists, no change needed
[2025-05-16T08:16:36.877+0000] {log.py:232} WARNING - 2025-05-16 08:16:36,877 - INFO: Processing manga 96fb960c-77d2-46e2-90f8-95e41a2712c6, chapter None (en)
[2025-05-16T08:16:36.877+0000] {update_sequential.py:209} INFO - Processing manga 96fb960c-77d2-46e2-90f8-95e41a2712c6, chapter None (en)
[2025-05-16T08:16:36.878+0000] {log.py:232} WARNING - 2025-05-16 08:16:36,878 - INFO: Chapter None (en) already exists, no change needed
[2025-05-16T08:16:36.878+0000] {update_sequential.py:237} INFO - Chapter None (en) already exists, no change needed
[2025-05-16T08:16:36.879+0000] {log.py:232} WARNING - 2025-05-16 08:16:36,879 - INFO: Processing manga 62e80dfd-c1b0-4c65-994b-fd41697f140e, chapter None (en)
[2025-05-16T08:16:36.879+0000] {update_sequential.py:209} INFO - Processing manga 62e80dfd-c1b0-4c65-994b-fd41697f140e, chapter None (en)
[2025-05-16T08:16:36.880+0000] {log.py:232} WARNING - 2025-05-16 08:16:36,879 - INFO: Chapter None (en) already exists, no change needed
[2025-05-16T08:16:36.879+0000] {update_sequential.py:237} INFO - Chapter None (en) already exists, no change needed
[2025-05-16T08:16:36.880+0000] {log.py:232} WARNING - 2025-05-16 08:16:36,880 - INFO: Processing manga 1f4fdbf8-b46a-4401-aaa7-8a3d75e2a711, chapter None (en)
[2025-05-16T08:16:36.880+0000] {update_sequential.py:209} INFO - Processing manga 1f4fdbf8-b46a-4401-aaa7-8a3d75e2a711, chapter None (en)
[2025-05-16T08:16:36.881+0000] {log.py:232} WARNING - 2025-05-16 08:16:36,881 - INFO: Chapter None (en) already exists, no change needed
[2025-05-16T08:16:36.881+0000] {update_sequential.py:237} INFO - Chapter None (en) already exists, no change needed
[2025-05-16T08:16:36.881+0000] {log.py:232} WARNING - 2025-05-16 08:16:36,881 - INFO: Processing manga cb871a0b-8442-4f9d-8987-38a6d7f11d17, chapter 1 (en)
[2025-05-16T08:16:36.881+0000] {update_sequential.py:209} INFO - Processing manga cb871a0b-8442-4f9d-8987-38a6d7f11d17, chapter 1 (en)
[2025-05-16T08:16:36.882+0000] {log.py:232} WARNING - 2025-05-16 08:16:36,882 - INFO: Chapter 1 (en) already exists, no change needed
[2025-05-16T08:16:36.882+0000] {update_sequential.py:237} INFO - Chapter 1 (en) already exists, no change needed
[2025-05-16T08:16:36.883+0000] {log.py:232} WARNING - 2025-05-16 08:16:36,882 - INFO: Processing manga cb871a0b-8442-4f9d-8987-38a6d7f11d17, chapter 2 (en)
[2025-05-16T08:16:36.882+0000] {update_sequential.py:209} INFO - Processing manga cb871a0b-8442-4f9d-8987-38a6d7f11d17, chapter 2 (en)
[2025-05-16T08:16:36.883+0000] {log.py:232} WARNING - 2025-05-16 08:16:36,883 - INFO: Chapter 2 (en) already exists, no change needed
[2025-05-16T08:16:36.883+0000] {update_sequential.py:237} INFO - Chapter 2 (en) already exists, no change needed
[2025-05-16T08:16:36.884+0000] {log.py:232} WARNING - 2025-05-16 08:16:36,884 - INFO: Processing manga cb871a0b-8442-4f9d-8987-38a6d7f11d17, chapter 3 (en)
[2025-05-16T08:16:36.884+0000] {update_sequential.py:209} INFO - Processing manga cb871a0b-8442-4f9d-8987-38a6d7f11d17, chapter 3 (en)
[2025-05-16T08:16:36.884+0000] {log.py:232} WARNING - 2025-05-16 08:16:36,884 - INFO: Chapter 3 (en) already exists, no change needed
[2025-05-16T08:16:36.884+0000] {update_sequential.py:237} INFO - Chapter 3 (en) already exists, no change needed
[2025-05-16T08:16:36.885+0000] {log.py:232} WARNING - 2025-05-16 08:16:36,885 - INFO: Processing manga efa87e8e-dc98-4d67-9aaa-5f99742cd68b, chapter 1 (en)
[2025-05-16T08:16:36.885+0000] {update_sequential.py:209} INFO - Processing manga efa87e8e-dc98-4d67-9aaa-5f99742cd68b, chapter 1 (en)
[2025-05-16T08:16:36.886+0000] {log.py:232} WARNING - 2025-05-16 08:16:36,886 - INFO: Chapter 1 (en) already exists, no change needed
[2025-05-16T08:16:36.886+0000] {update_sequential.py:237} INFO - Chapter 1 (en) already exists, no change needed
[2025-05-16T08:16:36.886+0000] {log.py:232} WARNING - 2025-05-16 08:16:36,886 - INFO: Processing manga efa87e8e-dc98-4d67-9aaa-5f99742cd68b, chapter 2 (en)
[2025-05-16T08:16:36.886+0000] {update_sequential.py:209} INFO - Processing manga efa87e8e-dc98-4d67-9aaa-5f99742cd68b, chapter 2 (en)
[2025-05-16T08:16:36.887+0000] {log.py:232} WARNING - 2025-05-16 08:16:36,887 - INFO: Chapter 2 (en) already exists, no change needed
[2025-05-16T08:16:36.887+0000] {update_sequential.py:237} INFO - Chapter 2 (en) already exists, no change needed
[2025-05-16T08:16:36.887+0000] {log.py:232} WARNING - 2025-05-16 08:16:36,887 - INFO: Processing manga efa87e8e-dc98-4d67-9aaa-5f99742cd68b, chapter 3 (en)
[2025-05-16T08:16:36.887+0000] {update_sequential.py:209} INFO - Processing manga efa87e8e-dc98-4d67-9aaa-5f99742cd68b, chapter 3 (en)
[2025-05-16T08:16:36.888+0000] {log.py:232} WARNING - 2025-05-16 08:16:36,888 - INFO: Chapter 3 (en) already exists, no change needed
[2025-05-16T08:16:36.888+0000] {update_sequential.py:237} INFO - Chapter 3 (en) already exists, no change needed
[2025-05-16T08:16:36.889+0000] {log.py:232} WARNING - 2025-05-16 08:16:36,889 - INFO: Processing manga efa87e8e-dc98-4d67-9aaa-5f99742cd68b, chapter 4 (en)
[2025-05-16T08:16:36.889+0000] {update_sequential.py:209} INFO - Processing manga efa87e8e-dc98-4d67-9aaa-5f99742cd68b, chapter 4 (en)
[2025-05-16T08:16:36.889+0000] {log.py:232} WARNING - 2025-05-16 08:16:36,889 - INFO: Chapter 4 (en) already exists, no change needed
[2025-05-16T08:16:36.889+0000] {update_sequential.py:237} INFO - Chapter 4 (en) already exists, no change needed
[2025-05-16T08:16:36.890+0000] {log.py:232} WARNING - 2025-05-16 08:16:36,890 - INFO: Processing manga efa87e8e-dc98-4d67-9aaa-5f99742cd68b, chapter 5 (en)
[2025-05-16T08:16:36.890+0000] {update_sequential.py:209} INFO - Processing manga efa87e8e-dc98-4d67-9aaa-5f99742cd68b, chapter 5 (en)
[2025-05-16T08:16:36.890+0000] {log.py:232} WARNING - 2025-05-16 08:16:36,890 - INFO: Chapter 5 (en) already exists, no change needed
[2025-05-16T08:16:36.890+0000] {update_sequential.py:237} INFO - Chapter 5 (en) already exists, no change needed
[2025-05-16T08:16:36.891+0000] {log.py:232} WARNING - 2025-05-16 08:16:36,891 - INFO: Processing manga efa87e8e-dc98-4d67-9aaa-5f99742cd68b, chapter 6 (en)
[2025-05-16T08:16:36.891+0000] {update_sequential.py:209} INFO - Processing manga efa87e8e-dc98-4d67-9aaa-5f99742cd68b, chapter 6 (en)
[2025-05-16T08:16:36.892+0000] {log.py:232} WARNING - 2025-05-16 08:16:36,891 - INFO: Chapter 6 (en) already exists, no change needed
[2025-05-16T08:16:36.891+0000] {update_sequential.py:237} INFO - Chapter 6 (en) already exists, no change needed
[2025-05-16T08:16:36.892+0000] {log.py:232} WARNING - 2025-05-16 08:16:36,892 - INFO: Processing manga 97da1b58-741f-4294-9f25-44cde1ecdf9a, chapter 1 (en)
[2025-05-16T08:16:36.892+0000] {update_sequential.py:209} INFO - Processing manga 97da1b58-741f-4294-9f25-44cde1ecdf9a, chapter 1 (en)
[2025-05-16T08:16:36.893+0000] {log.py:232} WARNING - 2025-05-16 08:16:36,893 - INFO: Chapter 1 (en) already exists, no change needed
[2025-05-16T08:16:36.893+0000] {update_sequential.py:237} INFO - Chapter 1 (en) already exists, no change needed
[2025-05-16T08:16:36.894+0000] {log.py:232} WARNING - 2025-05-16 08:16:36,893 - INFO: Processing manga 97da1b58-741f-4294-9f25-44cde1ecdf9a, chapter 2 (en)
[2025-05-16T08:16:36.893+0000] {update_sequential.py:209} INFO - Processing manga 97da1b58-741f-4294-9f25-44cde1ecdf9a, chapter 2 (en)
[2025-05-16T08:16:36.895+0000] {log.py:232} WARNING - 2025-05-16 08:16:36,895 - INFO: Chapter 2 (en) already exists, no change needed
[2025-05-16T08:16:36.895+0000] {update_sequential.py:237} INFO - Chapter 2 (en) already exists, no change needed
[2025-05-16T08:16:36.907+0000] {log.py:232} WARNING - 2025-05-16 08:16:36,896 - INFO: Processing manga 97da1b58-741f-4294-9f25-44cde1ecdf9a, chapter 3 (en)
[2025-05-16T08:16:36.896+0000] {update_sequential.py:209} INFO - Processing manga 97da1b58-741f-4294-9f25-44cde1ecdf9a, chapter 3 (en)
[2025-05-16T08:16:36.986+0000] {log.py:232} WARNING - 2025-05-16 08:16:36,973 - INFO: Chapter 3 (en) already exists, no change needed
[2025-05-16T08:16:36.973+0000] {update_sequential.py:237} INFO - Chapter 3 (en) already exists, no change needed
[2025-05-16T08:16:36.988+0000] {log.py:232} WARNING - 2025-05-16 08:16:36,988 - INFO: Processing manga 97da1b58-741f-4294-9f25-44cde1ecdf9a, chapter 4 (en)
[2025-05-16T08:16:36.988+0000] {update_sequential.py:209} INFO - Processing manga 97da1b58-741f-4294-9f25-44cde1ecdf9a, chapter 4 (en)
[2025-05-16T08:16:36.990+0000] {log.py:232} WARNING - 2025-05-16 08:16:36,989 - INFO: Chapter 4 (en) already exists, no change needed
[2025-05-16T08:16:36.989+0000] {update_sequential.py:237} INFO - Chapter 4 (en) already exists, no change needed
[2025-05-16T08:16:37.042+0000] {log.py:232} WARNING - 2025-05-16 08:16:37,026 - INFO: Processing manga 8928976d-1485-4260-b6d1-13552690a9f4, chapter 1 (en)
[2025-05-16T08:16:37.026+0000] {update_sequential.py:209} INFO - Processing manga 8928976d-1485-4260-b6d1-13552690a9f4, chapter 1 (en)
[2025-05-16T08:16:37.057+0000] {log.py:232} WARNING - 2025-05-16 08:16:37,056 - INFO: Chapter 1 (en) already exists, no change needed
[2025-05-16T08:16:37.056+0000] {update_sequential.py:237} INFO - Chapter 1 (en) already exists, no change needed
[2025-05-16T08:16:37.061+0000] {log.py:232} WARNING - 2025-05-16 08:16:37,059 - INFO: Processing manga 8928976d-1485-4260-b6d1-13552690a9f4, chapter 2 (en)
[2025-05-16T08:16:37.059+0000] {update_sequential.py:209} INFO - Processing manga 8928976d-1485-4260-b6d1-13552690a9f4, chapter 2 (en)
[2025-05-16T08:16:37.065+0000] {log.py:232} WARNING - 2025-05-16 08:16:37,064 - INFO: Chapter 2 (en) already exists, no change needed
[2025-05-16T08:16:37.064+0000] {update_sequential.py:237} INFO - Chapter 2 (en) already exists, no change needed
[2025-05-16T08:16:37.067+0000] {log.py:232} WARNING - 2025-05-16 08:16:37,066 - INFO: Processing manga 8928976d-1485-4260-b6d1-13552690a9f4, chapter 3 (en)
[2025-05-16T08:16:37.066+0000] {update_sequential.py:209} INFO - Processing manga 8928976d-1485-4260-b6d1-13552690a9f4, chapter 3 (en)
[2025-05-16T08:16:37.069+0000] {log.py:232} WARNING - 2025-05-16 08:16:37,068 - INFO: Chapter 3 (en) already exists, no change needed
[2025-05-16T08:16:37.068+0000] {update_sequential.py:237} INFO - Chapter 3 (en) already exists, no change needed
[2025-05-16T08:16:37.071+0000] {log.py:232} WARNING - 2025-05-16 08:16:37,070 - INFO: Processing manga 8928976d-1485-4260-b6d1-13552690a9f4, chapter 4 (en)
[2025-05-16T08:16:37.070+0000] {update_sequential.py:209} INFO - Processing manga 8928976d-1485-4260-b6d1-13552690a9f4, chapter 4 (en)
[2025-05-16T08:16:37.078+0000] {log.py:232} WARNING - 2025-05-16 08:16:37,072 - INFO: Chapter 4 (en) already exists, no change needed
[2025-05-16T08:16:37.072+0000] {update_sequential.py:237} INFO - Chapter 4 (en) already exists, no change needed
[2025-05-16T08:16:37.083+0000] {log.py:232} WARNING - 2025-05-16 08:16:37,082 - INFO: Processing manga 287e1422-57e8-4c73-8d04-9397760df929, chapter 1 (en)
[2025-05-16T08:16:37.082+0000] {update_sequential.py:209} INFO - Processing manga 287e1422-57e8-4c73-8d04-9397760df929, chapter 1 (en)
[2025-05-16T08:16:37.091+0000] {log.py:232} WARNING - 2025-05-16 08:16:37,089 - INFO: Chapter 1 (en) already exists, no change needed
[2025-05-16T08:16:37.089+0000] {update_sequential.py:237} INFO - Chapter 1 (en) already exists, no change needed
[2025-05-16T08:16:37.106+0000] {log.py:232} WARNING - 2025-05-16 08:16:37,101 - INFO: Processing manga cad50822-3589-40aa-9cbf-d96a2ccc6384, chapter 1 (en)
[2025-05-16T08:16:37.101+0000] {update_sequential.py:209} INFO - Processing manga cad50822-3589-40aa-9cbf-d96a2ccc6384, chapter 1 (en)
[2025-05-16T08:16:37.116+0000] {log.py:232} WARNING - 2025-05-16 08:16:37,116 - INFO: Chapter 1 (en) already exists, no change needed
[2025-05-16T08:16:37.116+0000] {update_sequential.py:237} INFO - Chapter 1 (en) already exists, no change needed
[2025-05-16T08:16:37.132+0000] {log.py:232} WARNING - 2025-05-16 08:16:37,126 - INFO: Processing manga cad50822-3589-40aa-9cbf-d96a2ccc6384, chapter 2 (en)
[2025-05-16T08:16:37.126+0000] {update_sequential.py:209} INFO - Processing manga cad50822-3589-40aa-9cbf-d96a2ccc6384, chapter 2 (en)
[2025-05-16T08:16:37.142+0000] {log.py:232} WARNING - 2025-05-16 08:16:37,138 - INFO: Chapter 2 (en) already exists, no change needed
[2025-05-16T08:16:37.138+0000] {update_sequential.py:237} INFO - Chapter 2 (en) already exists, no change needed
[2025-05-16T08:16:37.156+0000] {log.py:232} WARNING - 2025-05-16 08:16:37,152 - INFO: Processing manga cad50822-3589-40aa-9cbf-d96a2ccc6384, chapter 3 (en)
[2025-05-16T08:16:37.152+0000] {update_sequential.py:209} INFO - Processing manga cad50822-3589-40aa-9cbf-d96a2ccc6384, chapter 3 (en)
[2025-05-16T08:16:37.235+0000] {log.py:232} WARNING - 2025-05-16 08:16:37,189 - INFO: Chapter 3 (en) already exists, no change needed
[2025-05-16T08:16:37.189+0000] {update_sequential.py:237} INFO - Chapter 3 (en) already exists, no change needed
[2025-05-16T08:16:37.320+0000] {log.py:232} WARNING - 2025-05-16 08:16:37,315 - INFO: Processing manga cad50822-3589-40aa-9cbf-d96a2ccc6384, chapter 4 (en)
[2025-05-16T08:16:37.315+0000] {update_sequential.py:209} INFO - Processing manga cad50822-3589-40aa-9cbf-d96a2ccc6384, chapter 4 (en)
[2025-05-16T08:16:37.353+0000] {log.py:232} WARNING - 2025-05-16 08:16:37,351 - INFO: Chapter 4 (en) already exists, no change needed
[2025-05-16T08:16:37.351+0000] {update_sequential.py:237} INFO - Chapter 4 (en) already exists, no change needed
[2025-05-16T08:16:37.362+0000] {log.py:232} WARNING - 2025-05-16 08:16:37,357 - INFO: Processing manga cad50822-3589-40aa-9cbf-d96a2ccc6384, chapter 4.5 (en)
[2025-05-16T08:16:37.357+0000] {update_sequential.py:209} INFO - Processing manga cad50822-3589-40aa-9cbf-d96a2ccc6384, chapter 4.5 (en)
[2025-05-16T08:16:37.367+0000] {log.py:232} WARNING - 2025-05-16 08:16:37,366 - INFO: Chapter 4.5 (en) already exists, no change needed
[2025-05-16T08:16:37.366+0000] {update_sequential.py:237} INFO - Chapter 4.5 (en) already exists, no change needed
[2025-05-16T08:16:37.383+0000] {log.py:232} WARNING - 2025-05-16 08:16:37,381 - INFO: Processing manga 4d393a81-0015-4744-bf9a-064394e3f234, chapter 1 (en)
[2025-05-16T08:16:37.381+0000] {update_sequential.py:209} INFO - Processing manga 4d393a81-0015-4744-bf9a-064394e3f234, chapter 1 (en)
[2025-05-16T08:16:37.404+0000] {log.py:232} WARNING - 2025-05-16 08:16:37,401 - INFO: Chapter 1 (en) already exists, no change needed
[2025-05-16T08:16:37.401+0000] {update_sequential.py:237} INFO - Chapter 1 (en) already exists, no change needed
[2025-05-16T08:16:37.422+0000] {log.py:232} WARNING - 2025-05-16 08:16:37,415 - INFO: Processing manga bdac77b1-608f-4b0d-9773-7053dac0eca6, chapter 1 (en)
[2025-05-16T08:16:37.415+0000] {update_sequential.py:209} INFO - Processing manga bdac77b1-608f-4b0d-9773-7053dac0eca6, chapter 1 (en)
[2025-05-16T08:16:37.471+0000] {log.py:232} WARNING - 2025-05-16 08:16:37,452 - INFO: Chapter 1 (en) already exists, no change needed
[2025-05-16T08:16:37.452+0000] {update_sequential.py:237} INFO - Chapter 1 (en) already exists, no change needed
[2025-05-16T08:16:37.486+0000] {log.py:232} WARNING - 2025-05-16 08:16:37,482 - INFO: Processing manga bdac77b1-608f-4b0d-9773-7053dac0eca6, chapter 2 (en)
[2025-05-16T08:16:37.482+0000] {update_sequential.py:209} INFO - Processing manga bdac77b1-608f-4b0d-9773-7053dac0eca6, chapter 2 (en)
[2025-05-16T08:16:37.511+0000] {log.py:232} WARNING - 2025-05-16 08:16:37,509 - INFO: Chapter 2 (en) already exists, no change needed
[2025-05-16T08:16:37.509+0000] {update_sequential.py:237} INFO - Chapter 2 (en) already exists, no change needed
[2025-05-16T08:16:37.540+0000] {log.py:232} WARNING - 2025-05-16 08:16:37,523 - INFO: Processing manga bdac77b1-608f-4b0d-9773-7053dac0eca6, chapter 3 (en)
[2025-05-16T08:16:37.523+0000] {update_sequential.py:209} INFO - Processing manga bdac77b1-608f-4b0d-9773-7053dac0eca6, chapter 3 (en)
[2025-05-16T08:16:37.574+0000] {log.py:232} WARNING - 2025-05-16 08:16:37,558 - INFO: Chapter 3 (en) already exists, no change needed
[2025-05-16T08:16:37.558+0000] {update_sequential.py:237} INFO - Chapter 3 (en) already exists, no change needed
[2025-05-16T08:16:37.588+0000] {log.py:232} WARNING - 2025-05-16 08:16:37,587 - INFO: Processing manga bdac77b1-608f-4b0d-9773-7053dac0eca6, chapter 4 (en)
[2025-05-16T08:16:37.587+0000] {update_sequential.py:209} INFO - Processing manga bdac77b1-608f-4b0d-9773-7053dac0eca6, chapter 4 (en)
[2025-05-16T08:16:37.591+0000] {log.py:232} WARNING - 2025-05-16 08:16:37,590 - INFO: Chapter 4 (en) already exists, no change needed
[2025-05-16T08:16:37.590+0000] {update_sequential.py:237} INFO - Chapter 4 (en) already exists, no change needed
[2025-05-16T08:16:37.592+0000] {log.py:232} WARNING - 2025-05-16 08:16:37,592 - INFO: Processing manga bdac77b1-608f-4b0d-9773-7053dac0eca6, chapter 5 (en)
[2025-05-16T08:16:37.592+0000] {update_sequential.py:209} INFO - Processing manga bdac77b1-608f-4b0d-9773-7053dac0eca6, chapter 5 (en)
[2025-05-16T08:16:37.597+0000] {log.py:232} WARNING - 2025-05-16 08:16:37,596 - INFO: Chapter 5 (en) already exists, no change needed
[2025-05-16T08:16:37.596+0000] {update_sequential.py:237} INFO - Chapter 5 (en) already exists, no change needed
[2025-05-16T08:16:37.603+0000] {log.py:232} WARNING - 2025-05-16 08:16:37,602 - INFO: Processing manga f777da8d-878b-4114-a256-31b21933afc3, chapter 1 (en)
[2025-05-16T08:16:37.602+0000] {update_sequential.py:209} INFO - Processing manga f777da8d-878b-4114-a256-31b21933afc3, chapter 1 (en)
[2025-05-16T08:16:37.605+0000] {log.py:232} WARNING - 2025-05-16 08:16:37,604 - INFO: Chapter 1 (en) already exists, no change needed
[2025-05-16T08:16:37.604+0000] {update_sequential.py:237} INFO - Chapter 1 (en) already exists, no change needed
[2025-05-16T08:16:37.607+0000] {log.py:232} WARNING - 2025-05-16 08:16:37,606 - INFO: Processing manga 255937ca-c65b-4f8e-bb39-a41ac667362b, chapter 1 (en)
[2025-05-16T08:16:37.606+0000] {update_sequential.py:209} INFO - Processing manga 255937ca-c65b-4f8e-bb39-a41ac667362b, chapter 1 (en)
[2025-05-16T08:16:37.610+0000] {log.py:232} WARNING - 2025-05-16 08:16:37,608 - INFO: Chapter 1 (en) already exists, no change needed
[2025-05-16T08:16:37.608+0000] {update_sequential.py:237} INFO - Chapter 1 (en) already exists, no change needed
[2025-05-16T08:16:37.613+0000] {log.py:232} WARNING - 2025-05-16 08:16:37,613 - INFO: Processing manga 255937ca-c65b-4f8e-bb39-a41ac667362b, chapter 2 (en)
[2025-05-16T08:16:37.613+0000] {update_sequential.py:209} INFO - Processing manga 255937ca-c65b-4f8e-bb39-a41ac667362b, chapter 2 (en)
[2025-05-16T08:16:37.614+0000] {log.py:232} WARNING - 2025-05-16 08:16:37,614 - INFO: Chapter 2 (en) already exists, no change needed
[2025-05-16T08:16:37.614+0000] {update_sequential.py:237} INFO - Chapter 2 (en) already exists, no change needed
[2025-05-16T08:16:37.616+0000] {log.py:232} WARNING - 2025-05-16 08:16:37,615 - INFO: Processing manga 255937ca-c65b-4f8e-bb39-a41ac667362b, chapter 3 (en)
[2025-05-16T08:16:37.615+0000] {update_sequential.py:209} INFO - Processing manga 255937ca-c65b-4f8e-bb39-a41ac667362b, chapter 3 (en)
[2025-05-16T08:16:37.618+0000] {log.py:232} WARNING - 2025-05-16 08:16:37,617 - INFO: Chapter 3 (en) already exists, no change needed
[2025-05-16T08:16:37.617+0000] {update_sequential.py:237} INFO - Chapter 3 (en) already exists, no change needed
[2025-05-16T08:16:37.621+0000] {log.py:232} WARNING - 2025-05-16 08:16:37,620 - INFO: Processing manga 255937ca-c65b-4f8e-bb39-a41ac667362b, chapter 4 (en)
[2025-05-16T08:16:37.620+0000] {update_sequential.py:209} INFO - Processing manga 255937ca-c65b-4f8e-bb39-a41ac667362b, chapter 4 (en)
[2025-05-16T08:16:37.622+0000] {log.py:232} WARNING - 2025-05-16 08:16:37,622 - INFO: Chapter 4 (en) already exists, no change needed
[2025-05-16T08:16:37.622+0000] {update_sequential.py:237} INFO - Chapter 4 (en) already exists, no change needed
[2025-05-16T08:16:37.625+0000] {log.py:232} WARNING - 2025-05-16 08:16:37,624 - INFO: Processing manga 16ac1429-593f-4fe5-a529-ce8aed994ef5, chapter None (en)
[2025-05-16T08:16:37.624+0000] {update_sequential.py:209} INFO - Processing manga 16ac1429-593f-4fe5-a529-ce8aed994ef5, chapter None (en)
[2025-05-16T08:16:37.627+0000] {log.py:232} WARNING - 2025-05-16 08:16:37,626 - INFO: Chapter None (en) already exists, no change needed
[2025-05-16T08:16:37.626+0000] {update_sequential.py:237} INFO - Chapter None (en) already exists, no change needed
[2025-05-16T08:16:37.629+0000] {log.py:232} WARNING - 2025-05-16 08:16:37,629 - INFO: No changes needed
[2025-05-16T08:16:37.629+0000] {update_sequential.py:267} INFO - No changes needed
[2025-05-16T08:16:37.668+0000] {log.py:232} WARNING - 2025-05-16 08:16:37,652 - INFO: Total chapters added/updated: 0
[2025-05-16T08:16:37.652+0000] {update_sequential.py:269} INFO - Total chapters added/updated: 0
[2025-05-16T08:16:37.676+0000] {log.py:232} WARNING - 2025-05-16 08:16:37,675 - INFO: Total chapters replaced with English translations: 0
[2025-05-16T08:16:37.675+0000] {update_sequential.py:270} INFO - Total chapters replaced with English translations: 0
[2025-05-16T08:16:37.996+0000] {log.py:232} WARNING - 2025-05-16 08:16:37,995 - INFO: Updated/added 0 chapters, replaced 0
[2025-05-16T08:16:37.995+0000] {update_manga_database_dag.py:420} INFO - Updated/added 0 chapters, replaced 0
[2025-05-16T08:16:37.998+0000] {log.py:232} WARNING - 2025-05-16 08:16:37,997 - INFO: Starting image data update
[2025-05-16T08:16:37.997+0000] {update_manga_database_dag.py:428} INFO - Starting image data update
[2025-05-16T08:16:38.000+0000] {log.py:232} WARNING - 2025-05-16 08:16:37,999 - INFO: Checking for existing chapters...
[2025-05-16T08:16:37.999+0000] {update_sequential.py:310} INFO - Checking for existing chapters...
[2025-05-16T08:16:39.145+0000] {logging_mixin.py:190} WARNING - Preparing data:   0%|                                                        | 0/85 [00:00<?, ?it/s]
[2025-05-16T08:16:39.146+0000] {logging_mixin.py:190} WARNING - Preparing data: 100%|###########################################| 85/85 [00:00<00:00, 564107.34it/s]
[2025-05-16T08:16:39.147+0000] {log.py:232} WARNING - 2025-05-16 08:16:39,146 - INFO: No new chapters to insert. Duplicates skipped: 85
[2025-05-16T08:16:39.146+0000] {update_sequential.py:342} INFO - No new chapters to insert. Duplicates skipped: 85
[2025-05-16T08:16:39.148+0000] {log.py:232} WARNING - 2025-05-16 08:16:39,147 - INFO: Inserted 0 chapters, skipped 85
[2025-05-16T08:16:39.147+0000] {update_manga_database_dag.py:430} INFO - Inserted 0 chapters, skipped 85
[2025-05-16T08:16:39.148+0000] {log.py:232} WARNING - 2025-05-16 08:16:39,148 - INFO: Registered image rollback data for 85 new chapters and 0 deleted chapters
[2025-05-16T08:16:39.148+0000] {update_manga_database_dag.py:183} INFO - Registered image rollback data for 85 new chapters and 0 deleted chapters
[2025-05-16T08:16:39.149+0000] {log.py:232} WARNING - 2025-05-16 08:16:39,149 - INFO: Transaction committed successfully
[2025-05-16T08:16:39.149+0000] {update_manga_database_dag.py:281} INFO - Transaction committed successfully
[2025-05-16T08:16:39.150+0000] {log.py:232} WARNING - 2025-05-16 08:16:39,150 - INFO: All updates committed successfully
[2025-05-16T08:16:39.150+0000] {update_manga_database_dag.py:443} INFO - All updates committed successfully
[2025-05-16T08:16:39.151+0000] {python.py:240} INFO - Done. Returned value was: {'manga_count': 0, 'chapter_count': 0, 'replaced_chapter_count': 0, 'image_inserted_count': 0, 'image_skipped_count': 85, 'image_deleted_count': 0, 'manga_titles': ['Pieces of Us', 'Haru no \x08Hikari ni Noma rete mo', 'CMYK', 'There May Be Something There That Wasnt There Before - Haikyuu dj', 'Falling in the blue'], 'chapter_titles': [None, None, None, '', '']}
[2025-05-16T08:16:39.193+0000] {taskinstance.py:341} INFO - ::group::Post task execution logs
[2025-05-16T08:16:39.194+0000] {taskinstance.py:353} INFO - Marking task as SUCCESS. dag_id=update_manga_database, task_id=update_all_databases, run_id=manual__2025-05-16T08:15:02.966469+00:00, execution_date=20250516T081502, start_date=20250516T081631, end_date=20250516T081639
[2025-05-16T08:16:39.222+0000] {logging_mixin.py:190} INFO - Task instance in success state
[2025-05-16T08:16:39.222+0000] {logging_mixin.py:190} INFO -  Previous state of the Task instance: running
[2025-05-16T08:16:39.223+0000] {logging_mixin.py:190} INFO - Dag name:update_manga_database queued_at:2025-05-16 08:15:03.018674+00:00
[2025-05-16T08:16:39.223+0000] {logging_mixin.py:190} INFO - Task hostname:3729034b4972 operator:_PythonDecoratedOperator
[2025-05-16T08:16:39.241+0000] {local_task_job_runner.py:266} INFO - Task exited with return code 0
[2025-05-16T08:16:39.262+0000] {taskinstance.py:3901} INFO - 1 downstream tasks scheduled from follow-on schedule check
[2025-05-16T08:16:39.266+0000] {local_task_job_runner.py:245} INFO - ::endgroup::
