[2025-05-16T06:06:51.527+0000] {local_task_job_runner.py:123} INFO - ::group::Pre task execution logs
[2025-05-16T06:06:51.549+0000] {taskinstance.py:2614} INFO - Dependencies all met for dep_context=non-requeueable deps ti=<TaskInstance: update_manga_database.update_all_databases manual__2025-05-16T06:05:32.268567+00:00 [queued]>
[2025-05-16T06:06:51.561+0000] {taskinstance.py:2614} INFO - Dependencies all met for dep_context=requeueable deps ti=<TaskInstance: update_manga_database.update_all_databases manual__2025-05-16T06:05:32.268567+00:00 [queued]>
[2025-05-16T06:06:51.562+0000] {taskinstance.py:2867} INFO - Starting attempt 1 of 2
[2025-05-16T06:06:51.577+0000] {taskinstance.py:2890} INFO - Executing <Task(_PythonDecoratedOperator): update_all_databases> on 2025-05-16 06:05:32.268567+00:00
[2025-05-16T06:06:51.584+0000] {warnings.py:112} WARNING - /home/***/.local/lib/python3.12/site-packages/***/task/task_runner/standard_task_runner.py:70: DeprecationWarning: This process (pid=1670) is multi-threaded, use of fork() may lead to deadlocks in the child.
  pid = os.fork()

[2025-05-16T06:06:51.586+0000] {standard_task_runner.py:72} INFO - Started process 1675 to run task
[2025-05-16T06:06:51.586+0000] {standard_task_runner.py:104} INFO - Running: ['***', 'tasks', 'run', 'update_manga_database', 'update_all_databases', 'manual__2025-05-16T06:05:32.268567+00:00', '--job-id', '95', '--raw', '--subdir', 'DAGS_FOLDER/update_manga_database_dag.py', '--cfg-path', '/tmp/tmpw77ukiv4']
[2025-05-16T06:06:51.587+0000] {standard_task_runner.py:105} INFO - Job 95: Subtask update_all_databases
[2025-05-16T06:06:51.633+0000] {task_command.py:467} INFO - Running <TaskInstance: update_manga_database.update_all_databases manual__2025-05-16T06:05:32.268567+00:00 [running]> on host 3729034b4972
[2025-05-16T06:06:51.762+0000] {taskinstance.py:3134} INFO - Exporting env vars: AIRFLOW_CTX_DAG_OWNER='***' AIRFLOW_CTX_DAG_ID='update_manga_database' AIRFLOW_CTX_TASK_ID='update_all_databases' AIRFLOW_CTX_EXECUTION_DATE='2025-05-16T06:05:32.268567+00:00' AIRFLOW_CTX_TRY_NUMBER='1' AIRFLOW_CTX_DAG_RUN_ID='manual__2025-05-16T06:05:32.268567+00:00'
[2025-05-16T06:06:51.764+0000] {logging_mixin.py:190} INFO - Task instance is in running state
[2025-05-16T06:06:51.764+0000] {logging_mixin.py:190} INFO -  Previous state of the Task instance: queued
[2025-05-16T06:06:51.765+0000] {logging_mixin.py:190} INFO - Current task name:update_all_databases state:running start_date:2025-05-16 06:06:51.550660+00:00
[2025-05-16T06:06:51.765+0000] {logging_mixin.py:190} INFO - Dag name:update_manga_database and current dag run status:running
[2025-05-16T06:06:51.766+0000] {taskinstance.py:732} INFO - ::endgroup::
[2025-05-16T06:06:51.767+0000] {log.py:232} WARNING - 2025-05-16 06:06:51,767 - INFO: Starting all database updates
[2025-05-16T06:06:51.767+0000] {update_manga_database_dag.py:396} INFO - Starting all database updates
[2025-05-16T06:06:51.777+0000] {log.py:232} WARNING - 2025-05-16 06:06:51,777 - INFO: Transaction started
[2025-05-16T06:06:51.777+0000] {update_manga_database_dag.py:72} INFO - Transaction started
[2025-05-16T06:06:51.783+0000] {log.py:232} WARNING - 2025-05-16 06:06:51,782 - INFO: Checking 61 manga for updates
[2025-05-16T06:06:51.782+0000] {update_sequential.py:59} INFO - Checking 61 manga for updates
[2025-05-16T06:06:56.462+0000] {log.py:232} WARNING - 2025-05-16 06:06:56,461 - INFO: ADDED: Pieces of Us (ID: dc8a6a1d-51d9-410d-975b-cf884cc68fd0)
[2025-05-16T06:06:56.461+0000] {update_sequential.py:115} INFO - ADDED: Pieces of Us (ID: dc8a6a1d-51d9-410d-975b-cf884cc68fd0)
[2025-05-16T06:06:56.734+0000] {log.py:232} WARNING - 2025-05-16 06:06:56,734 - INFO: ADDED: Haru no Hikari ni Noma rete mo (ID: 4551679e-820b-42a5-85ff-d00ade797383)
[2025-05-16T06:06:56.734+0000] {update_sequential.py:115} INFO - ADDED: Haru no Hikari ni Noma rete mo (ID: 4551679e-820b-42a5-85ff-d00ade797383)
[2025-05-16T06:06:57.029+0000] {log.py:232} WARNING - 2025-05-16 06:06:57,028 - INFO: ADDED: CMYK (ID: 236ab0cf-a5ef-4039-8e0a-f4cfe4660424)
[2025-05-16T06:06:57.028+0000] {update_sequential.py:115} INFO - ADDED: CMYK (ID: 236ab0cf-a5ef-4039-8e0a-f4cfe4660424)
[2025-05-16T06:06:57.306+0000] {log.py:232} WARNING - 2025-05-16 06:06:57,304 - INFO: ADDED: There May Be Something There That Wasn’t There Before - Haikyuu dj (ID: e82fb7dd-edff-4593-9fff-760f018f6703)
[2025-05-16T06:06:57.304+0000] {update_sequential.py:115} INFO - ADDED: There May Be Something There That Wasn’t There Before - Haikyuu dj (ID: e82fb7dd-edff-4593-9fff-760f018f6703)
[2025-05-16T06:06:57.582+0000] {log.py:232} WARNING - 2025-05-16 06:06:57,582 - INFO: ADDED: Falling in the blue (ID: d38389ac-caeb-4a4f-8483-589ddbaf50e1)
[2025-05-16T06:06:57.582+0000] {update_sequential.py:115} INFO - ADDED: Falling in the blue (ID: d38389ac-caeb-4a4f-8483-589ddbaf50e1)
[2025-05-16T06:06:57.855+0000] {log.py:232} WARNING - 2025-05-16 06:06:57,855 - INFO: ADDED: The Maid (ID: 192ec1c9-eb9a-4771-bb79-2b9bb4adbe0e)
[2025-05-16T06:06:57.855+0000] {update_sequential.py:115} INFO - ADDED: The Maid (ID: 192ec1c9-eb9a-4771-bb79-2b9bb4adbe0e)
[2025-05-16T06:06:58.129+0000] {log.py:232} WARNING - 2025-05-16 06:06:58,128 - INFO: ADDED: The Fairy's Wish (ID: 3de96e80-6feb-450c-a169-053d40c01063)
[2025-05-16T06:06:58.128+0000] {update_sequential.py:115} INFO - ADDED: The Fairy's Wish (ID: 3de96e80-6feb-450c-a169-053d40c01063)
[2025-05-16T06:06:58.400+0000] {log.py:232} WARNING - 2025-05-16 06:06:58,400 - INFO: ADDED: I Reincarnated as a Parenting Story Extra (ID: 8dbb4f57-4e35-4fa6-88c7-2d8f8334d8db)
[2025-05-16T06:06:58.400+0000] {update_sequential.py:115} INFO - ADDED: I Reincarnated as a Parenting Story Extra (ID: 8dbb4f57-4e35-4fa6-88c7-2d8f8334d8db)
[2025-05-16T06:06:58.674+0000] {log.py:232} WARNING - 2025-05-16 06:06:58,674 - INFO: ADDED: Every Day is a Good Day When There's Love (ID: e195fc69-5e5c-4410-84fe-268daef38fbc)
[2025-05-16T06:06:58.674+0000] {update_sequential.py:115} INFO - ADDED: Every Day is a Good Day When There's Love (ID: e195fc69-5e5c-4410-84fe-268daef38fbc)
[2025-05-16T06:06:58.948+0000] {log.py:232} WARNING - 2025-05-16 06:06:58,947 - INFO: ADDED: Siren: The Beginning of the Curse (ID: e7fa5fe6-7988-4f69-a6b8-7f5c34ade5d4)
[2025-05-16T06:06:58.947+0000] {update_sequential.py:115} INFO - ADDED: Siren: The Beginning of the Curse (ID: e7fa5fe6-7988-4f69-a6b8-7f5c34ade5d4)
[2025-05-16T06:06:59.222+0000] {log.py:232} WARNING - 2025-05-16 06:06:59,221 - INFO: ADDED: Yoki Himo to Yoki Kainushi (ID: 051f9e5b-72d9-4d32-ac41-2441c2c03a67)
[2025-05-16T06:06:59.221+0000] {update_sequential.py:115} INFO - ADDED: Yoki Himo to Yoki Kainushi (ID: 051f9e5b-72d9-4d32-ac41-2441c2c03a67)
[2025-05-16T06:06:59.503+0000] {log.py:232} WARNING - 2025-05-16 06:06:59,502 - INFO: ADDED: SEVEN TEEN COP (ID: c5206869-59c1-4988-8c6f-9fcaa71a2c16)
[2025-05-16T06:06:59.502+0000] {update_sequential.py:115} INFO - ADDED: SEVEN TEEN COP (ID: c5206869-59c1-4988-8c6f-9fcaa71a2c16)
[2025-05-16T06:06:59.781+0000] {log.py:232} WARNING - 2025-05-16 06:06:59,780 - INFO: ADDED: Kono Ao ni Koi wo Shita (ID: de5038a8-898a-4149-a93e-756243cc09e0)
[2025-05-16T06:06:59.780+0000] {update_sequential.py:115} INFO - ADDED: Kono Ao ni Koi wo Shita (ID: de5038a8-898a-4149-a93e-756243cc09e0)
[2025-05-16T06:07:00.058+0000] {log.py:232} WARNING - 2025-05-16 06:07:00,057 - INFO: ADDED: Puri ☆ Hani (ID: 582248de-5dec-436c-835e-127e750445fb)
[2025-05-16T06:07:00.057+0000] {update_sequential.py:115} INFO - ADDED: Puri ☆ Hani (ID: 582248de-5dec-436c-835e-127e750445fb)
[2025-05-16T06:07:00.342+0000] {log.py:232} WARNING - 2025-05-16 06:07:00,341 - INFO: ADDED: Rental Kareshi (ID: 3f403042-3b37-489a-8df2-8f59a1dd6300)
[2025-05-16T06:07:00.341+0000] {update_sequential.py:115} INFO - ADDED: Rental Kareshi (ID: 3f403042-3b37-489a-8df2-8f59a1dd6300)
[2025-05-16T06:07:00.619+0000] {log.py:232} WARNING - 2025-05-16 06:07:00,618 - INFO: ADDED: Paris no Koibitotachi (ID: 837db806-4dc6-4bbb-9263-374eaca2eb57)
[2025-05-16T06:07:00.618+0000] {update_sequential.py:115} INFO - ADDED: Paris no Koibitotachi (ID: 837db806-4dc6-4bbb-9263-374eaca2eb57)
[2025-05-16T06:07:00.902+0000] {log.py:232} WARNING - 2025-05-16 06:07:00,902 - INFO: ADDED: Wana ni Kakatta Cinderella (ID: a8587671-e75c-495c-82fb-801e594e46a1)
[2025-05-16T06:07:00.902+0000] {update_sequential.py:115} INFO - ADDED: Wana ni Kakatta Cinderella (ID: a8587671-e75c-495c-82fb-801e594e46a1)
[2025-05-16T06:07:01.180+0000] {log.py:232} WARNING - 2025-05-16 06:07:01,179 - INFO: ADDED: Hakiri-san wa Kimi Dake no Shinigami ni Narita (ID: 2c8b92ea-e480-4ebb-bfa7-4ff828c13fd5)
[2025-05-16T06:07:01.179+0000] {update_sequential.py:115} INFO - ADDED: Hakiri-san wa Kimi Dake no Shinigami ni Narita (ID: 2c8b92ea-e480-4ebb-bfa7-4ff828c13fd5)
[2025-05-16T06:07:01.457+0000] {log.py:232} WARNING - 2025-05-16 06:07:01,456 - INFO: ADDED: Mikado-Kun, Kyo Mo Biju Ga Idesune (ID: 1d6f3596-0667-44b4-b4bd-cf17544b0558)
[2025-05-16T06:07:01.456+0000] {update_sequential.py:115} INFO - ADDED: Mikado-Kun, Kyo Mo Biju Ga Idesune (ID: 1d6f3596-0667-44b4-b4bd-cf17544b0558)
[2025-05-16T06:07:01.732+0000] {log.py:232} WARNING - 2025-05-16 06:07:01,731 - INFO: ADDED: Mega Monster Battle: Ultra Adventure NEO (ID: 432cc154-074d-4398-95ae-952769af164d)
[2025-05-16T06:07:01.731+0000] {update_sequential.py:115} INFO - ADDED: Mega Monster Battle: Ultra Adventure NEO (ID: 432cc154-074d-4398-95ae-952769af164d)
[2025-05-16T06:07:02.008+0000] {log.py:232} WARNING - 2025-05-16 06:07:02,007 - INFO: ADDED: This isn't Erotic at All! (ID: e0a786d3-1760-4f69-9d95-a0eae056a66f)
[2025-05-16T06:07:02.007+0000] {update_sequential.py:115} INFO - ADDED: This isn't Erotic at All! (ID: e0a786d3-1760-4f69-9d95-a0eae056a66f)
[2025-05-16T06:07:02.285+0000] {log.py:232} WARNING - 2025-05-16 06:07:02,284 - INFO: ADDED: Will You Let Me Stay Here? (ID: 2e85b6e4-f73c-4483-8860-f55f2bd67119)
[2025-05-16T06:07:02.284+0000] {update_sequential.py:115} INFO - ADDED: Will You Let Me Stay Here? (ID: 2e85b6e4-f73c-4483-8860-f55f2bd67119)
[2025-05-16T06:07:02.561+0000] {log.py:232} WARNING - 2025-05-16 06:07:02,560 - INFO: ADDED: Orokamono no Ai no Uta (ID: e46ede76-7aa6-4887-9eb2-b5fa537b91b6)
[2025-05-16T06:07:02.560+0000] {update_sequential.py:115} INFO - ADDED: Orokamono no Ai no Uta (ID: e46ede76-7aa6-4887-9eb2-b5fa537b91b6)
[2025-05-16T06:07:02.834+0000] {log.py:232} WARNING - 2025-05-16 06:07:02,833 - INFO: ADDED: Uma Musume Pretty Derby - My Feelings, in the Shape of an Umbrella (Doujinshi) (ID: 96fb960c-77d2-46e2-90f8-95e41a2712c6)
[2025-05-16T06:07:02.833+0000] {update_sequential.py:115} INFO - ADDED: Uma Musume Pretty Derby - My Feelings, in the Shape of an Umbrella (Doujinshi) (ID: 96fb960c-77d2-46e2-90f8-95e41a2712c6)
[2025-05-16T06:07:03.106+0000] {log.py:232} WARNING - 2025-05-16 06:07:03,105 - INFO: ADDED: Long, Long Ride (One shot) (ID: 5a763d38-ce7a-4b38-8581-a1adb2e29bb4)
[2025-05-16T06:07:03.105+0000] {update_sequential.py:115} INFO - ADDED: Long, Long Ride (One shot) (ID: 5a763d38-ce7a-4b38-8581-a1adb2e29bb4)
[2025-05-16T06:07:03.378+0000] {log.py:232} WARNING - 2025-05-16 06:07:03,378 - INFO: ADDED: The Regressed Empress's Abduction Marriage (ID: 3844a42e-1f4b-4ba1-b85f-18e00cfa8f02)
[2025-05-16T06:07:03.378+0000] {update_sequential.py:115} INFO - ADDED: The Regressed Empress's Abduction Marriage (ID: 3844a42e-1f4b-4ba1-b85f-18e00cfa8f02)
[2025-05-16T06:07:03.651+0000] {log.py:232} WARNING - 2025-05-16 06:07:03,651 - INFO: ADDED: New YAT Untroubled! Space Tours Compilation (ID: fe7a1d45-e0c2-4a80-ad62-5f42bbf6b622)
[2025-05-16T06:07:03.651+0000] {update_sequential.py:115} INFO - ADDED: New YAT Untroubled! Space Tours Compilation (ID: fe7a1d45-e0c2-4a80-ad62-5f42bbf6b622)
[2025-05-16T06:07:03.925+0000] {log.py:232} WARNING - 2025-05-16 06:07:03,924 - INFO: ADDED: Diamond no Ace - Sawatte Kawatte (Doujinshi) (ID: 62e80dfd-c1b0-4c65-994b-fd41697f140e)
[2025-05-16T06:07:03.924+0000] {update_sequential.py:115} INFO - ADDED: Diamond no Ace - Sawatte Kawatte (Doujinshi) (ID: 62e80dfd-c1b0-4c65-994b-fd41697f140e)
[2025-05-16T06:07:04.199+0000] {log.py:232} WARNING - 2025-05-16 06:07:04,199 - INFO: ADDED: Diamond no Ace - Nonstop Suponpon (Doujinshi) (ID: 1f4fdbf8-b46a-4401-aaa7-8a3d75e2a711)
[2025-05-16T06:07:04.199+0000] {update_sequential.py:115} INFO - ADDED: Diamond no Ace - Nonstop Suponpon (Doujinshi) (ID: 1f4fdbf8-b46a-4401-aaa7-8a3d75e2a711)
[2025-05-16T06:07:04.473+0000] {log.py:232} WARNING - 2025-05-16 06:07:04,472 - INFO: ADDED: Kouiu Kankei ga Sugoku Suki (ID: cb871a0b-8442-4f9d-8987-38a6d7f11d17)
[2025-05-16T06:07:04.472+0000] {update_sequential.py:115} INFO - ADDED: Kouiu Kankei ga Sugoku Suki (ID: cb871a0b-8442-4f9d-8987-38a6d7f11d17)
[2025-05-16T06:07:04.748+0000] {log.py:232} WARNING - 2025-05-16 06:07:04,748 - INFO: ADDED: Seijo ga Kuru kara "Kimi wo Aisuru koto wa Nai" to Iwareta node Okazari Ouhi ni Tesshiteitara, Seijo ga 5-sai Datta node Zenryoku de Aishimasu!! (ID: 9a40c0b9-912d-4b0e-aa77-c4a07edec275)
[2025-05-16T06:07:04.748+0000] {update_sequential.py:115} INFO - ADDED: Seijo ga Kuru kara "Kimi wo Aisuru koto wa Nai" to Iwareta node Okazari Ouhi ni Tesshiteitara, Seijo ga 5-sai Datta node Zenryoku de Aishimasu!! (ID: 9a40c0b9-912d-4b0e-aa77-c4a07edec275)
[2025-05-16T06:07:05.021+0000] {log.py:232} WARNING - 2025-05-16 06:07:05,020 - INFO: ADDED: Watashi no Mama wa Mano-kun desu. (ID: 16a247d7-34fd-49eb-9b81-1303896de0dd)
[2025-05-16T06:07:05.020+0000] {update_sequential.py:115} INFO - ADDED: Watashi no Mama wa Mano-kun desu. (ID: 16a247d7-34fd-49eb-9b81-1303896de0dd)
[2025-05-16T06:07:05.298+0000] {log.py:232} WARNING - 2025-05-16 06:07:05,297 - INFO: ADDED: Yusha No Watashidesuga, Tekkoku Mao Sama No Aisaremeido Ni Narimashita (ID: 0567beef-b5b7-4c86-a3c0-e3f4f52e1c35)
[2025-05-16T06:07:05.297+0000] {update_sequential.py:115} INFO - ADDED: Yusha No Watashidesuga, Tekkoku Mao Sama No Aisaremeido Ni Narimashita (ID: 0567beef-b5b7-4c86-a3c0-e3f4f52e1c35)
[2025-05-16T06:07:05.571+0000] {log.py:232} WARNING - 2025-05-16 06:07:05,571 - INFO: ADDED: Frontier World Online - Shoukanshi to shite Katsudou-chuu (ID: 0616c9ba-9362-40e2-a53b-9d1cd49ad4bd)
[2025-05-16T06:07:05.571+0000] {update_sequential.py:115} INFO - ADDED: Frontier World Online - Shoukanshi to shite Katsudou-chuu (ID: 0616c9ba-9362-40e2-a53b-9d1cd49ad4bd)
[2025-05-16T06:07:05.845+0000] {log.py:232} WARNING - 2025-05-16 06:07:05,843 - INFO: ADDED: Moonlight Sequence (ID: efa87e8e-dc98-4d67-9aaa-5f99742cd68b)
[2025-05-16T06:07:05.843+0000] {update_sequential.py:115} INFO - ADDED: Moonlight Sequence (ID: efa87e8e-dc98-4d67-9aaa-5f99742cd68b)
[2025-05-16T06:07:06.121+0000] {log.py:232} WARNING - 2025-05-16 06:07:06,119 - INFO: ADDED: Samuku naru to Kata wo Yosete (ID: 520113a2-3424-4506-90e0-695ffae6f2f0)
[2025-05-16T06:07:06.119+0000] {update_sequential.py:115} INFO - ADDED: Samuku naru to Kata wo Yosete (ID: 520113a2-3424-4506-90e0-695ffae6f2f0)
[2025-05-16T06:07:06.395+0000] {log.py:232} WARNING - 2025-05-16 06:07:06,395 - INFO: ADDED: The Dragon King's Favor (ID: 97da1b58-741f-4294-9f25-44cde1ecdf9a)
[2025-05-16T06:07:06.395+0000] {update_sequential.py:115} INFO - ADDED: The Dragon King's Favor (ID: 97da1b58-741f-4294-9f25-44cde1ecdf9a)
[2025-05-16T06:07:06.668+0000] {log.py:232} WARNING - 2025-05-16 06:07:06,667 - INFO: ADDED: Dolswe, Let Me see It Just Once (ID: 8928976d-1485-4260-b6d1-13552690a9f4)
[2025-05-16T06:07:06.667+0000] {update_sequential.py:115} INFO - ADDED: Dolswe, Let Me see It Just Once (ID: 8928976d-1485-4260-b6d1-13552690a9f4)
[2025-05-16T06:07:06.944+0000] {log.py:232} WARNING - 2025-05-16 06:07:06,943 - INFO: ADDED: Sweet Poison (ID: 5342d47c-8635-4c2c-bc05-da83dabee2ac)
[2025-05-16T06:07:06.943+0000] {update_sequential.py:115} INFO - ADDED: Sweet Poison (ID: 5342d47c-8635-4c2c-bc05-da83dabee2ac)
[2025-05-16T06:07:07.218+0000] {log.py:232} WARNING - 2025-05-16 06:07:07,218 - INFO: ADDED: Todoroki Daimaru no Kikai Taikendan (ID: 287e1422-57e8-4c73-8d04-9397760df929)
[2025-05-16T06:07:07.218+0000] {update_sequential.py:115} INFO - ADDED: Todoroki Daimaru no Kikai Taikendan (ID: 287e1422-57e8-4c73-8d04-9397760df929)
[2025-05-16T06:07:07.503+0000] {log.py:232} WARNING - 2025-05-16 06:07:07,501 - INFO: ADDED: The Fake Master Who Accidentally Became the Strongest (ID: cad50822-3589-40aa-9cbf-d96a2ccc6384)
[2025-05-16T06:07:07.501+0000] {update_sequential.py:115} INFO - ADDED: The Fake Master Who Accidentally Became the Strongest (ID: cad50822-3589-40aa-9cbf-d96a2ccc6384)
[2025-05-16T06:07:07.786+0000] {log.py:232} WARNING - 2025-05-16 06:07:07,785 - INFO: ADDED: Hara wa Chibuu (ID: 678dd650-28b0-4b18-a936-1cb8c072745a)
[2025-05-16T06:07:07.785+0000] {update_sequential.py:115} INFO - ADDED: Hara wa Chibuu (ID: 678dd650-28b0-4b18-a936-1cb8c072745a)
[2025-05-16T06:07:08.066+0000] {log.py:232} WARNING - 2025-05-16 06:07:08,066 - INFO: ADDED: Fashionable Menhera and Menhera (ID: 4d393a81-0015-4744-bf9a-064394e3f234)
[2025-05-16T06:07:08.066+0000] {update_sequential.py:115} INFO - ADDED: Fashionable Menhera and Menhera (ID: 4d393a81-0015-4744-bf9a-064394e3f234)
[2025-05-16T06:07:08.355+0000] {log.py:232} WARNING - 2025-05-16 06:07:08,355 - INFO: ADDED: Collect And Seize (ID: bdac77b1-608f-4b0d-9773-7053dac0eca6)
[2025-05-16T06:07:08.355+0000] {update_sequential.py:115} INFO - ADDED: Collect And Seize (ID: bdac77b1-608f-4b0d-9773-7053dac0eca6)
[2025-05-16T06:07:08.626+0000] {log.py:232} WARNING - 2025-05-16 06:07:08,626 - INFO: ADDED: Hatsukoi To Saida (ID: 4de696e3-52a8-45d0-bb77-60e83bc4fa8c)
[2025-05-16T06:07:08.626+0000] {update_sequential.py:115} INFO - ADDED: Hatsukoi To Saida (ID: 4de696e3-52a8-45d0-bb77-60e83bc4fa8c)
[2025-05-16T06:07:08.898+0000] {log.py:232} WARNING - 2025-05-16 06:07:08,897 - INFO: ADDED: Seishun Wa Wagamama Kurai Ga Chodoi (ID: 1c8d0842-e998-4cd9-8808-a8bac2265743)
[2025-05-16T06:07:08.897+0000] {update_sequential.py:115} INFO - ADDED: Seishun Wa Wagamama Kurai Ga Chodoi (ID: 1c8d0842-e998-4cd9-8808-a8bac2265743)
[2025-05-16T06:07:09.174+0000] {log.py:232} WARNING - 2025-05-16 06:07:09,172 - INFO: ADDED: call my squall (ID: f777da8d-878b-4114-a256-31b21933afc3)
[2025-05-16T06:07:09.172+0000] {update_sequential.py:115} INFO - ADDED: call my squall (ID: f777da8d-878b-4114-a256-31b21933afc3)
[2025-05-16T06:07:09.445+0000] {log.py:232} WARNING - 2025-05-16 06:07:09,444 - INFO: ADDED: Scholar's Bossam (ID: 255937ca-c65b-4f8e-bb39-a41ac667362b)
[2025-05-16T06:07:09.444+0000] {update_sequential.py:115} INFO - ADDED: Scholar's Bossam (ID: 255937ca-c65b-4f8e-bb39-a41ac667362b)
[2025-05-16T06:07:09.716+0000] {log.py:232} WARNING - 2025-05-16 06:07:09,716 - INFO: ADDED: My Hero Academia - Souiu Koto Dakara (Doujinshi) (ID: 16ac1429-593f-4fe5-a529-ce8aed994ef5)
[2025-05-16T06:07:09.716+0000] {update_sequential.py:115} INFO - ADDED: My Hero Academia - Souiu Koto Dakara (Doujinshi) (ID: 16ac1429-593f-4fe5-a529-ce8aed994ef5)
[2025-05-16T06:07:09.988+0000] {log.py:232} WARNING - 2025-05-16 06:07:09,987 - INFO: ADDED: Hanafusa Senpai No Amaiwana (ID: 13b1e64c-dc93-47c0-99d8-bfee66ae353b)
[2025-05-16T06:07:09.987+0000] {update_sequential.py:115} INFO - ADDED: Hanafusa Senpai No Amaiwana (ID: 13b1e64c-dc93-47c0-99d8-bfee66ae353b)
[2025-05-16T06:07:10.260+0000] {log.py:232} WARNING - 2025-05-16 06:07:10,260 - INFO: ADDED: Shiroi Nekono Gakko (ID: 4fe0978e-cf64-4b8d-906a-c13da2c7157e)
[2025-05-16T06:07:10.260+0000] {update_sequential.py:115} INFO - ADDED: Shiroi Nekono Gakko (ID: 4fe0978e-cf64-4b8d-906a-c13da2c7157e)
[2025-05-16T06:07:10.532+0000] {log.py:232} WARNING - 2025-05-16 06:07:10,532 - INFO: ADDED: Tamamushiro No Renjo (ID: 5520f2ef-d4ab-4c22-a6e3-31e74dd76888)
[2025-05-16T06:07:10.532+0000] {update_sequential.py:115} INFO - ADDED: Tamamushiro No Renjo (ID: 5520f2ef-d4ab-4c22-a6e3-31e74dd76888)
[2025-05-16T06:07:10.804+0000] {log.py:232} WARNING - 2025-05-16 06:07:10,803 - INFO: ADDED: Kiyasuku Fureruna Kuro Bara Ni (ID: 2cdfa7d3-e8ab-4f06-a6f8-89b7a3a22db2)
[2025-05-16T06:07:10.803+0000] {update_sequential.py:115} INFO - ADDED: Kiyasuku Fureruna Kuro Bara Ni (ID: 2cdfa7d3-e8ab-4f06-a6f8-89b7a3a22db2)
[2025-05-16T06:07:11.080+0000] {log.py:232} WARNING - 2025-05-16 06:07:11,079 - INFO: ADDED: Sekai De Ichiban Anishiteru (ID: 2b649c16-fb4a-45f1-afb8-9a8f4b4a5bc1)
[2025-05-16T06:07:11.079+0000] {update_sequential.py:115} INFO - ADDED: Sekai De Ichiban Anishiteru (ID: 2b649c16-fb4a-45f1-afb8-9a8f4b4a5bc1)
[2025-05-16T06:07:11.369+0000] {log.py:232} WARNING - 2025-05-16 06:07:11,365 - INFO: ADDED: Netabare Kinshi No Amamiya-Kun (ID: e4187ee9-4f6e-49cf-8b2e-b4a80b04d1b3)
[2025-05-16T06:07:11.365+0000] {update_sequential.py:115} INFO - ADDED: Netabare Kinshi No Amamiya-Kun (ID: e4187ee9-4f6e-49cf-8b2e-b4a80b04d1b3)
[2025-05-16T06:07:11.673+0000] {log.py:232} WARNING - 2025-05-16 06:07:11,672 - INFO: ADDED: Internet e Youkoso! Neuro-sama! (ID: cbb7e271-dd90-4b68-9df8-0acd008412d8)
[2025-05-16T06:07:11.672+0000] {update_sequential.py:115} INFO - ADDED: Internet e Youkoso! Neuro-sama! (ID: cbb7e271-dd90-4b68-9df8-0acd008412d8)
[2025-05-16T06:07:11.953+0000] {log.py:232} WARNING - 2025-05-16 06:07:11,953 - INFO: ADDED: Shachou Kamitenma Ryouko no Koi wa Omoiegaita Naname Ue (ID: 24d979fb-1282-4ad8-a7cb-b70297384369)
[2025-05-16T06:07:11.953+0000] {update_sequential.py:115} INFO - ADDED: Shachou Kamitenma Ryouko no Koi wa Omoiegaita Naname Ue (ID: 24d979fb-1282-4ad8-a7cb-b70297384369)
[2025-05-16T06:07:12.234+0000] {log.py:232} WARNING - 2025-05-16 06:07:12,225 - INFO: ADDED: Sensei Wa Kisu Ga Hetana Vampire (ID: 25a98773-9196-4760-a2e6-58c725791c78)
[2025-05-16T06:07:12.225+0000] {update_sequential.py:115} INFO - ADDED: Sensei Wa Kisu Ga Hetana Vampire (ID: 25a98773-9196-4760-a2e6-58c725791c78)
[2025-05-16T06:07:12.518+0000] {log.py:232} WARNING - 2025-05-16 06:07:12,517 - INFO: ADDED: Oto★ko Selection - Oneesan to Otokonoko Comic Anthology (ID: 1c20e3c8-ce80-4e97-b3be-ce1040a1817d)
[2025-05-16T06:07:12.517+0000] {update_sequential.py:115} INFO - ADDED: Oto★ko Selection - Oneesan to Otokonoko Comic Anthology (ID: 1c20e3c8-ce80-4e97-b3be-ce1040a1817d)
[2025-05-16T06:07:12.790+0000] {log.py:232} WARNING - 2025-05-16 06:07:12,789 - INFO: ADDED: Bara sensou (ID: da6c7a1e-e528-4a1e-8a09-c5443ab77225)
[2025-05-16T06:07:12.789+0000] {update_sequential.py:115} INFO - ADDED: Bara sensou (ID: da6c7a1e-e528-4a1e-8a09-c5443ab77225)
[2025-05-16T06:07:13.071+0000] {log.py:232} WARNING - 2025-05-16 06:07:13,070 - INFO: ADDED: Itsukara Maryoku Ga Nai to Sakkaku Shiteita?! (ID: f1b3d291-ac40-41b0-bddf-d6d3dda03515)
[2025-05-16T06:07:13.070+0000] {update_sequential.py:115} INFO - ADDED: Itsukara Maryoku Ga Nai to Sakkaku Shiteita?! (ID: f1b3d291-ac40-41b0-bddf-d6d3dda03515)
[2025-05-16T06:07:13.344+0000] {log.py:232} WARNING - 2025-05-16 06:07:13,343 - INFO: Database update complete
[2025-05-16T06:07:13.343+0000] {update_sequential.py:119} INFO - Database update complete
[2025-05-16T06:07:13.346+0000] {log.py:232} WARNING - 2025-05-16 06:07:13,345 - INFO: SUMMARY: 0 manga updated, 61 manga added
[2025-05-16T06:07:13.345+0000] {update_sequential.py:120} INFO - SUMMARY: 0 manga updated, 61 manga added
[2025-05-16T06:07:17.898+0000] {log.py:232} WARNING - 2025-05-16 06:07:17,897 - INFO: Registered manga rollback data for 61 manga IDs
[2025-05-16T06:07:17.897+0000] {update_manga_database_dag.py:132} INFO - Registered manga rollback data for 61 manga IDs
[2025-05-16T06:07:17.901+0000] {log.py:232} WARNING - 2025-05-16 06:07:17,900 - INFO: Updated 61 manga
[2025-05-16T06:07:17.900+0000] {update_manga_database_dag.py:412} INFO - Updated 61 manga
[2025-05-16T06:07:17.904+0000] {log.py:232} WARNING - 2025-05-16 06:07:17,903 - INFO: Checking 87 chapters across 61 manga
[2025-05-16T06:07:17.903+0000] {update_sequential.py:175} INFO - Checking 87 chapters across 61 manga
[2025-05-16T06:07:18.452+0000] {log.py:232} WARNING - 2025-05-16 06:07:18,451 - INFO: Processing manga 4551679e-820b-42a5-85ff-d00ade797383, chapter 1 (ko)
[2025-05-16T06:07:18.451+0000] {update_sequential.py:209} INFO - Processing manga 4551679e-820b-42a5-85ff-d00ade797383, chapter 1 (ko)
[2025-05-16T06:07:18.454+0000] {log.py:232} WARNING - 2025-05-16 06:07:18,454 - INFO: Adding new chapter 1 (ko) for manga 4551679e-820b-42a5-85ff-d00ade797383
[2025-05-16T06:07:18.454+0000] {update_sequential.py:244} INFO - Adding new chapter 1 (ko) for manga 4551679e-820b-42a5-85ff-d00ade797383
[2025-05-16T06:07:18.729+0000] {log.py:232} WARNING - 2025-05-16 06:07:18,728 - INFO: Processing manga 236ab0cf-a5ef-4039-8e0a-f4cfe4660424, chapter 1.1 (en)
[2025-05-16T06:07:18.728+0000] {update_sequential.py:209} INFO - Processing manga 236ab0cf-a5ef-4039-8e0a-f4cfe4660424, chapter 1.1 (en)
[2025-05-16T06:07:18.733+0000] {log.py:232} WARNING - 2025-05-16 06:07:18,732 - INFO: Adding new chapter 1.1 (en) for manga 236ab0cf-a5ef-4039-8e0a-f4cfe4660424
[2025-05-16T06:07:18.732+0000] {update_sequential.py:244} INFO - Adding new chapter 1.1 (en) for manga 236ab0cf-a5ef-4039-8e0a-f4cfe4660424
[2025-05-16T06:07:19.010+0000] {log.py:232} WARNING - 2025-05-16 06:07:19,008 - INFO: Processing manga e82fb7dd-edff-4593-9fff-760f018f6703, chapter None (es-la)
[2025-05-16T06:07:19.008+0000] {update_sequential.py:209} INFO - Processing manga e82fb7dd-edff-4593-9fff-760f018f6703, chapter None (es-la)
[2025-05-16T06:07:19.013+0000] {log.py:232} WARNING - 2025-05-16 06:07:19,012 - INFO: Adding new chapter None (es-la) for manga e82fb7dd-edff-4593-9fff-760f018f6703
[2025-05-16T06:07:19.012+0000] {update_sequential.py:244} INFO - Adding new chapter None (es-la) for manga e82fb7dd-edff-4593-9fff-760f018f6703
[2025-05-16T06:07:19.292+0000] {log.py:232} WARNING - 2025-05-16 06:07:19,291 - INFO: Processing manga 192ec1c9-eb9a-4771-bb79-2b9bb4adbe0e, chapter 1 (en)
[2025-05-16T06:07:19.291+0000] {update_sequential.py:209} INFO - Processing manga 192ec1c9-eb9a-4771-bb79-2b9bb4adbe0e, chapter 1 (en)
[2025-05-16T06:07:19.297+0000] {log.py:232} WARNING - 2025-05-16 06:07:19,296 - INFO: Adding new chapter 1 (en) for manga 192ec1c9-eb9a-4771-bb79-2b9bb4adbe0e
[2025-05-16T06:07:19.296+0000] {update_sequential.py:244} INFO - Adding new chapter 1 (en) for manga 192ec1c9-eb9a-4771-bb79-2b9bb4adbe0e
[2025-05-16T06:07:19.572+0000] {log.py:232} WARNING - 2025-05-16 06:07:19,571 - INFO: Processing manga 192ec1c9-eb9a-4771-bb79-2b9bb4adbe0e, chapter 2 (en)
[2025-05-16T06:07:19.571+0000] {update_sequential.py:209} INFO - Processing manga 192ec1c9-eb9a-4771-bb79-2b9bb4adbe0e, chapter 2 (en)
[2025-05-16T06:07:19.576+0000] {log.py:232} WARNING - 2025-05-16 06:07:19,575 - INFO: Adding new chapter 2 (en) for manga 192ec1c9-eb9a-4771-bb79-2b9bb4adbe0e
[2025-05-16T06:07:19.575+0000] {update_sequential.py:244} INFO - Adding new chapter 2 (en) for manga 192ec1c9-eb9a-4771-bb79-2b9bb4adbe0e
[2025-05-16T06:07:19.849+0000] {log.py:232} WARNING - 2025-05-16 06:07:19,848 - INFO: Processing manga 192ec1c9-eb9a-4771-bb79-2b9bb4adbe0e, chapter 3 (en)
[2025-05-16T06:07:19.848+0000] {update_sequential.py:209} INFO - Processing manga 192ec1c9-eb9a-4771-bb79-2b9bb4adbe0e, chapter 3 (en)
[2025-05-16T06:07:19.851+0000] {log.py:232} WARNING - 2025-05-16 06:07:19,850 - INFO: Adding new chapter 3 (en) for manga 192ec1c9-eb9a-4771-bb79-2b9bb4adbe0e
[2025-05-16T06:07:19.850+0000] {update_sequential.py:244} INFO - Adding new chapter 3 (en) for manga 192ec1c9-eb9a-4771-bb79-2b9bb4adbe0e
[2025-05-16T06:07:20.125+0000] {log.py:232} WARNING - 2025-05-16 06:07:20,124 - INFO: Processing manga 3de96e80-6feb-450c-a169-053d40c01063, chapter 1 (en)
[2025-05-16T06:07:20.124+0000] {update_sequential.py:209} INFO - Processing manga 3de96e80-6feb-450c-a169-053d40c01063, chapter 1 (en)
[2025-05-16T06:07:20.129+0000] {log.py:232} WARNING - 2025-05-16 06:07:20,128 - INFO: Adding new chapter 1 (en) for manga 3de96e80-6feb-450c-a169-053d40c01063
[2025-05-16T06:07:20.128+0000] {update_sequential.py:244} INFO - Adding new chapter 1 (en) for manga 3de96e80-6feb-450c-a169-053d40c01063
[2025-05-16T06:07:20.406+0000] {log.py:232} WARNING - 2025-05-16 06:07:20,404 - INFO: Processing manga 3de96e80-6feb-450c-a169-053d40c01063, chapter 2 (en)
[2025-05-16T06:07:20.404+0000] {update_sequential.py:209} INFO - Processing manga 3de96e80-6feb-450c-a169-053d40c01063, chapter 2 (en)
[2025-05-16T06:07:20.410+0000] {log.py:232} WARNING - 2025-05-16 06:07:20,409 - INFO: Adding new chapter 2 (en) for manga 3de96e80-6feb-450c-a169-053d40c01063
[2025-05-16T06:07:20.409+0000] {update_sequential.py:244} INFO - Adding new chapter 2 (en) for manga 3de96e80-6feb-450c-a169-053d40c01063
[2025-05-16T06:07:20.684+0000] {log.py:232} WARNING - 2025-05-16 06:07:20,683 - INFO: Processing manga 3de96e80-6feb-450c-a169-053d40c01063, chapter 3 (en)
[2025-05-16T06:07:20.683+0000] {update_sequential.py:209} INFO - Processing manga 3de96e80-6feb-450c-a169-053d40c01063, chapter 3 (en)
[2025-05-16T06:07:20.688+0000] {log.py:232} WARNING - 2025-05-16 06:07:20,687 - INFO: Adding new chapter 3 (en) for manga 3de96e80-6feb-450c-a169-053d40c01063
[2025-05-16T06:07:20.687+0000] {update_sequential.py:244} INFO - Adding new chapter 3 (en) for manga 3de96e80-6feb-450c-a169-053d40c01063
[2025-05-16T06:07:20.965+0000] {log.py:232} WARNING - 2025-05-16 06:07:20,964 - INFO: Processing manga 3de96e80-6feb-450c-a169-053d40c01063, chapter 4 (en)
[2025-05-16T06:07:20.964+0000] {update_sequential.py:209} INFO - Processing manga 3de96e80-6feb-450c-a169-053d40c01063, chapter 4 (en)
[2025-05-16T06:07:20.970+0000] {log.py:232} WARNING - 2025-05-16 06:07:20,969 - INFO: Adding new chapter 4 (en) for manga 3de96e80-6feb-450c-a169-053d40c01063
[2025-05-16T06:07:20.969+0000] {update_sequential.py:244} INFO - Adding new chapter 4 (en) for manga 3de96e80-6feb-450c-a169-053d40c01063
[2025-05-16T06:07:21.245+0000] {log.py:232} WARNING - 2025-05-16 06:07:21,244 - INFO: Processing manga 8dbb4f57-4e35-4fa6-88c7-2d8f8334d8db, chapter 1 (en)
[2025-05-16T06:07:21.244+0000] {update_sequential.py:209} INFO - Processing manga 8dbb4f57-4e35-4fa6-88c7-2d8f8334d8db, chapter 1 (en)
[2025-05-16T06:07:21.249+0000] {log.py:232} WARNING - 2025-05-16 06:07:21,248 - INFO: Adding new chapter 1 (en) for manga 8dbb4f57-4e35-4fa6-88c7-2d8f8334d8db
[2025-05-16T06:07:21.248+0000] {update_sequential.py:244} INFO - Adding new chapter 1 (en) for manga 8dbb4f57-4e35-4fa6-88c7-2d8f8334d8db
[2025-05-16T06:07:21.525+0000] {log.py:232} WARNING - 2025-05-16 06:07:21,524 - INFO: Processing manga 8dbb4f57-4e35-4fa6-88c7-2d8f8334d8db, chapter 2 (en)
[2025-05-16T06:07:21.524+0000] {update_sequential.py:209} INFO - Processing manga 8dbb4f57-4e35-4fa6-88c7-2d8f8334d8db, chapter 2 (en)
[2025-05-16T06:07:21.530+0000] {log.py:232} WARNING - 2025-05-16 06:07:21,529 - INFO: Adding new chapter 2 (en) for manga 8dbb4f57-4e35-4fa6-88c7-2d8f8334d8db
[2025-05-16T06:07:21.529+0000] {update_sequential.py:244} INFO - Adding new chapter 2 (en) for manga 8dbb4f57-4e35-4fa6-88c7-2d8f8334d8db
[2025-05-16T06:07:21.812+0000] {log.py:232} WARNING - 2025-05-16 06:07:21,811 - INFO: Processing manga 8dbb4f57-4e35-4fa6-88c7-2d8f8334d8db, chapter 3 (en)
[2025-05-16T06:07:21.811+0000] {update_sequential.py:209} INFO - Processing manga 8dbb4f57-4e35-4fa6-88c7-2d8f8334d8db, chapter 3 (en)
[2025-05-16T06:07:21.816+0000] {log.py:232} WARNING - 2025-05-16 06:07:21,815 - INFO: Adding new chapter 3 (en) for manga 8dbb4f57-4e35-4fa6-88c7-2d8f8334d8db
[2025-05-16T06:07:21.815+0000] {update_sequential.py:244} INFO - Adding new chapter 3 (en) for manga 8dbb4f57-4e35-4fa6-88c7-2d8f8334d8db
[2025-05-16T06:07:22.091+0000] {log.py:232} WARNING - 2025-05-16 06:07:22,090 - INFO: Processing manga 8dbb4f57-4e35-4fa6-88c7-2d8f8334d8db, chapter 4 (en)
[2025-05-16T06:07:22.090+0000] {update_sequential.py:209} INFO - Processing manga 8dbb4f57-4e35-4fa6-88c7-2d8f8334d8db, chapter 4 (en)
[2025-05-16T06:07:22.095+0000] {log.py:232} WARNING - 2025-05-16 06:07:22,094 - INFO: Adding new chapter 4 (en) for manga 8dbb4f57-4e35-4fa6-88c7-2d8f8334d8db
[2025-05-16T06:07:22.094+0000] {update_sequential.py:244} INFO - Adding new chapter 4 (en) for manga 8dbb4f57-4e35-4fa6-88c7-2d8f8334d8db
[2025-05-16T06:07:22.370+0000] {log.py:232} WARNING - 2025-05-16 06:07:22,369 - INFO: Processing manga 8dbb4f57-4e35-4fa6-88c7-2d8f8334d8db, chapter 5 (en)
[2025-05-16T06:07:22.369+0000] {update_sequential.py:209} INFO - Processing manga 8dbb4f57-4e35-4fa6-88c7-2d8f8334d8db, chapter 5 (en)
[2025-05-16T06:07:22.373+0000] {log.py:232} WARNING - 2025-05-16 06:07:22,372 - INFO: Adding new chapter 5 (en) for manga 8dbb4f57-4e35-4fa6-88c7-2d8f8334d8db
[2025-05-16T06:07:22.372+0000] {update_sequential.py:244} INFO - Adding new chapter 5 (en) for manga 8dbb4f57-4e35-4fa6-88c7-2d8f8334d8db
[2025-05-16T06:07:22.645+0000] {log.py:232} WARNING - 2025-05-16 06:07:22,645 - INFO: Processing manga 8dbb4f57-4e35-4fa6-88c7-2d8f8334d8db, chapter 6 (en)
[2025-05-16T06:07:22.645+0000] {update_sequential.py:209} INFO - Processing manga 8dbb4f57-4e35-4fa6-88c7-2d8f8334d8db, chapter 6 (en)
[2025-05-16T06:07:22.647+0000] {log.py:232} WARNING - 2025-05-16 06:07:22,647 - INFO: Adding new chapter 6 (en) for manga 8dbb4f57-4e35-4fa6-88c7-2d8f8334d8db
[2025-05-16T06:07:22.647+0000] {update_sequential.py:244} INFO - Adding new chapter 6 (en) for manga 8dbb4f57-4e35-4fa6-88c7-2d8f8334d8db
[2025-05-16T06:07:22.921+0000] {log.py:232} WARNING - 2025-05-16 06:07:22,920 - INFO: Processing manga 8dbb4f57-4e35-4fa6-88c7-2d8f8334d8db, chapter 7 (en)
[2025-05-16T06:07:22.920+0000] {update_sequential.py:209} INFO - Processing manga 8dbb4f57-4e35-4fa6-88c7-2d8f8334d8db, chapter 7 (en)
[2025-05-16T06:07:22.926+0000] {log.py:232} WARNING - 2025-05-16 06:07:22,925 - INFO: Adding new chapter 7 (en) for manga 8dbb4f57-4e35-4fa6-88c7-2d8f8334d8db
[2025-05-16T06:07:22.925+0000] {update_sequential.py:244} INFO - Adding new chapter 7 (en) for manga 8dbb4f57-4e35-4fa6-88c7-2d8f8334d8db
[2025-05-16T06:07:23.204+0000] {log.py:232} WARNING - 2025-05-16 06:07:23,203 - INFO: Processing manga 8dbb4f57-4e35-4fa6-88c7-2d8f8334d8db, chapter 8 (en)
[2025-05-16T06:07:23.203+0000] {update_sequential.py:209} INFO - Processing manga 8dbb4f57-4e35-4fa6-88c7-2d8f8334d8db, chapter 8 (en)
[2025-05-16T06:07:23.205+0000] {log.py:232} WARNING - 2025-05-16 06:07:23,205 - INFO: Adding new chapter 8 (en) for manga 8dbb4f57-4e35-4fa6-88c7-2d8f8334d8db
[2025-05-16T06:07:23.205+0000] {update_sequential.py:244} INFO - Adding new chapter 8 (en) for manga 8dbb4f57-4e35-4fa6-88c7-2d8f8334d8db
[2025-05-16T06:07:23.477+0000] {log.py:232} WARNING - 2025-05-16 06:07:23,476 - INFO: Processing manga 8dbb4f57-4e35-4fa6-88c7-2d8f8334d8db, chapter 9 (en)
[2025-05-16T06:07:23.476+0000] {update_sequential.py:209} INFO - Processing manga 8dbb4f57-4e35-4fa6-88c7-2d8f8334d8db, chapter 9 (en)
[2025-05-16T06:07:23.478+0000] {log.py:232} WARNING - 2025-05-16 06:07:23,478 - INFO: Adding new chapter 9 (en) for manga 8dbb4f57-4e35-4fa6-88c7-2d8f8334d8db
[2025-05-16T06:07:23.478+0000] {update_sequential.py:244} INFO - Adding new chapter 9 (en) for manga 8dbb4f57-4e35-4fa6-88c7-2d8f8334d8db
[2025-05-16T06:07:23.748+0000] {log.py:232} WARNING - 2025-05-16 06:07:23,748 - INFO: Processing manga 8dbb4f57-4e35-4fa6-88c7-2d8f8334d8db, chapter 10 (en)
[2025-05-16T06:07:23.748+0000] {update_sequential.py:209} INFO - Processing manga 8dbb4f57-4e35-4fa6-88c7-2d8f8334d8db, chapter 10 (en)
[2025-05-16T06:07:23.750+0000] {log.py:232} WARNING - 2025-05-16 06:07:23,749 - INFO: Adding new chapter 10 (en) for manga 8dbb4f57-4e35-4fa6-88c7-2d8f8334d8db
[2025-05-16T06:07:23.749+0000] {update_sequential.py:244} INFO - Adding new chapter 10 (en) for manga 8dbb4f57-4e35-4fa6-88c7-2d8f8334d8db
[2025-05-16T06:07:24.022+0000] {log.py:232} WARNING - 2025-05-16 06:07:24,022 - INFO: Processing manga 8dbb4f57-4e35-4fa6-88c7-2d8f8334d8db, chapter 11 (en)
[2025-05-16T06:07:24.022+0000] {update_sequential.py:209} INFO - Processing manga 8dbb4f57-4e35-4fa6-88c7-2d8f8334d8db, chapter 11 (en)
[2025-05-16T06:07:24.024+0000] {log.py:232} WARNING - 2025-05-16 06:07:24,023 - INFO: Adding new chapter 11 (en) for manga 8dbb4f57-4e35-4fa6-88c7-2d8f8334d8db
[2025-05-16T06:07:24.023+0000] {update_sequential.py:244} INFO - Adding new chapter 11 (en) for manga 8dbb4f57-4e35-4fa6-88c7-2d8f8334d8db
[2025-05-16T06:07:24.294+0000] {log.py:232} WARNING - 2025-05-16 06:07:24,294 - INFO: Processing manga 8dbb4f57-4e35-4fa6-88c7-2d8f8334d8db, chapter 12 (en)
[2025-05-16T06:07:24.294+0000] {update_sequential.py:209} INFO - Processing manga 8dbb4f57-4e35-4fa6-88c7-2d8f8334d8db, chapter 12 (en)
[2025-05-16T06:07:24.296+0000] {log.py:232} WARNING - 2025-05-16 06:07:24,296 - INFO: Adding new chapter 12 (en) for manga 8dbb4f57-4e35-4fa6-88c7-2d8f8334d8db
[2025-05-16T06:07:24.296+0000] {update_sequential.py:244} INFO - Adding new chapter 12 (en) for manga 8dbb4f57-4e35-4fa6-88c7-2d8f8334d8db
[2025-05-16T06:07:24.567+0000] {log.py:232} WARNING - 2025-05-16 06:07:24,566 - INFO: Processing manga 8dbb4f57-4e35-4fa6-88c7-2d8f8334d8db, chapter 13 (en)
[2025-05-16T06:07:24.566+0000] {update_sequential.py:209} INFO - Processing manga 8dbb4f57-4e35-4fa6-88c7-2d8f8334d8db, chapter 13 (en)
[2025-05-16T06:07:24.569+0000] {log.py:232} WARNING - 2025-05-16 06:07:24,569 - INFO: Adding new chapter 13 (en) for manga 8dbb4f57-4e35-4fa6-88c7-2d8f8334d8db
[2025-05-16T06:07:24.569+0000] {update_sequential.py:244} INFO - Adding new chapter 13 (en) for manga 8dbb4f57-4e35-4fa6-88c7-2d8f8334d8db
[2025-05-16T06:07:24.843+0000] {log.py:232} WARNING - 2025-05-16 06:07:24,842 - INFO: Processing manga 8dbb4f57-4e35-4fa6-88c7-2d8f8334d8db, chapter 14 (en)
[2025-05-16T06:07:24.842+0000] {update_sequential.py:209} INFO - Processing manga 8dbb4f57-4e35-4fa6-88c7-2d8f8334d8db, chapter 14 (en)
[2025-05-16T06:07:24.844+0000] {log.py:232} WARNING - 2025-05-16 06:07:24,844 - INFO: Adding new chapter 14 (en) for manga 8dbb4f57-4e35-4fa6-88c7-2d8f8334d8db
[2025-05-16T06:07:24.844+0000] {update_sequential.py:244} INFO - Adding new chapter 14 (en) for manga 8dbb4f57-4e35-4fa6-88c7-2d8f8334d8db
[2025-05-16T06:07:25.116+0000] {log.py:232} WARNING - 2025-05-16 06:07:25,116 - INFO: Processing manga 8dbb4f57-4e35-4fa6-88c7-2d8f8334d8db, chapter 15 (en)
[2025-05-16T06:07:25.116+0000] {update_sequential.py:209} INFO - Processing manga 8dbb4f57-4e35-4fa6-88c7-2d8f8334d8db, chapter 15 (en)
[2025-05-16T06:07:25.118+0000] {log.py:232} WARNING - 2025-05-16 06:07:25,118 - INFO: Adding new chapter 15 (en) for manga 8dbb4f57-4e35-4fa6-88c7-2d8f8334d8db
[2025-05-16T06:07:25.118+0000] {update_sequential.py:244} INFO - Adding new chapter 15 (en) for manga 8dbb4f57-4e35-4fa6-88c7-2d8f8334d8db
[2025-05-16T06:07:25.389+0000] {log.py:232} WARNING - 2025-05-16 06:07:25,389 - INFO: Processing manga e195fc69-5e5c-4410-84fe-268daef38fbc, chapter None (en)
[2025-05-16T06:07:25.389+0000] {update_sequential.py:209} INFO - Processing manga e195fc69-5e5c-4410-84fe-268daef38fbc, chapter None (en)
[2025-05-16T06:07:25.391+0000] {log.py:232} WARNING - 2025-05-16 06:07:25,391 - INFO: Adding new chapter None (en) for manga e195fc69-5e5c-4410-84fe-268daef38fbc
[2025-05-16T06:07:25.391+0000] {update_sequential.py:244} INFO - Adding new chapter None (en) for manga e195fc69-5e5c-4410-84fe-268daef38fbc
[2025-05-16T06:07:25.662+0000] {log.py:232} WARNING - 2025-05-16 06:07:25,662 - INFO: Processing manga e7fa5fe6-7988-4f69-a6b8-7f5c34ade5d4, chapter 1 (en)
[2025-05-16T06:07:25.662+0000] {update_sequential.py:209} INFO - Processing manga e7fa5fe6-7988-4f69-a6b8-7f5c34ade5d4, chapter 1 (en)
[2025-05-16T06:07:25.666+0000] {log.py:232} WARNING - 2025-05-16 06:07:25,666 - INFO: Adding new chapter 1 (en) for manga e7fa5fe6-7988-4f69-a6b8-7f5c34ade5d4
[2025-05-16T06:07:25.666+0000] {update_sequential.py:244} INFO - Adding new chapter 1 (en) for manga e7fa5fe6-7988-4f69-a6b8-7f5c34ade5d4
[2025-05-16T06:07:25.972+0000] {log.py:232} WARNING - 2025-05-16 06:07:25,947 - INFO: Processing manga e7fa5fe6-7988-4f69-a6b8-7f5c34ade5d4, chapter 2 (en)
[2025-05-16T06:07:25.947+0000] {update_sequential.py:209} INFO - Processing manga e7fa5fe6-7988-4f69-a6b8-7f5c34ade5d4, chapter 2 (en)
[2025-05-16T06:07:26.033+0000] {log.py:232} WARNING - 2025-05-16 06:07:26,026 - INFO: Adding new chapter 2 (en) for manga e7fa5fe6-7988-4f69-a6b8-7f5c34ade5d4
[2025-05-16T06:07:26.026+0000] {update_sequential.py:244} INFO - Adding new chapter 2 (en) for manga e7fa5fe6-7988-4f69-a6b8-7f5c34ade5d4
[2025-05-16T06:07:26.309+0000] {log.py:232} WARNING - 2025-05-16 06:07:26,308 - INFO: Processing manga e7fa5fe6-7988-4f69-a6b8-7f5c34ade5d4, chapter 3 (en)
[2025-05-16T06:07:26.308+0000] {update_sequential.py:209} INFO - Processing manga e7fa5fe6-7988-4f69-a6b8-7f5c34ade5d4, chapter 3 (en)
[2025-05-16T06:07:26.311+0000] {log.py:232} WARNING - 2025-05-16 06:07:26,311 - INFO: Adding new chapter 3 (en) for manga e7fa5fe6-7988-4f69-a6b8-7f5c34ade5d4
[2025-05-16T06:07:26.311+0000] {update_sequential.py:244} INFO - Adding new chapter 3 (en) for manga e7fa5fe6-7988-4f69-a6b8-7f5c34ade5d4
[2025-05-16T06:07:26.586+0000] {log.py:232} WARNING - 2025-05-16 06:07:26,584 - INFO: Processing manga e7fa5fe6-7988-4f69-a6b8-7f5c34ade5d4, chapter 4 (en)
[2025-05-16T06:07:26.584+0000] {update_sequential.py:209} INFO - Processing manga e7fa5fe6-7988-4f69-a6b8-7f5c34ade5d4, chapter 4 (en)
[2025-05-16T06:07:26.588+0000] {log.py:232} WARNING - 2025-05-16 06:07:26,588 - INFO: Adding new chapter 4 (en) for manga e7fa5fe6-7988-4f69-a6b8-7f5c34ade5d4
[2025-05-16T06:07:26.588+0000] {update_sequential.py:244} INFO - Adding new chapter 4 (en) for manga e7fa5fe6-7988-4f69-a6b8-7f5c34ade5d4
[2025-05-16T06:07:26.868+0000] {log.py:232} WARNING - 2025-05-16 06:07:26,867 - INFO: Processing manga e7fa5fe6-7988-4f69-a6b8-7f5c34ade5d4, chapter 5 (en)
[2025-05-16T06:07:26.867+0000] {update_sequential.py:209} INFO - Processing manga e7fa5fe6-7988-4f69-a6b8-7f5c34ade5d4, chapter 5 (en)
[2025-05-16T06:07:26.869+0000] {log.py:232} WARNING - 2025-05-16 06:07:26,869 - INFO: Adding new chapter 5 (en) for manga e7fa5fe6-7988-4f69-a6b8-7f5c34ade5d4
[2025-05-16T06:07:26.869+0000] {update_sequential.py:244} INFO - Adding new chapter 5 (en) for manga e7fa5fe6-7988-4f69-a6b8-7f5c34ade5d4
[2025-05-16T06:07:27.143+0000] {log.py:232} WARNING - 2025-05-16 06:07:27,142 - INFO: Processing manga e7fa5fe6-7988-4f69-a6b8-7f5c34ade5d4, chapter 6 (en)
[2025-05-16T06:07:27.142+0000] {update_sequential.py:209} INFO - Processing manga e7fa5fe6-7988-4f69-a6b8-7f5c34ade5d4, chapter 6 (en)
[2025-05-16T06:07:27.147+0000] {log.py:232} WARNING - 2025-05-16 06:07:27,146 - INFO: Adding new chapter 6 (en) for manga e7fa5fe6-7988-4f69-a6b8-7f5c34ade5d4
[2025-05-16T06:07:27.146+0000] {update_sequential.py:244} INFO - Adding new chapter 6 (en) for manga e7fa5fe6-7988-4f69-a6b8-7f5c34ade5d4
[2025-05-16T06:07:27.422+0000] {log.py:232} WARNING - 2025-05-16 06:07:27,421 - INFO: Processing manga e7fa5fe6-7988-4f69-a6b8-7f5c34ade5d4, chapter 7 (en)
[2025-05-16T06:07:27.421+0000] {update_sequential.py:209} INFO - Processing manga e7fa5fe6-7988-4f69-a6b8-7f5c34ade5d4, chapter 7 (en)
[2025-05-16T06:07:27.423+0000] {log.py:232} WARNING - 2025-05-16 06:07:27,423 - INFO: Adding new chapter 7 (en) for manga e7fa5fe6-7988-4f69-a6b8-7f5c34ade5d4
[2025-05-16T06:07:27.423+0000] {update_sequential.py:244} INFO - Adding new chapter 7 (en) for manga e7fa5fe6-7988-4f69-a6b8-7f5c34ade5d4
[2025-05-16T06:07:27.694+0000] {log.py:232} WARNING - 2025-05-16 06:07:27,694 - INFO: Processing manga e7fa5fe6-7988-4f69-a6b8-7f5c34ade5d4, chapter 8 (en)
[2025-05-16T06:07:27.694+0000] {update_sequential.py:209} INFO - Processing manga e7fa5fe6-7988-4f69-a6b8-7f5c34ade5d4, chapter 8 (en)
[2025-05-16T06:07:27.696+0000] {log.py:232} WARNING - 2025-05-16 06:07:27,696 - INFO: Adding new chapter 8 (en) for manga e7fa5fe6-7988-4f69-a6b8-7f5c34ade5d4
[2025-05-16T06:07:27.696+0000] {update_sequential.py:244} INFO - Adding new chapter 8 (en) for manga e7fa5fe6-7988-4f69-a6b8-7f5c34ade5d4
[2025-05-16T06:07:27.968+0000] {log.py:232} WARNING - 2025-05-16 06:07:27,967 - INFO: Processing manga e7fa5fe6-7988-4f69-a6b8-7f5c34ade5d4, chapter 9 (en)
[2025-05-16T06:07:27.967+0000] {update_sequential.py:209} INFO - Processing manga e7fa5fe6-7988-4f69-a6b8-7f5c34ade5d4, chapter 9 (en)
[2025-05-16T06:07:27.969+0000] {log.py:232} WARNING - 2025-05-16 06:07:27,969 - INFO: Adding new chapter 9 (en) for manga e7fa5fe6-7988-4f69-a6b8-7f5c34ade5d4
[2025-05-16T06:07:27.969+0000] {update_sequential.py:244} INFO - Adding new chapter 9 (en) for manga e7fa5fe6-7988-4f69-a6b8-7f5c34ade5d4
[2025-05-16T06:07:28.243+0000] {log.py:232} WARNING - 2025-05-16 06:07:28,242 - INFO: Processing manga e7fa5fe6-7988-4f69-a6b8-7f5c34ade5d4, chapter 10 (en)
[2025-05-16T06:07:28.242+0000] {update_sequential.py:209} INFO - Processing manga e7fa5fe6-7988-4f69-a6b8-7f5c34ade5d4, chapter 10 (en)
[2025-05-16T06:07:28.244+0000] {log.py:232} WARNING - 2025-05-16 06:07:28,244 - INFO: Adding new chapter 10 (en) for manga e7fa5fe6-7988-4f69-a6b8-7f5c34ade5d4
[2025-05-16T06:07:28.244+0000] {update_sequential.py:244} INFO - Adding new chapter 10 (en) for manga e7fa5fe6-7988-4f69-a6b8-7f5c34ade5d4
[2025-05-16T06:07:28.515+0000] {log.py:232} WARNING - 2025-05-16 06:07:28,515 - INFO: Processing manga e7fa5fe6-7988-4f69-a6b8-7f5c34ade5d4, chapter 11 (en)
[2025-05-16T06:07:28.515+0000] {update_sequential.py:209} INFO - Processing manga e7fa5fe6-7988-4f69-a6b8-7f5c34ade5d4, chapter 11 (en)
[2025-05-16T06:07:28.516+0000] {log.py:232} WARNING - 2025-05-16 06:07:28,516 - INFO: Adding new chapter 11 (en) for manga e7fa5fe6-7988-4f69-a6b8-7f5c34ade5d4
[2025-05-16T06:07:28.516+0000] {update_sequential.py:244} INFO - Adding new chapter 11 (en) for manga e7fa5fe6-7988-4f69-a6b8-7f5c34ade5d4
[2025-05-16T06:07:28.787+0000] {log.py:232} WARNING - 2025-05-16 06:07:28,786 - INFO: Processing manga 051f9e5b-72d9-4d32-ac41-2441c2c03a67, chapter 0 (en)
[2025-05-16T06:07:28.786+0000] {update_sequential.py:209} INFO - Processing manga 051f9e5b-72d9-4d32-ac41-2441c2c03a67, chapter 0 (en)
[2025-05-16T06:07:28.788+0000] {log.py:232} WARNING - 2025-05-16 06:07:28,788 - INFO: Adding new chapter 0 (en) for manga 051f9e5b-72d9-4d32-ac41-2441c2c03a67
[2025-05-16T06:07:28.788+0000] {update_sequential.py:244} INFO - Adding new chapter 0 (en) for manga 051f9e5b-72d9-4d32-ac41-2441c2c03a67
[2025-05-16T06:07:29.063+0000] {log.py:232} WARNING - 2025-05-16 06:07:29,061 - INFO: Processing manga 2e85b6e4-f73c-4483-8860-f55f2bd67119, chapter 0 (en)
[2025-05-16T06:07:29.061+0000] {update_sequential.py:209} INFO - Processing manga 2e85b6e4-f73c-4483-8860-f55f2bd67119, chapter 0 (en)
[2025-05-16T06:07:29.067+0000] {log.py:232} WARNING - 2025-05-16 06:07:29,066 - INFO: Adding new chapter 0 (en) for manga 2e85b6e4-f73c-4483-8860-f55f2bd67119
[2025-05-16T06:07:29.066+0000] {update_sequential.py:244} INFO - Adding new chapter 0 (en) for manga 2e85b6e4-f73c-4483-8860-f55f2bd67119
[2025-05-16T06:07:29.344+0000] {log.py:232} WARNING - 2025-05-16 06:07:29,342 - INFO: Processing manga e46ede76-7aa6-4887-9eb2-b5fa537b91b6, chapter 1 (en)
[2025-05-16T06:07:29.342+0000] {update_sequential.py:209} INFO - Processing manga e46ede76-7aa6-4887-9eb2-b5fa537b91b6, chapter 1 (en)
[2025-05-16T06:07:29.348+0000] {log.py:232} WARNING - 2025-05-16 06:07:29,347 - INFO: Adding new chapter 1 (en) for manga e46ede76-7aa6-4887-9eb2-b5fa537b91b6
[2025-05-16T06:07:29.347+0000] {update_sequential.py:244} INFO - Adding new chapter 1 (en) for manga e46ede76-7aa6-4887-9eb2-b5fa537b91b6
[2025-05-16T06:07:29.627+0000] {log.py:232} WARNING - 2025-05-16 06:07:29,626 - INFO: Processing manga e46ede76-7aa6-4887-9eb2-b5fa537b91b6, chapter 2 (en)
[2025-05-16T06:07:29.626+0000] {update_sequential.py:209} INFO - Processing manga e46ede76-7aa6-4887-9eb2-b5fa537b91b6, chapter 2 (en)
[2025-05-16T06:07:29.629+0000] {log.py:232} WARNING - 2025-05-16 06:07:29,628 - INFO: Adding new chapter 2 (en) for manga e46ede76-7aa6-4887-9eb2-b5fa537b91b6
[2025-05-16T06:07:29.628+0000] {update_sequential.py:244} INFO - Adding new chapter 2 (en) for manga e46ede76-7aa6-4887-9eb2-b5fa537b91b6
[2025-05-16T06:07:29.901+0000] {log.py:232} WARNING - 2025-05-16 06:07:29,901 - INFO: Processing manga e46ede76-7aa6-4887-9eb2-b5fa537b91b6, chapter 3 (en)
[2025-05-16T06:07:29.901+0000] {update_sequential.py:209} INFO - Processing manga e46ede76-7aa6-4887-9eb2-b5fa537b91b6, chapter 3 (en)
[2025-05-16T06:07:29.902+0000] {log.py:232} WARNING - 2025-05-16 06:07:29,902 - INFO: Adding new chapter 3 (en) for manga e46ede76-7aa6-4887-9eb2-b5fa537b91b6
[2025-05-16T06:07:29.902+0000] {update_sequential.py:244} INFO - Adding new chapter 3 (en) for manga e46ede76-7aa6-4887-9eb2-b5fa537b91b6
[2025-05-16T06:07:30.173+0000] {log.py:232} WARNING - 2025-05-16 06:07:30,173 - INFO: Processing manga e46ede76-7aa6-4887-9eb2-b5fa537b91b6, chapter 4 (en)
[2025-05-16T06:07:30.173+0000] {update_sequential.py:209} INFO - Processing manga e46ede76-7aa6-4887-9eb2-b5fa537b91b6, chapter 4 (en)
[2025-05-16T06:07:30.176+0000] {log.py:232} WARNING - 2025-05-16 06:07:30,175 - INFO: Adding new chapter 4 (en) for manga e46ede76-7aa6-4887-9eb2-b5fa537b91b6
[2025-05-16T06:07:30.175+0000] {update_sequential.py:244} INFO - Adding new chapter 4 (en) for manga e46ede76-7aa6-4887-9eb2-b5fa537b91b6
[2025-05-16T06:07:30.449+0000] {log.py:232} WARNING - 2025-05-16 06:07:30,448 - INFO: Processing manga e46ede76-7aa6-4887-9eb2-b5fa537b91b6, chapter 5 (en)
[2025-05-16T06:07:30.448+0000] {update_sequential.py:209} INFO - Processing manga e46ede76-7aa6-4887-9eb2-b5fa537b91b6, chapter 5 (en)
[2025-05-16T06:07:30.453+0000] {log.py:232} WARNING - 2025-05-16 06:07:30,452 - INFO: Adding new chapter 5 (en) for manga e46ede76-7aa6-4887-9eb2-b5fa537b91b6
[2025-05-16T06:07:30.452+0000] {update_sequential.py:244} INFO - Adding new chapter 5 (en) for manga e46ede76-7aa6-4887-9eb2-b5fa537b91b6
[2025-05-16T06:07:30.731+0000] {log.py:232} WARNING - 2025-05-16 06:07:30,731 - INFO: Processing manga e46ede76-7aa6-4887-9eb2-b5fa537b91b6, chapter 6 (en)
[2025-05-16T06:07:30.731+0000] {update_sequential.py:209} INFO - Processing manga e46ede76-7aa6-4887-9eb2-b5fa537b91b6, chapter 6 (en)
[2025-05-16T06:07:30.734+0000] {log.py:232} WARNING - 2025-05-16 06:07:30,733 - INFO: Adding new chapter 6 (en) for manga e46ede76-7aa6-4887-9eb2-b5fa537b91b6
[2025-05-16T06:07:30.733+0000] {update_sequential.py:244} INFO - Adding new chapter 6 (en) for manga e46ede76-7aa6-4887-9eb2-b5fa537b91b6
[2025-05-16T06:07:31.011+0000] {log.py:232} WARNING - 2025-05-16 06:07:31,010 - INFO: Processing manga e46ede76-7aa6-4887-9eb2-b5fa537b91b6, chapter 7 (en)
[2025-05-16T06:07:31.010+0000] {update_sequential.py:209} INFO - Processing manga e46ede76-7aa6-4887-9eb2-b5fa537b91b6, chapter 7 (en)
[2025-05-16T06:07:31.015+0000] {log.py:232} WARNING - 2025-05-16 06:07:31,014 - INFO: Adding new chapter 7 (en) for manga e46ede76-7aa6-4887-9eb2-b5fa537b91b6
[2025-05-16T06:07:31.014+0000] {update_sequential.py:244} INFO - Adding new chapter 7 (en) for manga e46ede76-7aa6-4887-9eb2-b5fa537b91b6
[2025-05-16T06:07:31.319+0000] {log.py:232} WARNING - 2025-05-16 06:07:31,318 - INFO: Processing manga e46ede76-7aa6-4887-9eb2-b5fa537b91b6, chapter 8 (en)
[2025-05-16T06:07:31.318+0000] {update_sequential.py:209} INFO - Processing manga e46ede76-7aa6-4887-9eb2-b5fa537b91b6, chapter 8 (en)
[2025-05-16T06:07:31.324+0000] {log.py:232} WARNING - 2025-05-16 06:07:31,323 - INFO: Adding new chapter 8 (en) for manga e46ede76-7aa6-4887-9eb2-b5fa537b91b6
[2025-05-16T06:07:31.323+0000] {update_sequential.py:244} INFO - Adding new chapter 8 (en) for manga e46ede76-7aa6-4887-9eb2-b5fa537b91b6
[2025-05-16T06:07:31.601+0000] {log.py:232} WARNING - 2025-05-16 06:07:31,600 - INFO: Processing manga 96fb960c-77d2-46e2-90f8-95e41a2712c6, chapter None (en)
[2025-05-16T06:07:31.600+0000] {update_sequential.py:209} INFO - Processing manga 96fb960c-77d2-46e2-90f8-95e41a2712c6, chapter None (en)
[2025-05-16T06:07:31.603+0000] {log.py:232} WARNING - 2025-05-16 06:07:31,602 - INFO: Adding new chapter None (en) for manga 96fb960c-77d2-46e2-90f8-95e41a2712c6
[2025-05-16T06:07:31.602+0000] {update_sequential.py:244} INFO - Adding new chapter None (en) for manga 96fb960c-77d2-46e2-90f8-95e41a2712c6
[2025-05-16T06:07:31.875+0000] {log.py:232} WARNING - 2025-05-16 06:07:31,874 - INFO: Processing manga 62e80dfd-c1b0-4c65-994b-fd41697f140e, chapter None (en)
[2025-05-16T06:07:31.874+0000] {update_sequential.py:209} INFO - Processing manga 62e80dfd-c1b0-4c65-994b-fd41697f140e, chapter None (en)
[2025-05-16T06:07:31.878+0000] {log.py:232} WARNING - 2025-05-16 06:07:31,877 - INFO: Adding new chapter None (en) for manga 62e80dfd-c1b0-4c65-994b-fd41697f140e
[2025-05-16T06:07:31.877+0000] {update_sequential.py:244} INFO - Adding new chapter None (en) for manga 62e80dfd-c1b0-4c65-994b-fd41697f140e
[2025-05-16T06:07:32.154+0000] {log.py:232} WARNING - 2025-05-16 06:07:32,153 - INFO: Processing manga 1f4fdbf8-b46a-4401-aaa7-8a3d75e2a711, chapter None (en)
[2025-05-16T06:07:32.153+0000] {update_sequential.py:209} INFO - Processing manga 1f4fdbf8-b46a-4401-aaa7-8a3d75e2a711, chapter None (en)
[2025-05-16T06:07:32.159+0000] {log.py:232} WARNING - 2025-05-16 06:07:32,158 - INFO: Adding new chapter None (en) for manga 1f4fdbf8-b46a-4401-aaa7-8a3d75e2a711
[2025-05-16T06:07:32.158+0000] {update_sequential.py:244} INFO - Adding new chapter None (en) for manga 1f4fdbf8-b46a-4401-aaa7-8a3d75e2a711
[2025-05-16T06:07:32.436+0000] {log.py:232} WARNING - 2025-05-16 06:07:32,435 - INFO: Processing manga cb871a0b-8442-4f9d-8987-38a6d7f11d17, chapter 1 (en)
[2025-05-16T06:07:32.435+0000] {update_sequential.py:209} INFO - Processing manga cb871a0b-8442-4f9d-8987-38a6d7f11d17, chapter 1 (en)
[2025-05-16T06:07:32.440+0000] {log.py:232} WARNING - 2025-05-16 06:07:32,439 - INFO: Adding new chapter 1 (en) for manga cb871a0b-8442-4f9d-8987-38a6d7f11d17
[2025-05-16T06:07:32.439+0000] {update_sequential.py:244} INFO - Adding new chapter 1 (en) for manga cb871a0b-8442-4f9d-8987-38a6d7f11d17
[2025-05-16T06:07:32.716+0000] {log.py:232} WARNING - 2025-05-16 06:07:32,715 - INFO: Processing manga cb871a0b-8442-4f9d-8987-38a6d7f11d17, chapter 2 (en)
[2025-05-16T06:07:32.715+0000] {update_sequential.py:209} INFO - Processing manga cb871a0b-8442-4f9d-8987-38a6d7f11d17, chapter 2 (en)
[2025-05-16T06:07:32.718+0000] {log.py:232} WARNING - 2025-05-16 06:07:32,717 - INFO: Adding new chapter 2 (en) for manga cb871a0b-8442-4f9d-8987-38a6d7f11d17
[2025-05-16T06:07:32.717+0000] {update_sequential.py:244} INFO - Adding new chapter 2 (en) for manga cb871a0b-8442-4f9d-8987-38a6d7f11d17
[2025-05-16T06:07:32.994+0000] {log.py:232} WARNING - 2025-05-16 06:07:32,993 - INFO: Processing manga cb871a0b-8442-4f9d-8987-38a6d7f11d17, chapter 3 (en)
[2025-05-16T06:07:32.993+0000] {update_sequential.py:209} INFO - Processing manga cb871a0b-8442-4f9d-8987-38a6d7f11d17, chapter 3 (en)
[2025-05-16T06:07:32.998+0000] {log.py:232} WARNING - 2025-05-16 06:07:32,997 - INFO: Adding new chapter 3 (en) for manga cb871a0b-8442-4f9d-8987-38a6d7f11d17
[2025-05-16T06:07:32.997+0000] {update_sequential.py:244} INFO - Adding new chapter 3 (en) for manga cb871a0b-8442-4f9d-8987-38a6d7f11d17
[2025-05-16T06:07:33.273+0000] {log.py:232} WARNING - 2025-05-16 06:07:33,272 - INFO: Processing manga efa87e8e-dc98-4d67-9aaa-5f99742cd68b, chapter 1 (en)
[2025-05-16T06:07:33.272+0000] {update_sequential.py:209} INFO - Processing manga efa87e8e-dc98-4d67-9aaa-5f99742cd68b, chapter 1 (en)
[2025-05-16T06:07:33.275+0000] {log.py:232} WARNING - 2025-05-16 06:07:33,275 - INFO: Adding new chapter 1 (en) for manga efa87e8e-dc98-4d67-9aaa-5f99742cd68b
[2025-05-16T06:07:33.275+0000] {update_sequential.py:244} INFO - Adding new chapter 1 (en) for manga efa87e8e-dc98-4d67-9aaa-5f99742cd68b
[2025-05-16T06:07:33.548+0000] {log.py:232} WARNING - 2025-05-16 06:07:33,548 - INFO: Processing manga efa87e8e-dc98-4d67-9aaa-5f99742cd68b, chapter 2 (en)
[2025-05-16T06:07:33.548+0000] {update_sequential.py:209} INFO - Processing manga efa87e8e-dc98-4d67-9aaa-5f99742cd68b, chapter 2 (en)
[2025-05-16T06:07:33.549+0000] {log.py:232} WARNING - 2025-05-16 06:07:33,549 - INFO: Adding new chapter 2 (en) for manga efa87e8e-dc98-4d67-9aaa-5f99742cd68b
[2025-05-16T06:07:33.549+0000] {update_sequential.py:244} INFO - Adding new chapter 2 (en) for manga efa87e8e-dc98-4d67-9aaa-5f99742cd68b
[2025-05-16T06:07:33.820+0000] {log.py:232} WARNING - 2025-05-16 06:07:33,819 - INFO: Processing manga efa87e8e-dc98-4d67-9aaa-5f99742cd68b, chapter 3 (en)
[2025-05-16T06:07:33.819+0000] {update_sequential.py:209} INFO - Processing manga efa87e8e-dc98-4d67-9aaa-5f99742cd68b, chapter 3 (en)
[2025-05-16T06:07:33.821+0000] {log.py:232} WARNING - 2025-05-16 06:07:33,821 - INFO: Adding new chapter 3 (en) for manga efa87e8e-dc98-4d67-9aaa-5f99742cd68b
[2025-05-16T06:07:33.821+0000] {update_sequential.py:244} INFO - Adding new chapter 3 (en) for manga efa87e8e-dc98-4d67-9aaa-5f99742cd68b
[2025-05-16T06:07:34.094+0000] {log.py:232} WARNING - 2025-05-16 06:07:34,093 - INFO: Processing manga efa87e8e-dc98-4d67-9aaa-5f99742cd68b, chapter 4 (en)
[2025-05-16T06:07:34.093+0000] {update_sequential.py:209} INFO - Processing manga efa87e8e-dc98-4d67-9aaa-5f99742cd68b, chapter 4 (en)
[2025-05-16T06:07:34.098+0000] {log.py:232} WARNING - 2025-05-16 06:07:34,097 - INFO: Adding new chapter 4 (en) for manga efa87e8e-dc98-4d67-9aaa-5f99742cd68b
[2025-05-16T06:07:34.097+0000] {update_sequential.py:244} INFO - Adding new chapter 4 (en) for manga efa87e8e-dc98-4d67-9aaa-5f99742cd68b
[2025-05-16T06:07:34.373+0000] {log.py:232} WARNING - 2025-05-16 06:07:34,372 - INFO: Processing manga efa87e8e-dc98-4d67-9aaa-5f99742cd68b, chapter 5 (en)
[2025-05-16T06:07:34.372+0000] {update_sequential.py:209} INFO - Processing manga efa87e8e-dc98-4d67-9aaa-5f99742cd68b, chapter 5 (en)
[2025-05-16T06:07:34.378+0000] {log.py:232} WARNING - 2025-05-16 06:07:34,377 - INFO: Adding new chapter 5 (en) for manga efa87e8e-dc98-4d67-9aaa-5f99742cd68b
[2025-05-16T06:07:34.377+0000] {update_sequential.py:244} INFO - Adding new chapter 5 (en) for manga efa87e8e-dc98-4d67-9aaa-5f99742cd68b
[2025-05-16T06:07:34.666+0000] {log.py:232} WARNING - 2025-05-16 06:07:34,664 - INFO: Processing manga efa87e8e-dc98-4d67-9aaa-5f99742cd68b, chapter 6 (en)
[2025-05-16T06:07:34.664+0000] {update_sequential.py:209} INFO - Processing manga efa87e8e-dc98-4d67-9aaa-5f99742cd68b, chapter 6 (en)
[2025-05-16T06:07:34.670+0000] {log.py:232} WARNING - 2025-05-16 06:07:34,669 - INFO: Adding new chapter 6 (en) for manga efa87e8e-dc98-4d67-9aaa-5f99742cd68b
[2025-05-16T06:07:34.669+0000] {update_sequential.py:244} INFO - Adding new chapter 6 (en) for manga efa87e8e-dc98-4d67-9aaa-5f99742cd68b
[2025-05-16T06:07:34.946+0000] {log.py:232} WARNING - 2025-05-16 06:07:34,945 - INFO: Processing manga 97da1b58-741f-4294-9f25-44cde1ecdf9a, chapter 1 (en)
[2025-05-16T06:07:34.945+0000] {update_sequential.py:209} INFO - Processing manga 97da1b58-741f-4294-9f25-44cde1ecdf9a, chapter 1 (en)
[2025-05-16T06:07:34.947+0000] {log.py:232} WARNING - 2025-05-16 06:07:34,947 - INFO: Adding new chapter 1 (en) for manga 97da1b58-741f-4294-9f25-44cde1ecdf9a
[2025-05-16T06:07:34.947+0000] {update_sequential.py:244} INFO - Adding new chapter 1 (en) for manga 97da1b58-741f-4294-9f25-44cde1ecdf9a
[2025-05-16T06:07:35.218+0000] {log.py:232} WARNING - 2025-05-16 06:07:35,218 - INFO: Processing manga 97da1b58-741f-4294-9f25-44cde1ecdf9a, chapter 2 (en)
[2025-05-16T06:07:35.218+0000] {update_sequential.py:209} INFO - Processing manga 97da1b58-741f-4294-9f25-44cde1ecdf9a, chapter 2 (en)
[2025-05-16T06:07:35.220+0000] {log.py:232} WARNING - 2025-05-16 06:07:35,220 - INFO: Adding new chapter 2 (en) for manga 97da1b58-741f-4294-9f25-44cde1ecdf9a
[2025-05-16T06:07:35.220+0000] {update_sequential.py:244} INFO - Adding new chapter 2 (en) for manga 97da1b58-741f-4294-9f25-44cde1ecdf9a
[2025-05-16T06:07:35.493+0000] {log.py:232} WARNING - 2025-05-16 06:07:35,492 - INFO: Processing manga 97da1b58-741f-4294-9f25-44cde1ecdf9a, chapter 3 (en)
[2025-05-16T06:07:35.492+0000] {update_sequential.py:209} INFO - Processing manga 97da1b58-741f-4294-9f25-44cde1ecdf9a, chapter 3 (en)
[2025-05-16T06:07:35.495+0000] {log.py:232} WARNING - 2025-05-16 06:07:35,494 - INFO: Adding new chapter 3 (en) for manga 97da1b58-741f-4294-9f25-44cde1ecdf9a
[2025-05-16T06:07:35.494+0000] {update_sequential.py:244} INFO - Adding new chapter 3 (en) for manga 97da1b58-741f-4294-9f25-44cde1ecdf9a
[2025-05-16T06:07:35.770+0000] {log.py:232} WARNING - 2025-05-16 06:07:35,769 - INFO: Processing manga 97da1b58-741f-4294-9f25-44cde1ecdf9a, chapter 4 (en)
[2025-05-16T06:07:35.769+0000] {update_sequential.py:209} INFO - Processing manga 97da1b58-741f-4294-9f25-44cde1ecdf9a, chapter 4 (en)
[2025-05-16T06:07:35.772+0000] {log.py:232} WARNING - 2025-05-16 06:07:35,772 - INFO: Adding new chapter 4 (en) for manga 97da1b58-741f-4294-9f25-44cde1ecdf9a
[2025-05-16T06:07:35.772+0000] {update_sequential.py:244} INFO - Adding new chapter 4 (en) for manga 97da1b58-741f-4294-9f25-44cde1ecdf9a
[2025-05-16T06:07:36.046+0000] {log.py:232} WARNING - 2025-05-16 06:07:36,045 - INFO: Processing manga 8928976d-1485-4260-b6d1-13552690a9f4, chapter 1 (en)
[2025-05-16T06:07:36.045+0000] {update_sequential.py:209} INFO - Processing manga 8928976d-1485-4260-b6d1-13552690a9f4, chapter 1 (en)
[2025-05-16T06:07:36.050+0000] {log.py:232} WARNING - 2025-05-16 06:07:36,049 - INFO: Adding new chapter 1 (en) for manga 8928976d-1485-4260-b6d1-13552690a9f4
[2025-05-16T06:07:36.049+0000] {update_sequential.py:244} INFO - Adding new chapter 1 (en) for manga 8928976d-1485-4260-b6d1-13552690a9f4
[2025-05-16T06:07:36.328+0000] {log.py:232} WARNING - 2025-05-16 06:07:36,327 - INFO: Processing manga 8928976d-1485-4260-b6d1-13552690a9f4, chapter 2 (en)
[2025-05-16T06:07:36.327+0000] {update_sequential.py:209} INFO - Processing manga 8928976d-1485-4260-b6d1-13552690a9f4, chapter 2 (en)
[2025-05-16T06:07:36.332+0000] {log.py:232} WARNING - 2025-05-16 06:07:36,331 - INFO: Adding new chapter 2 (en) for manga 8928976d-1485-4260-b6d1-13552690a9f4
[2025-05-16T06:07:36.331+0000] {update_sequential.py:244} INFO - Adding new chapter 2 (en) for manga 8928976d-1485-4260-b6d1-13552690a9f4
[2025-05-16T06:07:36.607+0000] {log.py:232} WARNING - 2025-05-16 06:07:36,606 - INFO: Processing manga 8928976d-1485-4260-b6d1-13552690a9f4, chapter 3 (en)
[2025-05-16T06:07:36.606+0000] {update_sequential.py:209} INFO - Processing manga 8928976d-1485-4260-b6d1-13552690a9f4, chapter 3 (en)
[2025-05-16T06:07:36.609+0000] {log.py:232} WARNING - 2025-05-16 06:07:36,609 - INFO: Adding new chapter 3 (en) for manga 8928976d-1485-4260-b6d1-13552690a9f4
[2025-05-16T06:07:36.609+0000] {update_sequential.py:244} INFO - Adding new chapter 3 (en) for manga 8928976d-1485-4260-b6d1-13552690a9f4
[2025-05-16T06:07:36.883+0000] {log.py:232} WARNING - 2025-05-16 06:07:36,882 - INFO: Processing manga 8928976d-1485-4260-b6d1-13552690a9f4, chapter 4 (en)
[2025-05-16T06:07:36.882+0000] {update_sequential.py:209} INFO - Processing manga 8928976d-1485-4260-b6d1-13552690a9f4, chapter 4 (en)
[2025-05-16T06:07:36.888+0000] {log.py:232} WARNING - 2025-05-16 06:07:36,887 - INFO: Adding new chapter 4 (en) for manga 8928976d-1485-4260-b6d1-13552690a9f4
[2025-05-16T06:07:36.887+0000] {update_sequential.py:244} INFO - Adding new chapter 4 (en) for manga 8928976d-1485-4260-b6d1-13552690a9f4
[2025-05-16T06:07:37.172+0000] {log.py:232} WARNING - 2025-05-16 06:07:37,171 - INFO: Processing manga 287e1422-57e8-4c73-8d04-9397760df929, chapter 1 (en)
[2025-05-16T06:07:37.171+0000] {update_sequential.py:209} INFO - Processing manga 287e1422-57e8-4c73-8d04-9397760df929, chapter 1 (en)
[2025-05-16T06:07:37.173+0000] {log.py:232} WARNING - 2025-05-16 06:07:37,173 - INFO: Adding new chapter 1 (en) for manga 287e1422-57e8-4c73-8d04-9397760df929
[2025-05-16T06:07:37.173+0000] {update_sequential.py:244} INFO - Adding new chapter 1 (en) for manga 287e1422-57e8-4c73-8d04-9397760df929
[2025-05-16T06:07:37.450+0000] {log.py:232} WARNING - 2025-05-16 06:07:37,450 - INFO: Processing manga cad50822-3589-40aa-9cbf-d96a2ccc6384, chapter 1 (en)
[2025-05-16T06:07:37.450+0000] {update_sequential.py:209} INFO - Processing manga cad50822-3589-40aa-9cbf-d96a2ccc6384, chapter 1 (en)
[2025-05-16T06:07:37.451+0000] {log.py:232} WARNING - 2025-05-16 06:07:37,451 - INFO: Adding new chapter 1 (en) for manga cad50822-3589-40aa-9cbf-d96a2ccc6384
[2025-05-16T06:07:37.451+0000] {update_sequential.py:244} INFO - Adding new chapter 1 (en) for manga cad50822-3589-40aa-9cbf-d96a2ccc6384
[2025-05-16T06:07:37.736+0000] {log.py:232} WARNING - 2025-05-16 06:07:37,735 - INFO: Processing manga cad50822-3589-40aa-9cbf-d96a2ccc6384, chapter 2 (en)
[2025-05-16T06:07:37.735+0000] {update_sequential.py:209} INFO - Processing manga cad50822-3589-40aa-9cbf-d96a2ccc6384, chapter 2 (en)
[2025-05-16T06:07:37.737+0000] {log.py:232} WARNING - 2025-05-16 06:07:37,737 - INFO: Adding new chapter 2 (en) for manga cad50822-3589-40aa-9cbf-d96a2ccc6384
[2025-05-16T06:07:37.737+0000] {update_sequential.py:244} INFO - Adding new chapter 2 (en) for manga cad50822-3589-40aa-9cbf-d96a2ccc6384
[2025-05-16T06:07:38.012+0000] {log.py:232} WARNING - 2025-05-16 06:07:38,011 - INFO: Processing manga cad50822-3589-40aa-9cbf-d96a2ccc6384, chapter 3 (en)
[2025-05-16T06:07:38.011+0000] {update_sequential.py:209} INFO - Processing manga cad50822-3589-40aa-9cbf-d96a2ccc6384, chapter 3 (en)
[2025-05-16T06:07:38.014+0000] {log.py:232} WARNING - 2025-05-16 06:07:38,013 - INFO: Adding new chapter 3 (en) for manga cad50822-3589-40aa-9cbf-d96a2ccc6384
[2025-05-16T06:07:38.013+0000] {update_sequential.py:244} INFO - Adding new chapter 3 (en) for manga cad50822-3589-40aa-9cbf-d96a2ccc6384
[2025-05-16T06:07:38.286+0000] {log.py:232} WARNING - 2025-05-16 06:07:38,286 - INFO: Processing manga cad50822-3589-40aa-9cbf-d96a2ccc6384, chapter 4 (en)
[2025-05-16T06:07:38.286+0000] {update_sequential.py:209} INFO - Processing manga cad50822-3589-40aa-9cbf-d96a2ccc6384, chapter 4 (en)
[2025-05-16T06:07:38.288+0000] {log.py:232} WARNING - 2025-05-16 06:07:38,287 - INFO: Adding new chapter 4 (en) for manga cad50822-3589-40aa-9cbf-d96a2ccc6384
[2025-05-16T06:07:38.287+0000] {update_sequential.py:244} INFO - Adding new chapter 4 (en) for manga cad50822-3589-40aa-9cbf-d96a2ccc6384
[2025-05-16T06:07:38.561+0000] {log.py:232} WARNING - 2025-05-16 06:07:38,559 - INFO: Processing manga cad50822-3589-40aa-9cbf-d96a2ccc6384, chapter 4.5 (en)
[2025-05-16T06:07:38.559+0000] {update_sequential.py:209} INFO - Processing manga cad50822-3589-40aa-9cbf-d96a2ccc6384, chapter 4.5 (en)
[2025-05-16T06:07:38.565+0000] {log.py:232} WARNING - 2025-05-16 06:07:38,564 - INFO: Adding new chapter 4.5 (en) for manga cad50822-3589-40aa-9cbf-d96a2ccc6384
[2025-05-16T06:07:38.564+0000] {update_sequential.py:244} INFO - Adding new chapter 4.5 (en) for manga cad50822-3589-40aa-9cbf-d96a2ccc6384
[2025-05-16T06:07:38.843+0000] {log.py:232} WARNING - 2025-05-16 06:07:38,842 - INFO: Processing manga 4d393a81-0015-4744-bf9a-064394e3f234, chapter 1 (en)
[2025-05-16T06:07:38.842+0000] {update_sequential.py:209} INFO - Processing manga 4d393a81-0015-4744-bf9a-064394e3f234, chapter 1 (en)
[2025-05-16T06:07:38.846+0000] {log.py:232} WARNING - 2025-05-16 06:07:38,846 - INFO: Adding new chapter 1 (en) for manga 4d393a81-0015-4744-bf9a-064394e3f234
[2025-05-16T06:07:38.846+0000] {update_sequential.py:244} INFO - Adding new chapter 1 (en) for manga 4d393a81-0015-4744-bf9a-064394e3f234
[2025-05-16T06:07:39.122+0000] {log.py:232} WARNING - 2025-05-16 06:07:39,122 - INFO: Processing manga bdac77b1-608f-4b0d-9773-7053dac0eca6, chapter 1 (en)
[2025-05-16T06:07:39.122+0000] {update_sequential.py:209} INFO - Processing manga bdac77b1-608f-4b0d-9773-7053dac0eca6, chapter 1 (en)
[2025-05-16T06:07:39.124+0000] {log.py:232} WARNING - 2025-05-16 06:07:39,124 - INFO: Adding new chapter 1 (en) for manga bdac77b1-608f-4b0d-9773-7053dac0eca6
[2025-05-16T06:07:39.124+0000] {update_sequential.py:244} INFO - Adding new chapter 1 (en) for manga bdac77b1-608f-4b0d-9773-7053dac0eca6
[2025-05-16T06:07:39.395+0000] {log.py:232} WARNING - 2025-05-16 06:07:39,394 - INFO: Processing manga bdac77b1-608f-4b0d-9773-7053dac0eca6, chapter 2 (en)
[2025-05-16T06:07:39.394+0000] {update_sequential.py:209} INFO - Processing manga bdac77b1-608f-4b0d-9773-7053dac0eca6, chapter 2 (en)
[2025-05-16T06:07:39.397+0000] {log.py:232} WARNING - 2025-05-16 06:07:39,396 - INFO: Adding new chapter 2 (en) for manga bdac77b1-608f-4b0d-9773-7053dac0eca6
[2025-05-16T06:07:39.396+0000] {update_sequential.py:244} INFO - Adding new chapter 2 (en) for manga bdac77b1-608f-4b0d-9773-7053dac0eca6
[2025-05-16T06:07:39.671+0000] {log.py:232} WARNING - 2025-05-16 06:07:39,670 - INFO: Processing manga bdac77b1-608f-4b0d-9773-7053dac0eca6, chapter 3 (en)
[2025-05-16T06:07:39.670+0000] {update_sequential.py:209} INFO - Processing manga bdac77b1-608f-4b0d-9773-7053dac0eca6, chapter 3 (en)
[2025-05-16T06:07:39.673+0000] {log.py:232} WARNING - 2025-05-16 06:07:39,673 - INFO: Adding new chapter 3 (en) for manga bdac77b1-608f-4b0d-9773-7053dac0eca6
[2025-05-16T06:07:39.673+0000] {update_sequential.py:244} INFO - Adding new chapter 3 (en) for manga bdac77b1-608f-4b0d-9773-7053dac0eca6
[2025-05-16T06:07:39.950+0000] {log.py:232} WARNING - 2025-05-16 06:07:39,949 - INFO: Processing manga bdac77b1-608f-4b0d-9773-7053dac0eca6, chapter 4 (en)
[2025-05-16T06:07:39.949+0000] {update_sequential.py:209} INFO - Processing manga bdac77b1-608f-4b0d-9773-7053dac0eca6, chapter 4 (en)
[2025-05-16T06:07:39.953+0000] {log.py:232} WARNING - 2025-05-16 06:07:39,952 - INFO: Adding new chapter 4 (en) for manga bdac77b1-608f-4b0d-9773-7053dac0eca6
[2025-05-16T06:07:39.952+0000] {update_sequential.py:244} INFO - Adding new chapter 4 (en) for manga bdac77b1-608f-4b0d-9773-7053dac0eca6
[2025-05-16T06:07:40.228+0000] {log.py:232} WARNING - 2025-05-16 06:07:40,227 - INFO: Processing manga bdac77b1-608f-4b0d-9773-7053dac0eca6, chapter 5 (en)
[2025-05-16T06:07:40.227+0000] {update_sequential.py:209} INFO - Processing manga bdac77b1-608f-4b0d-9773-7053dac0eca6, chapter 5 (en)
[2025-05-16T06:07:40.233+0000] {log.py:232} WARNING - 2025-05-16 06:07:40,232 - INFO: Adding new chapter 5 (en) for manga bdac77b1-608f-4b0d-9773-7053dac0eca6
[2025-05-16T06:07:40.232+0000] {update_sequential.py:244} INFO - Adding new chapter 5 (en) for manga bdac77b1-608f-4b0d-9773-7053dac0eca6
[2025-05-16T06:07:40.509+0000] {log.py:232} WARNING - 2025-05-16 06:07:40,509 - INFO: Processing manga f777da8d-878b-4114-a256-31b21933afc3, chapter 1 (en)
[2025-05-16T06:07:40.509+0000] {update_sequential.py:209} INFO - Processing manga f777da8d-878b-4114-a256-31b21933afc3, chapter 1 (en)
[2025-05-16T06:07:40.511+0000] {log.py:232} WARNING - 2025-05-16 06:07:40,511 - INFO: Adding new chapter 1 (en) for manga f777da8d-878b-4114-a256-31b21933afc3
[2025-05-16T06:07:40.511+0000] {update_sequential.py:244} INFO - Adding new chapter 1 (en) for manga f777da8d-878b-4114-a256-31b21933afc3
[2025-05-16T06:07:40.782+0000] {log.py:232} WARNING - 2025-05-16 06:07:40,781 - INFO: Processing manga 255937ca-c65b-4f8e-bb39-a41ac667362b, chapter 1 (en)
[2025-05-16T06:07:40.781+0000] {update_sequential.py:209} INFO - Processing manga 255937ca-c65b-4f8e-bb39-a41ac667362b, chapter 1 (en)
[2025-05-16T06:07:40.783+0000] {log.py:232} WARNING - 2025-05-16 06:07:40,783 - INFO: Adding new chapter 1 (en) for manga 255937ca-c65b-4f8e-bb39-a41ac667362b
[2025-05-16T06:07:40.783+0000] {update_sequential.py:244} INFO - Adding new chapter 1 (en) for manga 255937ca-c65b-4f8e-bb39-a41ac667362b
[2025-05-16T06:07:41.055+0000] {log.py:232} WARNING - 2025-05-16 06:07:41,055 - INFO: Processing manga 255937ca-c65b-4f8e-bb39-a41ac667362b, chapter 2 (en)
[2025-05-16T06:07:41.055+0000] {update_sequential.py:209} INFO - Processing manga 255937ca-c65b-4f8e-bb39-a41ac667362b, chapter 2 (en)
[2025-05-16T06:07:41.058+0000] {log.py:232} WARNING - 2025-05-16 06:07:41,057 - INFO: Adding new chapter 2 (en) for manga 255937ca-c65b-4f8e-bb39-a41ac667362b
[2025-05-16T06:07:41.057+0000] {update_sequential.py:244} INFO - Adding new chapter 2 (en) for manga 255937ca-c65b-4f8e-bb39-a41ac667362b
[2025-05-16T06:07:41.336+0000] {log.py:232} WARNING - 2025-05-16 06:07:41,336 - INFO: Processing manga 255937ca-c65b-4f8e-bb39-a41ac667362b, chapter 3 (en)
[2025-05-16T06:07:41.336+0000] {update_sequential.py:209} INFO - Processing manga 255937ca-c65b-4f8e-bb39-a41ac667362b, chapter 3 (en)
[2025-05-16T06:07:41.373+0000] {log.py:232} WARNING - 2025-05-16 06:07:41,368 - INFO: Adding new chapter 3 (en) for manga 255937ca-c65b-4f8e-bb39-a41ac667362b
[2025-05-16T06:07:41.368+0000] {update_sequential.py:244} INFO - Adding new chapter 3 (en) for manga 255937ca-c65b-4f8e-bb39-a41ac667362b
[2025-05-16T06:07:41.657+0000] {log.py:232} WARNING - 2025-05-16 06:07:41,655 - INFO: Processing manga 255937ca-c65b-4f8e-bb39-a41ac667362b, chapter 4 (en)
[2025-05-16T06:07:41.655+0000] {update_sequential.py:209} INFO - Processing manga 255937ca-c65b-4f8e-bb39-a41ac667362b, chapter 4 (en)
[2025-05-16T06:07:41.659+0000] {log.py:232} WARNING - 2025-05-16 06:07:41,658 - INFO: Adding new chapter 4 (en) for manga 255937ca-c65b-4f8e-bb39-a41ac667362b
[2025-05-16T06:07:41.658+0000] {update_sequential.py:244} INFO - Adding new chapter 4 (en) for manga 255937ca-c65b-4f8e-bb39-a41ac667362b
[2025-05-16T06:07:41.938+0000] {log.py:232} WARNING - 2025-05-16 06:07:41,938 - INFO: Processing manga 16ac1429-593f-4fe5-a529-ce8aed994ef5, chapter None (en)
[2025-05-16T06:07:41.938+0000] {update_sequential.py:209} INFO - Processing manga 16ac1429-593f-4fe5-a529-ce8aed994ef5, chapter None (en)
[2025-05-16T06:07:41.941+0000] {log.py:232} WARNING - 2025-05-16 06:07:41,940 - INFO: Adding new chapter None (en) for manga 16ac1429-593f-4fe5-a529-ce8aed994ef5
[2025-05-16T06:07:41.940+0000] {update_sequential.py:244} INFO - Adding new chapter None (en) for manga 16ac1429-593f-4fe5-a529-ce8aed994ef5
[2025-05-16T06:07:42.225+0000] {log.py:232} WARNING - 2025-05-16 06:07:42,224 - INFO: Processing manga da6c7a1e-e528-4a1e-8a09-c5443ab77225, chapter None (en)
[2025-05-16T06:07:42.224+0000] {update_sequential.py:209} INFO - Processing manga da6c7a1e-e528-4a1e-8a09-c5443ab77225, chapter None (en)
[2025-05-16T06:07:42.227+0000] {log.py:232} WARNING - 2025-05-16 06:07:42,227 - INFO: Adding new chapter None (en) for manga da6c7a1e-e528-4a1e-8a09-c5443ab77225
[2025-05-16T06:07:42.227+0000] {update_sequential.py:244} INFO - Adding new chapter None (en) for manga da6c7a1e-e528-4a1e-8a09-c5443ab77225
[2025-05-16T06:07:42.502+0000] {log.py:232} WARNING - 2025-05-16 06:07:42,501 - INFO: Processing manga f1b3d291-ac40-41b0-bddf-d6d3dda03515, chapter 1 (en)
[2025-05-16T06:07:42.501+0000] {update_sequential.py:209} INFO - Processing manga f1b3d291-ac40-41b0-bddf-d6d3dda03515, chapter 1 (en)
[2025-05-16T06:07:42.503+0000] {log.py:232} WARNING - 2025-05-16 06:07:42,503 - INFO: Adding new chapter 1 (en) for manga f1b3d291-ac40-41b0-bddf-d6d3dda03515
[2025-05-16T06:07:42.503+0000] {update_sequential.py:244} INFO - Adding new chapter 1 (en) for manga f1b3d291-ac40-41b0-bddf-d6d3dda03515
[2025-05-16T06:07:43.046+0000] {log.py:232} WARNING - 2025-05-16 06:07:43,046 - INFO: Database update complete
[2025-05-16T06:07:43.046+0000] {update_sequential.py:265} INFO - Database update complete
[2025-05-16T06:07:43.048+0000] {log.py:232} WARNING - 2025-05-16 06:07:43,048 - INFO: Total chapters added/updated: 87
[2025-05-16T06:07:43.048+0000] {update_sequential.py:269} INFO - Total chapters added/updated: 87
[2025-05-16T06:07:43.051+0000] {log.py:232} WARNING - 2025-05-16 06:07:43,049 - INFO: Total chapters replaced with English translations: 0
[2025-05-16T06:07:43.049+0000] {update_sequential.py:270} INFO - Total chapters replaced with English translations: 0
[2025-05-16T06:07:43.354+0000] {log.py:232} WARNING - 2025-05-16 06:07:43,353 - INFO: Registered chapter rollback data for 87 chapter IDs
[2025-05-16T06:07:43.353+0000] {update_manga_database_dag.py:157} INFO - Registered chapter rollback data for 87 chapter IDs
[2025-05-16T06:07:43.355+0000] {log.py:232} WARNING - 2025-05-16 06:07:43,355 - INFO: Updated/added 87 chapters, replaced 0
[2025-05-16T06:07:43.355+0000] {update_manga_database_dag.py:420} INFO - Updated/added 87 chapters, replaced 0
[2025-05-16T06:07:43.356+0000] {log.py:232} WARNING - 2025-05-16 06:07:43,356 - INFO: Starting image data update
[2025-05-16T06:07:43.356+0000] {update_manga_database_dag.py:424} INFO - Starting image data update
[2025-05-16T06:07:43.357+0000] {log.py:232} WARNING - 2025-05-16 06:07:43,357 - ERROR: Unexpected error in update_image_data_mongodb: name 'chapter_images' is not defined
[2025-05-16T06:07:43.357+0000] {update_sequential.py:389} ERROR - Unexpected error in update_image_data_mongodb: name 'chapter_images' is not defined
[2025-05-16T06:07:43.373+0000] {log.py:232} WARNING - 2025-05-16 06:07:43,372 - ERROR: Traceback (most recent call last):
  File "/opt/***/src/populate_db/update_db/update_sequential.py", line 306, in update_image_data_mongodb
    if not chapter_images:
           ^^^^^^^^^^^^^^
NameError: name 'chapter_images' is not defined
[2025-05-16T06:07:43.372+0000] {update_sequential.py:390} ERROR - Traceback (most recent call last):
  File "/opt/***/src/populate_db/update_db/update_sequential.py", line 306, in update_image_data_mongodb
    if not chapter_images:
           ^^^^^^^^^^^^^^
NameError: name 'chapter_images' is not defined

[2025-05-16T06:07:43.375+0000] {log.py:232} WARNING - 2025-05-16 06:07:43,375 - ERROR: Update failed: name 'chapter_images' is not defined
[2025-05-16T06:07:43.375+0000] {update_manga_database_dag.py:441} ERROR - Update failed: name 'chapter_images' is not defined
[2025-05-16T06:07:43.376+0000] {log.py:232} WARNING - 2025-05-16 06:07:43,376 - WARNING: Starting transaction rollback
[2025-05-16T06:07:43.376+0000] {update_manga_database_dag.py:188} WARNING - Starting transaction rollback
[2025-05-16T06:07:43.377+0000] {log.py:232} WARNING - 2025-05-16 06:07:43,377 - INFO: Rolling back chapter updates
[2025-05-16T06:07:43.377+0000] {update_manga_database_dag.py:214} INFO - Rolling back chapter updates
[2025-05-16T06:07:43.664+0000] {log.py:232} WARNING - 2025-05-16 06:07:43,664 - INFO: Removed 87 newly added chapters
[2025-05-16T06:07:43.664+0000] {update_manga_database_dag.py:221} INFO - Removed 87 newly added chapters
[2025-05-16T06:08:08.391+0000] {log.py:232} WARNING - 2025-05-16 06:08:08,390 - INFO: Restored 87 original chapter records
[2025-05-16T06:08:08.390+0000] {update_manga_database_dag.py:231} INFO - Restored 87 original chapter records
[2025-05-16T06:08:08.392+0000] {log.py:232} WARNING - 2025-05-16 06:08:08,392 - INFO: Rolling back manga updates
[2025-05-16T06:08:08.392+0000] {update_manga_database_dag.py:233} INFO - Rolling back manga updates
[2025-05-16T06:08:08.678+0000] {log.py:232} WARNING - 2025-05-16 06:08:08,677 - INFO: Removed 61 newly added manga
[2025-05-16T06:08:08.677+0000] {update_manga_database_dag.py:240} INFO - Removed 61 newly added manga
[2025-05-16T06:08:26.167+0000] {log.py:232} WARNING - 2025-05-16 06:08:26,162 - INFO: Restored 61 original manga records
[2025-05-16T06:08:26.162+0000] {update_manga_database_dag.py:249} INFO - Restored 61 original manga records
[2025-05-16T06:08:26.571+0000] {log.py:232} WARNING - 2025-05-16 06:08:26,483 - INFO: Rollback committed successfully
[2025-05-16T06:08:26.483+0000] {update_manga_database_dag.py:256} INFO - Rollback committed successfully
[2025-05-16T06:08:26.610+0000] {taskinstance.py:3313} ERROR - Task failed with exception
Traceback (most recent call last):
  File "/opt/airflow/dags/update_manga_database_dag.py", line 425, in update_all_databases
    inserted_count, skipped_count = update_image_data_mongodb(new_images, collection)
                                    ^^^^^^^^^^^^^^^^^^^^^^^^^^^^^^^^^^^^^^^^^^^^^^^^^
  File "/opt/airflow/src/populate_db/update_db/update_sequential.py", line 306, in update_image_data_mongodb
    if not chapter_images:
           ^^^^^^^^^^^^^^
NameError: name 'chapter_images' is not defined

During handling of the above exception, another exception occurred:

Traceback (most recent call last):
  File "/home/airflow/.local/lib/python3.12/site-packages/airflow/models/taskinstance.py", line 768, in _execute_task
    result = _execute_callable(context=context, **execute_callable_kwargs)
             ^^^^^^^^^^^^^^^^^^^^^^^^^^^^^^^^^^^^^^^^^^^^^^^^^^^^^^^^^^^^^
  File "/home/airflow/.local/lib/python3.12/site-packages/airflow/models/taskinstance.py", line 734, in _execute_callable
    return ExecutionCallableRunner(
           ^^^^^^^^^^^^^^^^^^^^^^^^
  File "/home/airflow/.local/lib/python3.12/site-packages/airflow/utils/operator_helpers.py", line 252, in run
    return self.func(*args, **kwargs)
           ^^^^^^^^^^^^^^^^^^^^^^^^^^
  File "/home/airflow/.local/lib/python3.12/site-packages/airflow/models/baseoperator.py", line 424, in wrapper
    return func(self, *args, **kwargs)
           ^^^^^^^^^^^^^^^^^^^^^^^^^^^
  File "/home/airflow/.local/lib/python3.12/site-packages/airflow/decorators/base.py", line 266, in execute
    return_value = super().execute(context)
                   ^^^^^^^^^^^^^^^^^^^^^^^^
  File "/home/airflow/.local/lib/python3.12/site-packages/airflow/models/baseoperator.py", line 424, in wrapper
    return func(self, *args, **kwargs)
           ^^^^^^^^^^^^^^^^^^^^^^^^^^^
  File "/home/airflow/.local/lib/python3.12/site-packages/airflow/operators/python.py", line 238, in execute
    return_value = self.execute_callable()
                   ^^^^^^^^^^^^^^^^^^^^^^^
  File "/home/airflow/.local/lib/python3.12/site-packages/airflow/operators/python.py", line 256, in execute_callable
    return runner.run(*self.op_args, **self.op_kwargs)
           ^^^^^^^^^^^^^^^^^^^^^^^^^^^^^^^^^^^^^^^^^^^
  File "/home/airflow/.local/lib/python3.12/site-packages/airflow/utils/operator_helpers.py", line 252, in run
    return self.func(*args, **kwargs)
           ^^^^^^^^^^^^^^^^^^^^^^^^^^
  File "/opt/airflow/dags/update_manga_database_dag.py", line 443, in update_all_databases
    raise AirflowException(f"Database update failed: {str(e)}")
airflow.exceptions.AirflowException: Database update failed: name 'chapter_images' is not defined
[2025-05-16T06:08:26.687+0000] {logging_mixin.py:190} INFO - Task instance in failure state
[2025-05-16T06:08:26.689+0000] {logging_mixin.py:190} INFO - Task start:2025-05-16 06:06:51.550660+00:00 end:2025-05-16 06:08:26.686662+00:00 duration:95.136002
[2025-05-16T06:08:26.690+0000] {logging_mixin.py:190} INFO - Task:<Task(_PythonDecoratedOperator): update_all_databases> dag:<DAG: update_manga_database> dagrun:<DagRun update_manga_database @ 2025-05-16 06:05:32.268567+00:00: manual__2025-05-16T06:05:32.268567+00:00, state:running, queued_at: 2025-05-16 06:05:32.282113+00:00. externally triggered: True>
[2025-05-16T06:08:26.700+0000] {logging_mixin.py:190} INFO - Failure caused by Database update failed: name 'chapter_images' is not defined
[2025-05-16T06:08:26.701+0000] {taskinstance.py:1226} INFO - Marking task as UP_FOR_RETRY. dag_id=update_manga_database, task_id=update_all_databases, run_id=manual__2025-05-16T06:05:32.268567+00:00, execution_date=20250516T060532, start_date=20250516T060651, end_date=20250516T060826
[2025-05-16T06:08:26.769+0000] {taskinstance.py:341} INFO - ::group::Post task execution logs
[2025-05-16T06:08:26.771+0000] {standard_task_runner.py:124} ERROR - Failed to execute job 95 for task update_all_databases (Database update failed: name 'chapter_images' is not defined; 1675)
Traceback (most recent call last):
  File "/opt/airflow/dags/update_manga_database_dag.py", line 425, in update_all_databases
    inserted_count, skipped_count = update_image_data_mongodb(new_images, collection)
                                    ^^^^^^^^^^^^^^^^^^^^^^^^^^^^^^^^^^^^^^^^^^^^^^^^^
  File "/opt/airflow/src/populate_db/update_db/update_sequential.py", line 306, in update_image_data_mongodb
    if not chapter_images:
           ^^^^^^^^^^^^^^
NameError: name 'chapter_images' is not defined

During handling of the above exception, another exception occurred:

Traceback (most recent call last):
  File "/home/airflow/.local/lib/python3.12/site-packages/airflow/task/task_runner/standard_task_runner.py", line 117, in _start_by_fork
    ret = args.func(args, dag=self.dag)
          ^^^^^^^^^^^^^^^^^^^^^^^^^^^^^
  File "/home/airflow/.local/lib/python3.12/site-packages/airflow/cli/cli_config.py", line 49, in command
    return func(*args, **kwargs)
           ^^^^^^^^^^^^^^^^^^^^^
  File "/home/airflow/.local/lib/python3.12/site-packages/airflow/utils/cli.py", line 116, in wrapper
    return f(*args, **kwargs)
           ^^^^^^^^^^^^^^^^^^
  File "/home/airflow/.local/lib/python3.12/site-packages/airflow/cli/commands/task_command.py", line 483, in task_run
    task_return_code = _run_task_by_selected_method(args, _dag, ti)
                       ^^^^^^^^^^^^^^^^^^^^^^^^^^^^^^^^^^^^^^^^^^^^
  File "/home/airflow/.local/lib/python3.12/site-packages/airflow/cli/commands/task_command.py", line 256, in _run_task_by_selected_method
    return _run_raw_task(args, ti)
           ^^^^^^^^^^^^^^^^^^^^^^^
  File "/home/airflow/.local/lib/python3.12/site-packages/airflow/cli/commands/task_command.py", line 341, in _run_raw_task
    return ti._run_raw_task(
           ^^^^^^^^^^^^^^^^^
  File "/home/airflow/.local/lib/python3.12/site-packages/airflow/utils/session.py", line 97, in wrapper
    return func(*args, session=session, **kwargs)
           ^^^^^^^^^^^^^^^^^^^^^^^^^^^^^^^^^^^^^^
  File "/home/airflow/.local/lib/python3.12/site-packages/airflow/models/taskinstance.py", line 3006, in _run_raw_task
    return _run_raw_task(
           ^^^^^^^^^^^^^^
  File "/home/airflow/.local/lib/python3.12/site-packages/airflow/models/taskinstance.py", line 274, in _run_raw_task
    TaskInstance._execute_task_with_callbacks(
  File "/home/airflow/.local/lib/python3.12/site-packages/airflow/models/taskinstance.py", line 3161, in _execute_task_with_callbacks
    result = self._execute_task(context, task_orig)
             ^^^^^^^^^^^^^^^^^^^^^^^^^^^^^^^^^^^^^^
  File "/home/airflow/.local/lib/python3.12/site-packages/airflow/models/taskinstance.py", line 3185, in _execute_task
    return _execute_task(self, context, task_orig)
           ^^^^^^^^^^^^^^^^^^^^^^^^^^^^^^^^^^^^^^^
  File "/home/airflow/.local/lib/python3.12/site-packages/airflow/models/taskinstance.py", line 768, in _execute_task
    result = _execute_callable(context=context, **execute_callable_kwargs)
             ^^^^^^^^^^^^^^^^^^^^^^^^^^^^^^^^^^^^^^^^^^^^^^^^^^^^^^^^^^^^^
  File "/home/airflow/.local/lib/python3.12/site-packages/airflow/models/taskinstance.py", line 734, in _execute_callable
    return ExecutionCallableRunner(
           ^^^^^^^^^^^^^^^^^^^^^^^^
  File "/home/airflow/.local/lib/python3.12/site-packages/airflow/utils/operator_helpers.py", line 252, in run
    return self.func(*args, **kwargs)
           ^^^^^^^^^^^^^^^^^^^^^^^^^^
  File "/home/airflow/.local/lib/python3.12/site-packages/airflow/models/baseoperator.py", line 424, in wrapper
    return func(self, *args, **kwargs)
           ^^^^^^^^^^^^^^^^^^^^^^^^^^^
  File "/home/airflow/.local/lib/python3.12/site-packages/airflow/decorators/base.py", line 266, in execute
    return_value = super().execute(context)
                   ^^^^^^^^^^^^^^^^^^^^^^^^
  File "/home/airflow/.local/lib/python3.12/site-packages/airflow/models/baseoperator.py", line 424, in wrapper
    return func(self, *args, **kwargs)
           ^^^^^^^^^^^^^^^^^^^^^^^^^^^
  File "/home/airflow/.local/lib/python3.12/site-packages/airflow/operators/python.py", line 238, in execute
    return_value = self.execute_callable()
                   ^^^^^^^^^^^^^^^^^^^^^^^
  File "/home/airflow/.local/lib/python3.12/site-packages/airflow/operators/python.py", line 256, in execute_callable
    return runner.run(*self.op_args, **self.op_kwargs)
           ^^^^^^^^^^^^^^^^^^^^^^^^^^^^^^^^^^^^^^^^^^^
  File "/home/airflow/.local/lib/python3.12/site-packages/airflow/utils/operator_helpers.py", line 252, in run
    return self.func(*args, **kwargs)
           ^^^^^^^^^^^^^^^^^^^^^^^^^^
  File "/opt/airflow/dags/update_manga_database_dag.py", line 443, in update_all_databases
    raise AirflowException(f"Database update failed: {str(e)}")
airflow.exceptions.AirflowException: Database update failed: name 'chapter_images' is not defined
[2025-05-16T06:08:26.828+0000] {local_task_job_runner.py:266} INFO - Task exited with return code 1
[2025-05-16T06:08:26.913+0000] {taskinstance.py:3901} INFO - 0 downstream tasks scheduled from follow-on schedule check
[2025-05-16T06:08:26.926+0000] {local_task_job_runner.py:245} INFO - ::endgroup::
