[2025-05-16T06:12:37.277+0000] {local_task_job_runner.py:123} INFO - ::group::Pre task execution logs
[2025-05-16T06:12:37.300+0000] {taskinstance.py:2614} INFO - Dependencies all met for dep_context=non-requeueable deps ti=<TaskInstance: update_manga_database.extract_manga_ids manual__2025-05-16T06:12:31.518922+00:00 [queued]>
[2025-05-16T06:12:37.311+0000] {taskinstance.py:2614} INFO - Dependencies all met for dep_context=requeueable deps ti=<TaskInstance: update_manga_database.extract_manga_ids manual__2025-05-16T06:12:31.518922+00:00 [queued]>
[2025-05-16T06:12:37.312+0000] {taskinstance.py:2867} INFO - Starting attempt 1 of 2
[2025-05-16T06:12:37.327+0000] {taskinstance.py:2890} INFO - Executing <Task(_PythonDecoratedOperator): extract_manga_ids> on 2025-05-16 06:12:31.518922+00:00
[2025-05-16T06:12:37.334+0000] {warnings.py:112} WARNING - /home/***/.local/lib/python3.12/site-packages/***/task/task_runner/standard_task_runner.py:70: DeprecationWarning: This process (pid=1782) is multi-threaded, use of fork() may lead to deadlocks in the child.
  pid = os.fork()

[2025-05-16T06:12:37.335+0000] {standard_task_runner.py:72} INFO - Started process 1787 to run task
[2025-05-16T06:12:37.337+0000] {standard_task_runner.py:104} INFO - Running: ['***', 'tasks', 'run', 'update_manga_database', 'extract_manga_ids', 'manual__2025-05-16T06:12:31.518922+00:00', '--job-id', '99', '--raw', '--subdir', 'DAGS_FOLDER/update_manga_database_dag.py', '--cfg-path', '/tmp/tmp93rcjznc']
[2025-05-16T06:12:37.338+0000] {standard_task_runner.py:105} INFO - Job 99: Subtask extract_manga_ids
[2025-05-16T06:12:37.383+0000] {task_command.py:467} INFO - Running <TaskInstance: update_manga_database.extract_manga_ids manual__2025-05-16T06:12:31.518922+00:00 [running]> on host 3729034b4972
[2025-05-16T06:12:37.479+0000] {taskinstance.py:3134} INFO - Exporting env vars: AIRFLOW_CTX_DAG_OWNER='***' AIRFLOW_CTX_DAG_ID='update_manga_database' AIRFLOW_CTX_TASK_ID='extract_manga_ids' AIRFLOW_CTX_EXECUTION_DATE='2025-05-16T06:12:31.518922+00:00' AIRFLOW_CTX_TRY_NUMBER='1' AIRFLOW_CTX_DAG_RUN_ID='manual__2025-05-16T06:12:31.518922+00:00'
[2025-05-16T06:12:37.481+0000] {logging_mixin.py:190} INFO - Task instance is in running state
[2025-05-16T06:12:37.482+0000] {logging_mixin.py:190} INFO -  Previous state of the Task instance: queued
[2025-05-16T06:12:37.482+0000] {logging_mixin.py:190} INFO - Current task name:extract_manga_ids state:running start_date:2025-05-16 06:12:37.300655+00:00
[2025-05-16T06:12:37.483+0000] {logging_mixin.py:190} INFO - Dag name:update_manga_database and current dag run status:running
[2025-05-16T06:12:37.483+0000] {taskinstance.py:732} INFO - ::endgroup::
[2025-05-16T06:12:37.485+0000] {python.py:240} INFO - Done. Returned value was: ['dc8a6a1d-51d9-410d-975b-cf884cc68fd0', '4551679e-820b-42a5-85ff-d00ade797383', '236ab0cf-a5ef-4039-8e0a-f4cfe4660424', 'e82fb7dd-edff-4593-9fff-760f018f6703', 'd38389ac-caeb-4a4f-8483-589ddbaf50e1', '192ec1c9-eb9a-4771-bb79-2b9bb4adbe0e', '3de96e80-6feb-450c-a169-053d40c01063', '8dbb4f57-4e35-4fa6-88c7-2d8f8334d8db', 'e195fc69-5e5c-4410-84fe-268daef38fbc', 'e7fa5fe6-7988-4f69-a6b8-7f5c34ade5d4', '051f9e5b-72d9-4d32-ac41-2441c2c03a67', 'c5206869-59c1-4988-8c6f-9fcaa71a2c16', 'de5038a8-898a-4149-a93e-756243cc09e0', '582248de-5dec-436c-835e-127e750445fb', '3f403042-3b37-489a-8df2-8f59a1dd6300', '837db806-4dc6-4bbb-9263-374eaca2eb57', 'a8587671-e75c-495c-82fb-801e594e46a1', '2c8b92ea-e480-4ebb-bfa7-4ff828c13fd5', '1d6f3596-0667-44b4-b4bd-cf17544b0558', '432cc154-074d-4398-95ae-952769af164d', 'e0a786d3-1760-4f69-9d95-a0eae056a66f', '2e85b6e4-f73c-4483-8860-f55f2bd67119', 'e46ede76-7aa6-4887-9eb2-b5fa537b91b6', '96fb960c-77d2-46e2-90f8-95e41a2712c6', '5a763d38-ce7a-4b38-8581-a1adb2e29bb4', '3844a42e-1f4b-4ba1-b85f-18e00cfa8f02', 'fe7a1d45-e0c2-4a80-ad62-5f42bbf6b622', '62e80dfd-c1b0-4c65-994b-fd41697f140e', '1f4fdbf8-b46a-4401-aaa7-8a3d75e2a711', 'cb871a0b-8442-4f9d-8987-38a6d7f11d17', '9a40c0b9-912d-4b0e-aa77-c4a07edec275', '16a247d7-34fd-49eb-9b81-1303896de0dd', '0567beef-b5b7-4c86-a3c0-e3f4f52e1c35', '0616c9ba-9362-40e2-a53b-9d1cd49ad4bd', 'efa87e8e-dc98-4d67-9aaa-5f99742cd68b', '520113a2-3424-4506-90e0-695ffae6f2f0', '97da1b58-741f-4294-9f25-44cde1ecdf9a', '8928976d-1485-4260-b6d1-13552690a9f4', '5342d47c-8635-4c2c-bc05-da83dabee2ac', '287e1422-57e8-4c73-8d04-9397760df929', 'cad50822-3589-40aa-9cbf-d96a2ccc6384', '678dd650-28b0-4b18-a936-1cb8c072745a', '4d393a81-0015-4744-bf9a-064394e3f234', 'bdac77b1-608f-4b0d-9773-7053dac0eca6', '4de696e3-52a8-45d0-bb77-60e83bc4fa8c', '1c8d0842-e998-4cd9-8808-a8bac2265743', 'f777da8d-878b-4114-a256-31b21933afc3', '255937ca-c65b-4f8e-bb39-a41ac667362b', '16ac1429-593f-4fe5-a529-ce8aed994ef5', '13b1e64c-dc93-47c0-99d8-bfee66ae353b', '4fe0978e-cf64-4b8d-906a-c13da2c7157e', '5520f2ef-d4ab-4c22-a6e3-31e74dd76888', '2cdfa7d3-e8ab-4f06-a6f8-89b7a3a22db2', '2b649c16-fb4a-45f1-afb8-9a8f4b4a5bc1', 'e4187ee9-4f6e-49cf-8b2e-b4a80b04d1b3', 'cbb7e271-dd90-4b68-9df8-0acd008412d8', '24d979fb-1282-4ad8-a7cb-b70297384369', '25a98773-9196-4760-a2e6-58c725791c78', '1c20e3c8-ce80-4e97-b3be-ce1040a1817d', 'da6c7a1e-e528-4a1e-8a09-c5443ab77225', 'f1b3d291-ac40-41b0-bddf-d6d3dda03515']
[2025-05-16T06:12:37.514+0000] {taskinstance.py:341} INFO - ::group::Post task execution logs
[2025-05-16T06:12:37.515+0000] {taskinstance.py:353} INFO - Marking task as SUCCESS. dag_id=update_manga_database, task_id=extract_manga_ids, run_id=manual__2025-05-16T06:12:31.518922+00:00, execution_date=20250516T061231, start_date=20250516T061237, end_date=20250516T061237
[2025-05-16T06:12:37.546+0000] {logging_mixin.py:190} INFO - Task instance in success state
[2025-05-16T06:12:37.547+0000] {logging_mixin.py:190} INFO -  Previous state of the Task instance: running
[2025-05-16T06:12:37.548+0000] {logging_mixin.py:190} INFO - Dag name:update_manga_database queued_at:2025-05-16 06:12:31.542498+00:00
[2025-05-16T06:12:37.548+0000] {logging_mixin.py:190} INFO - Task hostname:3729034b4972 operator:_PythonDecoratedOperator
[2025-05-16T06:12:37.591+0000] {local_task_job_runner.py:266} INFO - Task exited with return code 0
[2025-05-16T06:12:37.636+0000] {taskinstance.py:3901} INFO - 1 downstream tasks scheduled from follow-on schedule check
[2025-05-16T06:12:37.640+0000] {local_task_job_runner.py:245} INFO - ::endgroup::
