[2025-05-16T05:05:26.888+0000] {local_task_job_runner.py:123} INFO - ::group::Pre task execution logs
[2025-05-16T05:05:26.906+0000] {taskinstance.py:2614} INFO - Dependencies all met for dep_context=non-requeueable deps ti=<TaskInstance: update_manga_database.initialize_connections manual__2025-05-16T05:05:24.039882+00:00 [queued]>
[2025-05-16T05:05:26.915+0000] {taskinstance.py:2614} INFO - Dependencies all met for dep_context=requeueable deps ti=<TaskInstance: update_manga_database.initialize_connections manual__2025-05-16T05:05:24.039882+00:00 [queued]>
[2025-05-16T05:05:26.916+0000] {taskinstance.py:2867} INFO - Starting attempt 1 of 2
[2025-05-16T05:05:26.931+0000] {taskinstance.py:2890} INFO - Executing <Task(_PythonDecoratedOperator): initialize_connections> on 2025-05-16 05:05:24.039882+00:00
[2025-05-16T05:05:26.939+0000] {warnings.py:112} WARNING - /home/***/.local/lib/python3.12/site-packages/***/task/task_runner/standard_task_runner.py:70: DeprecationWarning: This process (pid=496) is multi-threaded, use of fork() may lead to deadlocks in the child.
  pid = os.fork()

[2025-05-16T05:05:26.942+0000] {standard_task_runner.py:72} INFO - Started process 505 to run task
[2025-05-16T05:05:26.944+0000] {standard_task_runner.py:104} INFO - Running: ['***', 'tasks', 'run', 'update_manga_database', 'initialize_connections', 'manual__2025-05-16T05:05:24.039882+00:00', '--job-id', '55', '--raw', '--subdir', 'DAGS_FOLDER/update_manga_database_dag.py', '--cfg-path', '/tmp/tmpsjzxerxo']
[2025-05-16T05:05:26.946+0000] {standard_task_runner.py:105} INFO - Job 55: Subtask initialize_connections
[2025-05-16T05:05:26.996+0000] {task_command.py:467} INFO - Running <TaskInstance: update_manga_database.initialize_connections manual__2025-05-16T05:05:24.039882+00:00 [running]> on host 3729034b4972
[2025-05-16T05:05:27.074+0000] {taskinstance.py:3134} INFO - Exporting env vars: AIRFLOW_CTX_DAG_OWNER='***' AIRFLOW_CTX_DAG_ID='update_manga_database' AIRFLOW_CTX_TASK_ID='initialize_connections' AIRFLOW_CTX_EXECUTION_DATE='2025-05-16T05:05:24.039882+00:00' AIRFLOW_CTX_TRY_NUMBER='1' AIRFLOW_CTX_DAG_RUN_ID='manual__2025-05-16T05:05:24.039882+00:00'
[2025-05-16T05:05:27.077+0000] {logging_mixin.py:190} INFO - Task instance is in running state
[2025-05-16T05:05:27.077+0000] {logging_mixin.py:190} INFO -  Previous state of the Task instance: queued
[2025-05-16T05:05:27.078+0000] {logging_mixin.py:190} INFO - Current task name:initialize_connections state:running start_date:2025-05-16 05:05:26.907326+00:00
[2025-05-16T05:05:27.078+0000] {logging_mixin.py:190} INFO - Dag name:update_manga_database and current dag run status:running
[2025-05-16T05:05:27.079+0000] {taskinstance.py:732} INFO - ::endgroup::
[2025-05-16T05:05:31.117+0000] {log.py:232} WARNING - 2025-05-16 05:05:31,117 - INFO: Successfully connected to PostgreSQL database
[2025-05-16T05:05:31.117+0000] {update_manga_database_dag.py:329} INFO - Successfully connected to PostgreSQL database
[2025-05-16T05:05:32.839+0000] {log.py:232} WARNING - 2025-05-16 05:05:32,838 - INFO: Successfully connected to MongoDB
[2025-05-16T05:05:32.838+0000] {update_manga_database_dag.py:334} INFO - Successfully connected to MongoDB
[2025-05-16T05:05:32.840+0000] {python.py:240} INFO - Done. Returned value was: {'pg_url': 'postgresql://togiabao:mysecretpassword@54.160.245.147:5432/mangadex', 'mongo_uri': 'mongodb://togiabao:mysecretpassword@54.160.245.147:27017', 'mongo_db': 'mangadex', 'mongo_collection': 'chapter_images_test'}
[2025-05-16T05:05:32.873+0000] {taskinstance.py:341} INFO - ::group::Post task execution logs
[2025-05-16T05:05:32.874+0000] {taskinstance.py:353} INFO - Marking task as SUCCESS. dag_id=update_manga_database, task_id=initialize_connections, run_id=manual__2025-05-16T05:05:24.039882+00:00, execution_date=20250516T050524, start_date=20250516T050526, end_date=20250516T050532
[2025-05-16T05:05:32.896+0000] {logging_mixin.py:190} INFO - Task instance in success state
[2025-05-16T05:05:32.897+0000] {logging_mixin.py:190} INFO -  Previous state of the Task instance: running
[2025-05-16T05:05:32.898+0000] {logging_mixin.py:190} INFO - Dag name:update_manga_database queued_at:2025-05-16 05:05:24.048833+00:00
[2025-05-16T05:05:32.898+0000] {logging_mixin.py:190} INFO - Task hostname:3729034b4972 operator:_PythonDecoratedOperator
[2025-05-16T05:05:32.942+0000] {local_task_job_runner.py:266} INFO - Task exited with return code 0
[2025-05-16T05:05:32.972+0000] {taskinstance.py:3901} INFO - 0 downstream tasks scheduled from follow-on schedule check
[2025-05-16T05:05:32.976+0000] {local_task_job_runner.py:245} INFO - ::endgroup::
