[2025-05-16T08:29:27.591+0000] {local_task_job_runner.py:123} INFO - ::group::Pre task execution logs
[2025-05-16T08:29:27.611+0000] {taskinstance.py:2614} INFO - Dependencies all met for dep_context=non-requeueable deps ti=<TaskInstance: update_manga_database.send_success_email manual__2025-05-16T08:27:05.470783+00:00 [queued]>
[2025-05-16T08:29:27.619+0000] {taskinstance.py:2614} INFO - Dependencies all met for dep_context=requeueable deps ti=<TaskInstance: update_manga_database.send_success_email manual__2025-05-16T08:27:05.470783+00:00 [queued]>
[2025-05-16T08:29:27.620+0000] {taskinstance.py:2867} INFO - Starting attempt 1 of 2
[2025-05-16T08:29:27.633+0000] {taskinstance.py:2890} INFO - Executing <Task(_PythonDecoratedOperator): send_success_email> on 2025-05-16 08:27:05.470783+00:00
[2025-05-16T08:29:27.641+0000] {warnings.py:112} WARNING - /home/***/.local/lib/python3.12/site-packages/***/task/task_runner/standard_task_runner.py:70: DeprecationWarning: This process (pid=3739) is multi-threaded, use of fork() may lead to deadlocks in the child.
  pid = os.fork()

[2025-05-16T08:29:27.643+0000] {standard_task_runner.py:72} INFO - Started process 3744 to run task
[2025-05-16T08:29:27.644+0000] {standard_task_runner.py:104} INFO - Running: ['***', 'tasks', 'run', 'update_manga_database', 'send_success_email', 'manual__2025-05-16T08:27:05.470783+00:00', '--job-id', '119', '--raw', '--subdir', 'DAGS_FOLDER/update_manga_database_dag.py', '--cfg-path', '/tmp/tmp2ae4lh92']
[2025-05-16T08:29:27.645+0000] {standard_task_runner.py:105} INFO - Job 119: Subtask send_success_email
[2025-05-16T08:29:27.687+0000] {task_command.py:467} INFO - Running <TaskInstance: update_manga_database.send_success_email manual__2025-05-16T08:27:05.470783+00:00 [running]> on host 3729034b4972
[2025-05-16T08:29:27.760+0000] {taskinstance.py:3134} INFO - Exporting env vars: AIRFLOW_CTX_DAG_OWNER='***' AIRFLOW_CTX_DAG_ID='update_manga_database' AIRFLOW_CTX_TASK_ID='send_success_email' AIRFLOW_CTX_EXECUTION_DATE='2025-05-16T08:27:05.470783+00:00' AIRFLOW_CTX_TRY_NUMBER='1' AIRFLOW_CTX_DAG_RUN_ID='manual__2025-05-16T08:27:05.470783+00:00'
[2025-05-16T08:29:27.762+0000] {logging_mixin.py:190} INFO - Task instance is in running state
[2025-05-16T08:29:27.763+0000] {logging_mixin.py:190} INFO -  Previous state of the Task instance: queued
[2025-05-16T08:29:27.763+0000] {logging_mixin.py:190} INFO - Current task name:send_success_email state:running start_date:2025-05-16 08:29:27.612072+00:00
[2025-05-16T08:29:27.764+0000] {logging_mixin.py:190} INFO - Dag name:update_manga_database and current dag run status:running
[2025-05-16T08:29:27.765+0000] {taskinstance.py:732} INFO - ::endgroup::
[2025-05-16T08:29:28.935+0000] {log.py:232} WARNING - 2025-05-16 08:29:28,934 - INFO: Email sent successfully via SendGrid API
[2025-05-16T08:29:28.934+0000] {update_manga_database_dag.py:532} INFO - Email sent successfully via SendGrid API
[2025-05-16T08:29:28.936+0000] {python.py:240} INFO - Done. Returned value was: None
[2025-05-16T08:29:28.947+0000] {taskinstance.py:341} INFO - ::group::Post task execution logs
[2025-05-16T08:29:28.948+0000] {taskinstance.py:353} INFO - Marking task as SUCCESS. dag_id=update_manga_database, task_id=send_success_email, run_id=manual__2025-05-16T08:27:05.470783+00:00, execution_date=20250516T082705, start_date=20250516T082927, end_date=20250516T082928
[2025-05-16T08:29:28.974+0000] {logging_mixin.py:190} INFO - Task instance in success state
[2025-05-16T08:29:28.975+0000] {logging_mixin.py:190} INFO -  Previous state of the Task instance: running
[2025-05-16T08:29:28.975+0000] {logging_mixin.py:190} INFO - Dag name:update_manga_database queued_at:2025-05-16 08:27:05.526243+00:00
[2025-05-16T08:29:28.976+0000] {logging_mixin.py:190} INFO - Task hostname:3729034b4972 operator:_PythonDecoratedOperator
[2025-05-16T08:29:29.027+0000] {local_task_job_runner.py:266} INFO - Task exited with return code 0
[2025-05-16T08:29:29.042+0000] {taskinstance.py:3901} INFO - 0 downstream tasks scheduled from follow-on schedule check
[2025-05-16T08:29:29.046+0000] {local_task_job_runner.py:245} INFO - ::endgroup::
