[2025-05-16T08:15:16.670+0000] {local_task_job_runner.py:123} INFO - ::group::Pre task execution logs
[2025-05-16T08:15:16.695+0000] {taskinstance.py:2614} INFO - Dependencies all met for dep_context=non-requeueable deps ti=<TaskInstance: update_manga_database.fetch_and_process_chapter_data manual__2025-05-16T08:15:02.966469+00:00 [queued]>
[2025-05-16T08:15:16.705+0000] {taskinstance.py:2614} INFO - Dependencies all met for dep_context=requeueable deps ti=<TaskInstance: update_manga_database.fetch_and_process_chapter_data manual__2025-05-16T08:15:02.966469+00:00 [queued]>
[2025-05-16T08:15:16.706+0000] {taskinstance.py:2867} INFO - Starting attempt 1 of 2
[2025-05-16T08:15:16.719+0000] {taskinstance.py:2890} INFO - Executing <Task(_PythonDecoratedOperator): fetch_and_process_chapter_data> on 2025-05-16 08:15:02.966469+00:00
[2025-05-16T08:15:16.726+0000] {warnings.py:112} WARNING - /home/***/.local/lib/python3.12/site-packages/***/task/task_runner/standard_task_runner.py:70: DeprecationWarning: This process (pid=3441) is multi-threaded, use of fork() may lead to deadlocks in the child.
  pid = os.fork()

[2025-05-16T08:15:16.728+0000] {standard_task_runner.py:72} INFO - Started process 3446 to run task
[2025-05-16T08:15:16.728+0000] {standard_task_runner.py:104} INFO - Running: ['***', 'tasks', 'run', 'update_manga_database', 'fetch_and_process_chapter_data', 'manual__2025-05-16T08:15:02.966469+00:00', '--job-id', '107', '--raw', '--subdir', 'DAGS_FOLDER/update_manga_database_dag.py', '--cfg-path', '/tmp/tmpx0sx7cnz']
[2025-05-16T08:15:16.730+0000] {standard_task_runner.py:105} INFO - Job 107: Subtask fetch_and_process_chapter_data
[2025-05-16T08:15:16.772+0000] {task_command.py:467} INFO - Running <TaskInstance: update_manga_database.fetch_and_process_chapter_data manual__2025-05-16T08:15:02.966469+00:00 [running]> on host 3729034b4972
[2025-05-16T08:15:16.855+0000] {taskinstance.py:3134} INFO - Exporting env vars: AIRFLOW_CTX_DAG_OWNER='***' AIRFLOW_CTX_DAG_ID='update_manga_database' AIRFLOW_CTX_TASK_ID='fetch_and_process_chapter_data' AIRFLOW_CTX_EXECUTION_DATE='2025-05-16T08:15:02.966469+00:00' AIRFLOW_CTX_TRY_NUMBER='1' AIRFLOW_CTX_DAG_RUN_ID='manual__2025-05-16T08:15:02.966469+00:00'
[2025-05-16T08:15:16.857+0000] {logging_mixin.py:190} INFO - Task instance is in running state
[2025-05-16T08:15:16.857+0000] {logging_mixin.py:190} INFO -  Previous state of the Task instance: queued
[2025-05-16T08:15:16.858+0000] {logging_mixin.py:190} INFO - Current task name:fetch_and_process_chapter_data state:running start_date:2025-05-16 08:15:16.696593+00:00
[2025-05-16T08:15:16.859+0000] {logging_mixin.py:190} INFO - Dag name:update_manga_database and current dag run status:running
[2025-05-16T08:15:16.859+0000] {taskinstance.py:732} INFO - ::endgroup::
[2025-05-16T08:15:16.861+0000] {log.py:232} WARNING - 2025-05-16 08:15:16,861 - INFO: Fetching chapter data
[2025-05-16T08:15:16.861+0000] {update_manga_database_dag.py:363} INFO - Fetching chapter data
[2025-05-16T08:15:16.870+0000] {logging_mixin.py:190} WARNING - 📚 Fetching chapters 2 weeks ago:   0%|          | 0/59 [00:00<?, ?it/s]
[2025-05-16T08:15:17.108+0000] {log.py:232} WARNING - 2025-05-16 08:15:17,107 - INFO: Manga 4551679e-820b-42a5-85ff-d00ade797383 fetched 1 unique chapters.
[2025-05-16T08:15:17.107+0000] {crawler_instance.py:245} INFO - Manga 4551679e-820b-42a5-85ff-d00ade797383 fetched 1 unique chapters.
[2025-05-16T08:15:17.110+0000] {logging_mixin.py:190} WARNING - 📚 Fetching chapters 2 weeks ago:   2%|1         | 1/59 [00:00<00:13,  4.20it/s]
[2025-05-16T08:15:17.126+0000] {log.py:232} WARNING - 2025-05-16 08:15:17,125 - INFO: Manga e82fb7dd-edff-4593-9fff-760f018f6703 fetched 1 unique chapters.
[2025-05-16T08:15:17.125+0000] {crawler_instance.py:245} INFO - Manga e82fb7dd-edff-4593-9fff-760f018f6703 fetched 1 unique chapters.
[2025-05-16T08:15:17.136+0000] {log.py:232} WARNING - 2025-05-16 08:15:17,136 - INFO: Manga 236ab0cf-a5ef-4039-8e0a-f4cfe4660424 fetched 1 unique chapters.
[2025-05-16T08:15:17.136+0000] {crawler_instance.py:245} INFO - Manga 236ab0cf-a5ef-4039-8e0a-f4cfe4660424 fetched 1 unique chapters.
[2025-05-16T08:15:17.142+0000] {log.py:232} WARNING - 2025-05-16 08:15:17,142 - INFO: Manga dc8a6a1d-51d9-410d-975b-cf884cc68fd0 fetched 0 unique chapters.
[2025-05-16T08:15:17.142+0000] {crawler_instance.py:245} INFO - Manga dc8a6a1d-51d9-410d-975b-cf884cc68fd0 fetched 0 unique chapters.
[2025-05-16T08:15:17.247+0000] {log.py:232} WARNING - 2025-05-16 08:15:17,246 - INFO: Manga d38389ac-caeb-4a4f-8483-589ddbaf50e1 fetched 0 unique chapters.
[2025-05-16T08:15:17.246+0000] {crawler_instance.py:245} INFO - Manga d38389ac-caeb-4a4f-8483-589ddbaf50e1 fetched 0 unique chapters.
[2025-05-16T08:15:17.248+0000] {logging_mixin.py:190} WARNING - 📚 Fetching chapters 2 weeks ago:   8%|8         | 5/59 [00:00<00:03, 15.38it/s]
[2025-05-16T08:15:17.273+0000] {log.py:232} WARNING - 2025-05-16 08:15:17,273 - INFO: Manga 3de96e80-6feb-450c-a169-053d40c01063 fetched 4 unique chapters.
[2025-05-16T08:15:17.273+0000] {crawler_instance.py:245} INFO - Manga 3de96e80-6feb-450c-a169-053d40c01063 fetched 4 unique chapters.
[2025-05-16T08:15:17.275+0000] {log.py:232} WARNING - 2025-05-16 08:15:17,275 - INFO: Manga 8dbb4f57-4e35-4fa6-88c7-2d8f8334d8db fetched 15 unique chapters.
[2025-05-16T08:15:17.275+0000] {crawler_instance.py:245} INFO - Manga 8dbb4f57-4e35-4fa6-88c7-2d8f8334d8db fetched 15 unique chapters.
[2025-05-16T08:15:17.299+0000] {log.py:232} WARNING - 2025-05-16 08:15:17,298 - INFO: Manga 192ec1c9-eb9a-4771-bb79-2b9bb4adbe0e fetched 3 unique chapters.
[2025-05-16T08:15:17.298+0000] {crawler_instance.py:245} INFO - Manga 192ec1c9-eb9a-4771-bb79-2b9bb4adbe0e fetched 3 unique chapters.
[2025-05-16T08:15:17.404+0000] {log.py:232} WARNING - 2025-05-16 08:15:17,403 - INFO: Manga e195fc69-5e5c-4410-84fe-268daef38fbc fetched 1 unique chapters.
[2025-05-16T08:15:17.403+0000] {crawler_instance.py:245} INFO - Manga e195fc69-5e5c-4410-84fe-268daef38fbc fetched 1 unique chapters.
[2025-05-16T08:15:17.406+0000] {logging_mixin.py:190} WARNING - 📚 Fetching chapters 2 weeks ago:  15%|#5        | 9/59 [00:00<00:02, 19.61it/s]
[2025-05-16T08:15:17.438+0000] {log.py:232} WARNING - 2025-05-16 08:15:17,438 - INFO: Manga 051f9e5b-72d9-4d32-ac41-2441c2c03a67 fetched 1 unique chapters.
[2025-05-16T08:15:17.438+0000] {crawler_instance.py:245} INFO - Manga 051f9e5b-72d9-4d32-ac41-2441c2c03a67 fetched 1 unique chapters.
[2025-05-16T08:15:17.440+0000] {log.py:232} WARNING - 2025-05-16 08:15:17,440 - INFO: Manga e7fa5fe6-7988-4f69-a6b8-7f5c34ade5d4 fetched 11 unique chapters.
[2025-05-16T08:15:17.440+0000] {crawler_instance.py:245} INFO - Manga e7fa5fe6-7988-4f69-a6b8-7f5c34ade5d4 fetched 11 unique chapters.
[2025-05-16T08:15:17.441+0000] {log.py:232} WARNING - 2025-05-16 08:15:17,441 - INFO: Manga c5206869-59c1-4988-8c6f-9fcaa71a2c16 fetched 0 unique chapters.
[2025-05-16T08:15:17.441+0000] {crawler_instance.py:245} INFO - Manga c5206869-59c1-4988-8c6f-9fcaa71a2c16 fetched 0 unique chapters.
[2025-05-16T08:15:17.535+0000] {log.py:232} WARNING - 2025-05-16 08:15:17,534 - INFO: Manga de5038a8-898a-4149-a93e-756243cc09e0 fetched 0 unique chapters.
[2025-05-16T08:15:17.534+0000] {crawler_instance.py:245} INFO - Manga de5038a8-898a-4149-a93e-756243cc09e0 fetched 0 unique chapters.
[2025-05-16T08:15:17.537+0000] {logging_mixin.py:190} WARNING - 📚 Fetching chapters 2 weeks ago:  22%|##2       | 13/59 [00:00<00:01, 23.29it/s]
[2025-05-16T08:15:17.583+0000] {log.py:232} WARNING - 2025-05-16 08:15:17,582 - INFO: Manga 582248de-5dec-436c-835e-127e750445fb fetched 0 unique chapters.
[2025-05-16T08:15:17.582+0000] {crawler_instance.py:245} INFO - Manga 582248de-5dec-436c-835e-127e750445fb fetched 0 unique chapters.
[2025-05-16T08:15:17.586+0000] {log.py:232} WARNING - 2025-05-16 08:15:17,586 - INFO: Manga 837db806-4dc6-4bbb-9263-374eaca2eb57 fetched 0 unique chapters.
[2025-05-16T08:15:17.586+0000] {crawler_instance.py:245} INFO - Manga 837db806-4dc6-4bbb-9263-374eaca2eb57 fetched 0 unique chapters.
[2025-05-16T08:15:17.589+0000] {log.py:232} WARNING - 2025-05-16 08:15:17,589 - INFO: Manga 3f403042-3b37-489a-8df2-8f59a1dd6300 fetched 0 unique chapters.
[2025-05-16T08:15:17.589+0000] {crawler_instance.py:245} INFO - Manga 3f403042-3b37-489a-8df2-8f59a1dd6300 fetched 0 unique chapters.
[2025-05-16T08:15:17.686+0000] {log.py:232} WARNING - 2025-05-16 08:15:17,684 - INFO: Manga a8587671-e75c-495c-82fb-801e594e46a1 fetched 0 unique chapters.
[2025-05-16T08:15:17.684+0000] {crawler_instance.py:245} INFO - Manga a8587671-e75c-495c-82fb-801e594e46a1 fetched 0 unique chapters.
[2025-05-16T08:15:17.689+0000] {logging_mixin.py:190} WARNING - 📚 Fetching chapters 2 weeks ago:  29%|##8       | 17/59 [00:00<00:01, 24.36it/s]
[2025-05-16T08:15:17.720+0000] {log.py:232} WARNING - 2025-05-16 08:15:17,719 - INFO: Manga 2c8b92ea-e480-4ebb-bfa7-4ff828c13fd5 fetched 0 unique chapters.
[2025-05-16T08:15:17.719+0000] {crawler_instance.py:245} INFO - Manga 2c8b92ea-e480-4ebb-bfa7-4ff828c13fd5 fetched 0 unique chapters.
[2025-05-16T08:15:17.735+0000] {log.py:232} WARNING - 2025-05-16 08:15:17,734 - INFO: Manga 432cc154-074d-4398-95ae-952769af164d fetched 0 unique chapters.
[2025-05-16T08:15:17.734+0000] {crawler_instance.py:245} INFO - Manga 432cc154-074d-4398-95ae-952769af164d fetched 0 unique chapters.
[2025-05-16T08:15:17.737+0000] {log.py:232} WARNING - 2025-05-16 08:15:17,736 - INFO: Manga 1d6f3596-0667-44b4-b4bd-cf17544b0558 fetched 0 unique chapters.
[2025-05-16T08:15:17.736+0000] {crawler_instance.py:245} INFO - Manga 1d6f3596-0667-44b4-b4bd-cf17544b0558 fetched 0 unique chapters.
[2025-05-16T08:15:17.839+0000] {log.py:232} WARNING - 2025-05-16 08:15:17,839 - INFO: Manga e0a786d3-1760-4f69-9d95-a0eae056a66f fetched 0 unique chapters.
[2025-05-16T08:15:17.839+0000] {crawler_instance.py:245} INFO - Manga e0a786d3-1760-4f69-9d95-a0eae056a66f fetched 0 unique chapters.
[2025-05-16T08:15:17.841+0000] {logging_mixin.py:190} WARNING - 📚 Fetching chapters 2 weeks ago:  36%|###5      | 21/59 [00:00<00:01, 25.01it/s]
[2025-05-16T08:15:17.862+0000] {log.py:232} WARNING - 2025-05-16 08:15:17,861 - INFO: Manga 2e85b6e4-f73c-4483-8860-f55f2bd67119 fetched 1 unique chapters.
[2025-05-16T08:15:17.861+0000] {crawler_instance.py:245} INFO - Manga 2e85b6e4-f73c-4483-8860-f55f2bd67119 fetched 1 unique chapters.
[2025-05-16T08:15:17.864+0000] {log.py:232} WARNING - 2025-05-16 08:15:17,864 - INFO: Manga 96fb960c-77d2-46e2-90f8-95e41a2712c6 fetched 1 unique chapters.
[2025-05-16T08:15:17.864+0000] {crawler_instance.py:245} INFO - Manga 96fb960c-77d2-46e2-90f8-95e41a2712c6 fetched 1 unique chapters.
[2025-05-16T08:15:17.867+0000] {log.py:232} WARNING - 2025-05-16 08:15:17,867 - INFO: Manga e46ede76-7aa6-4887-9eb2-b5fa537b91b6 fetched 8 unique chapters.
[2025-05-16T08:15:17.867+0000] {crawler_instance.py:245} INFO - Manga e46ede76-7aa6-4887-9eb2-b5fa537b91b6 fetched 8 unique chapters.
[2025-05-16T08:15:18.006+0000] {log.py:232} WARNING - 2025-05-16 08:15:18,005 - INFO: Manga 62e80dfd-c1b0-4c65-994b-fd41697f140e fetched 1 unique chapters.
[2025-05-16T08:15:18.005+0000] {crawler_instance.py:245} INFO - Manga 62e80dfd-c1b0-4c65-994b-fd41697f140e fetched 1 unique chapters.
[2025-05-16T08:15:18.009+0000] {logging_mixin.py:190} WARNING - 📚 Fetching chapters 2 weeks ago:  42%|####2     | 25/59 [00:01<00:01, 24.59it/s]
[2025-05-16T08:15:18.011+0000] {log.py:232} WARNING - 2025-05-16 08:15:18,010 - INFO: Manga 5a763d38-ce7a-4b38-8581-a1adb2e29bb4 fetched 0 unique chapters.
[2025-05-16T08:15:18.010+0000] {crawler_instance.py:245} INFO - Manga 5a763d38-ce7a-4b38-8581-a1adb2e29bb4 fetched 0 unique chapters.
[2025-05-16T08:15:18.026+0000] {log.py:232} WARNING - 2025-05-16 08:15:18,025 - INFO: Manga 3844a42e-1f4b-4ba1-b85f-18e00cfa8f02 fetched 0 unique chapters.
[2025-05-16T08:15:18.025+0000] {crawler_instance.py:245} INFO - Manga 3844a42e-1f4b-4ba1-b85f-18e00cfa8f02 fetched 0 unique chapters.
[2025-05-16T08:15:18.028+0000] {log.py:232} WARNING - 2025-05-16 08:15:18,027 - INFO: Manga fe7a1d45-e0c2-4a80-ad62-5f42bbf6b622 fetched 0 unique chapters.
[2025-05-16T08:15:18.027+0000] {crawler_instance.py:245} INFO - Manga fe7a1d45-e0c2-4a80-ad62-5f42bbf6b622 fetched 0 unique chapters.
[2025-05-16T08:15:18.156+0000] {log.py:232} WARNING - 2025-05-16 08:15:18,155 - INFO: Manga 1f4fdbf8-b46a-4401-aaa7-8a3d75e2a711 fetched 1 unique chapters.
[2025-05-16T08:15:18.155+0000] {crawler_instance.py:245} INFO - Manga 1f4fdbf8-b46a-4401-aaa7-8a3d75e2a711 fetched 1 unique chapters.
[2025-05-16T08:15:18.157+0000] {logging_mixin.py:190} WARNING - 📚 Fetching chapters 2 weeks ago:  49%|####9     | 29/59 [00:01<00:01, 25.32it/s]
[2025-05-16T08:15:18.177+0000] {log.py:232} WARNING - 2025-05-16 08:15:18,176 - INFO: Manga 9a40c0b9-912d-4b0e-aa77-c4a07edec275 fetched 0 unique chapters.
[2025-05-16T08:15:18.176+0000] {crawler_instance.py:245} INFO - Manga 9a40c0b9-912d-4b0e-aa77-c4a07edec275 fetched 0 unique chapters.
[2025-05-16T08:15:18.181+0000] {log.py:232} WARNING - 2025-05-16 08:15:18,181 - INFO: Manga 16a247d7-34fd-49eb-9b81-1303896de0dd fetched 0 unique chapters.
[2025-05-16T08:15:18.181+0000] {crawler_instance.py:245} INFO - Manga 16a247d7-34fd-49eb-9b81-1303896de0dd fetched 0 unique chapters.
[2025-05-16T08:15:18.183+0000] {log.py:232} WARNING - 2025-05-16 08:15:18,183 - INFO: Manga cb871a0b-8442-4f9d-8987-38a6d7f11d17 fetched 3 unique chapters.
[2025-05-16T08:15:18.183+0000] {crawler_instance.py:245} INFO - Manga cb871a0b-8442-4f9d-8987-38a6d7f11d17 fetched 3 unique chapters.
[2025-05-16T08:15:18.315+0000] {log.py:232} WARNING - 2025-05-16 08:15:18,315 - INFO: Manga 0616c9ba-9362-40e2-a53b-9d1cd49ad4bd fetched 0 unique chapters.
[2025-05-16T08:15:18.315+0000] {crawler_instance.py:245} INFO - Manga 0616c9ba-9362-40e2-a53b-9d1cd49ad4bd fetched 0 unique chapters.
[2025-05-16T08:15:18.317+0000] {logging_mixin.py:190} WARNING - 📚 Fetching chapters 2 weeks ago:  56%|#####5    | 33/59 [00:01<00:01, 25.24it/s]
[2025-05-16T08:15:18.318+0000] {log.py:232} WARNING - 2025-05-16 08:15:18,317 - INFO: Manga 0567beef-b5b7-4c86-a3c0-e3f4f52e1c35 fetched 0 unique chapters.
[2025-05-16T08:15:18.317+0000] {crawler_instance.py:245} INFO - Manga 0567beef-b5b7-4c86-a3c0-e3f4f52e1c35 fetched 0 unique chapters.
[2025-05-16T08:15:18.320+0000] {log.py:232} WARNING - 2025-05-16 08:15:18,320 - INFO: Manga efa87e8e-dc98-4d67-9aaa-5f99742cd68b fetched 6 unique chapters.
[2025-05-16T08:15:18.320+0000] {crawler_instance.py:245} INFO - Manga efa87e8e-dc98-4d67-9aaa-5f99742cd68b fetched 6 unique chapters.
[2025-05-16T08:15:18.330+0000] {log.py:232} WARNING - 2025-05-16 08:15:18,330 - INFO: Manga 520113a2-3424-4506-90e0-695ffae6f2f0 fetched 0 unique chapters.
[2025-05-16T08:15:18.330+0000] {crawler_instance.py:245} INFO - Manga 520113a2-3424-4506-90e0-695ffae6f2f0 fetched 0 unique chapters.
[2025-05-16T08:15:18.455+0000] {log.py:232} WARNING - 2025-05-16 08:15:18,455 - INFO: Manga 5342d47c-8635-4c2c-bc05-da83dabee2ac fetched 0 unique chapters.
[2025-05-16T08:15:18.455+0000] {crawler_instance.py:245} INFO - Manga 5342d47c-8635-4c2c-bc05-da83dabee2ac fetched 0 unique chapters.
[2025-05-16T08:15:18.457+0000] {logging_mixin.py:190} WARNING - 📚 Fetching chapters 2 weeks ago:  63%|######2   | 37/59 [00:01<00:00, 26.19it/s]
[2025-05-16T08:15:18.464+0000] {log.py:232} WARNING - 2025-05-16 08:15:18,464 - INFO: Manga 8928976d-1485-4260-b6d1-13552690a9f4 fetched 4 unique chapters.
[2025-05-16T08:15:18.464+0000] {crawler_instance.py:245} INFO - Manga 8928976d-1485-4260-b6d1-13552690a9f4 fetched 4 unique chapters.
[2025-05-16T08:15:18.466+0000] {log.py:232} WARNING - 2025-05-16 08:15:18,466 - INFO: Manga 287e1422-57e8-4c73-8d04-9397760df929 fetched 1 unique chapters.
[2025-05-16T08:15:18.466+0000] {crawler_instance.py:245} INFO - Manga 287e1422-57e8-4c73-8d04-9397760df929 fetched 1 unique chapters.
[2025-05-16T08:15:18.472+0000] {log.py:232} WARNING - 2025-05-16 08:15:18,471 - INFO: Manga 97da1b58-741f-4294-9f25-44cde1ecdf9a fetched 4 unique chapters.
[2025-05-16T08:15:18.471+0000] {crawler_instance.py:245} INFO - Manga 97da1b58-741f-4294-9f25-44cde1ecdf9a fetched 4 unique chapters.
[2025-05-16T08:15:18.597+0000] {log.py:232} WARNING - 2025-05-16 08:15:18,596 - INFO: Manga cad50822-3589-40aa-9cbf-d96a2ccc6384 fetched 5 unique chapters.
[2025-05-16T08:15:18.596+0000] {crawler_instance.py:245} INFO - Manga cad50822-3589-40aa-9cbf-d96a2ccc6384 fetched 5 unique chapters.
[2025-05-16T08:15:18.598+0000] {logging_mixin.py:190} WARNING - 📚 Fetching chapters 2 weeks ago:  69%|######9   | 41/59 [00:01<00:00, 26.80it/s]
[2025-05-16T08:15:18.617+0000] {log.py:232} WARNING - 2025-05-16 08:15:18,617 - INFO: Manga 4d393a81-0015-4744-bf9a-064394e3f234 fetched 1 unique chapters.
[2025-05-16T08:15:18.617+0000] {crawler_instance.py:245} INFO - Manga 4d393a81-0015-4744-bf9a-064394e3f234 fetched 1 unique chapters.
[2025-05-16T08:15:18.619+0000] {log.py:232} WARNING - 2025-05-16 08:15:18,618 - INFO: Manga 678dd650-28b0-4b18-a936-1cb8c072745a fetched 0 unique chapters.
[2025-05-16T08:15:18.618+0000] {crawler_instance.py:245} INFO - Manga 678dd650-28b0-4b18-a936-1cb8c072745a fetched 0 unique chapters.
[2025-05-16T08:15:18.621+0000] {log.py:232} WARNING - 2025-05-16 08:15:18,621 - INFO: Manga bdac77b1-608f-4b0d-9773-7053dac0eca6 fetched 5 unique chapters.
[2025-05-16T08:15:18.621+0000] {crawler_instance.py:245} INFO - Manga bdac77b1-608f-4b0d-9773-7053dac0eca6 fetched 5 unique chapters.
[2025-05-16T08:15:18.733+0000] {log.py:232} WARNING - 2025-05-16 08:15:18,733 - INFO: Manga 4de696e3-52a8-45d0-bb77-60e83bc4fa8c fetched 0 unique chapters.
[2025-05-16T08:15:18.733+0000] {crawler_instance.py:245} INFO - Manga 4de696e3-52a8-45d0-bb77-60e83bc4fa8c fetched 0 unique chapters.
[2025-05-16T08:15:18.735+0000] {logging_mixin.py:190} WARNING - 📚 Fetching chapters 2 weeks ago:  76%|#######6  | 45/59 [00:01<00:00, 27.52it/s]
[2025-05-16T08:15:18.777+0000] {log.py:232} WARNING - 2025-05-16 08:15:18,776 - INFO: Manga 1c8d0842-e998-4cd9-8808-a8bac2265743 fetched 0 unique chapters.
[2025-05-16T08:15:18.776+0000] {crawler_instance.py:245} INFO - Manga 1c8d0842-e998-4cd9-8808-a8bac2265743 fetched 0 unique chapters.
[2025-05-16T08:15:18.779+0000] {log.py:232} WARNING - 2025-05-16 08:15:18,778 - INFO: Manga f777da8d-878b-4114-a256-31b21933afc3 fetched 1 unique chapters.
[2025-05-16T08:15:18.778+0000] {crawler_instance.py:245} INFO - Manga f777da8d-878b-4114-a256-31b21933afc3 fetched 1 unique chapters.
[2025-05-16T08:15:18.780+0000] {log.py:232} WARNING - 2025-05-16 08:15:18,780 - INFO: Manga 255937ca-c65b-4f8e-bb39-a41ac667362b fetched 4 unique chapters.
[2025-05-16T08:15:18.780+0000] {crawler_instance.py:245} INFO - Manga 255937ca-c65b-4f8e-bb39-a41ac667362b fetched 4 unique chapters.
[2025-05-16T08:15:18.873+0000] {log.py:232} WARNING - 2025-05-16 08:15:18,873 - INFO: Manga 16ac1429-593f-4fe5-a529-ce8aed994ef5 fetched 1 unique chapters.
[2025-05-16T08:15:18.873+0000] {crawler_instance.py:245} INFO - Manga 16ac1429-593f-4fe5-a529-ce8aed994ef5 fetched 1 unique chapters.
[2025-05-16T08:15:18.875+0000] {logging_mixin.py:190} WARNING - 📚 Fetching chapters 2 weeks ago:  83%|########3 | 49/59 [00:02<00:00, 27.84it/s]
[2025-05-16T08:15:18.906+0000] {log.py:232} WARNING - 2025-05-16 08:15:18,906 - INFO: Manga 4fe0978e-cf64-4b8d-906a-c13da2c7157e fetched 0 unique chapters.
[2025-05-16T08:15:18.906+0000] {crawler_instance.py:245} INFO - Manga 4fe0978e-cf64-4b8d-906a-c13da2c7157e fetched 0 unique chapters.
[2025-05-16T08:15:18.911+0000] {log.py:232} WARNING - 2025-05-16 08:15:18,911 - INFO: Manga 5520f2ef-d4ab-4c22-a6e3-31e74dd76888 fetched 0 unique chapters.
[2025-05-16T08:15:18.911+0000] {crawler_instance.py:245} INFO - Manga 5520f2ef-d4ab-4c22-a6e3-31e74dd76888 fetched 0 unique chapters.
[2025-05-16T08:15:18.922+0000] {log.py:232} WARNING - 2025-05-16 08:15:18,922 - INFO: Manga 13b1e64c-dc93-47c0-99d8-bfee66ae353b fetched 0 unique chapters.
[2025-05-16T08:15:18.922+0000] {crawler_instance.py:245} INFO - Manga 13b1e64c-dc93-47c0-99d8-bfee66ae353b fetched 0 unique chapters.
[2025-05-16T08:15:19.014+0000] {log.py:232} WARNING - 2025-05-16 08:15:19,013 - INFO: Manga 2cdfa7d3-e8ab-4f06-a6f8-89b7a3a22db2 fetched 0 unique chapters.
[2025-05-16T08:15:19.013+0000] {crawler_instance.py:245} INFO - Manga 2cdfa7d3-e8ab-4f06-a6f8-89b7a3a22db2 fetched 0 unique chapters.
[2025-05-16T08:15:19.015+0000] {logging_mixin.py:190} WARNING - 📚 Fetching chapters 2 weeks ago:  90%|########9 | 53/59 [00:02<00:00, 28.03it/s]
[2025-05-16T08:15:19.038+0000] {log.py:232} WARNING - 2025-05-16 08:15:19,037 - INFO: Manga 2b649c16-fb4a-45f1-afb8-9a8f4b4a5bc1 fetched 0 unique chapters.
[2025-05-16T08:15:19.037+0000] {crawler_instance.py:245} INFO - Manga 2b649c16-fb4a-45f1-afb8-9a8f4b4a5bc1 fetched 0 unique chapters.
[2025-05-16T08:15:19.047+0000] {log.py:232} WARNING - 2025-05-16 08:15:19,046 - INFO: Manga e4187ee9-4f6e-49cf-8b2e-b4a80b04d1b3 fetched 0 unique chapters.
[2025-05-16T08:15:19.046+0000] {crawler_instance.py:245} INFO - Manga e4187ee9-4f6e-49cf-8b2e-b4a80b04d1b3 fetched 0 unique chapters.
[2025-05-16T08:15:19.071+0000] {log.py:232} WARNING - 2025-05-16 08:15:19,071 - INFO: Manga cbb7e271-dd90-4b68-9df8-0acd008412d8 fetched 0 unique chapters.
[2025-05-16T08:15:19.071+0000] {crawler_instance.py:245} INFO - Manga cbb7e271-dd90-4b68-9df8-0acd008412d8 fetched 0 unique chapters.
[2025-05-16T08:15:19.147+0000] {log.py:232} WARNING - 2025-05-16 08:15:19,147 - INFO: Manga 24d979fb-1282-4ad8-a7cb-b70297384369 fetched 0 unique chapters.
[2025-05-16T08:15:19.147+0000] {crawler_instance.py:245} INFO - Manga 24d979fb-1282-4ad8-a7cb-b70297384369 fetched 0 unique chapters.
[2025-05-16T08:15:19.148+0000] {logging_mixin.py:190} WARNING - 📚 Fetching chapters 2 weeks ago:  97%|#########6| 57/59 [00:02<00:00, 28.60it/s]
[2025-05-16T08:15:19.175+0000] {log.py:232} WARNING - 2025-05-16 08:15:19,175 - INFO: Manga 25a98773-9196-4760-a2e6-58c725791c78 fetched 0 unique chapters.
[2025-05-16T08:15:19.175+0000] {crawler_instance.py:245} INFO - Manga 25a98773-9196-4760-a2e6-58c725791c78 fetched 0 unique chapters.
[2025-05-16T08:15:19.199+0000] {log.py:232} WARNING - 2025-05-16 08:15:19,199 - INFO: Manga 1c20e3c8-ce80-4e97-b3be-ce1040a1817d fetched 0 unique chapters.
[2025-05-16T08:15:19.199+0000] {crawler_instance.py:245} INFO - Manga 1c20e3c8-ce80-4e97-b3be-ce1040a1817d fetched 0 unique chapters.
[2025-05-16T08:15:19.201+0000] {logging_mixin.py:190} WARNING - 📚 Fetching chapters 2 weeks ago: 100%|##########| 59/59 [00:02<00:00, 25.32it/s]
[2025-05-16T08:15:19.206+0000] {log.py:232} WARNING - 2025-05-16 08:15:19,205 - INFO: Processed chapters for 59 manga
[2025-05-16T08:15:19.205+0000] {update_manga_database_dag.py:370} INFO - Processed chapters for 59 manga
[2025-05-16T08:15:19.207+0000] {python.py:240} INFO - Done. Returned value was: {'dc8a6a1d-51d9-410d-975b-cf884cc68fd0': [], '4551679e-820b-42a5-85ff-d00ade797383': [{'chapter_id': '49c5e0a1-7e6a-4fb0-8708-8f3ce0a806f1', 'manga_id': '4551679e-820b-42a5-85ff-d00ade797383', 'chapter_number': '1', 'volume': None, 'title': None, 'lang': 'ko', 'pages': 28, 'created_at': '2025-05-16T01:54:01+00:00'}], '236ab0cf-a5ef-4039-8e0a-f4cfe4660424': [{'chapter_id': '6ec2b9fd-08f7-4a58-a08a-80f82436c8c9', 'manga_id': '236ab0cf-a5ef-4039-8e0a-f4cfe4660424', 'chapter_number': '1.1', 'volume': '1', 'title': None, 'lang': 'en', 'pages': 34, 'created_at': '2025-05-15T20:49:59+00:00'}], 'e82fb7dd-edff-4593-9fff-760f018f6703': [{'chapter_id': '8c8f62b4-e063-4e9a-8fc7-972b6045687a', 'manga_id': 'e82fb7dd-edff-4593-9fff-760f018f6703', 'chapter_number': None, 'volume': None, 'title': None, 'lang': 'es-la', 'pages': 39, 'created_at': '2025-05-15T18:48:44+00:00'}], 'd38389ac-caeb-4a4f-8483-589ddbaf50e1': [], '192ec1c9-eb9a-4771-bb79-2b9bb4adbe0e': [{'chapter_id': '143711b7-4eb8-43e9-8c8b-f51ebb9a344c', 'manga_id': '192ec1c9-eb9a-4771-bb79-2b9bb4adbe0e', 'chapter_number': '1', 'volume': None, 'title': '', 'lang': 'en', 'pages': 61, 'created_at': '2025-05-15T17:09:56+00:00'}, {'chapter_id': '82141f03-c082-442c-8b6a-13afb1ba3e23', 'manga_id': '192ec1c9-eb9a-4771-bb79-2b9bb4adbe0e', 'chapter_number': '2', 'volume': None, 'title': '', 'lang': 'en', 'pages': 45, 'created_at': '2025-05-15T17:10:31+00:00'}, {'chapter_id': '6d720b40-3aad-47a0-916d-6ce4f5f5d365', 'manga_id': '192ec1c9-eb9a-4771-bb79-2b9bb4adbe0e', 'chapter_number': '3', 'volume': None, 'title': '', 'lang': 'en', 'pages': 37, 'created_at': '2025-05-15T17:11:05+00:00'}], '3de96e80-6feb-450c-a169-053d40c01063': [{'chapter_id': '87a809bb-2126-4199-8bb0-ca744e76aeca', 'manga_id': '3de96e80-6feb-450c-a169-053d40c01063', 'chapter_number': '1', 'volume': None, 'title': '', 'lang': 'en', 'pages': 28, 'created_at': '2025-05-15T17:02:08+00:00'}, {'chapter_id': '7d419259-e55c-493a-a849-8c3395ddc510', 'manga_id': '3de96e80-6feb-450c-a169-053d40c01063', 'chapter_number': '2', 'volume': None, 'title': '', 'lang': 'en', 'pages': 23, 'created_at': '2025-05-15T17:02:34+00:00'}, {'chapter_id': 'f31f77eb-eb4e-488a-89fa-145ae089649b', 'manga_id': '3de96e80-6feb-450c-a169-053d40c01063', 'chapter_number': '3', 'volume': None, 'title': '', 'lang': 'en', 'pages': 28, 'created_at': '2025-05-15T17:03:02+00:00'}, {'chapter_id': '60533411-a9ec-42e9-99eb-4a7387c6e544', 'manga_id': '3de96e80-6feb-450c-a169-053d40c01063', 'chapter_number': '4', 'volume': None, 'title': '', 'lang': 'en', 'pages': 27, 'created_at': '2025-05-15T17:03:27+00:00'}], '8dbb4f57-4e35-4fa6-88c7-2d8f8334d8db': [{'chapter_id': 'ec3cfe93-39ec-4300-8fbd-2613764f32c2', 'manga_id': '8dbb4f57-4e35-4fa6-88c7-2d8f8334d8db', 'chapter_number': '1', 'volume': None, 'title': '', 'lang': 'en', 'pages': 33, 'created_at': '2025-05-15T16:47:53+00:00'}, {'chapter_id': '7fe37362-9219-445a-ad4b-d044f5fb0f78', 'manga_id': '8dbb4f57-4e35-4fa6-88c7-2d8f8334d8db', 'chapter_number': '2', 'volume': None, 'title': '', 'lang': 'en', 'pages': 31, 'created_at': '2025-05-15T16:48:19+00:00'}, {'chapter_id': 'de4fd14a-ab6e-485d-a2ab-f321fcd3908b', 'manga_id': '8dbb4f57-4e35-4fa6-88c7-2d8f8334d8db', 'chapter_number': '3', 'volume': None, 'title': '', 'lang': 'en', 'pages': 32, 'created_at': '2025-05-15T16:48:50+00:00'}, {'chapter_id': '399e4037-7548-4855-8dc0-d78510e0c952', 'manga_id': '8dbb4f57-4e35-4fa6-88c7-2d8f8334d8db', 'chapter_number': '4', 'volume': None, 'title': '', 'lang': 'en', 'pages': 29, 'created_at': '2025-05-15T16:49:17+00:00'}, {'chapter_id': '92da9200-c9ec-4eb9-8404-668f0f0d48b7', 'manga_id': '8dbb4f57-4e35-4fa6-88c7-2d8f8334d8db', 'chapter_number': '5', 'volume': None, 'title': '', 'lang': 'en', 'pages': 34, 'created_at': '2025-05-15T16:49:47+00:00'}, {'chapter_id': 'bdc35347-8a27-4f76-bf22-bfa7a4fe6841', 'manga_id': '8dbb4f57-4e35-4fa6-88c7-2d8f8334d8db', 'chapter_number': '6', 'volume': None, 'title': '', 'lang': 'en', 'pages': 30, 'created_at': '2025-05-15T16:50:12+00:00'}, {'chapter_id': '247220e4-5bc2-49cd-b527-eb2c75296896', 'manga_id': '8dbb4f57-4e35-4fa6-88c7-2d8f8334d8db', 'chapter_number': '7', 'volume': None, 'title': '', 'lang': 'en', 'pages': 29, 'created_at': '2025-05-15T16:55:23+00:00'}, {'chapter_id': 'b309ee67-e822-4cf6-97b6-332df1b42adc', 'manga_id': '8dbb4f57-4e35-4fa6-88c7-2d8f8334d8db', 'chapter_number': '8', 'volume': None, 'title': '', 'lang': 'en', 'pages': 28, 'created_at': '2025-05-15T16:55:49+00:00'}, {'chapter_id': 'f184c114-68c2-433d-abd0-aa2fc4ebe293', 'manga_id': '8dbb4f57-4e35-4fa6-88c7-2d8f8334d8db', 'chapter_number': '9', 'volume': None, 'title': '', 'lang': 'en', 'pages': 28, 'created_at': '2025-05-15T16:56:11+00:00'}, {'chapter_id': '51317a0e-0c77-4f00-9ff9-f68e49c3b29f', 'manga_id': '8dbb4f57-4e35-4fa6-88c7-2d8f8334d8db', 'chapter_number': '10', 'volume': None, 'title': '', 'lang': 'en', 'pages': 26, 'created_at': '2025-05-15T16:56:35+00:00'}, {'chapter_id': '4eaa5b40-aac7-4f34-94bf-0c4108856419', 'manga_id': '8dbb4f57-4e35-4fa6-88c7-2d8f8334d8db', 'chapter_number': '11', 'volume': None, 'title': '', 'lang': 'en', 'pages': 27, 'created_at': '2025-05-15T16:57:00+00:00'}, {'chapter_id': 'ecdb565d-a9c2-4e49-a2c0-293ac5589180', 'manga_id': '8dbb4f57-4e35-4fa6-88c7-2d8f8334d8db', 'chapter_number': '12', 'volume': None, 'title': '', 'lang': 'en', 'pages': 28, 'created_at': '2025-05-15T16:57:25+00:00'}, {'chapter_id': '1ff59269-d84d-4d40-98b6-7353a826a6b6', 'manga_id': '8dbb4f57-4e35-4fa6-88c7-2d8f8334d8db', 'chapter_number': '13', 'volume': None, 'title': '', 'lang': 'en', 'pages': 26, 'created_at': '2025-05-15T16:57:50+00:00'}, {'chapter_id': '54f1f873-5e11-47b7-94b9-d8a8396e2bb4', 'manga_id': '8dbb4f57-4e35-4fa6-88c7-2d8f8334d8db', 'chapter_number': '14', 'volume': None, 'title': '', 'lang': 'en', 'pages': 29, 'created_at': '2025-05-15T16:58:16+00:00'}, {'chapter_id': 'fa75eb21-daad-4607-afec-5a65340a0928', 'manga_id': '8dbb4f57-4e35-4fa6-88c7-2d8f8334d8db', 'chapter_number': '15', 'volume': None, 'title': '', 'lang': 'en', 'pages': 30, 'created_at': '2025-05-15T16:58:41+00:00'}], 'e195fc69-5e5c-4410-84fe-268daef38fbc': [{'chapter_id': '971668bb-24d4-4a02-a53f-21f7be8b9685', 'manga_id': 'e195fc69-5e5c-4410-84fe-268daef38fbc', 'chapter_number': None, 'volume': None, 'title': None, 'lang': 'en', 'pages': 22, 'created_at': '2025-05-15T18:29:09+00:00'}], 'e7fa5fe6-7988-4f69-a6b8-7f5c34ade5d4': [{'chapter_id': 'ed9723d3-06f4-4396-aa32-37fa2b10231f', 'manga_id': 'e7fa5fe6-7988-4f69-a6b8-7f5c34ade5d4', 'chapter_number': '1', 'volume': None, 'title': '', 'lang': 'en', 'pages': 54, 'created_at': '2025-05-15T16:40:13+00:00'}, {'chapter_id': 'ea538fa8-e518-4baf-8150-bbeef6ff5509', 'manga_id': 'e7fa5fe6-7988-4f69-a6b8-7f5c34ade5d4', 'chapter_number': '2', 'volume': None, 'title': '', 'lang': 'en', 'pages': 37, 'created_at': '2025-05-15T16:40:43+00:00'}, {'chapter_id': '7f9cf233-33de-4641-84c4-819dddcda0cd', 'manga_id': 'e7fa5fe6-7988-4f69-a6b8-7f5c34ade5d4', 'chapter_number': '3', 'volume': None, 'title': '', 'lang': 'en', 'pages': 36, 'created_at': '2025-05-15T16:41:14+00:00'}, {'chapter_id': '710ac6e0-39fc-48f1-ae84-3c805c61dc81', 'manga_id': 'e7fa5fe6-7988-4f69-a6b8-7f5c34ade5d4', 'chapter_number': '4', 'volume': None, 'title': '', 'lang': 'en', 'pages': 34, 'created_at': '2025-05-15T16:41:45+00:00'}, {'chapter_id': '3fbe55c3-9785-4874-89b3-ba8e0b035a72', 'manga_id': 'e7fa5fe6-7988-4f69-a6b8-7f5c34ade5d4', 'chapter_number': '5', 'volume': None, 'title': '', 'lang': 'en', 'pages': 35, 'created_at': '2025-05-15T16:42:14+00:00'}, {'chapter_id': '9e17a307-cb2d-4923-9f36-949600129a49', 'manga_id': 'e7fa5fe6-7988-4f69-a6b8-7f5c34ade5d4', 'chapter_number': '6', 'volume': None, 'title': '', 'lang': 'en', 'pages': 32, 'created_at': '2025-05-15T16:42:40+00:00'}, {'chapter_id': 'ee79f063-8fcd-4f58-92e8-d58e48c170fd', 'manga_id': 'e7fa5fe6-7988-4f69-a6b8-7f5c34ade5d4', 'chapter_number': '7', 'volume': None, 'title': '', 'lang': 'en', 'pages': 31, 'created_at': '2025-05-15T16:43:07+00:00'}, {'chapter_id': 'f3dcd0d6-83dc-48f2-8685-2b90320788b2', 'manga_id': 'e7fa5fe6-7988-4f69-a6b8-7f5c34ade5d4', 'chapter_number': '8', 'volume': None, 'title': '', 'lang': 'en', 'pages': 32, 'created_at': '2025-05-15T16:43:35+00:00'}, {'chapter_id': 'b785b05e-0d84-454c-a13c-80141f061788', 'manga_id': 'e7fa5fe6-7988-4f69-a6b8-7f5c34ade5d4', 'chapter_number': '9', 'volume': None, 'title': '', 'lang': 'en', 'pages': 26, 'created_at': '2025-05-15T16:44:02+00:00'}, {'chapter_id': '3b9f350a-e4d2-4d9f-b382-77f8d3084e1f', 'manga_id': 'e7fa5fe6-7988-4f69-a6b8-7f5c34ade5d4', 'chapter_number': '10', 'volume': None, 'title': '', 'lang': 'en', 'pages': 31, 'created_at': '2025-05-15T16:44:28+00:00'}, {'chapter_id': 'a660aaf0-2b7d-4034-b998-24640ff1ad00', 'manga_id': 'e7fa5fe6-7988-4f69-a6b8-7f5c34ade5d4', 'chapter_number': '11', 'volume': None, 'title': '', 'lang': 'en', 'pages': 31, 'created_at': '2025-05-15T16:44:53+00:00'}], '051f9e5b-72d9-4d32-ac41-2441c2c03a67': [{'chapter_id': 'd87d2e44-6984-4fcd-bf88-011a1c9e0a99', 'manga_id': '051f9e5b-72d9-4d32-ac41-2441c2c03a67', 'chapter_number': '0', 'volume': '1', 'title': 'Prologue', 'lang': 'en', 'pages': 28, 'created_at': '2025-05-15T18:10:30+00:00'}], 'c5206869-59c1-4988-8c6f-9fcaa71a2c16': [], 'de5038a8-898a-4149-a93e-756243cc09e0': [], '582248de-5dec-436c-835e-127e750445fb': [], '3f403042-3b37-489a-8df2-8f59a1dd6300': [], '837db806-4dc6-4bbb-9263-374eaca2eb57': [], 'a8587671-e75c-495c-82fb-801e594e46a1': [], '2c8b92ea-e480-4ebb-bfa7-4ff828c13fd5': [], '1d6f3596-0667-44b4-b4bd-cf17544b0558': [], '432cc154-074d-4398-95ae-952769af164d': [], 'e0a786d3-1760-4f69-9d95-a0eae056a66f': [], '2e85b6e4-f73c-4483-8860-f55f2bd67119': [{'chapter_id': '7654ebdc-03ac-446f-9231-e2b9cba93d42', 'manga_id': '2e85b6e4-f73c-4483-8860-f55f2bd67119', 'chapter_number': '0', 'volume': None, 'title': 'Will You Let Me Stay Here?', 'lang': 'en', 'pages': 40, 'created_at': '2025-05-15T07:21:21+00:00'}], 'e46ede76-7aa6-4887-9eb2-b5fa537b91b6': [{'chapter_id': '8cab7c72-ca47-420f-aa5d-bcdb8ab0c2c0', 'manga_id': 'e46ede76-7aa6-4887-9eb2-b5fa537b91b6', 'chapter_number': '1', 'volume': '1', 'title': None, 'lang': 'en', 'pages': 37, 'created_at': '2025-05-15T15:17:00+00:00'}, {'chapter_id': '7c48a93c-78b8-45f0-a92d-ec6c4a1a54db', 'manga_id': 'e46ede76-7aa6-4887-9eb2-b5fa537b91b6', 'chapter_number': '2', 'volume': '1', 'title': None, 'lang': 'en', 'pages': 37, 'created_at': '2025-05-15T15:41:50+00:00'}, {'chapter_id': '72366a6c-a8fa-46aa-ae00-68913aa25240', 'manga_id': 'e46ede76-7aa6-4887-9eb2-b5fa537b91b6', 'chapter_number': '3', 'volume': '1', 'title': None, 'lang': 'en', 'pages': 27, 'created_at': '2025-05-15T15:43:03+00:00'}, {'chapter_id': '1c5aa4e8-71ba-4c63-8cdd-8dcd51ec0e8c', 'manga_id': 'e46ede76-7aa6-4887-9eb2-b5fa537b91b6', 'chapter_number': '4', 'volume': '1', 'title': None, 'lang': 'en', 'pages': 26, 'created_at': '2025-05-15T15:43:51+00:00'}, {'chapter_id': 'f274a92f-cfbb-4587-a40a-7b25d6e969db', 'manga_id': 'e46ede76-7aa6-4887-9eb2-b5fa537b91b6', 'chapter_number': '5', 'volume': '1', 'title': None, 'lang': 'en', 'pages': 37, 'created_at': '2025-05-15T15:44:25+00:00'}, {'chapter_id': '4528dc15-7544-479b-9923-83454f810f28', 'manga_id': 'e46ede76-7aa6-4887-9eb2-b5fa537b91b6', 'chapter_number': '6', 'volume': '1', 'title': None, 'lang': 'en', 'pages': 32, 'created_at': '2025-05-15T15:45:08+00:00'}, {'chapter_id': 'e77a3329-a126-4195-8c63-553a693d9f8e', 'manga_id': 'e46ede76-7aa6-4887-9eb2-b5fa537b91b6', 'chapter_number': '7', 'volume': '1', 'title': None, 'lang': 'en', 'pages': 35, 'created_at': '2025-05-15T15:45:53+00:00'}, {'chapter_id': '76f57e98-cb77-4baf-9259-53b9b596159c', 'manga_id': 'e46ede76-7aa6-4887-9eb2-b5fa537b91b6', 'chapter_number': '8', 'volume': '1', 'title': None, 'lang': 'en', 'pages': 13, 'created_at': '2025-05-15T15:46:19+00:00'}], '96fb960c-77d2-46e2-90f8-95e41a2712c6': [{'chapter_id': 'c8b9c4f3-d56c-4922-9a58-d087b06c0ab8', 'manga_id': '96fb960c-77d2-46e2-90f8-95e41a2712c6', 'chapter_number': None, 'volume': None, 'title': None, 'lang': 'en', 'pages': 27, 'created_at': '2025-05-16T00:46:47+00:00'}], '5a763d38-ce7a-4b38-8581-a1adb2e29bb4': [], '3844a42e-1f4b-4ba1-b85f-18e00cfa8f02': [], 'fe7a1d45-e0c2-4a80-ad62-5f42bbf6b622': [], '62e80dfd-c1b0-4c65-994b-fd41697f140e': [{'chapter_id': '1a8b8a51-e6e5-42fa-8b08-040728aa7d40', 'manga_id': '62e80dfd-c1b0-4c65-994b-fd41697f140e', 'chapter_number': None, 'volume': None, 'title': None, 'lang': 'en', 'pages': 25, 'created_at': '2025-05-15T01:32:30+00:00'}], '1f4fdbf8-b46a-4401-aaa7-8a3d75e2a711': [{'chapter_id': '0714b786-f6e2-456c-9ea6-b22210fb0df9', 'manga_id': '1f4fdbf8-b46a-4401-aaa7-8a3d75e2a711', 'chapter_number': None, 'volume': None, 'title': None, 'lang': 'en', 'pages': 29, 'created_at': '2025-05-15T01:20:45+00:00'}], 'cb871a0b-8442-4f9d-8987-38a6d7f11d17': [{'chapter_id': '620878d4-b9b0-4c5c-bf1a-f79ab9dd0f2d', 'manga_id': 'cb871a0b-8442-4f9d-8987-38a6d7f11d17', 'chapter_number': '1', 'volume': None, 'title': 'Their Relationship', 'lang': 'en', 'pages': 4, 'created_at': '2025-05-14T23:39:25+00:00'}, {'chapter_id': 'ebd3c740-8870-469b-bdc9-9368eb40cdc7', 'manga_id': 'cb871a0b-8442-4f9d-8987-38a6d7f11d17', 'chapter_number': '2', 'volume': None, 'title': None, 'lang': 'en', 'pages': 4, 'created_at': '2025-05-14T23:44:41+00:00'}, {'chapter_id': 'e4c7dc1e-2266-4e37-95af-e2760016e186', 'manga_id': 'cb871a0b-8442-4f9d-8987-38a6d7f11d17', 'chapter_number': '3', 'volume': None, 'title': None, 'lang': 'en', 'pages': 4, 'created_at': '2025-05-15T21:38:34+00:00'}], '9a40c0b9-912d-4b0e-aa77-c4a07edec275': [], '16a247d7-34fd-49eb-9b81-1303896de0dd': [], '0567beef-b5b7-4c86-a3c0-e3f4f52e1c35': [], '0616c9ba-9362-40e2-a53b-9d1cd49ad4bd': [], 'efa87e8e-dc98-4d67-9aaa-5f99742cd68b': [{'chapter_id': '3017a69f-d384-4da2-9657-77f49e8818af', 'manga_id': 'efa87e8e-dc98-4d67-9aaa-5f99742cd68b', 'chapter_number': '1', 'volume': None, 'title': '', 'lang': 'en', 'pages': 35, 'created_at': '2025-05-14T20:14:58+00:00'}, {'chapter_id': '1abf9b08-4c53-49d2-8186-c13f72dc4282', 'manga_id': 'efa87e8e-dc98-4d67-9aaa-5f99742cd68b', 'chapter_number': '2', 'volume': None, 'title': '', 'lang': 'en', 'pages': 30, 'created_at': '2025-05-14T20:15:24+00:00'}, {'chapter_id': '4db32c07-4558-4521-af36-b8c4678d0a35', 'manga_id': 'efa87e8e-dc98-4d67-9aaa-5f99742cd68b', 'chapter_number': '3', 'volume': None, 'title': '', 'lang': 'en', 'pages': 28, 'created_at': '2025-05-14T20:15:48+00:00'}, {'chapter_id': '382c80f3-64cb-43b3-af80-f55c6445dc7a', 'manga_id': 'efa87e8e-dc98-4d67-9aaa-5f99742cd68b', 'chapter_number': '4', 'volume': None, 'title': '', 'lang': 'en', 'pages': 31, 'created_at': '2025-05-14T20:16:16+00:00'}, {'chapter_id': '5804c59f-9dcd-473a-93e4-2d676722c8c4', 'manga_id': 'efa87e8e-dc98-4d67-9aaa-5f99742cd68b', 'chapter_number': '5', 'volume': None, 'title': '', 'lang': 'en', 'pages': 36, 'created_at': '2025-05-14T20:16:46+00:00'}, {'chapter_id': '55a14214-9da5-4b4b-9866-0cb06bddb314', 'manga_id': 'efa87e8e-dc98-4d67-9aaa-5f99742cd68b', 'chapter_number': '6', 'volume': None, 'title': '', 'lang': 'en', 'pages': 33, 'created_at': '2025-05-14T20:17:15+00:00'}], '520113a2-3424-4506-90e0-695ffae6f2f0': [], '97da1b58-741f-4294-9f25-44cde1ecdf9a': [{'chapter_id': '80a32252-7247-48ae-8d07-e9add1b23ab8', 'manga_id': '97da1b58-741f-4294-9f25-44cde1ecdf9a', 'chapter_number': '1', 'volume': None, 'title': '', 'lang': 'en', 'pages': 44, 'created_at': '2025-05-14T20:37:46+00:00'}, {'chapter_id': 'df224e65-686c-4917-bf28-6362fe23d4a8', 'manga_id': '97da1b58-741f-4294-9f25-44cde1ecdf9a', 'chapter_number': '2', 'volume': None, 'title': '', 'lang': 'en', 'pages': 32, 'created_at': '2025-05-14T20:38:20+00:00'}, {'chapter_id': '39a6639e-749a-4162-a8cc-d08765a28432', 'manga_id': '97da1b58-741f-4294-9f25-44cde1ecdf9a', 'chapter_number': '3', 'volume': None, 'title': '', 'lang': 'en', 'pages': 35, 'created_at': '2025-05-14T20:38:53+00:00'}, {'chapter_id': '5c3d7682-692d-4506-85ce-810c2c3acbc5', 'manga_id': '97da1b58-741f-4294-9f25-44cde1ecdf9a', 'chapter_number': '4', 'volume': None, 'title': '', 'lang': 'en', 'pages': 32, 'created_at': '2025-05-14T20:39:22+00:00'}], '8928976d-1485-4260-b6d1-13552690a9f4': [{'chapter_id': '399c4340-38a9-4787-948d-3422c9be2a7c', 'manga_id': '8928976d-1485-4260-b6d1-13552690a9f4', 'chapter_number': '1', 'volume': None, 'title': None, 'lang': 'en', 'pages': 33, 'created_at': '2025-05-14T16:08:03+00:00'}, {'chapter_id': '73ce366b-3d70-4793-a518-9e84ffb78131', 'manga_id': '8928976d-1485-4260-b6d1-13552690a9f4', 'chapter_number': '2', 'volume': None, 'title': None, 'lang': 'en', 'pages': 35, 'created_at': '2025-05-14T16:08:52+00:00'}, {'chapter_id': '506d1da2-f474-42c2-afa0-cfef3fb83fa6', 'manga_id': '8928976d-1485-4260-b6d1-13552690a9f4', 'chapter_number': '3', 'volume': None, 'title': None, 'lang': 'en', 'pages': 33, 'created_at': '2025-05-14T16:09:39+00:00'}, {'chapter_id': '89a7b81f-cb25-45e1-a989-73da086a1b47', 'manga_id': '8928976d-1485-4260-b6d1-13552690a9f4', 'chapter_number': '4', 'volume': None, 'title': None, 'lang': 'en', 'pages': 33, 'created_at': '2025-05-14T16:11:23+00:00'}], '5342d47c-8635-4c2c-bc05-da83dabee2ac': [], '287e1422-57e8-4c73-8d04-9397760df929': [{'chapter_id': '3220c726-d0a7-4e02-ac62-db647baf28b7', 'manga_id': '287e1422-57e8-4c73-8d04-9397760df929', 'chapter_number': '1', 'volume': None, 'title': None, 'lang': 'en', 'pages': 43, 'created_at': '2025-05-14T07:50:07+00:00'}], 'cad50822-3589-40aa-9cbf-d96a2ccc6384': [{'chapter_id': '6a851c50-424c-44dc-aaa6-3ee93599cf73', 'manga_id': 'cad50822-3589-40aa-9cbf-d96a2ccc6384', 'chapter_number': '1', 'volume': None, 'title': None, 'lang': 'en', 'pages': 22, 'created_at': '2025-05-15T00:02:10+00:00'}, {'chapter_id': 'ab5cf646-e23a-44aa-bdca-9dbf591d08ff', 'manga_id': 'cad50822-3589-40aa-9cbf-d96a2ccc6384', 'chapter_number': '2', 'volume': None, 'title': None, 'lang': 'en', 'pages': 19, 'created_at': '2025-05-15T00:03:08+00:00'}, {'chapter_id': '5cee3563-5b50-448c-ad8b-ffa83054a109', 'manga_id': 'cad50822-3589-40aa-9cbf-d96a2ccc6384', 'chapter_number': '3', 'volume': None, 'title': None, 'lang': 'en', 'pages': 19, 'created_at': '2025-05-15T00:11:26+00:00'}, {'chapter_id': 'bebac152-f865-4f7b-b67b-6591041b4a20', 'manga_id': 'cad50822-3589-40aa-9cbf-d96a2ccc6384', 'chapter_number': '4', 'volume': None, 'title': None, 'lang': 'en', 'pages': 18, 'created_at': '2025-05-15T00:12:40+00:00'}, {'chapter_id': 'b647c7f4-3fa0-4a93-8bab-ce8618fc28b7', 'manga_id': 'cad50822-3589-40aa-9cbf-d96a2ccc6384', 'chapter_number': '4.5', 'volume': None, 'title': None, 'lang': 'en', 'pages': 1, 'created_at': '2025-05-15T00:21:23+00:00'}], '678dd650-28b0-4b18-a936-1cb8c072745a': [], '4d393a81-0015-4744-bf9a-064394e3f234': [{'chapter_id': '48aa00bb-4fd5-4bb8-9ebc-ba7184e764e7', 'manga_id': '4d393a81-0015-4744-bf9a-064394e3f234', 'chapter_number': '1', 'volume': None, 'title': 'Eye Patch', 'lang': 'en', 'pages': 5, 'created_at': '2025-05-13T20:43:10+00:00'}], 'bdac77b1-608f-4b0d-9773-7053dac0eca6': [{'chapter_id': '3aa757ec-0e8f-42f9-bcf0-3c969e25552a', 'manga_id': 'bdac77b1-608f-4b0d-9773-7053dac0eca6', 'chapter_number': '1', 'volume': None, 'title': None, 'lang': 'en', 'pages': 27, 'created_at': '2025-05-13T20:17:19+00:00'}, {'chapter_id': '61a6bc0b-4cdb-497f-b702-be063b9ad11b', 'manga_id': 'bdac77b1-608f-4b0d-9773-7053dac0eca6', 'chapter_number': '2', 'volume': None, 'title': None, 'lang': 'en', 'pages': 25, 'created_at': '2025-05-13T20:18:13+00:00'}, {'chapter_id': 'efc5c377-eaaf-468c-a575-59eeca6948cb', 'manga_id': 'bdac77b1-608f-4b0d-9773-7053dac0eca6', 'chapter_number': '3', 'volume': None, 'title': None, 'lang': 'en', 'pages': 28, 'created_at': '2025-05-13T20:18:58+00:00'}, {'chapter_id': 'c148fb46-3687-471b-9d81-322358ae3d8f', 'manga_id': 'bdac77b1-608f-4b0d-9773-7053dac0eca6', 'chapter_number': '4', 'volume': None, 'title': None, 'lang': 'en', 'pages': 22, 'created_at': '2025-05-13T20:23:59+00:00'}, {'chapter_id': 'b29b22aa-60d1-4b7d-a577-3d6b2377061a', 'manga_id': 'bdac77b1-608f-4b0d-9773-7053dac0eca6', 'chapter_number': '5', 'volume': None, 'title': None, 'lang': 'en', 'pages': 25, 'created_at': '2025-05-13T20:25:00+00:00'}], '4de696e3-52a8-45d0-bb77-60e83bc4fa8c': [], '1c8d0842-e998-4cd9-8808-a8bac2265743': [], 'f777da8d-878b-4114-a256-31b21933afc3': [{'chapter_id': '6d2f612b-8881-49fa-a975-4731b2e1487d', 'manga_id': 'f777da8d-878b-4114-a256-31b21933afc3', 'chapter_number': '1', 'volume': '1', 'title': None, 'lang': 'en', 'pages': 64, 'created_at': '2025-05-14T21:27:09+00:00'}], '255937ca-c65b-4f8e-bb39-a41ac667362b': [{'chapter_id': 'f5fdc493-9873-4277-ac51-887f068528f4', 'manga_id': '255937ca-c65b-4f8e-bb39-a41ac667362b', 'chapter_number': '1', 'volume': None, 'title': None, 'lang': 'en', 'pages': 41, 'created_at': '2025-05-13T18:29:19+00:00'}, {'chapter_id': '6aa89664-ca9f-438a-b80f-118657854692', 'manga_id': '255937ca-c65b-4f8e-bb39-a41ac667362b', 'chapter_number': '2', 'volume': None, 'title': None, 'lang': 'en', 'pages': 30, 'created_at': '2025-05-13T18:31:04+00:00'}, {'chapter_id': '0cb78ecc-e754-47a8-8053-af069d95713a', 'manga_id': '255937ca-c65b-4f8e-bb39-a41ac667362b', 'chapter_number': '3', 'volume': None, 'title': None, 'lang': 'en', 'pages': 36, 'created_at': '2025-05-13T18:31:36+00:00'}, {'chapter_id': '15e9fa2d-872b-4d05-b8ba-b15c3a353aed', 'manga_id': '255937ca-c65b-4f8e-bb39-a41ac667362b', 'chapter_number': '4', 'volume': None, 'title': None, 'lang': 'en', 'pages': 38, 'created_at': '2025-05-13T18:34:18+00:00'}], '16ac1429-593f-4fe5-a529-ce8aed994ef5': [{'chapter_id': '5d03825a-2a76-4fc1-b0a8-3337bcd30af4', 'manga_id': '16ac1429-593f-4fe5-a529-ce8aed994ef5', 'chapter_number': None, 'volume': None, 'title': None, 'lang': 'en', 'pages': 25, 'created_at': '2025-05-13T18:07:44+00:00'}], '13b1e64c-dc93-47c0-99d8-bfee66ae353b': [], '4fe0978e-cf64-4b8d-906a-c13da2c7157e': [], '5520f2ef-d4ab-4c22-a6e3-31e74dd76888': [], '2cdfa7d3-e8ab-4f06-a6f8-89b7a3a22db2': [], '2b649c16-fb4a-45f1-afb8-9a8f4b4a5bc1': [], 'e4187ee9-4f6e-49cf-8b2e-b4a80b04d1b3': [], 'cbb7e271-dd90-4b68-9df8-0acd008412d8': [], '24d979fb-1282-4ad8-a7cb-b70297384369': [], '25a98773-9196-4760-a2e6-58c725791c78': [], '1c20e3c8-ce80-4e97-b3be-ce1040a1817d': []}
[2025-05-16T08:15:19.406+0000] {taskinstance.py:341} INFO - ::group::Post task execution logs
[2025-05-16T08:15:19.407+0000] {taskinstance.py:353} INFO - Marking task as SUCCESS. dag_id=update_manga_database, task_id=fetch_and_process_chapter_data, run_id=manual__2025-05-16T08:15:02.966469+00:00, execution_date=20250516T081502, start_date=20250516T081516, end_date=20250516T081519
[2025-05-16T08:15:19.432+0000] {logging_mixin.py:190} INFO - Task instance in success state
[2025-05-16T08:15:19.433+0000] {logging_mixin.py:190} INFO -  Previous state of the Task instance: running
[2025-05-16T08:15:19.433+0000] {logging_mixin.py:190} INFO - Dag name:update_manga_database queued_at:2025-05-16 08:15:03.018674+00:00
[2025-05-16T08:15:19.434+0000] {logging_mixin.py:190} INFO - Task hostname:3729034b4972 operator:_PythonDecoratedOperator
[2025-05-16T08:15:19.476+0000] {local_task_job_runner.py:266} INFO - Task exited with return code 0
[2025-05-16T08:15:19.509+0000] {taskinstance.py:3901} INFO - 1 downstream tasks scheduled from follow-on schedule check
[2025-05-16T08:15:19.511+0000] {local_task_job_runner.py:245} INFO - ::endgroup::
