[2025-05-15T20:15:05.728+0000] {local_task_job_runner.py:123} INFO - ::group::Pre task execution logs
[2025-05-15T20:15:05.748+0000] {taskinstance.py:2614} INFO - Dependencies all met for dep_context=non-requeueable deps ti=<TaskInstance: update_manga_database.initialize_connections manual__2025-05-15T20:15:02.741590+00:00 [queued]>
[2025-05-15T20:15:05.758+0000] {taskinstance.py:2614} INFO - Dependencies all met for dep_context=requeueable deps ti=<TaskInstance: update_manga_database.initialize_connections manual__2025-05-15T20:15:02.741590+00:00 [queued]>
[2025-05-15T20:15:05.759+0000] {taskinstance.py:2867} INFO - Starting attempt 1 of 2
[2025-05-15T20:15:05.774+0000] {taskinstance.py:2890} INFO - Executing <Task(_PythonDecoratedOperator): initialize_connections> on 2025-05-15 20:15:02.741590+00:00
[2025-05-15T20:15:05.782+0000] {warnings.py:112} WARNING - /home/***/.local/lib/python3.12/site-packages/***/task/task_runner/standard_task_runner.py:70: DeprecationWarning: This process (pid=1895) is multi-threaded, use of fork() may lead to deadlocks in the child.
  pid = os.fork()

[2025-05-15T20:15:05.785+0000] {standard_task_runner.py:72} INFO - Started process 1904 to run task
[2025-05-15T20:15:05.786+0000] {standard_task_runner.py:104} INFO - Running: ['***', 'tasks', 'run', 'update_manga_database', 'initialize_connections', 'manual__2025-05-15T20:15:02.741590+00:00', '--job-id', '21', '--raw', '--subdir', 'DAGS_FOLDER/update_manga_database_dag.py', '--cfg-path', '/tmp/tmpp2q_4ujt']
[2025-05-15T20:15:05.787+0000] {standard_task_runner.py:105} INFO - Job 21: Subtask initialize_connections
[2025-05-15T20:15:05.850+0000] {task_command.py:467} INFO - Running <TaskInstance: update_manga_database.initialize_connections manual__2025-05-15T20:15:02.741590+00:00 [running]> on host 3729034b4972
[2025-05-15T20:15:05.944+0000] {taskinstance.py:3134} INFO - Exporting env vars: AIRFLOW_CTX_DAG_OWNER='***' AIRFLOW_CTX_DAG_ID='update_manga_database' AIRFLOW_CTX_TASK_ID='initialize_connections' AIRFLOW_CTX_EXECUTION_DATE='2025-05-15T20:15:02.741590+00:00' AIRFLOW_CTX_TRY_NUMBER='1' AIRFLOW_CTX_DAG_RUN_ID='manual__2025-05-15T20:15:02.741590+00:00'
[2025-05-15T20:15:05.946+0000] {logging_mixin.py:190} INFO - Task instance is in running state
[2025-05-15T20:15:05.947+0000] {logging_mixin.py:190} INFO -  Previous state of the Task instance: queued
[2025-05-15T20:15:05.947+0000] {logging_mixin.py:190} INFO - Current task name:initialize_connections state:running start_date:2025-05-15 20:15:05.749279+00:00
[2025-05-15T20:15:05.948+0000] {logging_mixin.py:190} INFO - Dag name:update_manga_database and current dag run status:running
[2025-05-15T20:15:05.948+0000] {taskinstance.py:732} INFO - ::endgroup::
[2025-05-15T20:15:09.744+0000] {log.py:232} WARNING - 2025-05-15 20:15:09,743 - INFO: Successfully connected to PostgreSQL database
[2025-05-15T20:15:09.743+0000] {update_manga_database_dag.py:344} INFO - Successfully connected to PostgreSQL database
[2025-05-15T20:15:11.460+0000] {log.py:232} WARNING - 2025-05-15 20:15:11,459 - INFO: Successfully connected to MongoDB
[2025-05-15T20:15:11.459+0000] {update_manga_database_dag.py:349} INFO - Successfully connected to MongoDB
[2025-05-15T20:15:11.461+0000] {python.py:240} INFO - Done. Returned value was: {'pg_url': 'postgresql://togiabao:mysecretpassword@54.160.245.147:5432/mangadex', 'mongo_uri': 'mongodb://togiabao:mysecretpassword@54.160.245.147:27017', 'mongo_db': 'mangadex', 'mongo_collection': 'chapter_images_test'}
[2025-05-15T20:15:11.509+0000] {taskinstance.py:341} INFO - ::group::Post task execution logs
[2025-05-15T20:15:11.511+0000] {taskinstance.py:353} INFO - Marking task as SUCCESS. dag_id=update_manga_database, task_id=initialize_connections, run_id=manual__2025-05-15T20:15:02.741590+00:00, execution_date=20250515T201502, start_date=20250515T201505, end_date=20250515T201511
[2025-05-15T20:15:11.546+0000] {logging_mixin.py:190} INFO - Task instance in success state
[2025-05-15T20:15:11.547+0000] {logging_mixin.py:190} INFO -  Previous state of the Task instance: running
[2025-05-15T20:15:11.547+0000] {logging_mixin.py:190} INFO - Dag name:update_manga_database queued_at:2025-05-15 20:15:02.765420+00:00
[2025-05-15T20:15:11.548+0000] {logging_mixin.py:190} INFO - Task hostname:3729034b4972 operator:_PythonDecoratedOperator
[2025-05-15T20:15:11.590+0000] {local_task_job_runner.py:266} INFO - Task exited with return code 0
[2025-05-15T20:15:11.628+0000] {taskinstance.py:3901} INFO - 1 downstream tasks scheduled from follow-on schedule check
[2025-05-15T20:15:11.630+0000] {local_task_job_runner.py:245} INFO - ::endgroup::
