[2025-05-16T06:13:53.639+0000] {local_task_job_runner.py:123} INFO - ::group::Pre task execution logs
[2025-05-16T06:13:53.664+0000] {taskinstance.py:2614} INFO - Dependencies all met for dep_context=non-requeueable deps ti=<TaskInstance: update_manga_database.update_all_databases manual__2025-05-16T06:12:31.518922+00:00 [queued]>
[2025-05-16T06:13:53.679+0000] {taskinstance.py:2614} INFO - Dependencies all met for dep_context=requeueable deps ti=<TaskInstance: update_manga_database.update_all_databases manual__2025-05-16T06:12:31.518922+00:00 [queued]>
[2025-05-16T06:13:53.680+0000] {taskinstance.py:2867} INFO - Starting attempt 1 of 2
[2025-05-16T06:13:53.695+0000] {taskinstance.py:2890} INFO - Executing <Task(_PythonDecoratedOperator): update_all_databases> on 2025-05-16 06:12:31.518922+00:00
[2025-05-16T06:13:53.702+0000] {warnings.py:112} WARNING - /home/***/.local/lib/python3.12/site-packages/***/task/task_runner/standard_task_runner.py:70: DeprecationWarning: This process (pid=1842) is multi-threaded, use of fork() may lead to deadlocks in the child.
  pid = os.fork()

[2025-05-16T06:13:53.704+0000] {standard_task_runner.py:72} INFO - Started process 1847 to run task
[2025-05-16T06:13:53.706+0000] {standard_task_runner.py:104} INFO - Running: ['***', 'tasks', 'run', 'update_manga_database', 'update_all_databases', 'manual__2025-05-16T06:12:31.518922+00:00', '--job-id', '103', '--raw', '--subdir', 'DAGS_FOLDER/update_manga_database_dag.py', '--cfg-path', '/tmp/tmp2nr1d83z']
[2025-05-16T06:13:53.707+0000] {standard_task_runner.py:105} INFO - Job 103: Subtask update_all_databases
[2025-05-16T06:13:53.756+0000] {task_command.py:467} INFO - Running <TaskInstance: update_manga_database.update_all_databases manual__2025-05-16T06:12:31.518922+00:00 [running]> on host 3729034b4972
[2025-05-16T06:13:53.878+0000] {taskinstance.py:3134} INFO - Exporting env vars: AIRFLOW_CTX_DAG_OWNER='***' AIRFLOW_CTX_DAG_ID='update_manga_database' AIRFLOW_CTX_TASK_ID='update_all_databases' AIRFLOW_CTX_EXECUTION_DATE='2025-05-16T06:12:31.518922+00:00' AIRFLOW_CTX_TRY_NUMBER='1' AIRFLOW_CTX_DAG_RUN_ID='manual__2025-05-16T06:12:31.518922+00:00'
[2025-05-16T06:13:53.880+0000] {logging_mixin.py:190} INFO - Task instance is in running state
[2025-05-16T06:13:53.881+0000] {logging_mixin.py:190} INFO -  Previous state of the Task instance: queued
[2025-05-16T06:13:53.882+0000] {logging_mixin.py:190} INFO - Current task name:update_all_databases state:running start_date:2025-05-16 06:13:53.665793+00:00
[2025-05-16T06:13:53.882+0000] {logging_mixin.py:190} INFO - Dag name:update_manga_database and current dag run status:running
[2025-05-16T06:13:53.883+0000] {taskinstance.py:732} INFO - ::endgroup::
[2025-05-16T06:13:53.885+0000] {log.py:232} WARNING - 2025-05-16 06:13:53,884 - INFO: Starting all database updates
[2025-05-16T06:13:53.884+0000] {update_manga_database_dag.py:396} INFO - Starting all database updates
[2025-05-16T06:13:53.896+0000] {log.py:232} WARNING - 2025-05-16 06:13:53,895 - INFO: Transaction started
[2025-05-16T06:13:53.895+0000] {update_manga_database_dag.py:72} INFO - Transaction started
[2025-05-16T06:13:53.902+0000] {log.py:232} WARNING - 2025-05-16 06:13:53,902 - INFO: Checking 61 manga for updates
[2025-05-16T06:13:53.902+0000] {update_sequential.py:59} INFO - Checking 61 manga for updates
[2025-05-16T06:13:58.415+0000] {log.py:232} WARNING - 2025-05-16 06:13:58,414 - INFO: ADDED: Pieces of Us (ID: dc8a6a1d-51d9-410d-975b-cf884cc68fd0)
[2025-05-16T06:13:58.414+0000] {update_sequential.py:115} INFO - ADDED: Pieces of Us (ID: dc8a6a1d-51d9-410d-975b-cf884cc68fd0)
[2025-05-16T06:13:58.683+0000] {log.py:232} WARNING - 2025-05-16 06:13:58,682 - INFO: ADDED: Haru no Hikari ni Noma rete mo (ID: 4551679e-820b-42a5-85ff-d00ade797383)
[2025-05-16T06:13:58.682+0000] {update_sequential.py:115} INFO - ADDED: Haru no Hikari ni Noma rete mo (ID: 4551679e-820b-42a5-85ff-d00ade797383)
[2025-05-16T06:13:58.948+0000] {log.py:232} WARNING - 2025-05-16 06:13:58,947 - INFO: ADDED: CMYK (ID: 236ab0cf-a5ef-4039-8e0a-f4cfe4660424)
[2025-05-16T06:13:58.947+0000] {update_sequential.py:115} INFO - ADDED: CMYK (ID: 236ab0cf-a5ef-4039-8e0a-f4cfe4660424)
[2025-05-16T06:13:59.213+0000] {log.py:232} WARNING - 2025-05-16 06:13:59,213 - INFO: ADDED: There May Be Something There That Wasn’t There Before - Haikyuu dj (ID: e82fb7dd-edff-4593-9fff-760f018f6703)
[2025-05-16T06:13:59.213+0000] {update_sequential.py:115} INFO - ADDED: There May Be Something There That Wasn’t There Before - Haikyuu dj (ID: e82fb7dd-edff-4593-9fff-760f018f6703)
[2025-05-16T06:13:59.479+0000] {log.py:232} WARNING - 2025-05-16 06:13:59,478 - INFO: ADDED: Falling in the blue (ID: d38389ac-caeb-4a4f-8483-589ddbaf50e1)
[2025-05-16T06:13:59.478+0000] {update_sequential.py:115} INFO - ADDED: Falling in the blue (ID: d38389ac-caeb-4a4f-8483-589ddbaf50e1)
[2025-05-16T06:13:59.745+0000] {log.py:232} WARNING - 2025-05-16 06:13:59,745 - INFO: ADDED: The Maid (ID: 192ec1c9-eb9a-4771-bb79-2b9bb4adbe0e)
[2025-05-16T06:13:59.745+0000] {update_sequential.py:115} INFO - ADDED: The Maid (ID: 192ec1c9-eb9a-4771-bb79-2b9bb4adbe0e)
[2025-05-16T06:14:00.013+0000] {log.py:232} WARNING - 2025-05-16 06:14:00,013 - INFO: ADDED: The Fairy's Wish (ID: 3de96e80-6feb-450c-a169-053d40c01063)
[2025-05-16T06:14:00.013+0000] {update_sequential.py:115} INFO - ADDED: The Fairy's Wish (ID: 3de96e80-6feb-450c-a169-053d40c01063)
[2025-05-16T06:14:00.279+0000] {log.py:232} WARNING - 2025-05-16 06:14:00,279 - INFO: ADDED: I Reincarnated as a Parenting Story Extra (ID: 8dbb4f57-4e35-4fa6-88c7-2d8f8334d8db)
[2025-05-16T06:14:00.279+0000] {update_sequential.py:115} INFO - ADDED: I Reincarnated as a Parenting Story Extra (ID: 8dbb4f57-4e35-4fa6-88c7-2d8f8334d8db)
[2025-05-16T06:14:00.550+0000] {log.py:232} WARNING - 2025-05-16 06:14:00,550 - INFO: ADDED: Every Day is a Good Day When There's Love (ID: e195fc69-5e5c-4410-84fe-268daef38fbc)
[2025-05-16T06:14:00.550+0000] {update_sequential.py:115} INFO - ADDED: Every Day is a Good Day When There's Love (ID: e195fc69-5e5c-4410-84fe-268daef38fbc)
[2025-05-16T06:14:00.816+0000] {log.py:232} WARNING - 2025-05-16 06:14:00,815 - INFO: ADDED: Siren: The Beginning of the Curse (ID: e7fa5fe6-7988-4f69-a6b8-7f5c34ade5d4)
[2025-05-16T06:14:00.815+0000] {update_sequential.py:115} INFO - ADDED: Siren: The Beginning of the Curse (ID: e7fa5fe6-7988-4f69-a6b8-7f5c34ade5d4)
[2025-05-16T06:14:01.083+0000] {log.py:232} WARNING - 2025-05-16 06:14:01,082 - INFO: ADDED: Yoki Himo to Yoki Kainushi (ID: 051f9e5b-72d9-4d32-ac41-2441c2c03a67)
[2025-05-16T06:14:01.082+0000] {update_sequential.py:115} INFO - ADDED: Yoki Himo to Yoki Kainushi (ID: 051f9e5b-72d9-4d32-ac41-2441c2c03a67)
[2025-05-16T06:14:01.348+0000] {log.py:232} WARNING - 2025-05-16 06:14:01,347 - INFO: ADDED: SEVEN TEEN COP (ID: c5206869-59c1-4988-8c6f-9fcaa71a2c16)
[2025-05-16T06:14:01.347+0000] {update_sequential.py:115} INFO - ADDED: SEVEN TEEN COP (ID: c5206869-59c1-4988-8c6f-9fcaa71a2c16)
[2025-05-16T06:14:01.616+0000] {log.py:232} WARNING - 2025-05-16 06:14:01,615 - INFO: ADDED: Kono Ao ni Koi wo Shita (ID: de5038a8-898a-4149-a93e-756243cc09e0)
[2025-05-16T06:14:01.615+0000] {update_sequential.py:115} INFO - ADDED: Kono Ao ni Koi wo Shita (ID: de5038a8-898a-4149-a93e-756243cc09e0)
[2025-05-16T06:14:01.881+0000] {log.py:232} WARNING - 2025-05-16 06:14:01,881 - INFO: ADDED: Puri ☆ Hani (ID: 582248de-5dec-436c-835e-127e750445fb)
[2025-05-16T06:14:01.881+0000] {update_sequential.py:115} INFO - ADDED: Puri ☆ Hani (ID: 582248de-5dec-436c-835e-127e750445fb)
[2025-05-16T06:14:02.148+0000] {log.py:232} WARNING - 2025-05-16 06:14:02,147 - INFO: ADDED: Rental Kareshi (ID: 3f403042-3b37-489a-8df2-8f59a1dd6300)
[2025-05-16T06:14:02.147+0000] {update_sequential.py:115} INFO - ADDED: Rental Kareshi (ID: 3f403042-3b37-489a-8df2-8f59a1dd6300)
[2025-05-16T06:14:02.419+0000] {log.py:232} WARNING - 2025-05-16 06:14:02,418 - INFO: ADDED: Paris no Koibitotachi (ID: 837db806-4dc6-4bbb-9263-374eaca2eb57)
[2025-05-16T06:14:02.418+0000] {update_sequential.py:115} INFO - ADDED: Paris no Koibitotachi (ID: 837db806-4dc6-4bbb-9263-374eaca2eb57)
[2025-05-16T06:14:02.778+0000] {log.py:232} WARNING - 2025-05-16 06:14:02,725 - INFO: ADDED: Wana ni Kakatta Cinderella (ID: a8587671-e75c-495c-82fb-801e594e46a1)
[2025-05-16T06:14:02.725+0000] {update_sequential.py:115} INFO - ADDED: Wana ni Kakatta Cinderella (ID: a8587671-e75c-495c-82fb-801e594e46a1)
[2025-05-16T06:14:03.163+0000] {log.py:232} WARNING - 2025-05-16 06:14:03,131 - INFO: ADDED: Hakiri-san wa Kimi Dake no Shinigami ni Narita (ID: 2c8b92ea-e480-4ebb-bfa7-4ff828c13fd5)
[2025-05-16T06:14:03.131+0000] {update_sequential.py:115} INFO - ADDED: Hakiri-san wa Kimi Dake no Shinigami ni Narita (ID: 2c8b92ea-e480-4ebb-bfa7-4ff828c13fd5)
[2025-05-16T06:14:03.499+0000] {log.py:232} WARNING - 2025-05-16 06:14:03,498 - INFO: ADDED: Mikado-Kun, Kyo Mo Biju Ga Idesune (ID: 1d6f3596-0667-44b4-b4bd-cf17544b0558)
[2025-05-16T06:14:03.498+0000] {update_sequential.py:115} INFO - ADDED: Mikado-Kun, Kyo Mo Biju Ga Idesune (ID: 1d6f3596-0667-44b4-b4bd-cf17544b0558)
[2025-05-16T06:14:03.765+0000] {log.py:232} WARNING - 2025-05-16 06:14:03,765 - INFO: ADDED: Mega Monster Battle: Ultra Adventure NEO (ID: 432cc154-074d-4398-95ae-952769af164d)
[2025-05-16T06:14:03.765+0000] {update_sequential.py:115} INFO - ADDED: Mega Monster Battle: Ultra Adventure NEO (ID: 432cc154-074d-4398-95ae-952769af164d)
[2025-05-16T06:14:04.032+0000] {log.py:232} WARNING - 2025-05-16 06:14:04,031 - INFO: ADDED: This isn't Erotic at All! (ID: e0a786d3-1760-4f69-9d95-a0eae056a66f)
[2025-05-16T06:14:04.031+0000] {update_sequential.py:115} INFO - ADDED: This isn't Erotic at All! (ID: e0a786d3-1760-4f69-9d95-a0eae056a66f)
[2025-05-16T06:14:04.298+0000] {log.py:232} WARNING - 2025-05-16 06:14:04,297 - INFO: ADDED: Will You Let Me Stay Here? (ID: 2e85b6e4-f73c-4483-8860-f55f2bd67119)
[2025-05-16T06:14:04.297+0000] {update_sequential.py:115} INFO - ADDED: Will You Let Me Stay Here? (ID: 2e85b6e4-f73c-4483-8860-f55f2bd67119)
[2025-05-16T06:14:04.563+0000] {log.py:232} WARNING - 2025-05-16 06:14:04,563 - INFO: ADDED: Orokamono no Ai no Uta (ID: e46ede76-7aa6-4887-9eb2-b5fa537b91b6)
[2025-05-16T06:14:04.563+0000] {update_sequential.py:115} INFO - ADDED: Orokamono no Ai no Uta (ID: e46ede76-7aa6-4887-9eb2-b5fa537b91b6)
[2025-05-16T06:14:04.831+0000] {log.py:232} WARNING - 2025-05-16 06:14:04,830 - INFO: ADDED: Uma Musume Pretty Derby - My Feelings, in the Shape of an Umbrella (Doujinshi) (ID: 96fb960c-77d2-46e2-90f8-95e41a2712c6)
[2025-05-16T06:14:04.830+0000] {update_sequential.py:115} INFO - ADDED: Uma Musume Pretty Derby - My Feelings, in the Shape of an Umbrella (Doujinshi) (ID: 96fb960c-77d2-46e2-90f8-95e41a2712c6)
[2025-05-16T06:14:05.096+0000] {log.py:232} WARNING - 2025-05-16 06:14:05,096 - INFO: ADDED: Long, Long Ride (One shot) (ID: 5a763d38-ce7a-4b38-8581-a1adb2e29bb4)
[2025-05-16T06:14:05.096+0000] {update_sequential.py:115} INFO - ADDED: Long, Long Ride (One shot) (ID: 5a763d38-ce7a-4b38-8581-a1adb2e29bb4)
[2025-05-16T06:14:05.362+0000] {log.py:232} WARNING - 2025-05-16 06:14:05,362 - INFO: ADDED: The Regressed Empress's Abduction Marriage (ID: 3844a42e-1f4b-4ba1-b85f-18e00cfa8f02)
[2025-05-16T06:14:05.362+0000] {update_sequential.py:115} INFO - ADDED: The Regressed Empress's Abduction Marriage (ID: 3844a42e-1f4b-4ba1-b85f-18e00cfa8f02)
[2025-05-16T06:14:05.634+0000] {log.py:232} WARNING - 2025-05-16 06:14:05,633 - INFO: ADDED: New YAT Untroubled! Space Tours Compilation (ID: fe7a1d45-e0c2-4a80-ad62-5f42bbf6b622)
[2025-05-16T06:14:05.633+0000] {update_sequential.py:115} INFO - ADDED: New YAT Untroubled! Space Tours Compilation (ID: fe7a1d45-e0c2-4a80-ad62-5f42bbf6b622)
[2025-05-16T06:14:05.913+0000] {log.py:232} WARNING - 2025-05-16 06:14:05,912 - INFO: ADDED: Diamond no Ace - Sawatte Kawatte (Doujinshi) (ID: 62e80dfd-c1b0-4c65-994b-fd41697f140e)
[2025-05-16T06:14:05.912+0000] {update_sequential.py:115} INFO - ADDED: Diamond no Ace - Sawatte Kawatte (Doujinshi) (ID: 62e80dfd-c1b0-4c65-994b-fd41697f140e)
[2025-05-16T06:14:06.181+0000] {log.py:232} WARNING - 2025-05-16 06:14:06,181 - INFO: ADDED: Diamond no Ace - Nonstop Suponpon (Doujinshi) (ID: 1f4fdbf8-b46a-4401-aaa7-8a3d75e2a711)
[2025-05-16T06:14:06.181+0000] {update_sequential.py:115} INFO - ADDED: Diamond no Ace - Nonstop Suponpon (Doujinshi) (ID: 1f4fdbf8-b46a-4401-aaa7-8a3d75e2a711)
[2025-05-16T06:14:06.447+0000] {log.py:232} WARNING - 2025-05-16 06:14:06,446 - INFO: ADDED: Kouiu Kankei ga Sugoku Suki (ID: cb871a0b-8442-4f9d-8987-38a6d7f11d17)
[2025-05-16T06:14:06.446+0000] {update_sequential.py:115} INFO - ADDED: Kouiu Kankei ga Sugoku Suki (ID: cb871a0b-8442-4f9d-8987-38a6d7f11d17)
[2025-05-16T06:14:06.715+0000] {log.py:232} WARNING - 2025-05-16 06:14:06,714 - INFO: ADDED: Seijo ga Kuru kara "Kimi wo Aisuru koto wa Nai" to Iwareta node Okazari Ouhi ni Tesshiteitara, Seijo ga 5-sai Datta node Zenryoku de Aishimasu!! (ID: 9a40c0b9-912d-4b0e-aa77-c4a07edec275)
[2025-05-16T06:14:06.714+0000] {update_sequential.py:115} INFO - ADDED: Seijo ga Kuru kara "Kimi wo Aisuru koto wa Nai" to Iwareta node Okazari Ouhi ni Tesshiteitara, Seijo ga 5-sai Datta node Zenryoku de Aishimasu!! (ID: 9a40c0b9-912d-4b0e-aa77-c4a07edec275)
[2025-05-16T06:14:06.979+0000] {log.py:232} WARNING - 2025-05-16 06:14:06,979 - INFO: ADDED: Watashi no Mama wa Mano-kun desu. (ID: 16a247d7-34fd-49eb-9b81-1303896de0dd)
[2025-05-16T06:14:06.979+0000] {update_sequential.py:115} INFO - ADDED: Watashi no Mama wa Mano-kun desu. (ID: 16a247d7-34fd-49eb-9b81-1303896de0dd)
[2025-05-16T06:14:07.254+0000] {log.py:232} WARNING - 2025-05-16 06:14:07,254 - INFO: ADDED: Yusha No Watashidesuga, Tekkoku Mao Sama No Aisaremeido Ni Narimashita (ID: 0567beef-b5b7-4c86-a3c0-e3f4f52e1c35)
[2025-05-16T06:14:07.254+0000] {update_sequential.py:115} INFO - ADDED: Yusha No Watashidesuga, Tekkoku Mao Sama No Aisaremeido Ni Narimashita (ID: 0567beef-b5b7-4c86-a3c0-e3f4f52e1c35)
[2025-05-16T06:14:07.519+0000] {log.py:232} WARNING - 2025-05-16 06:14:07,519 - INFO: ADDED: Frontier World Online - Shoukanshi to shite Katsudou-chuu (ID: 0616c9ba-9362-40e2-a53b-9d1cd49ad4bd)
[2025-05-16T06:14:07.519+0000] {update_sequential.py:115} INFO - ADDED: Frontier World Online - Shoukanshi to shite Katsudou-chuu (ID: 0616c9ba-9362-40e2-a53b-9d1cd49ad4bd)
[2025-05-16T06:14:07.784+0000] {log.py:232} WARNING - 2025-05-16 06:14:07,784 - INFO: ADDED: Moonlight Sequence (ID: efa87e8e-dc98-4d67-9aaa-5f99742cd68b)
[2025-05-16T06:14:07.784+0000] {update_sequential.py:115} INFO - ADDED: Moonlight Sequence (ID: efa87e8e-dc98-4d67-9aaa-5f99742cd68b)
[2025-05-16T06:14:08.051+0000] {log.py:232} WARNING - 2025-05-16 06:14:08,050 - INFO: ADDED: Samuku naru to Kata wo Yosete (ID: 520113a2-3424-4506-90e0-695ffae6f2f0)
[2025-05-16T06:14:08.050+0000] {update_sequential.py:115} INFO - ADDED: Samuku naru to Kata wo Yosete (ID: 520113a2-3424-4506-90e0-695ffae6f2f0)
[2025-05-16T06:14:08.316+0000] {log.py:232} WARNING - 2025-05-16 06:14:08,315 - INFO: ADDED: The Dragon King's Favor (ID: 97da1b58-741f-4294-9f25-44cde1ecdf9a)
[2025-05-16T06:14:08.315+0000] {update_sequential.py:115} INFO - ADDED: The Dragon King's Favor (ID: 97da1b58-741f-4294-9f25-44cde1ecdf9a)
[2025-05-16T06:14:08.585+0000] {log.py:232} WARNING - 2025-05-16 06:14:08,584 - INFO: ADDED: Dolswe, Let Me see It Just Once (ID: 8928976d-1485-4260-b6d1-13552690a9f4)
[2025-05-16T06:14:08.584+0000] {update_sequential.py:115} INFO - ADDED: Dolswe, Let Me see It Just Once (ID: 8928976d-1485-4260-b6d1-13552690a9f4)
[2025-05-16T06:14:08.850+0000] {log.py:232} WARNING - 2025-05-16 06:14:08,850 - INFO: ADDED: Sweet Poison (ID: 5342d47c-8635-4c2c-bc05-da83dabee2ac)
[2025-05-16T06:14:08.850+0000] {update_sequential.py:115} INFO - ADDED: Sweet Poison (ID: 5342d47c-8635-4c2c-bc05-da83dabee2ac)
[2025-05-16T06:14:09.121+0000] {log.py:232} WARNING - 2025-05-16 06:14:09,121 - INFO: ADDED: Todoroki Daimaru no Kikai Taikendan (ID: 287e1422-57e8-4c73-8d04-9397760df929)
[2025-05-16T06:14:09.121+0000] {update_sequential.py:115} INFO - ADDED: Todoroki Daimaru no Kikai Taikendan (ID: 287e1422-57e8-4c73-8d04-9397760df929)
[2025-05-16T06:14:09.387+0000] {log.py:232} WARNING - 2025-05-16 06:14:09,387 - INFO: ADDED: The Fake Master Who Accidentally Became the Strongest (ID: cad50822-3589-40aa-9cbf-d96a2ccc6384)
[2025-05-16T06:14:09.387+0000] {update_sequential.py:115} INFO - ADDED: The Fake Master Who Accidentally Became the Strongest (ID: cad50822-3589-40aa-9cbf-d96a2ccc6384)
[2025-05-16T06:14:09.653+0000] {log.py:232} WARNING - 2025-05-16 06:14:09,652 - INFO: ADDED: Hara wa Chibuu (ID: 678dd650-28b0-4b18-a936-1cb8c072745a)
[2025-05-16T06:14:09.652+0000] {update_sequential.py:115} INFO - ADDED: Hara wa Chibuu (ID: 678dd650-28b0-4b18-a936-1cb8c072745a)
[2025-05-16T06:14:09.918+0000] {log.py:232} WARNING - 2025-05-16 06:14:09,917 - INFO: ADDED: Fashionable Menhera and Menhera (ID: 4d393a81-0015-4744-bf9a-064394e3f234)
[2025-05-16T06:14:09.917+0000] {update_sequential.py:115} INFO - ADDED: Fashionable Menhera and Menhera (ID: 4d393a81-0015-4744-bf9a-064394e3f234)
[2025-05-16T06:14:10.182+0000] {log.py:232} WARNING - 2025-05-16 06:14:10,182 - INFO: ADDED: Collect And Seize (ID: bdac77b1-608f-4b0d-9773-7053dac0eca6)
[2025-05-16T06:14:10.182+0000] {update_sequential.py:115} INFO - ADDED: Collect And Seize (ID: bdac77b1-608f-4b0d-9773-7053dac0eca6)
[2025-05-16T06:14:10.453+0000] {log.py:232} WARNING - 2025-05-16 06:14:10,452 - INFO: ADDED: Hatsukoi To Saida (ID: 4de696e3-52a8-45d0-bb77-60e83bc4fa8c)
[2025-05-16T06:14:10.452+0000] {update_sequential.py:115} INFO - ADDED: Hatsukoi To Saida (ID: 4de696e3-52a8-45d0-bb77-60e83bc4fa8c)
[2025-05-16T06:14:10.719+0000] {log.py:232} WARNING - 2025-05-16 06:14:10,719 - INFO: ADDED: Seishun Wa Wagamama Kurai Ga Chodoi (ID: 1c8d0842-e998-4cd9-8808-a8bac2265743)
[2025-05-16T06:14:10.719+0000] {update_sequential.py:115} INFO - ADDED: Seishun Wa Wagamama Kurai Ga Chodoi (ID: 1c8d0842-e998-4cd9-8808-a8bac2265743)
[2025-05-16T06:14:10.986+0000] {log.py:232} WARNING - 2025-05-16 06:14:10,986 - INFO: ADDED: call my squall (ID: f777da8d-878b-4114-a256-31b21933afc3)
[2025-05-16T06:14:10.986+0000] {update_sequential.py:115} INFO - ADDED: call my squall (ID: f777da8d-878b-4114-a256-31b21933afc3)
[2025-05-16T06:14:11.253+0000] {log.py:232} WARNING - 2025-05-16 06:14:11,252 - INFO: ADDED: Scholar's Bossam (ID: 255937ca-c65b-4f8e-bb39-a41ac667362b)
[2025-05-16T06:14:11.252+0000] {update_sequential.py:115} INFO - ADDED: Scholar's Bossam (ID: 255937ca-c65b-4f8e-bb39-a41ac667362b)
[2025-05-16T06:14:11.522+0000] {log.py:232} WARNING - 2025-05-16 06:14:11,522 - INFO: ADDED: My Hero Academia - Souiu Koto Dakara (Doujinshi) (ID: 16ac1429-593f-4fe5-a529-ce8aed994ef5)
[2025-05-16T06:14:11.522+0000] {update_sequential.py:115} INFO - ADDED: My Hero Academia - Souiu Koto Dakara (Doujinshi) (ID: 16ac1429-593f-4fe5-a529-ce8aed994ef5)
[2025-05-16T06:14:11.789+0000] {log.py:232} WARNING - 2025-05-16 06:14:11,788 - INFO: ADDED: Hanafusa Senpai No Amaiwana (ID: 13b1e64c-dc93-47c0-99d8-bfee66ae353b)
[2025-05-16T06:14:11.788+0000] {update_sequential.py:115} INFO - ADDED: Hanafusa Senpai No Amaiwana (ID: 13b1e64c-dc93-47c0-99d8-bfee66ae353b)
[2025-05-16T06:14:12.055+0000] {log.py:232} WARNING - 2025-05-16 06:14:12,054 - INFO: ADDED: Shiroi Nekono Gakko (ID: 4fe0978e-cf64-4b8d-906a-c13da2c7157e)
[2025-05-16T06:14:12.054+0000] {update_sequential.py:115} INFO - ADDED: Shiroi Nekono Gakko (ID: 4fe0978e-cf64-4b8d-906a-c13da2c7157e)
[2025-05-16T06:14:12.322+0000] {log.py:232} WARNING - 2025-05-16 06:14:12,322 - INFO: ADDED: Tamamushiro No Renjo (ID: 5520f2ef-d4ab-4c22-a6e3-31e74dd76888)
[2025-05-16T06:14:12.322+0000] {update_sequential.py:115} INFO - ADDED: Tamamushiro No Renjo (ID: 5520f2ef-d4ab-4c22-a6e3-31e74dd76888)
[2025-05-16T06:14:12.595+0000] {log.py:232} WARNING - 2025-05-16 06:14:12,594 - INFO: ADDED: Kiyasuku Fureruna Kuro Bara Ni (ID: 2cdfa7d3-e8ab-4f06-a6f8-89b7a3a22db2)
[2025-05-16T06:14:12.594+0000] {update_sequential.py:115} INFO - ADDED: Kiyasuku Fureruna Kuro Bara Ni (ID: 2cdfa7d3-e8ab-4f06-a6f8-89b7a3a22db2)
[2025-05-16T06:14:12.864+0000] {log.py:232} WARNING - 2025-05-16 06:14:12,864 - INFO: ADDED: Sekai De Ichiban Anishiteru (ID: 2b649c16-fb4a-45f1-afb8-9a8f4b4a5bc1)
[2025-05-16T06:14:12.864+0000] {update_sequential.py:115} INFO - ADDED: Sekai De Ichiban Anishiteru (ID: 2b649c16-fb4a-45f1-afb8-9a8f4b4a5bc1)
[2025-05-16T06:14:13.131+0000] {log.py:232} WARNING - 2025-05-16 06:14:13,130 - INFO: ADDED: Netabare Kinshi No Amamiya-Kun (ID: e4187ee9-4f6e-49cf-8b2e-b4a80b04d1b3)
[2025-05-16T06:14:13.130+0000] {update_sequential.py:115} INFO - ADDED: Netabare Kinshi No Amamiya-Kun (ID: e4187ee9-4f6e-49cf-8b2e-b4a80b04d1b3)
[2025-05-16T06:14:13.398+0000] {log.py:232} WARNING - 2025-05-16 06:14:13,398 - INFO: ADDED: Internet e Youkoso! Neuro-sama! (ID: cbb7e271-dd90-4b68-9df8-0acd008412d8)
[2025-05-16T06:14:13.398+0000] {update_sequential.py:115} INFO - ADDED: Internet e Youkoso! Neuro-sama! (ID: cbb7e271-dd90-4b68-9df8-0acd008412d8)
[2025-05-16T06:14:13.665+0000] {log.py:232} WARNING - 2025-05-16 06:14:13,665 - INFO: ADDED: Shachou Kamitenma Ryouko no Koi wa Omoiegaita Naname Ue (ID: 24d979fb-1282-4ad8-a7cb-b70297384369)
[2025-05-16T06:14:13.665+0000] {update_sequential.py:115} INFO - ADDED: Shachou Kamitenma Ryouko no Koi wa Omoiegaita Naname Ue (ID: 24d979fb-1282-4ad8-a7cb-b70297384369)
[2025-05-16T06:14:13.934+0000] {log.py:232} WARNING - 2025-05-16 06:14:13,933 - INFO: ADDED: Sensei Wa Kisu Ga Hetana Vampire (ID: 25a98773-9196-4760-a2e6-58c725791c78)
[2025-05-16T06:14:13.933+0000] {update_sequential.py:115} INFO - ADDED: Sensei Wa Kisu Ga Hetana Vampire (ID: 25a98773-9196-4760-a2e6-58c725791c78)
[2025-05-16T06:14:14.205+0000] {log.py:232} WARNING - 2025-05-16 06:14:14,204 - INFO: ADDED: Oto★ko Selection - Oneesan to Otokonoko Comic Anthology (ID: 1c20e3c8-ce80-4e97-b3be-ce1040a1817d)
[2025-05-16T06:14:14.204+0000] {update_sequential.py:115} INFO - ADDED: Oto★ko Selection - Oneesan to Otokonoko Comic Anthology (ID: 1c20e3c8-ce80-4e97-b3be-ce1040a1817d)
[2025-05-16T06:14:14.471+0000] {log.py:232} WARNING - 2025-05-16 06:14:14,470 - INFO: ADDED: Bara sensou (ID: da6c7a1e-e528-4a1e-8a09-c5443ab77225)
[2025-05-16T06:14:14.470+0000] {update_sequential.py:115} INFO - ADDED: Bara sensou (ID: da6c7a1e-e528-4a1e-8a09-c5443ab77225)
[2025-05-16T06:14:14.738+0000] {log.py:232} WARNING - 2025-05-16 06:14:14,737 - INFO: ADDED: Itsukara Maryoku Ga Nai to Sakkaku Shiteita?! (ID: f1b3d291-ac40-41b0-bddf-d6d3dda03515)
[2025-05-16T06:14:14.737+0000] {update_sequential.py:115} INFO - ADDED: Itsukara Maryoku Ga Nai to Sakkaku Shiteita?! (ID: f1b3d291-ac40-41b0-bddf-d6d3dda03515)
[2025-05-16T06:14:15.005+0000] {log.py:232} WARNING - 2025-05-16 06:14:15,004 - INFO: Database update complete
[2025-05-16T06:14:15.004+0000] {update_sequential.py:119} INFO - Database update complete
[2025-05-16T06:14:15.007+0000] {log.py:232} WARNING - 2025-05-16 06:14:15,006 - INFO: SUMMARY: 0 manga updated, 61 manga added
[2025-05-16T06:14:15.006+0000] {update_sequential.py:120} INFO - SUMMARY: 0 manga updated, 61 manga added
[2025-05-16T06:14:19.689+0000] {log.py:232} WARNING - 2025-05-16 06:14:19,687 - INFO: Registered manga rollback data for 61 manga IDs
[2025-05-16T06:14:19.687+0000] {update_manga_database_dag.py:132} INFO - Registered manga rollback data for 61 manga IDs
[2025-05-16T06:14:19.694+0000] {log.py:232} WARNING - 2025-05-16 06:14:19,693 - INFO: Updated 61 manga
[2025-05-16T06:14:19.693+0000] {update_manga_database_dag.py:412} INFO - Updated 61 manga
[2025-05-16T06:14:19.698+0000] {log.py:232} WARNING - 2025-05-16 06:14:19,697 - INFO: Checking 87 chapters across 61 manga
[2025-05-16T06:14:19.697+0000] {update_sequential.py:175} INFO - Checking 87 chapters across 61 manga
[2025-05-16T06:14:20.228+0000] {log.py:232} WARNING - 2025-05-16 06:14:20,227 - INFO: Processing manga 4551679e-820b-42a5-85ff-d00ade797383, chapter 1 (ko)
[2025-05-16T06:14:20.227+0000] {update_sequential.py:209} INFO - Processing manga 4551679e-820b-42a5-85ff-d00ade797383, chapter 1 (ko)
[2025-05-16T06:14:20.230+0000] {log.py:232} WARNING - 2025-05-16 06:14:20,230 - INFO: Adding new chapter 1 (ko) for manga 4551679e-820b-42a5-85ff-d00ade797383
[2025-05-16T06:14:20.230+0000] {update_sequential.py:244} INFO - Adding new chapter 1 (ko) for manga 4551679e-820b-42a5-85ff-d00ade797383
[2025-05-16T06:14:20.495+0000] {log.py:232} WARNING - 2025-05-16 06:14:20,495 - INFO: Processing manga 236ab0cf-a5ef-4039-8e0a-f4cfe4660424, chapter 1.1 (en)
[2025-05-16T06:14:20.495+0000] {update_sequential.py:209} INFO - Processing manga 236ab0cf-a5ef-4039-8e0a-f4cfe4660424, chapter 1.1 (en)
[2025-05-16T06:14:20.497+0000] {log.py:232} WARNING - 2025-05-16 06:14:20,496 - INFO: Adding new chapter 1.1 (en) for manga 236ab0cf-a5ef-4039-8e0a-f4cfe4660424
[2025-05-16T06:14:20.496+0000] {update_sequential.py:244} INFO - Adding new chapter 1.1 (en) for manga 236ab0cf-a5ef-4039-8e0a-f4cfe4660424
[2025-05-16T06:14:20.761+0000] {log.py:232} WARNING - 2025-05-16 06:14:20,760 - INFO: Processing manga e82fb7dd-edff-4593-9fff-760f018f6703, chapter None (es-la)
[2025-05-16T06:14:20.760+0000] {update_sequential.py:209} INFO - Processing manga e82fb7dd-edff-4593-9fff-760f018f6703, chapter None (es-la)
[2025-05-16T06:14:20.763+0000] {log.py:232} WARNING - 2025-05-16 06:14:20,762 - INFO: Adding new chapter None (es-la) for manga e82fb7dd-edff-4593-9fff-760f018f6703
[2025-05-16T06:14:20.762+0000] {update_sequential.py:244} INFO - Adding new chapter None (es-la) for manga e82fb7dd-edff-4593-9fff-760f018f6703
[2025-05-16T06:14:21.029+0000] {log.py:232} WARNING - 2025-05-16 06:14:21,028 - INFO: Processing manga 192ec1c9-eb9a-4771-bb79-2b9bb4adbe0e, chapter 1 (en)
[2025-05-16T06:14:21.028+0000] {update_sequential.py:209} INFO - Processing manga 192ec1c9-eb9a-4771-bb79-2b9bb4adbe0e, chapter 1 (en)
[2025-05-16T06:14:21.031+0000] {log.py:232} WARNING - 2025-05-16 06:14:21,031 - INFO: Adding new chapter 1 (en) for manga 192ec1c9-eb9a-4771-bb79-2b9bb4adbe0e
[2025-05-16T06:14:21.031+0000] {update_sequential.py:244} INFO - Adding new chapter 1 (en) for manga 192ec1c9-eb9a-4771-bb79-2b9bb4adbe0e
[2025-05-16T06:14:21.297+0000] {log.py:232} WARNING - 2025-05-16 06:14:21,297 - INFO: Processing manga 192ec1c9-eb9a-4771-bb79-2b9bb4adbe0e, chapter 2 (en)
[2025-05-16T06:14:21.297+0000] {update_sequential.py:209} INFO - Processing manga 192ec1c9-eb9a-4771-bb79-2b9bb4adbe0e, chapter 2 (en)
[2025-05-16T06:14:21.299+0000] {log.py:232} WARNING - 2025-05-16 06:14:21,299 - INFO: Adding new chapter 2 (en) for manga 192ec1c9-eb9a-4771-bb79-2b9bb4adbe0e
[2025-05-16T06:14:21.299+0000] {update_sequential.py:244} INFO - Adding new chapter 2 (en) for manga 192ec1c9-eb9a-4771-bb79-2b9bb4adbe0e
[2025-05-16T06:14:21.564+0000] {log.py:232} WARNING - 2025-05-16 06:14:21,563 - INFO: Processing manga 192ec1c9-eb9a-4771-bb79-2b9bb4adbe0e, chapter 3 (en)
[2025-05-16T06:14:21.563+0000] {update_sequential.py:209} INFO - Processing manga 192ec1c9-eb9a-4771-bb79-2b9bb4adbe0e, chapter 3 (en)
[2025-05-16T06:14:21.565+0000] {log.py:232} WARNING - 2025-05-16 06:14:21,565 - INFO: Adding new chapter 3 (en) for manga 192ec1c9-eb9a-4771-bb79-2b9bb4adbe0e
[2025-05-16T06:14:21.565+0000] {update_sequential.py:244} INFO - Adding new chapter 3 (en) for manga 192ec1c9-eb9a-4771-bb79-2b9bb4adbe0e
[2025-05-16T06:14:21.834+0000] {log.py:232} WARNING - 2025-05-16 06:14:21,833 - INFO: Processing manga 3de96e80-6feb-450c-a169-053d40c01063, chapter 1 (en)
[2025-05-16T06:14:21.833+0000] {update_sequential.py:209} INFO - Processing manga 3de96e80-6feb-450c-a169-053d40c01063, chapter 1 (en)
[2025-05-16T06:14:21.836+0000] {log.py:232} WARNING - 2025-05-16 06:14:21,835 - INFO: Adding new chapter 1 (en) for manga 3de96e80-6feb-450c-a169-053d40c01063
[2025-05-16T06:14:21.835+0000] {update_sequential.py:244} INFO - Adding new chapter 1 (en) for manga 3de96e80-6feb-450c-a169-053d40c01063
[2025-05-16T06:14:22.101+0000] {log.py:232} WARNING - 2025-05-16 06:14:22,101 - INFO: Processing manga 3de96e80-6feb-450c-a169-053d40c01063, chapter 2 (en)
[2025-05-16T06:14:22.101+0000] {update_sequential.py:209} INFO - Processing manga 3de96e80-6feb-450c-a169-053d40c01063, chapter 2 (en)
[2025-05-16T06:14:22.104+0000] {log.py:232} WARNING - 2025-05-16 06:14:22,103 - INFO: Adding new chapter 2 (en) for manga 3de96e80-6feb-450c-a169-053d40c01063
[2025-05-16T06:14:22.103+0000] {update_sequential.py:244} INFO - Adding new chapter 2 (en) for manga 3de96e80-6feb-450c-a169-053d40c01063
[2025-05-16T06:14:22.377+0000] {log.py:232} WARNING - 2025-05-16 06:14:22,377 - INFO: Processing manga 3de96e80-6feb-450c-a169-053d40c01063, chapter 3 (en)
[2025-05-16T06:14:22.377+0000] {update_sequential.py:209} INFO - Processing manga 3de96e80-6feb-450c-a169-053d40c01063, chapter 3 (en)
[2025-05-16T06:14:22.379+0000] {log.py:232} WARNING - 2025-05-16 06:14:22,379 - INFO: Adding new chapter 3 (en) for manga 3de96e80-6feb-450c-a169-053d40c01063
[2025-05-16T06:14:22.379+0000] {update_sequential.py:244} INFO - Adding new chapter 3 (en) for manga 3de96e80-6feb-450c-a169-053d40c01063
[2025-05-16T06:14:22.648+0000] {log.py:232} WARNING - 2025-05-16 06:14:22,648 - INFO: Processing manga 3de96e80-6feb-450c-a169-053d40c01063, chapter 4 (en)
[2025-05-16T06:14:22.648+0000] {update_sequential.py:209} INFO - Processing manga 3de96e80-6feb-450c-a169-053d40c01063, chapter 4 (en)
[2025-05-16T06:14:22.649+0000] {log.py:232} WARNING - 2025-05-16 06:14:22,649 - INFO: Adding new chapter 4 (en) for manga 3de96e80-6feb-450c-a169-053d40c01063
[2025-05-16T06:14:22.649+0000] {update_sequential.py:244} INFO - Adding new chapter 4 (en) for manga 3de96e80-6feb-450c-a169-053d40c01063
[2025-05-16T06:14:22.915+0000] {log.py:232} WARNING - 2025-05-16 06:14:22,914 - INFO: Processing manga 8dbb4f57-4e35-4fa6-88c7-2d8f8334d8db, chapter 1 (en)
[2025-05-16T06:14:22.914+0000] {update_sequential.py:209} INFO - Processing manga 8dbb4f57-4e35-4fa6-88c7-2d8f8334d8db, chapter 1 (en)
[2025-05-16T06:14:22.917+0000] {log.py:232} WARNING - 2025-05-16 06:14:22,916 - INFO: Adding new chapter 1 (en) for manga 8dbb4f57-4e35-4fa6-88c7-2d8f8334d8db
[2025-05-16T06:14:22.916+0000] {update_sequential.py:244} INFO - Adding new chapter 1 (en) for manga 8dbb4f57-4e35-4fa6-88c7-2d8f8334d8db
[2025-05-16T06:14:23.185+0000] {log.py:232} WARNING - 2025-05-16 06:14:23,184 - INFO: Processing manga 8dbb4f57-4e35-4fa6-88c7-2d8f8334d8db, chapter 2 (en)
[2025-05-16T06:14:23.184+0000] {update_sequential.py:209} INFO - Processing manga 8dbb4f57-4e35-4fa6-88c7-2d8f8334d8db, chapter 2 (en)
[2025-05-16T06:14:23.186+0000] {log.py:232} WARNING - 2025-05-16 06:14:23,186 - INFO: Adding new chapter 2 (en) for manga 8dbb4f57-4e35-4fa6-88c7-2d8f8334d8db
[2025-05-16T06:14:23.186+0000] {update_sequential.py:244} INFO - Adding new chapter 2 (en) for manga 8dbb4f57-4e35-4fa6-88c7-2d8f8334d8db
[2025-05-16T06:14:23.452+0000] {log.py:232} WARNING - 2025-05-16 06:14:23,451 - INFO: Processing manga 8dbb4f57-4e35-4fa6-88c7-2d8f8334d8db, chapter 3 (en)
[2025-05-16T06:14:23.451+0000] {update_sequential.py:209} INFO - Processing manga 8dbb4f57-4e35-4fa6-88c7-2d8f8334d8db, chapter 3 (en)
[2025-05-16T06:14:23.454+0000] {log.py:232} WARNING - 2025-05-16 06:14:23,453 - INFO: Adding new chapter 3 (en) for manga 8dbb4f57-4e35-4fa6-88c7-2d8f8334d8db
[2025-05-16T06:14:23.453+0000] {update_sequential.py:244} INFO - Adding new chapter 3 (en) for manga 8dbb4f57-4e35-4fa6-88c7-2d8f8334d8db
[2025-05-16T06:14:23.720+0000] {log.py:232} WARNING - 2025-05-16 06:14:23,720 - INFO: Processing manga 8dbb4f57-4e35-4fa6-88c7-2d8f8334d8db, chapter 4 (en)
[2025-05-16T06:14:23.720+0000] {update_sequential.py:209} INFO - Processing manga 8dbb4f57-4e35-4fa6-88c7-2d8f8334d8db, chapter 4 (en)
[2025-05-16T06:14:23.722+0000] {log.py:232} WARNING - 2025-05-16 06:14:23,722 - INFO: Adding new chapter 4 (en) for manga 8dbb4f57-4e35-4fa6-88c7-2d8f8334d8db
[2025-05-16T06:14:23.722+0000] {update_sequential.py:244} INFO - Adding new chapter 4 (en) for manga 8dbb4f57-4e35-4fa6-88c7-2d8f8334d8db
[2025-05-16T06:14:23.986+0000] {log.py:232} WARNING - 2025-05-16 06:14:23,986 - INFO: Processing manga 8dbb4f57-4e35-4fa6-88c7-2d8f8334d8db, chapter 5 (en)
[2025-05-16T06:14:23.986+0000] {update_sequential.py:209} INFO - Processing manga 8dbb4f57-4e35-4fa6-88c7-2d8f8334d8db, chapter 5 (en)
[2025-05-16T06:14:23.988+0000] {log.py:232} WARNING - 2025-05-16 06:14:23,988 - INFO: Adding new chapter 5 (en) for manga 8dbb4f57-4e35-4fa6-88c7-2d8f8334d8db
[2025-05-16T06:14:23.988+0000] {update_sequential.py:244} INFO - Adding new chapter 5 (en) for manga 8dbb4f57-4e35-4fa6-88c7-2d8f8334d8db
[2025-05-16T06:14:24.254+0000] {log.py:232} WARNING - 2025-05-16 06:14:24,253 - INFO: Processing manga 8dbb4f57-4e35-4fa6-88c7-2d8f8334d8db, chapter 6 (en)
[2025-05-16T06:14:24.253+0000] {update_sequential.py:209} INFO - Processing manga 8dbb4f57-4e35-4fa6-88c7-2d8f8334d8db, chapter 6 (en)
[2025-05-16T06:14:24.256+0000] {log.py:232} WARNING - 2025-05-16 06:14:24,255 - INFO: Adding new chapter 6 (en) for manga 8dbb4f57-4e35-4fa6-88c7-2d8f8334d8db
[2025-05-16T06:14:24.255+0000] {update_sequential.py:244} INFO - Adding new chapter 6 (en) for manga 8dbb4f57-4e35-4fa6-88c7-2d8f8334d8db
[2025-05-16T06:14:24.527+0000] {log.py:232} WARNING - 2025-05-16 06:14:24,527 - INFO: Processing manga 8dbb4f57-4e35-4fa6-88c7-2d8f8334d8db, chapter 7 (en)
[2025-05-16T06:14:24.527+0000] {update_sequential.py:209} INFO - Processing manga 8dbb4f57-4e35-4fa6-88c7-2d8f8334d8db, chapter 7 (en)
[2025-05-16T06:14:24.529+0000] {log.py:232} WARNING - 2025-05-16 06:14:24,529 - INFO: Adding new chapter 7 (en) for manga 8dbb4f57-4e35-4fa6-88c7-2d8f8334d8db
[2025-05-16T06:14:24.529+0000] {update_sequential.py:244} INFO - Adding new chapter 7 (en) for manga 8dbb4f57-4e35-4fa6-88c7-2d8f8334d8db
[2025-05-16T06:14:24.797+0000] {log.py:232} WARNING - 2025-05-16 06:14:24,797 - INFO: Processing manga 8dbb4f57-4e35-4fa6-88c7-2d8f8334d8db, chapter 8 (en)
[2025-05-16T06:14:24.797+0000] {update_sequential.py:209} INFO - Processing manga 8dbb4f57-4e35-4fa6-88c7-2d8f8334d8db, chapter 8 (en)
[2025-05-16T06:14:24.799+0000] {log.py:232} WARNING - 2025-05-16 06:14:24,799 - INFO: Adding new chapter 8 (en) for manga 8dbb4f57-4e35-4fa6-88c7-2d8f8334d8db
[2025-05-16T06:14:24.799+0000] {update_sequential.py:244} INFO - Adding new chapter 8 (en) for manga 8dbb4f57-4e35-4fa6-88c7-2d8f8334d8db
[2025-05-16T06:14:25.065+0000] {log.py:232} WARNING - 2025-05-16 06:14:25,064 - INFO: Processing manga 8dbb4f57-4e35-4fa6-88c7-2d8f8334d8db, chapter 9 (en)
[2025-05-16T06:14:25.064+0000] {update_sequential.py:209} INFO - Processing manga 8dbb4f57-4e35-4fa6-88c7-2d8f8334d8db, chapter 9 (en)
[2025-05-16T06:14:25.066+0000] {log.py:232} WARNING - 2025-05-16 06:14:25,066 - INFO: Adding new chapter 9 (en) for manga 8dbb4f57-4e35-4fa6-88c7-2d8f8334d8db
[2025-05-16T06:14:25.066+0000] {update_sequential.py:244} INFO - Adding new chapter 9 (en) for manga 8dbb4f57-4e35-4fa6-88c7-2d8f8334d8db
[2025-05-16T06:14:25.332+0000] {log.py:232} WARNING - 2025-05-16 06:14:25,331 - INFO: Processing manga 8dbb4f57-4e35-4fa6-88c7-2d8f8334d8db, chapter 10 (en)
[2025-05-16T06:14:25.331+0000] {update_sequential.py:209} INFO - Processing manga 8dbb4f57-4e35-4fa6-88c7-2d8f8334d8db, chapter 10 (en)
[2025-05-16T06:14:25.333+0000] {log.py:232} WARNING - 2025-05-16 06:14:25,333 - INFO: Adding new chapter 10 (en) for manga 8dbb4f57-4e35-4fa6-88c7-2d8f8334d8db
[2025-05-16T06:14:25.333+0000] {update_sequential.py:244} INFO - Adding new chapter 10 (en) for manga 8dbb4f57-4e35-4fa6-88c7-2d8f8334d8db
[2025-05-16T06:14:25.604+0000] {log.py:232} WARNING - 2025-05-16 06:14:25,603 - INFO: Processing manga 8dbb4f57-4e35-4fa6-88c7-2d8f8334d8db, chapter 11 (en)
[2025-05-16T06:14:25.603+0000] {update_sequential.py:209} INFO - Processing manga 8dbb4f57-4e35-4fa6-88c7-2d8f8334d8db, chapter 11 (en)
[2025-05-16T06:14:25.606+0000] {log.py:232} WARNING - 2025-05-16 06:14:25,605 - INFO: Adding new chapter 11 (en) for manga 8dbb4f57-4e35-4fa6-88c7-2d8f8334d8db
[2025-05-16T06:14:25.605+0000] {update_sequential.py:244} INFO - Adding new chapter 11 (en) for manga 8dbb4f57-4e35-4fa6-88c7-2d8f8334d8db
[2025-05-16T06:14:25.872+0000] {log.py:232} WARNING - 2025-05-16 06:14:25,871 - INFO: Processing manga 8dbb4f57-4e35-4fa6-88c7-2d8f8334d8db, chapter 12 (en)
[2025-05-16T06:14:25.871+0000] {update_sequential.py:209} INFO - Processing manga 8dbb4f57-4e35-4fa6-88c7-2d8f8334d8db, chapter 12 (en)
[2025-05-16T06:14:25.873+0000] {log.py:232} WARNING - 2025-05-16 06:14:25,873 - INFO: Adding new chapter 12 (en) for manga 8dbb4f57-4e35-4fa6-88c7-2d8f8334d8db
[2025-05-16T06:14:25.873+0000] {update_sequential.py:244} INFO - Adding new chapter 12 (en) for manga 8dbb4f57-4e35-4fa6-88c7-2d8f8334d8db
[2025-05-16T06:14:26.141+0000] {log.py:232} WARNING - 2025-05-16 06:14:26,141 - INFO: Processing manga 8dbb4f57-4e35-4fa6-88c7-2d8f8334d8db, chapter 13 (en)
[2025-05-16T06:14:26.141+0000] {update_sequential.py:209} INFO - Processing manga 8dbb4f57-4e35-4fa6-88c7-2d8f8334d8db, chapter 13 (en)
[2025-05-16T06:14:26.143+0000] {log.py:232} WARNING - 2025-05-16 06:14:26,142 - INFO: Adding new chapter 13 (en) for manga 8dbb4f57-4e35-4fa6-88c7-2d8f8334d8db
[2025-05-16T06:14:26.142+0000] {update_sequential.py:244} INFO - Adding new chapter 13 (en) for manga 8dbb4f57-4e35-4fa6-88c7-2d8f8334d8db
[2025-05-16T06:14:26.410+0000] {log.py:232} WARNING - 2025-05-16 06:14:26,410 - INFO: Processing manga 8dbb4f57-4e35-4fa6-88c7-2d8f8334d8db, chapter 14 (en)
[2025-05-16T06:14:26.410+0000] {update_sequential.py:209} INFO - Processing manga 8dbb4f57-4e35-4fa6-88c7-2d8f8334d8db, chapter 14 (en)
[2025-05-16T06:14:26.412+0000] {log.py:232} WARNING - 2025-05-16 06:14:26,412 - INFO: Adding new chapter 14 (en) for manga 8dbb4f57-4e35-4fa6-88c7-2d8f8334d8db
[2025-05-16T06:14:26.412+0000] {update_sequential.py:244} INFO - Adding new chapter 14 (en) for manga 8dbb4f57-4e35-4fa6-88c7-2d8f8334d8db
[2025-05-16T06:14:26.678+0000] {log.py:232} WARNING - 2025-05-16 06:14:26,678 - INFO: Processing manga 8dbb4f57-4e35-4fa6-88c7-2d8f8334d8db, chapter 15 (en)
[2025-05-16T06:14:26.678+0000] {update_sequential.py:209} INFO - Processing manga 8dbb4f57-4e35-4fa6-88c7-2d8f8334d8db, chapter 15 (en)
[2025-05-16T06:14:26.681+0000] {log.py:232} WARNING - 2025-05-16 06:14:26,680 - INFO: Adding new chapter 15 (en) for manga 8dbb4f57-4e35-4fa6-88c7-2d8f8334d8db
[2025-05-16T06:14:26.680+0000] {update_sequential.py:244} INFO - Adding new chapter 15 (en) for manga 8dbb4f57-4e35-4fa6-88c7-2d8f8334d8db
[2025-05-16T06:14:26.948+0000] {log.py:232} WARNING - 2025-05-16 06:14:26,947 - INFO: Processing manga e195fc69-5e5c-4410-84fe-268daef38fbc, chapter None (en)
[2025-05-16T06:14:26.947+0000] {update_sequential.py:209} INFO - Processing manga e195fc69-5e5c-4410-84fe-268daef38fbc, chapter None (en)
[2025-05-16T06:14:26.950+0000] {log.py:232} WARNING - 2025-05-16 06:14:26,949 - INFO: Adding new chapter None (en) for manga e195fc69-5e5c-4410-84fe-268daef38fbc
[2025-05-16T06:14:26.949+0000] {update_sequential.py:244} INFO - Adding new chapter None (en) for manga e195fc69-5e5c-4410-84fe-268daef38fbc
[2025-05-16T06:14:27.215+0000] {log.py:232} WARNING - 2025-05-16 06:14:27,215 - INFO: Processing manga e7fa5fe6-7988-4f69-a6b8-7f5c34ade5d4, chapter 1 (en)
[2025-05-16T06:14:27.215+0000] {update_sequential.py:209} INFO - Processing manga e7fa5fe6-7988-4f69-a6b8-7f5c34ade5d4, chapter 1 (en)
[2025-05-16T06:14:27.217+0000] {log.py:232} WARNING - 2025-05-16 06:14:27,217 - INFO: Adding new chapter 1 (en) for manga e7fa5fe6-7988-4f69-a6b8-7f5c34ade5d4
[2025-05-16T06:14:27.217+0000] {update_sequential.py:244} INFO - Adding new chapter 1 (en) for manga e7fa5fe6-7988-4f69-a6b8-7f5c34ade5d4
[2025-05-16T06:14:27.485+0000] {log.py:232} WARNING - 2025-05-16 06:14:27,484 - INFO: Processing manga e7fa5fe6-7988-4f69-a6b8-7f5c34ade5d4, chapter 2 (en)
[2025-05-16T06:14:27.484+0000] {update_sequential.py:209} INFO - Processing manga e7fa5fe6-7988-4f69-a6b8-7f5c34ade5d4, chapter 2 (en)
[2025-05-16T06:14:27.486+0000] {log.py:232} WARNING - 2025-05-16 06:14:27,486 - INFO: Adding new chapter 2 (en) for manga e7fa5fe6-7988-4f69-a6b8-7f5c34ade5d4
[2025-05-16T06:14:27.486+0000] {update_sequential.py:244} INFO - Adding new chapter 2 (en) for manga e7fa5fe6-7988-4f69-a6b8-7f5c34ade5d4
[2025-05-16T06:14:27.753+0000] {log.py:232} WARNING - 2025-05-16 06:14:27,752 - INFO: Processing manga e7fa5fe6-7988-4f69-a6b8-7f5c34ade5d4, chapter 3 (en)
[2025-05-16T06:14:27.752+0000] {update_sequential.py:209} INFO - Processing manga e7fa5fe6-7988-4f69-a6b8-7f5c34ade5d4, chapter 3 (en)
[2025-05-16T06:14:27.755+0000] {log.py:232} WARNING - 2025-05-16 06:14:27,754 - INFO: Adding new chapter 3 (en) for manga e7fa5fe6-7988-4f69-a6b8-7f5c34ade5d4
[2025-05-16T06:14:27.754+0000] {update_sequential.py:244} INFO - Adding new chapter 3 (en) for manga e7fa5fe6-7988-4f69-a6b8-7f5c34ade5d4
[2025-05-16T06:14:28.022+0000] {log.py:232} WARNING - 2025-05-16 06:14:28,021 - INFO: Processing manga e7fa5fe6-7988-4f69-a6b8-7f5c34ade5d4, chapter 4 (en)
[2025-05-16T06:14:28.021+0000] {update_sequential.py:209} INFO - Processing manga e7fa5fe6-7988-4f69-a6b8-7f5c34ade5d4, chapter 4 (en)
[2025-05-16T06:14:28.023+0000] {log.py:232} WARNING - 2025-05-16 06:14:28,023 - INFO: Adding new chapter 4 (en) for manga e7fa5fe6-7988-4f69-a6b8-7f5c34ade5d4
[2025-05-16T06:14:28.023+0000] {update_sequential.py:244} INFO - Adding new chapter 4 (en) for manga e7fa5fe6-7988-4f69-a6b8-7f5c34ade5d4
[2025-05-16T06:14:28.289+0000] {log.py:232} WARNING - 2025-05-16 06:14:28,289 - INFO: Processing manga e7fa5fe6-7988-4f69-a6b8-7f5c34ade5d4, chapter 5 (en)
[2025-05-16T06:14:28.289+0000] {update_sequential.py:209} INFO - Processing manga e7fa5fe6-7988-4f69-a6b8-7f5c34ade5d4, chapter 5 (en)
[2025-05-16T06:14:28.291+0000] {log.py:232} WARNING - 2025-05-16 06:14:28,291 - INFO: Adding new chapter 5 (en) for manga e7fa5fe6-7988-4f69-a6b8-7f5c34ade5d4
[2025-05-16T06:14:28.291+0000] {update_sequential.py:244} INFO - Adding new chapter 5 (en) for manga e7fa5fe6-7988-4f69-a6b8-7f5c34ade5d4
[2025-05-16T06:14:28.558+0000] {log.py:232} WARNING - 2025-05-16 06:14:28,557 - INFO: Processing manga e7fa5fe6-7988-4f69-a6b8-7f5c34ade5d4, chapter 6 (en)
[2025-05-16T06:14:28.557+0000] {update_sequential.py:209} INFO - Processing manga e7fa5fe6-7988-4f69-a6b8-7f5c34ade5d4, chapter 6 (en)
[2025-05-16T06:14:28.560+0000] {log.py:232} WARNING - 2025-05-16 06:14:28,559 - INFO: Adding new chapter 6 (en) for manga e7fa5fe6-7988-4f69-a6b8-7f5c34ade5d4
[2025-05-16T06:14:28.559+0000] {update_sequential.py:244} INFO - Adding new chapter 6 (en) for manga e7fa5fe6-7988-4f69-a6b8-7f5c34ade5d4
[2025-05-16T06:14:28.830+0000] {log.py:232} WARNING - 2025-05-16 06:14:28,829 - INFO: Processing manga e7fa5fe6-7988-4f69-a6b8-7f5c34ade5d4, chapter 7 (en)
[2025-05-16T06:14:28.829+0000] {update_sequential.py:209} INFO - Processing manga e7fa5fe6-7988-4f69-a6b8-7f5c34ade5d4, chapter 7 (en)
[2025-05-16T06:14:28.831+0000] {log.py:232} WARNING - 2025-05-16 06:14:28,831 - INFO: Adding new chapter 7 (en) for manga e7fa5fe6-7988-4f69-a6b8-7f5c34ade5d4
[2025-05-16T06:14:28.831+0000] {update_sequential.py:244} INFO - Adding new chapter 7 (en) for manga e7fa5fe6-7988-4f69-a6b8-7f5c34ade5d4
[2025-05-16T06:14:29.098+0000] {log.py:232} WARNING - 2025-05-16 06:14:29,097 - INFO: Processing manga e7fa5fe6-7988-4f69-a6b8-7f5c34ade5d4, chapter 8 (en)
[2025-05-16T06:14:29.097+0000] {update_sequential.py:209} INFO - Processing manga e7fa5fe6-7988-4f69-a6b8-7f5c34ade5d4, chapter 8 (en)
[2025-05-16T06:14:29.100+0000] {log.py:232} WARNING - 2025-05-16 06:14:29,100 - INFO: Adding new chapter 8 (en) for manga e7fa5fe6-7988-4f69-a6b8-7f5c34ade5d4
[2025-05-16T06:14:29.100+0000] {update_sequential.py:244} INFO - Adding new chapter 8 (en) for manga e7fa5fe6-7988-4f69-a6b8-7f5c34ade5d4
[2025-05-16T06:14:29.367+0000] {log.py:232} WARNING - 2025-05-16 06:14:29,366 - INFO: Processing manga e7fa5fe6-7988-4f69-a6b8-7f5c34ade5d4, chapter 9 (en)
[2025-05-16T06:14:29.366+0000] {update_sequential.py:209} INFO - Processing manga e7fa5fe6-7988-4f69-a6b8-7f5c34ade5d4, chapter 9 (en)
[2025-05-16T06:14:29.369+0000] {log.py:232} WARNING - 2025-05-16 06:14:29,369 - INFO: Adding new chapter 9 (en) for manga e7fa5fe6-7988-4f69-a6b8-7f5c34ade5d4
[2025-05-16T06:14:29.369+0000] {update_sequential.py:244} INFO - Adding new chapter 9 (en) for manga e7fa5fe6-7988-4f69-a6b8-7f5c34ade5d4
[2025-05-16T06:14:29.636+0000] {log.py:232} WARNING - 2025-05-16 06:14:29,635 - INFO: Processing manga e7fa5fe6-7988-4f69-a6b8-7f5c34ade5d4, chapter 10 (en)
[2025-05-16T06:14:29.635+0000] {update_sequential.py:209} INFO - Processing manga e7fa5fe6-7988-4f69-a6b8-7f5c34ade5d4, chapter 10 (en)
[2025-05-16T06:14:29.637+0000] {log.py:232} WARNING - 2025-05-16 06:14:29,637 - INFO: Adding new chapter 10 (en) for manga e7fa5fe6-7988-4f69-a6b8-7f5c34ade5d4
[2025-05-16T06:14:29.637+0000] {update_sequential.py:244} INFO - Adding new chapter 10 (en) for manga e7fa5fe6-7988-4f69-a6b8-7f5c34ade5d4
[2025-05-16T06:14:29.935+0000] {log.py:232} WARNING - 2025-05-16 06:14:29,934 - INFO: Processing manga e7fa5fe6-7988-4f69-a6b8-7f5c34ade5d4, chapter 11 (en)
[2025-05-16T06:14:29.934+0000] {update_sequential.py:209} INFO - Processing manga e7fa5fe6-7988-4f69-a6b8-7f5c34ade5d4, chapter 11 (en)
[2025-05-16T06:14:29.938+0000] {log.py:232} WARNING - 2025-05-16 06:14:29,937 - INFO: Adding new chapter 11 (en) for manga e7fa5fe6-7988-4f69-a6b8-7f5c34ade5d4
[2025-05-16T06:14:29.937+0000] {update_sequential.py:244} INFO - Adding new chapter 11 (en) for manga e7fa5fe6-7988-4f69-a6b8-7f5c34ade5d4
[2025-05-16T06:14:30.243+0000] {log.py:232} WARNING - 2025-05-16 06:14:30,242 - INFO: Processing manga 051f9e5b-72d9-4d32-ac41-2441c2c03a67, chapter 0 (en)
[2025-05-16T06:14:30.242+0000] {update_sequential.py:209} INFO - Processing manga 051f9e5b-72d9-4d32-ac41-2441c2c03a67, chapter 0 (en)
[2025-05-16T06:14:30.245+0000] {log.py:232} WARNING - 2025-05-16 06:14:30,245 - INFO: Adding new chapter 0 (en) for manga 051f9e5b-72d9-4d32-ac41-2441c2c03a67
[2025-05-16T06:14:30.245+0000] {update_sequential.py:244} INFO - Adding new chapter 0 (en) for manga 051f9e5b-72d9-4d32-ac41-2441c2c03a67
[2025-05-16T06:14:30.510+0000] {log.py:232} WARNING - 2025-05-16 06:14:30,510 - INFO: Processing manga 2e85b6e4-f73c-4483-8860-f55f2bd67119, chapter 0 (en)
[2025-05-16T06:14:30.510+0000] {update_sequential.py:209} INFO - Processing manga 2e85b6e4-f73c-4483-8860-f55f2bd67119, chapter 0 (en)
[2025-05-16T06:14:30.513+0000] {log.py:232} WARNING - 2025-05-16 06:14:30,512 - INFO: Adding new chapter 0 (en) for manga 2e85b6e4-f73c-4483-8860-f55f2bd67119
[2025-05-16T06:14:30.512+0000] {update_sequential.py:244} INFO - Adding new chapter 0 (en) for manga 2e85b6e4-f73c-4483-8860-f55f2bd67119
[2025-05-16T06:14:30.778+0000] {log.py:232} WARNING - 2025-05-16 06:14:30,778 - INFO: Processing manga e46ede76-7aa6-4887-9eb2-b5fa537b91b6, chapter 1 (en)
[2025-05-16T06:14:30.778+0000] {update_sequential.py:209} INFO - Processing manga e46ede76-7aa6-4887-9eb2-b5fa537b91b6, chapter 1 (en)
[2025-05-16T06:14:30.780+0000] {log.py:232} WARNING - 2025-05-16 06:14:30,780 - INFO: Adding new chapter 1 (en) for manga e46ede76-7aa6-4887-9eb2-b5fa537b91b6
[2025-05-16T06:14:30.780+0000] {update_sequential.py:244} INFO - Adding new chapter 1 (en) for manga e46ede76-7aa6-4887-9eb2-b5fa537b91b6
[2025-05-16T06:14:31.048+0000] {log.py:232} WARNING - 2025-05-16 06:14:31,047 - INFO: Processing manga e46ede76-7aa6-4887-9eb2-b5fa537b91b6, chapter 2 (en)
[2025-05-16T06:14:31.047+0000] {update_sequential.py:209} INFO - Processing manga e46ede76-7aa6-4887-9eb2-b5fa537b91b6, chapter 2 (en)
[2025-05-16T06:14:31.050+0000] {log.py:232} WARNING - 2025-05-16 06:14:31,050 - INFO: Adding new chapter 2 (en) for manga e46ede76-7aa6-4887-9eb2-b5fa537b91b6
[2025-05-16T06:14:31.050+0000] {update_sequential.py:244} INFO - Adding new chapter 2 (en) for manga e46ede76-7aa6-4887-9eb2-b5fa537b91b6
[2025-05-16T06:14:31.317+0000] {log.py:232} WARNING - 2025-05-16 06:14:31,317 - INFO: Processing manga e46ede76-7aa6-4887-9eb2-b5fa537b91b6, chapter 3 (en)
[2025-05-16T06:14:31.317+0000] {update_sequential.py:209} INFO - Processing manga e46ede76-7aa6-4887-9eb2-b5fa537b91b6, chapter 3 (en)
[2025-05-16T06:14:31.320+0000] {log.py:232} WARNING - 2025-05-16 06:14:31,319 - INFO: Adding new chapter 3 (en) for manga e46ede76-7aa6-4887-9eb2-b5fa537b91b6
[2025-05-16T06:14:31.319+0000] {update_sequential.py:244} INFO - Adding new chapter 3 (en) for manga e46ede76-7aa6-4887-9eb2-b5fa537b91b6
[2025-05-16T06:14:31.589+0000] {log.py:232} WARNING - 2025-05-16 06:14:31,588 - INFO: Processing manga e46ede76-7aa6-4887-9eb2-b5fa537b91b6, chapter 4 (en)
[2025-05-16T06:14:31.588+0000] {update_sequential.py:209} INFO - Processing manga e46ede76-7aa6-4887-9eb2-b5fa537b91b6, chapter 4 (en)
[2025-05-16T06:14:31.592+0000] {log.py:232} WARNING - 2025-05-16 06:14:31,592 - INFO: Adding new chapter 4 (en) for manga e46ede76-7aa6-4887-9eb2-b5fa537b91b6
[2025-05-16T06:14:31.592+0000] {update_sequential.py:244} INFO - Adding new chapter 4 (en) for manga e46ede76-7aa6-4887-9eb2-b5fa537b91b6
[2025-05-16T06:14:31.861+0000] {log.py:232} WARNING - 2025-05-16 06:14:31,860 - INFO: Processing manga e46ede76-7aa6-4887-9eb2-b5fa537b91b6, chapter 5 (en)
[2025-05-16T06:14:31.860+0000] {update_sequential.py:209} INFO - Processing manga e46ede76-7aa6-4887-9eb2-b5fa537b91b6, chapter 5 (en)
[2025-05-16T06:14:31.863+0000] {log.py:232} WARNING - 2025-05-16 06:14:31,862 - INFO: Adding new chapter 5 (en) for manga e46ede76-7aa6-4887-9eb2-b5fa537b91b6
[2025-05-16T06:14:31.862+0000] {update_sequential.py:244} INFO - Adding new chapter 5 (en) for manga e46ede76-7aa6-4887-9eb2-b5fa537b91b6
[2025-05-16T06:14:32.129+0000] {log.py:232} WARNING - 2025-05-16 06:14:32,127 - INFO: Processing manga e46ede76-7aa6-4887-9eb2-b5fa537b91b6, chapter 6 (en)
[2025-05-16T06:14:32.127+0000] {update_sequential.py:209} INFO - Processing manga e46ede76-7aa6-4887-9eb2-b5fa537b91b6, chapter 6 (en)
[2025-05-16T06:14:32.133+0000] {log.py:232} WARNING - 2025-05-16 06:14:32,132 - INFO: Adding new chapter 6 (en) for manga e46ede76-7aa6-4887-9eb2-b5fa537b91b6
[2025-05-16T06:14:32.132+0000] {update_sequential.py:244} INFO - Adding new chapter 6 (en) for manga e46ede76-7aa6-4887-9eb2-b5fa537b91b6
[2025-05-16T06:14:32.401+0000] {log.py:232} WARNING - 2025-05-16 06:14:32,400 - INFO: Processing manga e46ede76-7aa6-4887-9eb2-b5fa537b91b6, chapter 7 (en)
[2025-05-16T06:14:32.400+0000] {update_sequential.py:209} INFO - Processing manga e46ede76-7aa6-4887-9eb2-b5fa537b91b6, chapter 7 (en)
[2025-05-16T06:14:32.402+0000] {log.py:232} WARNING - 2025-05-16 06:14:32,402 - INFO: Adding new chapter 7 (en) for manga e46ede76-7aa6-4887-9eb2-b5fa537b91b6
[2025-05-16T06:14:32.402+0000] {update_sequential.py:244} INFO - Adding new chapter 7 (en) for manga e46ede76-7aa6-4887-9eb2-b5fa537b91b6
[2025-05-16T06:14:32.673+0000] {log.py:232} WARNING - 2025-05-16 06:14:32,670 - INFO: Processing manga e46ede76-7aa6-4887-9eb2-b5fa537b91b6, chapter 8 (en)
[2025-05-16T06:14:32.670+0000] {update_sequential.py:209} INFO - Processing manga e46ede76-7aa6-4887-9eb2-b5fa537b91b6, chapter 8 (en)
[2025-05-16T06:14:32.675+0000] {log.py:232} WARNING - 2025-05-16 06:14:32,675 - INFO: Adding new chapter 8 (en) for manga e46ede76-7aa6-4887-9eb2-b5fa537b91b6
[2025-05-16T06:14:32.675+0000] {update_sequential.py:244} INFO - Adding new chapter 8 (en) for manga e46ede76-7aa6-4887-9eb2-b5fa537b91b6
[2025-05-16T06:14:32.965+0000] {log.py:232} WARNING - 2025-05-16 06:14:32,956 - INFO: Processing manga 96fb960c-77d2-46e2-90f8-95e41a2712c6, chapter None (en)
[2025-05-16T06:14:32.956+0000] {update_sequential.py:209} INFO - Processing manga 96fb960c-77d2-46e2-90f8-95e41a2712c6, chapter None (en)
[2025-05-16T06:14:32.995+0000] {log.py:232} WARNING - 2025-05-16 06:14:32,993 - INFO: Adding new chapter None (en) for manga 96fb960c-77d2-46e2-90f8-95e41a2712c6
[2025-05-16T06:14:32.993+0000] {update_sequential.py:244} INFO - Adding new chapter None (en) for manga 96fb960c-77d2-46e2-90f8-95e41a2712c6
[2025-05-16T06:14:33.294+0000] {log.py:232} WARNING - 2025-05-16 06:14:33,293 - INFO: Processing manga 62e80dfd-c1b0-4c65-994b-fd41697f140e, chapter None (en)
[2025-05-16T06:14:33.293+0000] {update_sequential.py:209} INFO - Processing manga 62e80dfd-c1b0-4c65-994b-fd41697f140e, chapter None (en)
[2025-05-16T06:14:33.297+0000] {log.py:232} WARNING - 2025-05-16 06:14:33,297 - INFO: Adding new chapter None (en) for manga 62e80dfd-c1b0-4c65-994b-fd41697f140e
[2025-05-16T06:14:33.297+0000] {update_sequential.py:244} INFO - Adding new chapter None (en) for manga 62e80dfd-c1b0-4c65-994b-fd41697f140e
[2025-05-16T06:14:33.566+0000] {log.py:232} WARNING - 2025-05-16 06:14:33,565 - INFO: Processing manga 1f4fdbf8-b46a-4401-aaa7-8a3d75e2a711, chapter None (en)
[2025-05-16T06:14:33.565+0000] {update_sequential.py:209} INFO - Processing manga 1f4fdbf8-b46a-4401-aaa7-8a3d75e2a711, chapter None (en)
[2025-05-16T06:14:33.568+0000] {log.py:232} WARNING - 2025-05-16 06:14:33,567 - INFO: Adding new chapter None (en) for manga 1f4fdbf8-b46a-4401-aaa7-8a3d75e2a711
[2025-05-16T06:14:33.567+0000] {update_sequential.py:244} INFO - Adding new chapter None (en) for manga 1f4fdbf8-b46a-4401-aaa7-8a3d75e2a711
[2025-05-16T06:14:33.836+0000] {log.py:232} WARNING - 2025-05-16 06:14:33,835 - INFO: Processing manga cb871a0b-8442-4f9d-8987-38a6d7f11d17, chapter 1 (en)
[2025-05-16T06:14:33.835+0000] {update_sequential.py:209} INFO - Processing manga cb871a0b-8442-4f9d-8987-38a6d7f11d17, chapter 1 (en)
[2025-05-16T06:14:33.839+0000] {log.py:232} WARNING - 2025-05-16 06:14:33,839 - INFO: Adding new chapter 1 (en) for manga cb871a0b-8442-4f9d-8987-38a6d7f11d17
[2025-05-16T06:14:33.839+0000] {update_sequential.py:244} INFO - Adding new chapter 1 (en) for manga cb871a0b-8442-4f9d-8987-38a6d7f11d17
[2025-05-16T06:14:34.110+0000] {log.py:232} WARNING - 2025-05-16 06:14:34,109 - INFO: Processing manga cb871a0b-8442-4f9d-8987-38a6d7f11d17, chapter 2 (en)
[2025-05-16T06:14:34.109+0000] {update_sequential.py:209} INFO - Processing manga cb871a0b-8442-4f9d-8987-38a6d7f11d17, chapter 2 (en)
[2025-05-16T06:14:34.114+0000] {log.py:232} WARNING - 2025-05-16 06:14:34,113 - INFO: Adding new chapter 2 (en) for manga cb871a0b-8442-4f9d-8987-38a6d7f11d17
[2025-05-16T06:14:34.113+0000] {update_sequential.py:244} INFO - Adding new chapter 2 (en) for manga cb871a0b-8442-4f9d-8987-38a6d7f11d17
[2025-05-16T06:14:34.382+0000] {log.py:232} WARNING - 2025-05-16 06:14:34,382 - INFO: Processing manga cb871a0b-8442-4f9d-8987-38a6d7f11d17, chapter 3 (en)
[2025-05-16T06:14:34.382+0000] {update_sequential.py:209} INFO - Processing manga cb871a0b-8442-4f9d-8987-38a6d7f11d17, chapter 3 (en)
[2025-05-16T06:14:34.384+0000] {log.py:232} WARNING - 2025-05-16 06:14:34,384 - INFO: Adding new chapter 3 (en) for manga cb871a0b-8442-4f9d-8987-38a6d7f11d17
[2025-05-16T06:14:34.384+0000] {update_sequential.py:244} INFO - Adding new chapter 3 (en) for manga cb871a0b-8442-4f9d-8987-38a6d7f11d17
[2025-05-16T06:14:34.649+0000] {log.py:232} WARNING - 2025-05-16 06:14:34,649 - INFO: Processing manga efa87e8e-dc98-4d67-9aaa-5f99742cd68b, chapter 1 (en)
[2025-05-16T06:14:34.649+0000] {update_sequential.py:209} INFO - Processing manga efa87e8e-dc98-4d67-9aaa-5f99742cd68b, chapter 1 (en)
[2025-05-16T06:14:34.651+0000] {log.py:232} WARNING - 2025-05-16 06:14:34,651 - INFO: Adding new chapter 1 (en) for manga efa87e8e-dc98-4d67-9aaa-5f99742cd68b
[2025-05-16T06:14:34.651+0000] {update_sequential.py:244} INFO - Adding new chapter 1 (en) for manga efa87e8e-dc98-4d67-9aaa-5f99742cd68b
[2025-05-16T06:14:34.917+0000] {log.py:232} WARNING - 2025-05-16 06:14:34,916 - INFO: Processing manga efa87e8e-dc98-4d67-9aaa-5f99742cd68b, chapter 2 (en)
[2025-05-16T06:14:34.916+0000] {update_sequential.py:209} INFO - Processing manga efa87e8e-dc98-4d67-9aaa-5f99742cd68b, chapter 2 (en)
[2025-05-16T06:14:34.921+0000] {log.py:232} WARNING - 2025-05-16 06:14:34,920 - INFO: Adding new chapter 2 (en) for manga efa87e8e-dc98-4d67-9aaa-5f99742cd68b
[2025-05-16T06:14:34.920+0000] {update_sequential.py:244} INFO - Adding new chapter 2 (en) for manga efa87e8e-dc98-4d67-9aaa-5f99742cd68b
[2025-05-16T06:14:35.189+0000] {log.py:232} WARNING - 2025-05-16 06:14:35,188 - INFO: Processing manga efa87e8e-dc98-4d67-9aaa-5f99742cd68b, chapter 3 (en)
[2025-05-16T06:14:35.188+0000] {update_sequential.py:209} INFO - Processing manga efa87e8e-dc98-4d67-9aaa-5f99742cd68b, chapter 3 (en)
[2025-05-16T06:14:35.192+0000] {log.py:232} WARNING - 2025-05-16 06:14:35,191 - INFO: Adding new chapter 3 (en) for manga efa87e8e-dc98-4d67-9aaa-5f99742cd68b
[2025-05-16T06:14:35.191+0000] {update_sequential.py:244} INFO - Adding new chapter 3 (en) for manga efa87e8e-dc98-4d67-9aaa-5f99742cd68b
[2025-05-16T06:14:35.459+0000] {log.py:232} WARNING - 2025-05-16 06:14:35,458 - INFO: Processing manga efa87e8e-dc98-4d67-9aaa-5f99742cd68b, chapter 4 (en)
[2025-05-16T06:14:35.458+0000] {update_sequential.py:209} INFO - Processing manga efa87e8e-dc98-4d67-9aaa-5f99742cd68b, chapter 4 (en)
[2025-05-16T06:14:35.461+0000] {log.py:232} WARNING - 2025-05-16 06:14:35,460 - INFO: Adding new chapter 4 (en) for manga efa87e8e-dc98-4d67-9aaa-5f99742cd68b
[2025-05-16T06:14:35.460+0000] {update_sequential.py:244} INFO - Adding new chapter 4 (en) for manga efa87e8e-dc98-4d67-9aaa-5f99742cd68b
[2025-05-16T06:14:35.728+0000] {log.py:232} WARNING - 2025-05-16 06:14:35,727 - INFO: Processing manga efa87e8e-dc98-4d67-9aaa-5f99742cd68b, chapter 5 (en)
[2025-05-16T06:14:35.727+0000] {update_sequential.py:209} INFO - Processing manga efa87e8e-dc98-4d67-9aaa-5f99742cd68b, chapter 5 (en)
[2025-05-16T06:14:35.729+0000] {log.py:232} WARNING - 2025-05-16 06:14:35,729 - INFO: Adding new chapter 5 (en) for manga efa87e8e-dc98-4d67-9aaa-5f99742cd68b
[2025-05-16T06:14:35.729+0000] {update_sequential.py:244} INFO - Adding new chapter 5 (en) for manga efa87e8e-dc98-4d67-9aaa-5f99742cd68b
[2025-05-16T06:14:36.003+0000] {log.py:232} WARNING - 2025-05-16 06:14:36,003 - INFO: Processing manga efa87e8e-dc98-4d67-9aaa-5f99742cd68b, chapter 6 (en)
[2025-05-16T06:14:36.003+0000] {update_sequential.py:209} INFO - Processing manga efa87e8e-dc98-4d67-9aaa-5f99742cd68b, chapter 6 (en)
[2025-05-16T06:14:36.005+0000] {log.py:232} WARNING - 2025-05-16 06:14:36,004 - INFO: Adding new chapter 6 (en) for manga efa87e8e-dc98-4d67-9aaa-5f99742cd68b
[2025-05-16T06:14:36.004+0000] {update_sequential.py:244} INFO - Adding new chapter 6 (en) for manga efa87e8e-dc98-4d67-9aaa-5f99742cd68b
[2025-05-16T06:14:36.271+0000] {log.py:232} WARNING - 2025-05-16 06:14:36,271 - INFO: Processing manga 97da1b58-741f-4294-9f25-44cde1ecdf9a, chapter 1 (en)
[2025-05-16T06:14:36.271+0000] {update_sequential.py:209} INFO - Processing manga 97da1b58-741f-4294-9f25-44cde1ecdf9a, chapter 1 (en)
[2025-05-16T06:14:36.272+0000] {log.py:232} WARNING - 2025-05-16 06:14:36,272 - INFO: Adding new chapter 1 (en) for manga 97da1b58-741f-4294-9f25-44cde1ecdf9a
[2025-05-16T06:14:36.272+0000] {update_sequential.py:244} INFO - Adding new chapter 1 (en) for manga 97da1b58-741f-4294-9f25-44cde1ecdf9a
[2025-05-16T06:14:36.541+0000] {log.py:232} WARNING - 2025-05-16 06:14:36,540 - INFO: Processing manga 97da1b58-741f-4294-9f25-44cde1ecdf9a, chapter 2 (en)
[2025-05-16T06:14:36.540+0000] {update_sequential.py:209} INFO - Processing manga 97da1b58-741f-4294-9f25-44cde1ecdf9a, chapter 2 (en)
[2025-05-16T06:14:36.544+0000] {log.py:232} WARNING - 2025-05-16 06:14:36,543 - INFO: Adding new chapter 2 (en) for manga 97da1b58-741f-4294-9f25-44cde1ecdf9a
[2025-05-16T06:14:36.543+0000] {update_sequential.py:244} INFO - Adding new chapter 2 (en) for manga 97da1b58-741f-4294-9f25-44cde1ecdf9a
[2025-05-16T06:14:36.812+0000] {log.py:232} WARNING - 2025-05-16 06:14:36,811 - INFO: Processing manga 97da1b58-741f-4294-9f25-44cde1ecdf9a, chapter 3 (en)
[2025-05-16T06:14:36.811+0000] {update_sequential.py:209} INFO - Processing manga 97da1b58-741f-4294-9f25-44cde1ecdf9a, chapter 3 (en)
[2025-05-16T06:14:36.815+0000] {log.py:232} WARNING - 2025-05-16 06:14:36,814 - INFO: Adding new chapter 3 (en) for manga 97da1b58-741f-4294-9f25-44cde1ecdf9a
[2025-05-16T06:14:36.814+0000] {update_sequential.py:244} INFO - Adding new chapter 3 (en) for manga 97da1b58-741f-4294-9f25-44cde1ecdf9a
[2025-05-16T06:14:37.084+0000] {log.py:232} WARNING - 2025-05-16 06:14:37,083 - INFO: Processing manga 97da1b58-741f-4294-9f25-44cde1ecdf9a, chapter 4 (en)
[2025-05-16T06:14:37.083+0000] {update_sequential.py:209} INFO - Processing manga 97da1b58-741f-4294-9f25-44cde1ecdf9a, chapter 4 (en)
[2025-05-16T06:14:37.086+0000] {log.py:232} WARNING - 2025-05-16 06:14:37,086 - INFO: Adding new chapter 4 (en) for manga 97da1b58-741f-4294-9f25-44cde1ecdf9a
[2025-05-16T06:14:37.086+0000] {update_sequential.py:244} INFO - Adding new chapter 4 (en) for manga 97da1b58-741f-4294-9f25-44cde1ecdf9a
[2025-05-16T06:14:37.351+0000] {log.py:232} WARNING - 2025-05-16 06:14:37,351 - INFO: Processing manga 8928976d-1485-4260-b6d1-13552690a9f4, chapter 1 (en)
[2025-05-16T06:14:37.351+0000] {update_sequential.py:209} INFO - Processing manga 8928976d-1485-4260-b6d1-13552690a9f4, chapter 1 (en)
[2025-05-16T06:14:37.352+0000] {log.py:232} WARNING - 2025-05-16 06:14:37,352 - INFO: Adding new chapter 1 (en) for manga 8928976d-1485-4260-b6d1-13552690a9f4
[2025-05-16T06:14:37.352+0000] {update_sequential.py:244} INFO - Adding new chapter 1 (en) for manga 8928976d-1485-4260-b6d1-13552690a9f4
[2025-05-16T06:14:37.617+0000] {log.py:232} WARNING - 2025-05-16 06:14:37,617 - INFO: Processing manga 8928976d-1485-4260-b6d1-13552690a9f4, chapter 2 (en)
[2025-05-16T06:14:37.617+0000] {update_sequential.py:209} INFO - Processing manga 8928976d-1485-4260-b6d1-13552690a9f4, chapter 2 (en)
[2025-05-16T06:14:37.619+0000] {log.py:232} WARNING - 2025-05-16 06:14:37,618 - INFO: Adding new chapter 2 (en) for manga 8928976d-1485-4260-b6d1-13552690a9f4
[2025-05-16T06:14:37.618+0000] {update_sequential.py:244} INFO - Adding new chapter 2 (en) for manga 8928976d-1485-4260-b6d1-13552690a9f4
[2025-05-16T06:14:37.884+0000] {log.py:232} WARNING - 2025-05-16 06:14:37,884 - INFO: Processing manga 8928976d-1485-4260-b6d1-13552690a9f4, chapter 3 (en)
[2025-05-16T06:14:37.884+0000] {update_sequential.py:209} INFO - Processing manga 8928976d-1485-4260-b6d1-13552690a9f4, chapter 3 (en)
[2025-05-16T06:14:37.886+0000] {log.py:232} WARNING - 2025-05-16 06:14:37,886 - INFO: Adding new chapter 3 (en) for manga 8928976d-1485-4260-b6d1-13552690a9f4
[2025-05-16T06:14:37.886+0000] {update_sequential.py:244} INFO - Adding new chapter 3 (en) for manga 8928976d-1485-4260-b6d1-13552690a9f4
[2025-05-16T06:14:38.157+0000] {log.py:232} WARNING - 2025-05-16 06:14:38,157 - INFO: Processing manga 8928976d-1485-4260-b6d1-13552690a9f4, chapter 4 (en)
[2025-05-16T06:14:38.157+0000] {update_sequential.py:209} INFO - Processing manga 8928976d-1485-4260-b6d1-13552690a9f4, chapter 4 (en)
[2025-05-16T06:14:38.159+0000] {log.py:232} WARNING - 2025-05-16 06:14:38,158 - INFO: Adding new chapter 4 (en) for manga 8928976d-1485-4260-b6d1-13552690a9f4
[2025-05-16T06:14:38.158+0000] {update_sequential.py:244} INFO - Adding new chapter 4 (en) for manga 8928976d-1485-4260-b6d1-13552690a9f4
[2025-05-16T06:14:38.423+0000] {log.py:232} WARNING - 2025-05-16 06:14:38,423 - INFO: Processing manga 287e1422-57e8-4c73-8d04-9397760df929, chapter 1 (en)
[2025-05-16T06:14:38.423+0000] {update_sequential.py:209} INFO - Processing manga 287e1422-57e8-4c73-8d04-9397760df929, chapter 1 (en)
[2025-05-16T06:14:38.425+0000] {log.py:232} WARNING - 2025-05-16 06:14:38,425 - INFO: Adding new chapter 1 (en) for manga 287e1422-57e8-4c73-8d04-9397760df929
[2025-05-16T06:14:38.425+0000] {update_sequential.py:244} INFO - Adding new chapter 1 (en) for manga 287e1422-57e8-4c73-8d04-9397760df929
[2025-05-16T06:14:38.691+0000] {log.py:232} WARNING - 2025-05-16 06:14:38,690 - INFO: Processing manga cad50822-3589-40aa-9cbf-d96a2ccc6384, chapter 1 (en)
[2025-05-16T06:14:38.690+0000] {update_sequential.py:209} INFO - Processing manga cad50822-3589-40aa-9cbf-d96a2ccc6384, chapter 1 (en)
[2025-05-16T06:14:38.693+0000] {log.py:232} WARNING - 2025-05-16 06:14:38,692 - INFO: Adding new chapter 1 (en) for manga cad50822-3589-40aa-9cbf-d96a2ccc6384
[2025-05-16T06:14:38.692+0000] {update_sequential.py:244} INFO - Adding new chapter 1 (en) for manga cad50822-3589-40aa-9cbf-d96a2ccc6384
[2025-05-16T06:14:38.961+0000] {log.py:232} WARNING - 2025-05-16 06:14:38,961 - INFO: Processing manga cad50822-3589-40aa-9cbf-d96a2ccc6384, chapter 2 (en)
[2025-05-16T06:14:38.961+0000] {update_sequential.py:209} INFO - Processing manga cad50822-3589-40aa-9cbf-d96a2ccc6384, chapter 2 (en)
[2025-05-16T06:14:38.963+0000] {log.py:232} WARNING - 2025-05-16 06:14:38,963 - INFO: Adding new chapter 2 (en) for manga cad50822-3589-40aa-9cbf-d96a2ccc6384
[2025-05-16T06:14:38.963+0000] {update_sequential.py:244} INFO - Adding new chapter 2 (en) for manga cad50822-3589-40aa-9cbf-d96a2ccc6384
[2025-05-16T06:14:39.238+0000] {log.py:232} WARNING - 2025-05-16 06:14:39,237 - INFO: Processing manga cad50822-3589-40aa-9cbf-d96a2ccc6384, chapter 3 (en)
[2025-05-16T06:14:39.237+0000] {update_sequential.py:209} INFO - Processing manga cad50822-3589-40aa-9cbf-d96a2ccc6384, chapter 3 (en)
[2025-05-16T06:14:39.239+0000] {log.py:232} WARNING - 2025-05-16 06:14:39,239 - INFO: Adding new chapter 3 (en) for manga cad50822-3589-40aa-9cbf-d96a2ccc6384
[2025-05-16T06:14:39.239+0000] {update_sequential.py:244} INFO - Adding new chapter 3 (en) for manga cad50822-3589-40aa-9cbf-d96a2ccc6384
[2025-05-16T06:14:39.504+0000] {log.py:232} WARNING - 2025-05-16 06:14:39,504 - INFO: Processing manga cad50822-3589-40aa-9cbf-d96a2ccc6384, chapter 4 (en)
[2025-05-16T06:14:39.504+0000] {update_sequential.py:209} INFO - Processing manga cad50822-3589-40aa-9cbf-d96a2ccc6384, chapter 4 (en)
[2025-05-16T06:14:39.506+0000] {log.py:232} WARNING - 2025-05-16 06:14:39,506 - INFO: Adding new chapter 4 (en) for manga cad50822-3589-40aa-9cbf-d96a2ccc6384
[2025-05-16T06:14:39.506+0000] {update_sequential.py:244} INFO - Adding new chapter 4 (en) for manga cad50822-3589-40aa-9cbf-d96a2ccc6384
[2025-05-16T06:14:39.772+0000] {log.py:232} WARNING - 2025-05-16 06:14:39,771 - INFO: Processing manga cad50822-3589-40aa-9cbf-d96a2ccc6384, chapter 4.5 (en)
[2025-05-16T06:14:39.771+0000] {update_sequential.py:209} INFO - Processing manga cad50822-3589-40aa-9cbf-d96a2ccc6384, chapter 4.5 (en)
[2025-05-16T06:14:39.773+0000] {log.py:232} WARNING - 2025-05-16 06:14:39,773 - INFO: Adding new chapter 4.5 (en) for manga cad50822-3589-40aa-9cbf-d96a2ccc6384
[2025-05-16T06:14:39.773+0000] {update_sequential.py:244} INFO - Adding new chapter 4.5 (en) for manga cad50822-3589-40aa-9cbf-d96a2ccc6384
[2025-05-16T06:14:40.039+0000] {log.py:232} WARNING - 2025-05-16 06:14:40,038 - INFO: Processing manga 4d393a81-0015-4744-bf9a-064394e3f234, chapter 1 (en)
[2025-05-16T06:14:40.038+0000] {update_sequential.py:209} INFO - Processing manga 4d393a81-0015-4744-bf9a-064394e3f234, chapter 1 (en)
[2025-05-16T06:14:40.041+0000] {log.py:232} WARNING - 2025-05-16 06:14:40,040 - INFO: Adding new chapter 1 (en) for manga 4d393a81-0015-4744-bf9a-064394e3f234
[2025-05-16T06:14:40.040+0000] {update_sequential.py:244} INFO - Adding new chapter 1 (en) for manga 4d393a81-0015-4744-bf9a-064394e3f234
[2025-05-16T06:14:40.308+0000] {log.py:232} WARNING - 2025-05-16 06:14:40,307 - INFO: Processing manga bdac77b1-608f-4b0d-9773-7053dac0eca6, chapter 1 (en)
[2025-05-16T06:14:40.307+0000] {update_sequential.py:209} INFO - Processing manga bdac77b1-608f-4b0d-9773-7053dac0eca6, chapter 1 (en)
[2025-05-16T06:14:40.309+0000] {log.py:232} WARNING - 2025-05-16 06:14:40,309 - INFO: Adding new chapter 1 (en) for manga bdac77b1-608f-4b0d-9773-7053dac0eca6
[2025-05-16T06:14:40.309+0000] {update_sequential.py:244} INFO - Adding new chapter 1 (en) for manga bdac77b1-608f-4b0d-9773-7053dac0eca6
[2025-05-16T06:14:40.574+0000] {log.py:232} WARNING - 2025-05-16 06:14:40,573 - INFO: Processing manga bdac77b1-608f-4b0d-9773-7053dac0eca6, chapter 2 (en)
[2025-05-16T06:14:40.573+0000] {update_sequential.py:209} INFO - Processing manga bdac77b1-608f-4b0d-9773-7053dac0eca6, chapter 2 (en)
[2025-05-16T06:14:40.575+0000] {log.py:232} WARNING - 2025-05-16 06:14:40,575 - INFO: Adding new chapter 2 (en) for manga bdac77b1-608f-4b0d-9773-7053dac0eca6
[2025-05-16T06:14:40.575+0000] {update_sequential.py:244} INFO - Adding new chapter 2 (en) for manga bdac77b1-608f-4b0d-9773-7053dac0eca6
[2025-05-16T06:14:40.841+0000] {log.py:232} WARNING - 2025-05-16 06:14:40,841 - INFO: Processing manga bdac77b1-608f-4b0d-9773-7053dac0eca6, chapter 3 (en)
[2025-05-16T06:14:40.841+0000] {update_sequential.py:209} INFO - Processing manga bdac77b1-608f-4b0d-9773-7053dac0eca6, chapter 3 (en)
[2025-05-16T06:14:40.843+0000] {log.py:232} WARNING - 2025-05-16 06:14:40,842 - INFO: Adding new chapter 3 (en) for manga bdac77b1-608f-4b0d-9773-7053dac0eca6
[2025-05-16T06:14:40.842+0000] {update_sequential.py:244} INFO - Adding new chapter 3 (en) for manga bdac77b1-608f-4b0d-9773-7053dac0eca6
[2025-05-16T06:14:41.107+0000] {log.py:232} WARNING - 2025-05-16 06:14:41,107 - INFO: Processing manga bdac77b1-608f-4b0d-9773-7053dac0eca6, chapter 4 (en)
[2025-05-16T06:14:41.107+0000] {update_sequential.py:209} INFO - Processing manga bdac77b1-608f-4b0d-9773-7053dac0eca6, chapter 4 (en)
[2025-05-16T06:14:41.108+0000] {log.py:232} WARNING - 2025-05-16 06:14:41,108 - INFO: Adding new chapter 4 (en) for manga bdac77b1-608f-4b0d-9773-7053dac0eca6
[2025-05-16T06:14:41.108+0000] {update_sequential.py:244} INFO - Adding new chapter 4 (en) for manga bdac77b1-608f-4b0d-9773-7053dac0eca6
[2025-05-16T06:14:41.379+0000] {log.py:232} WARNING - 2025-05-16 06:14:41,378 - INFO: Processing manga bdac77b1-608f-4b0d-9773-7053dac0eca6, chapter 5 (en)
[2025-05-16T06:14:41.378+0000] {update_sequential.py:209} INFO - Processing manga bdac77b1-608f-4b0d-9773-7053dac0eca6, chapter 5 (en)
[2025-05-16T06:14:41.382+0000] {log.py:232} WARNING - 2025-05-16 06:14:41,382 - INFO: Adding new chapter 5 (en) for manga bdac77b1-608f-4b0d-9773-7053dac0eca6
[2025-05-16T06:14:41.382+0000] {update_sequential.py:244} INFO - Adding new chapter 5 (en) for manga bdac77b1-608f-4b0d-9773-7053dac0eca6
[2025-05-16T06:14:41.654+0000] {log.py:232} WARNING - 2025-05-16 06:14:41,653 - INFO: Processing manga f777da8d-878b-4114-a256-31b21933afc3, chapter 1 (en)
[2025-05-16T06:14:41.653+0000] {update_sequential.py:209} INFO - Processing manga f777da8d-878b-4114-a256-31b21933afc3, chapter 1 (en)
[2025-05-16T06:14:41.656+0000] {log.py:232} WARNING - 2025-05-16 06:14:41,655 - INFO: Adding new chapter 1 (en) for manga f777da8d-878b-4114-a256-31b21933afc3
[2025-05-16T06:14:41.655+0000] {update_sequential.py:244} INFO - Adding new chapter 1 (en) for manga f777da8d-878b-4114-a256-31b21933afc3
[2025-05-16T06:14:41.923+0000] {log.py:232} WARNING - 2025-05-16 06:14:41,922 - INFO: Processing manga 255937ca-c65b-4f8e-bb39-a41ac667362b, chapter 1 (en)
[2025-05-16T06:14:41.922+0000] {update_sequential.py:209} INFO - Processing manga 255937ca-c65b-4f8e-bb39-a41ac667362b, chapter 1 (en)
[2025-05-16T06:14:41.925+0000] {log.py:232} WARNING - 2025-05-16 06:14:41,924 - INFO: Adding new chapter 1 (en) for manga 255937ca-c65b-4f8e-bb39-a41ac667362b
[2025-05-16T06:14:41.924+0000] {update_sequential.py:244} INFO - Adding new chapter 1 (en) for manga 255937ca-c65b-4f8e-bb39-a41ac667362b
[2025-05-16T06:14:42.197+0000] {log.py:232} WARNING - 2025-05-16 06:14:42,196 - INFO: Processing manga 255937ca-c65b-4f8e-bb39-a41ac667362b, chapter 2 (en)
[2025-05-16T06:14:42.196+0000] {update_sequential.py:209} INFO - Processing manga 255937ca-c65b-4f8e-bb39-a41ac667362b, chapter 2 (en)
[2025-05-16T06:14:42.201+0000] {log.py:232} WARNING - 2025-05-16 06:14:42,200 - INFO: Adding new chapter 2 (en) for manga 255937ca-c65b-4f8e-bb39-a41ac667362b
[2025-05-16T06:14:42.200+0000] {update_sequential.py:244} INFO - Adding new chapter 2 (en) for manga 255937ca-c65b-4f8e-bb39-a41ac667362b
[2025-05-16T06:14:42.472+0000] {log.py:232} WARNING - 2025-05-16 06:14:42,471 - INFO: Processing manga 255937ca-c65b-4f8e-bb39-a41ac667362b, chapter 3 (en)
[2025-05-16T06:14:42.471+0000] {update_sequential.py:209} INFO - Processing manga 255937ca-c65b-4f8e-bb39-a41ac667362b, chapter 3 (en)
[2025-05-16T06:14:42.475+0000] {log.py:232} WARNING - 2025-05-16 06:14:42,474 - INFO: Adding new chapter 3 (en) for manga 255937ca-c65b-4f8e-bb39-a41ac667362b
[2025-05-16T06:14:42.474+0000] {update_sequential.py:244} INFO - Adding new chapter 3 (en) for manga 255937ca-c65b-4f8e-bb39-a41ac667362b
[2025-05-16T06:14:42.743+0000] {log.py:232} WARNING - 2025-05-16 06:14:42,742 - INFO: Processing manga 255937ca-c65b-4f8e-bb39-a41ac667362b, chapter 4 (en)
[2025-05-16T06:14:42.742+0000] {update_sequential.py:209} INFO - Processing manga 255937ca-c65b-4f8e-bb39-a41ac667362b, chapter 4 (en)
[2025-05-16T06:14:42.745+0000] {log.py:232} WARNING - 2025-05-16 06:14:42,744 - INFO: Adding new chapter 4 (en) for manga 255937ca-c65b-4f8e-bb39-a41ac667362b
[2025-05-16T06:14:42.744+0000] {update_sequential.py:244} INFO - Adding new chapter 4 (en) for manga 255937ca-c65b-4f8e-bb39-a41ac667362b
[2025-05-16T06:14:43.011+0000] {log.py:232} WARNING - 2025-05-16 06:14:43,010 - INFO: Processing manga 16ac1429-593f-4fe5-a529-ce8aed994ef5, chapter None (en)
[2025-05-16T06:14:43.010+0000] {update_sequential.py:209} INFO - Processing manga 16ac1429-593f-4fe5-a529-ce8aed994ef5, chapter None (en)
[2025-05-16T06:14:43.014+0000] {log.py:232} WARNING - 2025-05-16 06:14:43,013 - INFO: Adding new chapter None (en) for manga 16ac1429-593f-4fe5-a529-ce8aed994ef5
[2025-05-16T06:14:43.013+0000] {update_sequential.py:244} INFO - Adding new chapter None (en) for manga 16ac1429-593f-4fe5-a529-ce8aed994ef5
[2025-05-16T06:14:43.284+0000] {log.py:232} WARNING - 2025-05-16 06:14:43,283 - INFO: Processing manga da6c7a1e-e528-4a1e-8a09-c5443ab77225, chapter None (en)
[2025-05-16T06:14:43.283+0000] {update_sequential.py:209} INFO - Processing manga da6c7a1e-e528-4a1e-8a09-c5443ab77225, chapter None (en)
[2025-05-16T06:14:43.287+0000] {log.py:232} WARNING - 2025-05-16 06:14:43,286 - INFO: Adding new chapter None (en) for manga da6c7a1e-e528-4a1e-8a09-c5443ab77225
[2025-05-16T06:14:43.286+0000] {update_sequential.py:244} INFO - Adding new chapter None (en) for manga da6c7a1e-e528-4a1e-8a09-c5443ab77225
[2025-05-16T06:14:43.555+0000] {log.py:232} WARNING - 2025-05-16 06:14:43,554 - INFO: Processing manga f1b3d291-ac40-41b0-bddf-d6d3dda03515, chapter 1 (en)
[2025-05-16T06:14:43.554+0000] {update_sequential.py:209} INFO - Processing manga f1b3d291-ac40-41b0-bddf-d6d3dda03515, chapter 1 (en)
[2025-05-16T06:14:43.557+0000] {log.py:232} WARNING - 2025-05-16 06:14:43,557 - INFO: Adding new chapter 1 (en) for manga f1b3d291-ac40-41b0-bddf-d6d3dda03515
[2025-05-16T06:14:43.557+0000] {update_sequential.py:244} INFO - Adding new chapter 1 (en) for manga f1b3d291-ac40-41b0-bddf-d6d3dda03515
[2025-05-16T06:14:44.092+0000] {log.py:232} WARNING - 2025-05-16 06:14:44,092 - INFO: Database update complete
[2025-05-16T06:14:44.092+0000] {update_sequential.py:265} INFO - Database update complete
[2025-05-16T06:14:44.093+0000] {log.py:232} WARNING - 2025-05-16 06:14:44,093 - INFO: Total chapters added/updated: 87
[2025-05-16T06:14:44.093+0000] {update_sequential.py:269} INFO - Total chapters added/updated: 87
[2025-05-16T06:14:44.094+0000] {log.py:232} WARNING - 2025-05-16 06:14:44,094 - INFO: Total chapters replaced with English translations: 0
[2025-05-16T06:14:44.094+0000] {update_sequential.py:270} INFO - Total chapters replaced with English translations: 0
[2025-05-16T06:14:44.398+0000] {log.py:232} WARNING - 2025-05-16 06:14:44,397 - INFO: Registered chapter rollback data for 87 chapter IDs
[2025-05-16T06:14:44.397+0000] {update_manga_database_dag.py:157} INFO - Registered chapter rollback data for 87 chapter IDs
[2025-05-16T06:14:44.399+0000] {log.py:232} WARNING - 2025-05-16 06:14:44,399 - INFO: Updated/added 87 chapters, replaced 0
[2025-05-16T06:14:44.399+0000] {update_manga_database_dag.py:420} INFO - Updated/added 87 chapters, replaced 0
[2025-05-16T06:14:44.400+0000] {log.py:232} WARNING - 2025-05-16 06:14:44,400 - INFO: Starting image data update
[2025-05-16T06:14:44.400+0000] {update_manga_database_dag.py:424} INFO - Starting image data update
[2025-05-16T06:14:44.401+0000] {log.py:232} WARNING - 2025-05-16 06:14:44,401 - INFO: Checking for existing chapters...
[2025-05-16T06:14:44.401+0000] {update_sequential.py:310} INFO - Checking for existing chapters...
[2025-05-16T06:14:45.567+0000] {logging_mixin.py:190} WARNING - Preparing data:   0%|                                                        | 0/87 [00:00<?, ?it/s]
[2025-05-16T06:14:45.568+0000] {logging_mixin.py:190} WARNING - Preparing data: 100%|###########################################| 87/87 [00:00<00:00, 547083.13it/s]
[2025-05-16T06:14:45.570+0000] {log.py:232} WARNING - 2025-05-16 06:14:45,569 - INFO: Starting MongoDB bulk update with 87 new chapters...
[2025-05-16T06:14:45.569+0000] {update_sequential.py:345} INFO - Starting MongoDB bulk update with 87 new chapters...
[2025-05-16T06:14:45.574+0000] {logging_mixin.py:190} WARNING - Updating MongoDB:   0%|                                                      | 0/87 [00:00<?, ?it/s]
[2025-05-16T06:14:47.022+0000] {logging_mixin.py:190} WARNING - Updating MongoDB: 100%|#############################################| 87/87 [00:01<00:00, 60.13it/s]
[2025-05-16T06:14:47.023+0000] {logging_mixin.py:190} WARNING - Updating MongoDB: 100%|#############################################| 87/87 [00:01<00:00, 60.04it/s]
[2025-05-16T06:14:47.026+0000] {log.py:232} WARNING - 2025-05-16 06:14:47,025 - INFO: MongoDB update completed: Inserted: 87 | Duplicates skipped: 0
[2025-05-16T06:14:47.025+0000] {update_sequential.py:385} INFO - MongoDB update completed: Inserted: 87 | Duplicates skipped: 0
[2025-05-16T06:14:47.030+0000] {log.py:232} WARNING - 2025-05-16 06:14:47,029 - INFO: Inserted 87 chapters, skipped 0
[2025-05-16T06:14:47.029+0000] {update_manga_database_dag.py:426} INFO - Inserted 87 chapters, skipped 0
[2025-05-16T06:14:47.033+0000] {log.py:232} WARNING - 2025-05-16 06:14:47,032 - INFO: Registered image rollback data for 87 new chapters and 0 deleted chapters
[2025-05-16T06:14:47.032+0000] {update_manga_database_dag.py:181} INFO - Registered image rollback data for 87 new chapters and 0 deleted chapters
[2025-05-16T06:14:47.330+0000] {log.py:232} WARNING - 2025-05-16 06:14:47,330 - INFO: Transaction committed successfully
[2025-05-16T06:14:47.330+0000] {update_manga_database_dag.py:279} INFO - Transaction committed successfully
[2025-05-16T06:14:47.332+0000] {log.py:232} WARNING - 2025-05-16 06:14:47,332 - INFO: All updates committed successfully
[2025-05-16T06:14:47.332+0000] {update_manga_database_dag.py:439} INFO - All updates committed successfully
[2025-05-16T06:14:47.333+0000] {python.py:240} INFO - Done. Returned value was: None
[2025-05-16T06:14:47.347+0000] {taskinstance.py:341} INFO - ::group::Post task execution logs
[2025-05-16T06:14:47.348+0000] {taskinstance.py:353} INFO - Marking task as SUCCESS. dag_id=update_manga_database, task_id=update_all_databases, run_id=manual__2025-05-16T06:12:31.518922+00:00, execution_date=20250516T061231, start_date=20250516T061353, end_date=20250516T061447
[2025-05-16T06:14:47.394+0000] {logging_mixin.py:190} INFO - Task instance in success state
[2025-05-16T06:14:47.395+0000] {logging_mixin.py:190} INFO -  Previous state of the Task instance: running
[2025-05-16T06:14:47.395+0000] {logging_mixin.py:190} INFO - Dag name:update_manga_database queued_at:2025-05-16 06:12:31.542498+00:00
[2025-05-16T06:14:47.396+0000] {logging_mixin.py:190} INFO - Task hostname:3729034b4972 operator:_PythonDecoratedOperator
[2025-05-16T06:14:47.418+0000] {local_task_job_runner.py:266} INFO - Task exited with return code 0
[2025-05-16T06:14:47.452+0000] {taskinstance.py:3901} INFO - 0 downstream tasks scheduled from follow-on schedule check
[2025-05-16T06:14:47.460+0000] {local_task_job_runner.py:245} INFO - ::endgroup::
