[2025-05-15T21:09:17.483+0000] {local_task_job_runner.py:123} INFO - ::group::Pre task execution logs
[2025-05-15T21:09:17.509+0000] {taskinstance.py:2614} INFO - Dependencies all met for dep_context=non-requeueable deps ti=<TaskInstance: update_manga_database.fetch_and_process_chapter_data manual__2025-05-15T21:09:07.164618+00:00 [queued]>
[2025-05-15T21:09:17.522+0000] {taskinstance.py:2614} INFO - Dependencies all met for dep_context=requeueable deps ti=<TaskInstance: update_manga_database.fetch_and_process_chapter_data manual__2025-05-15T21:09:07.164618+00:00 [queued]>
[2025-05-15T21:09:17.522+0000] {taskinstance.py:2867} INFO - Starting attempt 1 of 2
[2025-05-15T21:09:17.537+0000] {taskinstance.py:2890} INFO - Executing <Task(_PythonDecoratedOperator): fetch_and_process_chapter_data> on 2025-05-15 21:09:07.164618+00:00
[2025-05-15T21:09:17.547+0000] {warnings.py:112} WARNING - /home/***/.local/lib/python3.12/site-packages/***/task/task_runner/standard_task_runner.py:70: DeprecationWarning: This process (pid=2692) is multi-threaded, use of fork() may lead to deadlocks in the child.
  pid = os.fork()

[2025-05-15T21:09:17.548+0000] {standard_task_runner.py:72} INFO - Started process 2700 to run task
[2025-05-15T21:09:17.550+0000] {standard_task_runner.py:104} INFO - Running: ['***', 'tasks', 'run', 'update_manga_database', 'fetch_and_process_chapter_data', 'manual__2025-05-15T21:09:07.164618+00:00', '--job-id', '32', '--raw', '--subdir', 'DAGS_FOLDER/update_manga_database_dag.py', '--cfg-path', '/tmp/tmptwaahafq']
[2025-05-15T21:09:17.552+0000] {standard_task_runner.py:105} INFO - Job 32: Subtask fetch_and_process_chapter_data
[2025-05-15T21:09:17.599+0000] {task_command.py:467} INFO - Running <TaskInstance: update_manga_database.fetch_and_process_chapter_data manual__2025-05-15T21:09:07.164618+00:00 [running]> on host 3729034b4972
[2025-05-15T21:09:17.692+0000] {taskinstance.py:3134} INFO - Exporting env vars: AIRFLOW_CTX_DAG_OWNER='***' AIRFLOW_CTX_DAG_ID='update_manga_database' AIRFLOW_CTX_TASK_ID='fetch_and_process_chapter_data' AIRFLOW_CTX_EXECUTION_DATE='2025-05-15T21:09:07.164618+00:00' AIRFLOW_CTX_TRY_NUMBER='1' AIRFLOW_CTX_DAG_RUN_ID='manual__2025-05-15T21:09:07.164618+00:00'
[2025-05-15T21:09:17.694+0000] {logging_mixin.py:190} INFO - Task instance is in running state
[2025-05-15T21:09:17.694+0000] {logging_mixin.py:190} INFO -  Previous state of the Task instance: queued
[2025-05-15T21:09:17.695+0000] {logging_mixin.py:190} INFO - Current task name:fetch_and_process_chapter_data state:running start_date:2025-05-15 21:09:17.510406+00:00
[2025-05-15T21:09:17.695+0000] {logging_mixin.py:190} INFO - Dag name:update_manga_database and current dag run status:running
[2025-05-15T21:09:17.696+0000] {taskinstance.py:732} INFO - ::endgroup::
[2025-05-15T21:09:17.698+0000] {log.py:232} WARNING - 2025-05-15 21:09:17,697 - INFO: Fetching chapter data
[2025-05-15T21:09:17.697+0000] {update_manga_database_dag.py:364} INFO - Fetching chapter data
[2025-05-15T21:09:17.707+0000] {logging_mixin.py:190} WARNING - 📚 Fetching chapters 2 weeks ago:   0%|          | 0/14 [00:00<?, ?it/s]
[2025-05-15T21:09:17.906+0000] {log.py:232} WARNING - 2025-05-15 21:09:17,905 - INFO: Manga e82fb7dd-edff-4593-9fff-760f018f6703 fetched 1 unique chapters.
[2025-05-15T21:09:17.905+0000] {crawler_instance.py:245} INFO - Manga e82fb7dd-edff-4593-9fff-760f018f6703 fetched 1 unique chapters.
[2025-05-15T21:09:17.907+0000] {logging_mixin.py:190} WARNING - 📚 Fetching chapters 2 weeks ago:   7%|7         | 1/14 [00:00<00:02,  5.02it/s]
[2025-05-15T21:09:17.945+0000] {log.py:232} WARNING - 2025-05-15 21:09:17,944 - INFO: Manga 236ab0cf-a5ef-4039-8e0a-f4cfe4660424 fetched 1 unique chapters.
[2025-05-15T21:09:17.944+0000] {crawler_instance.py:245} INFO - Manga 236ab0cf-a5ef-4039-8e0a-f4cfe4660424 fetched 1 unique chapters.
[2025-05-15T21:09:17.948+0000] {log.py:232} WARNING - 2025-05-15 21:09:17,948 - INFO: Manga 192ec1c9-eb9a-4771-bb79-2b9bb4adbe0e fetched 3 unique chapters.
[2025-05-15T21:09:17.948+0000] {crawler_instance.py:245} INFO - Manga 192ec1c9-eb9a-4771-bb79-2b9bb4adbe0e fetched 3 unique chapters.
[2025-05-15T21:09:17.966+0000] {log.py:232} WARNING - 2025-05-15 21:09:17,966 - INFO: Manga d38389ac-caeb-4a4f-8483-589ddbaf50e1 fetched 0 unique chapters.
[2025-05-15T21:09:17.966+0000] {crawler_instance.py:245} INFO - Manga d38389ac-caeb-4a4f-8483-589ddbaf50e1 fetched 0 unique chapters.
[2025-05-15T21:09:18.032+0000] {log.py:232} WARNING - 2025-05-15 21:09:18,032 - INFO: Manga 3de96e80-6feb-450c-a169-053d40c01063 fetched 4 unique chapters.
[2025-05-15T21:09:18.032+0000] {crawler_instance.py:245} INFO - Manga 3de96e80-6feb-450c-a169-053d40c01063 fetched 4 unique chapters.
[2025-05-15T21:09:18.034+0000] {logging_mixin.py:190} WARNING - 📚 Fetching chapters 2 weeks ago:  36%|###5      | 5/14 [00:00<00:00, 17.68it/s]
[2025-05-15T21:09:18.108+0000] {log.py:232} WARNING - 2025-05-15 21:09:18,108 - INFO: Manga e195fc69-5e5c-4410-84fe-268daef38fbc fetched 1 unique chapters.
[2025-05-15T21:09:18.108+0000] {crawler_instance.py:245} INFO - Manga e195fc69-5e5c-4410-84fe-268daef38fbc fetched 1 unique chapters.
[2025-05-15T21:09:18.110+0000] {log.py:232} WARNING - 2025-05-15 21:09:18,110 - INFO: Manga 8dbb4f57-4e35-4fa6-88c7-2d8f8334d8db fetched 15 unique chapters.
[2025-05-15T21:09:18.110+0000] {crawler_instance.py:245} INFO - Manga 8dbb4f57-4e35-4fa6-88c7-2d8f8334d8db fetched 15 unique chapters.
[2025-05-15T21:09:18.120+0000] {log.py:232} WARNING - 2025-05-15 21:09:18,119 - INFO: Manga e7fa5fe6-7988-4f69-a6b8-7f5c34ade5d4 fetched 11 unique chapters.
[2025-05-15T21:09:18.119+0000] {crawler_instance.py:245} INFO - Manga e7fa5fe6-7988-4f69-a6b8-7f5c34ade5d4 fetched 11 unique chapters.
[2025-05-15T21:09:18.158+0000] {log.py:232} WARNING - 2025-05-15 21:09:18,157 - INFO: Manga 051f9e5b-72d9-4d32-ac41-2441c2c03a67 fetched 1 unique chapters.
[2025-05-15T21:09:18.157+0000] {crawler_instance.py:245} INFO - Manga 051f9e5b-72d9-4d32-ac41-2441c2c03a67 fetched 1 unique chapters.
[2025-05-15T21:09:18.159+0000] {logging_mixin.py:190} WARNING - 📚 Fetching chapters 2 weeks ago:  64%|######4   | 9/14 [00:00<00:00, 23.40it/s]
[2025-05-15T21:09:18.264+0000] {log.py:232} WARNING - 2025-05-15 21:09:18,263 - INFO: Manga 3f403042-3b37-489a-8df2-8f59a1dd6300 fetched 0 unique chapters.
[2025-05-15T21:09:18.263+0000] {crawler_instance.py:245} INFO - Manga 3f403042-3b37-489a-8df2-8f59a1dd6300 fetched 0 unique chapters.
[2025-05-15T21:09:18.271+0000] {log.py:232} WARNING - 2025-05-15 21:09:18,269 - INFO: Manga de5038a8-898a-4149-a93e-756243cc09e0 fetched 0 unique chapters.
[2025-05-15T21:09:18.269+0000] {crawler_instance.py:245} INFO - Manga de5038a8-898a-4149-a93e-756243cc09e0 fetched 0 unique chapters.
[2025-05-15T21:09:18.276+0000] {log.py:232} WARNING - 2025-05-15 21:09:18,276 - INFO: Manga 582248de-5dec-436c-835e-127e750445fb fetched 0 unique chapters.
[2025-05-15T21:09:18.276+0000] {crawler_instance.py:245} INFO - Manga 582248de-5dec-436c-835e-127e750445fb fetched 0 unique chapters.
[2025-05-15T21:09:18.279+0000] {logging_mixin.py:190} WARNING - 📚 Fetching chapters 2 weeks ago:  86%|########5 | 12/14 [00:00<00:00, 24.04it/s]
[2025-05-15T21:09:18.281+0000] {log.py:232} WARNING - 2025-05-15 21:09:18,280 - INFO: Manga c5206869-59c1-4988-8c6f-9fcaa71a2c16 fetched 0 unique chapters.
[2025-05-15T21:09:18.280+0000] {crawler_instance.py:245} INFO - Manga c5206869-59c1-4988-8c6f-9fcaa71a2c16 fetched 0 unique chapters.
[2025-05-15T21:09:18.379+0000] {log.py:232} WARNING - 2025-05-15 21:09:18,378 - INFO: Manga 837db806-4dc6-4bbb-9263-374eaca2eb57 fetched 0 unique chapters.
[2025-05-15T21:09:18.378+0000] {crawler_instance.py:245} INFO - Manga 837db806-4dc6-4bbb-9263-374eaca2eb57 fetched 0 unique chapters.
[2025-05-15T21:09:18.381+0000] {logging_mixin.py:190} WARNING - 📚 Fetching chapters 2 weeks ago: 100%|##########| 14/14 [00:00<00:00, 20.81it/s]
[2025-05-15T21:09:18.384+0000] {log.py:232} WARNING - 2025-05-15 21:09:18,383 - INFO: Processed chapters for 14 manga
[2025-05-15T21:09:18.383+0000] {update_manga_database_dag.py:371} INFO - Processed chapters for 14 manga
[2025-05-15T21:09:18.385+0000] {python.py:240} INFO - Done. Returned value was: {'236ab0cf-a5ef-4039-8e0a-f4cfe4660424': [{'chapter_id': '6ec2b9fd-08f7-4a58-a08a-80f82436c8c9', 'manga_id': '236ab0cf-a5ef-4039-8e0a-f4cfe4660424', 'chapter_number': '1.1', 'volume': '1', 'title': None, 'lang': 'en', 'pages': 34, 'created_at': '2025-05-15T20:49:59+00:00'}], 'e82fb7dd-edff-4593-9fff-760f018f6703': [{'chapter_id': '8c8f62b4-e063-4e9a-8fc7-972b6045687a', 'manga_id': 'e82fb7dd-edff-4593-9fff-760f018f6703', 'chapter_number': None, 'volume': None, 'title': None, 'lang': 'es-la', 'pages': 39, 'created_at': '2025-05-15T18:48:44+00:00'}], 'd38389ac-caeb-4a4f-8483-589ddbaf50e1': [], '192ec1c9-eb9a-4771-bb79-2b9bb4adbe0e': [{'chapter_id': '143711b7-4eb8-43e9-8c8b-f51ebb9a344c', 'manga_id': '192ec1c9-eb9a-4771-bb79-2b9bb4adbe0e', 'chapter_number': '1', 'volume': None, 'title': '', 'lang': 'en', 'pages': 61, 'created_at': '2025-05-15T17:09:56+00:00'}, {'chapter_id': '82141f03-c082-442c-8b6a-13afb1ba3e23', 'manga_id': '192ec1c9-eb9a-4771-bb79-2b9bb4adbe0e', 'chapter_number': '2', 'volume': None, 'title': '', 'lang': 'en', 'pages': 45, 'created_at': '2025-05-15T17:10:31+00:00'}, {'chapter_id': '6d720b40-3aad-47a0-916d-6ce4f5f5d365', 'manga_id': '192ec1c9-eb9a-4771-bb79-2b9bb4adbe0e', 'chapter_number': '3', 'volume': None, 'title': '', 'lang': 'en', 'pages': 37, 'created_at': '2025-05-15T17:11:05+00:00'}], '3de96e80-6feb-450c-a169-053d40c01063': [{'chapter_id': '87a809bb-2126-4199-8bb0-ca744e76aeca', 'manga_id': '3de96e80-6feb-450c-a169-053d40c01063', 'chapter_number': '1', 'volume': None, 'title': '', 'lang': 'en', 'pages': 28, 'created_at': '2025-05-15T17:02:08+00:00'}, {'chapter_id': '7d419259-e55c-493a-a849-8c3395ddc510', 'manga_id': '3de96e80-6feb-450c-a169-053d40c01063', 'chapter_number': '2', 'volume': None, 'title': '', 'lang': 'en', 'pages': 23, 'created_at': '2025-05-15T17:02:34+00:00'}, {'chapter_id': 'f31f77eb-eb4e-488a-89fa-145ae089649b', 'manga_id': '3de96e80-6feb-450c-a169-053d40c01063', 'chapter_number': '3', 'volume': None, 'title': '', 'lang': 'en', 'pages': 28, 'created_at': '2025-05-15T17:03:02+00:00'}, {'chapter_id': '60533411-a9ec-42e9-99eb-4a7387c6e544', 'manga_id': '3de96e80-6feb-450c-a169-053d40c01063', 'chapter_number': '4', 'volume': None, 'title': '', 'lang': 'en', 'pages': 27, 'created_at': '2025-05-15T17:03:27+00:00'}], '8dbb4f57-4e35-4fa6-88c7-2d8f8334d8db': [{'chapter_id': 'ec3cfe93-39ec-4300-8fbd-2613764f32c2', 'manga_id': '8dbb4f57-4e35-4fa6-88c7-2d8f8334d8db', 'chapter_number': '1', 'volume': None, 'title': '', 'lang': 'en', 'pages': 33, 'created_at': '2025-05-15T16:47:53+00:00'}, {'chapter_id': '7fe37362-9219-445a-ad4b-d044f5fb0f78', 'manga_id': '8dbb4f57-4e35-4fa6-88c7-2d8f8334d8db', 'chapter_number': '2', 'volume': None, 'title': '', 'lang': 'en', 'pages': 31, 'created_at': '2025-05-15T16:48:19+00:00'}, {'chapter_id': 'de4fd14a-ab6e-485d-a2ab-f321fcd3908b', 'manga_id': '8dbb4f57-4e35-4fa6-88c7-2d8f8334d8db', 'chapter_number': '3', 'volume': None, 'title': '', 'lang': 'en', 'pages': 32, 'created_at': '2025-05-15T16:48:50+00:00'}, {'chapter_id': '399e4037-7548-4855-8dc0-d78510e0c952', 'manga_id': '8dbb4f57-4e35-4fa6-88c7-2d8f8334d8db', 'chapter_number': '4', 'volume': None, 'title': '', 'lang': 'en', 'pages': 29, 'created_at': '2025-05-15T16:49:17+00:00'}, {'chapter_id': '92da9200-c9ec-4eb9-8404-668f0f0d48b7', 'manga_id': '8dbb4f57-4e35-4fa6-88c7-2d8f8334d8db', 'chapter_number': '5', 'volume': None, 'title': '', 'lang': 'en', 'pages': 34, 'created_at': '2025-05-15T16:49:47+00:00'}, {'chapter_id': 'bdc35347-8a27-4f76-bf22-bfa7a4fe6841', 'manga_id': '8dbb4f57-4e35-4fa6-88c7-2d8f8334d8db', 'chapter_number': '6', 'volume': None, 'title': '', 'lang': 'en', 'pages': 30, 'created_at': '2025-05-15T16:50:12+00:00'}, {'chapter_id': '247220e4-5bc2-49cd-b527-eb2c75296896', 'manga_id': '8dbb4f57-4e35-4fa6-88c7-2d8f8334d8db', 'chapter_number': '7', 'volume': None, 'title': '', 'lang': 'en', 'pages': 29, 'created_at': '2025-05-15T16:55:23+00:00'}, {'chapter_id': 'b309ee67-e822-4cf6-97b6-332df1b42adc', 'manga_id': '8dbb4f57-4e35-4fa6-88c7-2d8f8334d8db', 'chapter_number': '8', 'volume': None, 'title': '', 'lang': 'en', 'pages': 28, 'created_at': '2025-05-15T16:55:49+00:00'}, {'chapter_id': 'f184c114-68c2-433d-abd0-aa2fc4ebe293', 'manga_id': '8dbb4f57-4e35-4fa6-88c7-2d8f8334d8db', 'chapter_number': '9', 'volume': None, 'title': '', 'lang': 'en', 'pages': 28, 'created_at': '2025-05-15T16:56:11+00:00'}, {'chapter_id': '51317a0e-0c77-4f00-9ff9-f68e49c3b29f', 'manga_id': '8dbb4f57-4e35-4fa6-88c7-2d8f8334d8db', 'chapter_number': '10', 'volume': None, 'title': '', 'lang': 'en', 'pages': 26, 'created_at': '2025-05-15T16:56:35+00:00'}, {'chapter_id': '4eaa5b40-aac7-4f34-94bf-0c4108856419', 'manga_id': '8dbb4f57-4e35-4fa6-88c7-2d8f8334d8db', 'chapter_number': '11', 'volume': None, 'title': '', 'lang': 'en', 'pages': 27, 'created_at': '2025-05-15T16:57:00+00:00'}, {'chapter_id': 'ecdb565d-a9c2-4e49-a2c0-293ac5589180', 'manga_id': '8dbb4f57-4e35-4fa6-88c7-2d8f8334d8db', 'chapter_number': '12', 'volume': None, 'title': '', 'lang': 'en', 'pages': 28, 'created_at': '2025-05-15T16:57:25+00:00'}, {'chapter_id': '1ff59269-d84d-4d40-98b6-7353a826a6b6', 'manga_id': '8dbb4f57-4e35-4fa6-88c7-2d8f8334d8db', 'chapter_number': '13', 'volume': None, 'title': '', 'lang': 'en', 'pages': 26, 'created_at': '2025-05-15T16:57:50+00:00'}, {'chapter_id': '54f1f873-5e11-47b7-94b9-d8a8396e2bb4', 'manga_id': '8dbb4f57-4e35-4fa6-88c7-2d8f8334d8db', 'chapter_number': '14', 'volume': None, 'title': '', 'lang': 'en', 'pages': 29, 'created_at': '2025-05-15T16:58:16+00:00'}, {'chapter_id': 'fa75eb21-daad-4607-afec-5a65340a0928', 'manga_id': '8dbb4f57-4e35-4fa6-88c7-2d8f8334d8db', 'chapter_number': '15', 'volume': None, 'title': '', 'lang': 'en', 'pages': 30, 'created_at': '2025-05-15T16:58:41+00:00'}], 'e195fc69-5e5c-4410-84fe-268daef38fbc': [{'chapter_id': '971668bb-24d4-4a02-a53f-21f7be8b9685', 'manga_id': 'e195fc69-5e5c-4410-84fe-268daef38fbc', 'chapter_number': None, 'volume': None, 'title': None, 'lang': 'en', 'pages': 22, 'created_at': '2025-05-15T18:29:09+00:00'}], 'e7fa5fe6-7988-4f69-a6b8-7f5c34ade5d4': [{'chapter_id': 'ed9723d3-06f4-4396-aa32-37fa2b10231f', 'manga_id': 'e7fa5fe6-7988-4f69-a6b8-7f5c34ade5d4', 'chapter_number': '1', 'volume': None, 'title': '', 'lang': 'en', 'pages': 54, 'created_at': '2025-05-15T16:40:13+00:00'}, {'chapter_id': 'ea538fa8-e518-4baf-8150-bbeef6ff5509', 'manga_id': 'e7fa5fe6-7988-4f69-a6b8-7f5c34ade5d4', 'chapter_number': '2', 'volume': None, 'title': '', 'lang': 'en', 'pages': 37, 'created_at': '2025-05-15T16:40:43+00:00'}, {'chapter_id': '7f9cf233-33de-4641-84c4-819dddcda0cd', 'manga_id': 'e7fa5fe6-7988-4f69-a6b8-7f5c34ade5d4', 'chapter_number': '3', 'volume': None, 'title': '', 'lang': 'en', 'pages': 36, 'created_at': '2025-05-15T16:41:14+00:00'}, {'chapter_id': '710ac6e0-39fc-48f1-ae84-3c805c61dc81', 'manga_id': 'e7fa5fe6-7988-4f69-a6b8-7f5c34ade5d4', 'chapter_number': '4', 'volume': None, 'title': '', 'lang': 'en', 'pages': 34, 'created_at': '2025-05-15T16:41:45+00:00'}, {'chapter_id': '3fbe55c3-9785-4874-89b3-ba8e0b035a72', 'manga_id': 'e7fa5fe6-7988-4f69-a6b8-7f5c34ade5d4', 'chapter_number': '5', 'volume': None, 'title': '', 'lang': 'en', 'pages': 35, 'created_at': '2025-05-15T16:42:14+00:00'}, {'chapter_id': '9e17a307-cb2d-4923-9f36-949600129a49', 'manga_id': 'e7fa5fe6-7988-4f69-a6b8-7f5c34ade5d4', 'chapter_number': '6', 'volume': None, 'title': '', 'lang': 'en', 'pages': 32, 'created_at': '2025-05-15T16:42:40+00:00'}, {'chapter_id': 'ee79f063-8fcd-4f58-92e8-d58e48c170fd', 'manga_id': 'e7fa5fe6-7988-4f69-a6b8-7f5c34ade5d4', 'chapter_number': '7', 'volume': None, 'title': '', 'lang': 'en', 'pages': 31, 'created_at': '2025-05-15T16:43:07+00:00'}, {'chapter_id': 'f3dcd0d6-83dc-48f2-8685-2b90320788b2', 'manga_id': 'e7fa5fe6-7988-4f69-a6b8-7f5c34ade5d4', 'chapter_number': '8', 'volume': None, 'title': '', 'lang': 'en', 'pages': 32, 'created_at': '2025-05-15T16:43:35+00:00'}, {'chapter_id': 'b785b05e-0d84-454c-a13c-80141f061788', 'manga_id': 'e7fa5fe6-7988-4f69-a6b8-7f5c34ade5d4', 'chapter_number': '9', 'volume': None, 'title': '', 'lang': 'en', 'pages': 26, 'created_at': '2025-05-15T16:44:02+00:00'}, {'chapter_id': '3b9f350a-e4d2-4d9f-b382-77f8d3084e1f', 'manga_id': 'e7fa5fe6-7988-4f69-a6b8-7f5c34ade5d4', 'chapter_number': '10', 'volume': None, 'title': '', 'lang': 'en', 'pages': 31, 'created_at': '2025-05-15T16:44:28+00:00'}, {'chapter_id': 'a660aaf0-2b7d-4034-b998-24640ff1ad00', 'manga_id': 'e7fa5fe6-7988-4f69-a6b8-7f5c34ade5d4', 'chapter_number': '11', 'volume': None, 'title': '', 'lang': 'en', 'pages': 31, 'created_at': '2025-05-15T16:44:53+00:00'}], '051f9e5b-72d9-4d32-ac41-2441c2c03a67': [{'chapter_id': 'd87d2e44-6984-4fcd-bf88-011a1c9e0a99', 'manga_id': '051f9e5b-72d9-4d32-ac41-2441c2c03a67', 'chapter_number': '0', 'volume': '1', 'title': 'Prologue', 'lang': 'en', 'pages': 28, 'created_at': '2025-05-15T18:10:30+00:00'}], 'c5206869-59c1-4988-8c6f-9fcaa71a2c16': [], 'de5038a8-898a-4149-a93e-756243cc09e0': [], '582248de-5dec-436c-835e-127e750445fb': [], '3f403042-3b37-489a-8df2-8f59a1dd6300': [], '837db806-4dc6-4bbb-9263-374eaca2eb57': []}
[2025-05-15T21:09:18.469+0000] {taskinstance.py:341} INFO - ::group::Post task execution logs
[2025-05-15T21:09:18.470+0000] {taskinstance.py:353} INFO - Marking task as SUCCESS. dag_id=update_manga_database, task_id=fetch_and_process_chapter_data, run_id=manual__2025-05-15T21:09:07.164618+00:00, execution_date=20250515T210907, start_date=20250515T210917, end_date=20250515T210918
[2025-05-15T21:09:18.502+0000] {logging_mixin.py:190} INFO - Task instance in success state
[2025-05-15T21:09:18.503+0000] {logging_mixin.py:190} INFO -  Previous state of the Task instance: running
[2025-05-15T21:09:18.503+0000] {logging_mixin.py:190} INFO - Dag name:update_manga_database queued_at:2025-05-15 21:09:07.200229+00:00
[2025-05-15T21:09:18.504+0000] {logging_mixin.py:190} INFO - Task hostname:3729034b4972 operator:_PythonDecoratedOperator
[2025-05-15T21:09:18.528+0000] {local_task_job_runner.py:266} INFO - Task exited with return code 0
[2025-05-15T21:09:18.567+0000] {taskinstance.py:3901} INFO - 1 downstream tasks scheduled from follow-on schedule check
[2025-05-15T21:09:18.570+0000] {local_task_job_runner.py:245} INFO - ::endgroup::
