[2025-05-16T05:14:02.714+0000] {local_task_job_runner.py:123} INFO - ::group::Pre task execution logs
[2025-05-16T05:14:02.758+0000] {taskinstance.py:2614} INFO - Dependencies all met for dep_context=non-requeueable deps ti=<TaskInstance: update_manga_database.extract_chapter_ids manual__2025-05-16T05:13:46.774384+00:00 [queued]>
[2025-05-16T05:14:02.768+0000] {taskinstance.py:2614} INFO - Dependencies all met for dep_context=requeueable deps ti=<TaskInstance: update_manga_database.extract_chapter_ids manual__2025-05-16T05:13:46.774384+00:00 [queued]>
[2025-05-16T05:14:02.769+0000] {taskinstance.py:2867} INFO - Starting attempt 1 of 2
[2025-05-16T05:14:02.786+0000] {taskinstance.py:2890} INFO - Executing <Task(_PythonDecoratedOperator): extract_chapter_ids> on 2025-05-16 05:13:46.774384+00:00
[2025-05-16T05:14:02.795+0000] {warnings.py:112} WARNING - /home/***/.local/lib/python3.12/site-packages/***/task/task_runner/standard_task_runner.py:70: DeprecationWarning: This process (pid=763) is multi-threaded, use of fork() may lead to deadlocks in the child.
  pid = os.fork()

[2025-05-16T05:14:02.797+0000] {standard_task_runner.py:72} INFO - Started process 768 to run task
[2025-05-16T05:14:02.798+0000] {standard_task_runner.py:104} INFO - Running: ['***', 'tasks', 'run', 'update_manga_database', 'extract_chapter_ids', 'manual__2025-05-16T05:13:46.774384+00:00', '--job-id', '72', '--raw', '--subdir', 'DAGS_FOLDER/update_manga_database_dag.py', '--cfg-path', '/tmp/tmp8_vfbk73']
[2025-05-16T05:14:02.799+0000] {standard_task_runner.py:105} INFO - Job 72: Subtask extract_chapter_ids
[2025-05-16T05:14:02.847+0000] {task_command.py:467} INFO - Running <TaskInstance: update_manga_database.extract_chapter_ids manual__2025-05-16T05:13:46.774384+00:00 [running]> on host 3729034b4972
[2025-05-16T05:14:02.938+0000] {taskinstance.py:3134} INFO - Exporting env vars: AIRFLOW_CTX_DAG_OWNER='***' AIRFLOW_CTX_DAG_ID='update_manga_database' AIRFLOW_CTX_TASK_ID='extract_chapter_ids' AIRFLOW_CTX_EXECUTION_DATE='2025-05-16T05:13:46.774384+00:00' AIRFLOW_CTX_TRY_NUMBER='1' AIRFLOW_CTX_DAG_RUN_ID='manual__2025-05-16T05:13:46.774384+00:00'
[2025-05-16T05:14:02.940+0000] {logging_mixin.py:190} INFO - Task instance is in running state
[2025-05-16T05:14:02.941+0000] {logging_mixin.py:190} INFO -  Previous state of the Task instance: queued
[2025-05-16T05:14:02.941+0000] {logging_mixin.py:190} INFO - Current task name:extract_chapter_ids state:running start_date:2025-05-16 05:14:02.758866+00:00
[2025-05-16T05:14:02.942+0000] {logging_mixin.py:190} INFO - Dag name:update_manga_database and current dag run status:running
[2025-05-16T05:14:02.943+0000] {taskinstance.py:732} INFO - ::endgroup::
[2025-05-16T05:14:02.944+0000] {python.py:240} INFO - Done. Returned value was: ['49c5e0a1-7e6a-4fb0-8708-8f3ce0a806f1', '6ec2b9fd-08f7-4a58-a08a-80f82436c8c9', '8c8f62b4-e063-4e9a-8fc7-972b6045687a', '143711b7-4eb8-43e9-8c8b-f51ebb9a344c', '82141f03-c082-442c-8b6a-13afb1ba3e23', '6d720b40-3aad-47a0-916d-6ce4f5f5d365', '87a809bb-2126-4199-8bb0-ca744e76aeca', '7d419259-e55c-493a-a849-8c3395ddc510', 'f31f77eb-eb4e-488a-89fa-145ae089649b', '60533411-a9ec-42e9-99eb-4a7387c6e544', 'ec3cfe93-39ec-4300-8fbd-2613764f32c2', '7fe37362-9219-445a-ad4b-d044f5fb0f78', 'de4fd14a-ab6e-485d-a2ab-f321fcd3908b', '399e4037-7548-4855-8dc0-d78510e0c952', '92da9200-c9ec-4eb9-8404-668f0f0d48b7', 'bdc35347-8a27-4f76-bf22-bfa7a4fe6841', '247220e4-5bc2-49cd-b527-eb2c75296896', 'b309ee67-e822-4cf6-97b6-332df1b42adc', 'f184c114-68c2-433d-abd0-aa2fc4ebe293', '51317a0e-0c77-4f00-9ff9-f68e49c3b29f', '4eaa5b40-aac7-4f34-94bf-0c4108856419', 'ecdb565d-a9c2-4e49-a2c0-293ac5589180', '1ff59269-d84d-4d40-98b6-7353a826a6b6', '54f1f873-5e11-47b7-94b9-d8a8396e2bb4', 'fa75eb21-daad-4607-afec-5a65340a0928', '971668bb-24d4-4a02-a53f-21f7be8b9685', 'ed9723d3-06f4-4396-aa32-37fa2b10231f', 'ea538fa8-e518-4baf-8150-bbeef6ff5509', '7f9cf233-33de-4641-84c4-819dddcda0cd', '710ac6e0-39fc-48f1-ae84-3c805c61dc81', '3fbe55c3-9785-4874-89b3-ba8e0b035a72', '9e17a307-cb2d-4923-9f36-949600129a49', 'ee79f063-8fcd-4f58-92e8-d58e48c170fd', 'f3dcd0d6-83dc-48f2-8685-2b90320788b2', 'b785b05e-0d84-454c-a13c-80141f061788', '3b9f350a-e4d2-4d9f-b382-77f8d3084e1f', 'a660aaf0-2b7d-4034-b998-24640ff1ad00', 'd87d2e44-6984-4fcd-bf88-011a1c9e0a99', '7654ebdc-03ac-446f-9231-e2b9cba93d42', '8cab7c72-ca47-420f-aa5d-bcdb8ab0c2c0', '7c48a93c-78b8-45f0-a92d-ec6c4a1a54db', '72366a6c-a8fa-46aa-ae00-68913aa25240', '1c5aa4e8-71ba-4c63-8cdd-8dcd51ec0e8c', 'f274a92f-cfbb-4587-a40a-7b25d6e969db', '4528dc15-7544-479b-9923-83454f810f28', 'e77a3329-a126-4195-8c63-553a693d9f8e', '76f57e98-cb77-4baf-9259-53b9b596159c', 'c8b9c4f3-d56c-4922-9a58-d087b06c0ab8', '1a8b8a51-e6e5-42fa-8b08-040728aa7d40', '0714b786-f6e2-456c-9ea6-b22210fb0df9', '620878d4-b9b0-4c5c-bf1a-f79ab9dd0f2d', 'ebd3c740-8870-469b-bdc9-9368eb40cdc7', 'e4c7dc1e-2266-4e37-95af-e2760016e186', '3017a69f-d384-4da2-9657-77f49e8818af', '1abf9b08-4c53-49d2-8186-c13f72dc4282', '4db32c07-4558-4521-af36-b8c4678d0a35', '382c80f3-64cb-43b3-af80-f55c6445dc7a', '5804c59f-9dcd-473a-93e4-2d676722c8c4', '55a14214-9da5-4b4b-9866-0cb06bddb314', '80a32252-7247-48ae-8d07-e9add1b23ab8', 'df224e65-686c-4917-bf28-6362fe23d4a8', '39a6639e-749a-4162-a8cc-d08765a28432', '5c3d7682-692d-4506-85ce-810c2c3acbc5', '399c4340-38a9-4787-948d-3422c9be2a7c', '73ce366b-3d70-4793-a518-9e84ffb78131', '506d1da2-f474-42c2-afa0-cfef3fb83fa6', '89a7b81f-cb25-45e1-a989-73da086a1b47', '3220c726-d0a7-4e02-ac62-db647baf28b7', '6a851c50-424c-44dc-aaa6-3ee93599cf73', 'ab5cf646-e23a-44aa-bdca-9dbf591d08ff', '5cee3563-5b50-448c-ad8b-ffa83054a109', 'bebac152-f865-4f7b-b67b-6591041b4a20', 'b647c7f4-3fa0-4a93-8bab-ce8618fc28b7', '48aa00bb-4fd5-4bb8-9ebc-ba7184e764e7', '3aa757ec-0e8f-42f9-bcf0-3c969e25552a', '61a6bc0b-4cdb-497f-b702-be063b9ad11b', 'efc5c377-eaaf-468c-a575-59eeca6948cb', 'c148fb46-3687-471b-9d81-322358ae3d8f', 'b29b22aa-60d1-4b7d-a577-3d6b2377061a', '6d2f612b-8881-49fa-a975-4731b2e1487d', 'f5fdc493-9873-4277-ac51-887f068528f4', '6aa89664-ca9f-438a-b80f-118657854692', '0cb78ecc-e754-47a8-8053-af069d95713a', '15e9fa2d-872b-4d05-b8ba-b15c3a353aed', '5d03825a-2a76-4fc1-b0a8-3337bcd30af4', 'a6dd450b-be8b-4901-8267-ed201cdf0e4b', '6428c430-7905-416e-bf52-63d8ffc96634', '5b67ab75-c826-4205-8cc0-08582d536034', '39c87b83-7e75-4aca-a92c-4a69791bb84a', '03873377-9f08-4466-9eaa-f34f7d2863fd', '0c01485a-9cfe-4a65-bbaa-48c67dfd7070', 'ee2f684b-7e5b-4f84-91a0-5ba36e5302c2', '4d9ef05f-9136-4fa4-be01-de254a133a26', '7727c2ea-3d53-4449-9f02-31509c972c55', '434c7c99-52bd-4667-bca2-e533073f9d15', '8832fd78-5c99-4e97-a4e4-abcdf91a0a2d', '3f44b7e7-e9e2-40e4-bdf9-5759f3cd1202', '398a7ba3-2b87-4042-bef1-f751ced12925']
[2025-05-16T05:14:02.970+0000] {taskinstance.py:341} INFO - ::group::Post task execution logs
[2025-05-16T05:14:02.971+0000] {taskinstance.py:353} INFO - Marking task as SUCCESS. dag_id=update_manga_database, task_id=extract_chapter_ids, run_id=manual__2025-05-16T05:13:46.774384+00:00, execution_date=20250516T051346, start_date=20250516T051402, end_date=20250516T051402
[2025-05-16T05:14:02.995+0000] {logging_mixin.py:190} INFO - Task instance in success state
[2025-05-16T05:14:02.996+0000] {logging_mixin.py:190} INFO -  Previous state of the Task instance: running
[2025-05-16T05:14:02.997+0000] {logging_mixin.py:190} INFO - Dag name:update_manga_database queued_at:2025-05-16 05:13:46.784343+00:00
[2025-05-16T05:14:02.997+0000] {logging_mixin.py:190} INFO - Task hostname:3729034b4972 operator:_PythonDecoratedOperator
[2025-05-16T05:14:03.013+0000] {local_task_job_runner.py:266} INFO - Task exited with return code 0
[2025-05-16T05:14:03.050+0000] {taskinstance.py:3901} INFO - 1 downstream tasks scheduled from follow-on schedule check
[2025-05-16T05:14:03.054+0000] {local_task_job_runner.py:245} INFO - ::endgroup::
