[2025-05-16T08:28:30.691+0000] {local_task_job_runner.py:123} INFO - ::group::Pre task execution logs
[2025-05-16T08:28:30.713+0000] {taskinstance.py:2614} INFO - Dependencies all met for dep_context=non-requeueable deps ti=<TaskInstance: update_manga_database.update_all_databases manual__2025-05-16T08:27:05.470783+00:00 [queued]>
[2025-05-16T08:28:30.725+0000] {taskinstance.py:2614} INFO - Dependencies all met for dep_context=requeueable deps ti=<TaskInstance: update_manga_database.update_all_databases manual__2025-05-16T08:27:05.470783+00:00 [queued]>
[2025-05-16T08:28:30.726+0000] {taskinstance.py:2867} INFO - Starting attempt 1 of 2
[2025-05-16T08:28:30.740+0000] {taskinstance.py:2890} INFO - Executing <Task(_PythonDecoratedOperator): update_all_databases> on 2025-05-16 08:27:05.470783+00:00
[2025-05-16T08:28:30.747+0000] {warnings.py:112} WARNING - /home/***/.local/lib/python3.12/site-packages/***/task/task_runner/standard_task_runner.py:70: DeprecationWarning: This process (pid=3710) is multi-threaded, use of fork() may lead to deadlocks in the child.
  pid = os.fork()

[2025-05-16T08:28:30.749+0000] {standard_task_runner.py:72} INFO - Started process 3715 to run task
[2025-05-16T08:28:30.750+0000] {standard_task_runner.py:104} INFO - Running: ['***', 'tasks', 'run', 'update_manga_database', 'update_all_databases', 'manual__2025-05-16T08:27:05.470783+00:00', '--job-id', '118', '--raw', '--subdir', 'DAGS_FOLDER/update_manga_database_dag.py', '--cfg-path', '/tmp/tmpy66us7u3']
[2025-05-16T08:28:30.751+0000] {standard_task_runner.py:105} INFO - Job 118: Subtask update_all_databases
[2025-05-16T08:28:30.793+0000] {task_command.py:467} INFO - Running <TaskInstance: update_manga_database.update_all_databases manual__2025-05-16T08:27:05.470783+00:00 [running]> on host 3729034b4972
[2025-05-16T08:28:30.914+0000] {taskinstance.py:3134} INFO - Exporting env vars: AIRFLOW_CTX_DAG_OWNER='***' AIRFLOW_CTX_DAG_ID='update_manga_database' AIRFLOW_CTX_TASK_ID='update_all_databases' AIRFLOW_CTX_EXECUTION_DATE='2025-05-16T08:27:05.470783+00:00' AIRFLOW_CTX_TRY_NUMBER='1' AIRFLOW_CTX_DAG_RUN_ID='manual__2025-05-16T08:27:05.470783+00:00'
[2025-05-16T08:28:30.916+0000] {logging_mixin.py:190} INFO - Task instance is in running state
[2025-05-16T08:28:30.917+0000] {logging_mixin.py:190} INFO -  Previous state of the Task instance: queued
[2025-05-16T08:28:30.917+0000] {logging_mixin.py:190} INFO - Current task name:update_all_databases state:running start_date:2025-05-16 08:28:30.714195+00:00
[2025-05-16T08:28:30.918+0000] {logging_mixin.py:190} INFO - Dag name:update_manga_database and current dag run status:running
[2025-05-16T08:28:30.919+0000] {taskinstance.py:732} INFO - ::endgroup::
[2025-05-16T08:28:30.921+0000] {log.py:232} WARNING - 2025-05-16 08:28:30,920 - INFO: Starting all database updates
[2025-05-16T08:28:30.920+0000] {update_manga_database_dag.py:396} INFO - Starting all database updates
[2025-05-16T08:28:30.932+0000] {log.py:232} WARNING - 2025-05-16 08:28:30,932 - INFO: Transaction started
[2025-05-16T08:28:30.932+0000] {update_manga_database_dag.py:74} INFO - Transaction started
[2025-05-16T08:28:30.939+0000] {log.py:232} WARNING - 2025-05-16 08:28:30,938 - INFO: Checking 58 manga for updates
[2025-05-16T08:28:30.938+0000] {update_sequential.py:59} INFO - Checking 58 manga for updates
[2025-05-16T08:28:35.740+0000] {log.py:232} WARNING - 2025-05-16 08:28:35,739 - INFO: ADDED: Pieces of Us (ID: dc8a6a1d-51d9-410d-975b-cf884cc68fd0)
[2025-05-16T08:28:35.739+0000] {update_sequential.py:115} INFO - ADDED: Pieces of Us (ID: dc8a6a1d-51d9-410d-975b-cf884cc68fd0)
[2025-05-16T08:28:36.021+0000] {log.py:232} WARNING - 2025-05-16 08:28:36,020 - INFO: ADDED: Haru no Hikari ni Noma rete mo (ID: 4551679e-820b-42a5-85ff-d00ade797383)
[2025-05-16T08:28:36.020+0000] {update_sequential.py:115} INFO - ADDED: Haru no Hikari ni Noma rete mo (ID: 4551679e-820b-42a5-85ff-d00ade797383)
[2025-05-16T08:28:36.297+0000] {log.py:232} WARNING - 2025-05-16 08:28:36,296 - INFO: ADDED: CMYK (ID: 236ab0cf-a5ef-4039-8e0a-f4cfe4660424)
[2025-05-16T08:28:36.296+0000] {update_sequential.py:115} INFO - ADDED: CMYK (ID: 236ab0cf-a5ef-4039-8e0a-f4cfe4660424)
[2025-05-16T08:28:36.572+0000] {log.py:232} WARNING - 2025-05-16 08:28:36,571 - INFO: ADDED: There May Be Something There That Wasn’t There Before - Haikyuu dj (ID: e82fb7dd-edff-4593-9fff-760f018f6703)
[2025-05-16T08:28:36.571+0000] {update_sequential.py:115} INFO - ADDED: There May Be Something There That Wasn’t There Before - Haikyuu dj (ID: e82fb7dd-edff-4593-9fff-760f018f6703)
[2025-05-16T08:28:36.853+0000] {log.py:232} WARNING - 2025-05-16 08:28:36,852 - INFO: ADDED: Falling in the blue (ID: d38389ac-caeb-4a4f-8483-589ddbaf50e1)
[2025-05-16T08:28:36.852+0000] {update_sequential.py:115} INFO - ADDED: Falling in the blue (ID: d38389ac-caeb-4a4f-8483-589ddbaf50e1)
[2025-05-16T08:28:37.127+0000] {log.py:232} WARNING - 2025-05-16 08:28:37,126 - INFO: ADDED: The Maid (ID: 192ec1c9-eb9a-4771-bb79-2b9bb4adbe0e)
[2025-05-16T08:28:37.126+0000] {update_sequential.py:115} INFO - ADDED: The Maid (ID: 192ec1c9-eb9a-4771-bb79-2b9bb4adbe0e)
[2025-05-16T08:28:37.402+0000] {log.py:232} WARNING - 2025-05-16 08:28:37,402 - INFO: ADDED: The Fairy's Wish (ID: 3de96e80-6feb-450c-a169-053d40c01063)
[2025-05-16T08:28:37.402+0000] {update_sequential.py:115} INFO - ADDED: The Fairy's Wish (ID: 3de96e80-6feb-450c-a169-053d40c01063)
[2025-05-16T08:28:37.682+0000] {log.py:232} WARNING - 2025-05-16 08:28:37,682 - INFO: ADDED: I Reincarnated as a Parenting Story Extra (ID: 8dbb4f57-4e35-4fa6-88c7-2d8f8334d8db)
[2025-05-16T08:28:37.682+0000] {update_sequential.py:115} INFO - ADDED: I Reincarnated as a Parenting Story Extra (ID: 8dbb4f57-4e35-4fa6-88c7-2d8f8334d8db)
[2025-05-16T08:28:37.959+0000] {log.py:232} WARNING - 2025-05-16 08:28:37,958 - INFO: ADDED: Every Day is a Good Day When There's Love (ID: e195fc69-5e5c-4410-84fe-268daef38fbc)
[2025-05-16T08:28:37.958+0000] {update_sequential.py:115} INFO - ADDED: Every Day is a Good Day When There's Love (ID: e195fc69-5e5c-4410-84fe-268daef38fbc)
[2025-05-16T08:28:38.238+0000] {log.py:232} WARNING - 2025-05-16 08:28:38,237 - INFO: ADDED: Siren: The Beginning of the Curse (ID: e7fa5fe6-7988-4f69-a6b8-7f5c34ade5d4)
[2025-05-16T08:28:38.237+0000] {update_sequential.py:115} INFO - ADDED: Siren: The Beginning of the Curse (ID: e7fa5fe6-7988-4f69-a6b8-7f5c34ade5d4)
[2025-05-16T08:28:38.514+0000] {log.py:232} WARNING - 2025-05-16 08:28:38,513 - INFO: ADDED: Yoki Himo to Yoki Kainushi (ID: 051f9e5b-72d9-4d32-ac41-2441c2c03a67)
[2025-05-16T08:28:38.513+0000] {update_sequential.py:115} INFO - ADDED: Yoki Himo to Yoki Kainushi (ID: 051f9e5b-72d9-4d32-ac41-2441c2c03a67)
[2025-05-16T08:28:38.790+0000] {log.py:232} WARNING - 2025-05-16 08:28:38,790 - INFO: ADDED: SEVEN TEEN COP (ID: c5206869-59c1-4988-8c6f-9fcaa71a2c16)
[2025-05-16T08:28:38.790+0000] {update_sequential.py:115} INFO - ADDED: SEVEN TEEN COP (ID: c5206869-59c1-4988-8c6f-9fcaa71a2c16)
[2025-05-16T08:28:39.065+0000] {log.py:232} WARNING - 2025-05-16 08:28:39,064 - INFO: ADDED: Kono Ao ni Koi wo Shita (ID: de5038a8-898a-4149-a93e-756243cc09e0)
[2025-05-16T08:28:39.064+0000] {update_sequential.py:115} INFO - ADDED: Kono Ao ni Koi wo Shita (ID: de5038a8-898a-4149-a93e-756243cc09e0)
[2025-05-16T08:28:39.353+0000] {log.py:232} WARNING - 2025-05-16 08:28:39,352 - INFO: ADDED: Puri ☆ Hani (ID: 582248de-5dec-436c-835e-127e750445fb)
[2025-05-16T08:28:39.352+0000] {update_sequential.py:115} INFO - ADDED: Puri ☆ Hani (ID: 582248de-5dec-436c-835e-127e750445fb)
[2025-05-16T08:28:39.627+0000] {log.py:232} WARNING - 2025-05-16 08:28:39,627 - INFO: ADDED: Rental Kareshi (ID: 3f403042-3b37-489a-8df2-8f59a1dd6300)
[2025-05-16T08:28:39.627+0000] {update_sequential.py:115} INFO - ADDED: Rental Kareshi (ID: 3f403042-3b37-489a-8df2-8f59a1dd6300)
[2025-05-16T08:28:39.905+0000] {log.py:232} WARNING - 2025-05-16 08:28:39,904 - INFO: ADDED: Paris no Koibitotachi (ID: 837db806-4dc6-4bbb-9263-374eaca2eb57)
[2025-05-16T08:28:39.904+0000] {update_sequential.py:115} INFO - ADDED: Paris no Koibitotachi (ID: 837db806-4dc6-4bbb-9263-374eaca2eb57)
[2025-05-16T08:28:40.194+0000] {log.py:232} WARNING - 2025-05-16 08:28:40,193 - INFO: ADDED: Wana ni Kakatta Cinderella (ID: a8587671-e75c-495c-82fb-801e594e46a1)
[2025-05-16T08:28:40.193+0000] {update_sequential.py:115} INFO - ADDED: Wana ni Kakatta Cinderella (ID: a8587671-e75c-495c-82fb-801e594e46a1)
[2025-05-16T08:28:40.471+0000] {log.py:232} WARNING - 2025-05-16 08:28:40,471 - INFO: ADDED: Hakiri-san wa Kimi Dake no Shinigami ni Narita (ID: 2c8b92ea-e480-4ebb-bfa7-4ff828c13fd5)
[2025-05-16T08:28:40.471+0000] {update_sequential.py:115} INFO - ADDED: Hakiri-san wa Kimi Dake no Shinigami ni Narita (ID: 2c8b92ea-e480-4ebb-bfa7-4ff828c13fd5)
[2025-05-16T08:28:40.745+0000] {log.py:232} WARNING - 2025-05-16 08:28:40,745 - INFO: ADDED: Mikado-Kun, Kyo Mo Biju Ga Idesune (ID: 1d6f3596-0667-44b4-b4bd-cf17544b0558)
[2025-05-16T08:28:40.745+0000] {update_sequential.py:115} INFO - ADDED: Mikado-Kun, Kyo Mo Biju Ga Idesune (ID: 1d6f3596-0667-44b4-b4bd-cf17544b0558)
[2025-05-16T08:28:41.020+0000] {log.py:232} WARNING - 2025-05-16 08:28:41,020 - INFO: ADDED: Mega Monster Battle: Ultra Adventure NEO (ID: 432cc154-074d-4398-95ae-952769af164d)
[2025-05-16T08:28:41.020+0000] {update_sequential.py:115} INFO - ADDED: Mega Monster Battle: Ultra Adventure NEO (ID: 432cc154-074d-4398-95ae-952769af164d)
[2025-05-16T08:28:41.294+0000] {log.py:232} WARNING - 2025-05-16 08:28:41,294 - INFO: ADDED: This isn't Erotic at All! (ID: e0a786d3-1760-4f69-9d95-a0eae056a66f)
[2025-05-16T08:28:41.294+0000] {update_sequential.py:115} INFO - ADDED: This isn't Erotic at All! (ID: e0a786d3-1760-4f69-9d95-a0eae056a66f)
[2025-05-16T08:28:41.570+0000] {log.py:232} WARNING - 2025-05-16 08:28:41,569 - INFO: ADDED: Will You Let Me Stay Here? (ID: 2e85b6e4-f73c-4483-8860-f55f2bd67119)
[2025-05-16T08:28:41.569+0000] {update_sequential.py:115} INFO - ADDED: Will You Let Me Stay Here? (ID: 2e85b6e4-f73c-4483-8860-f55f2bd67119)
[2025-05-16T08:28:41.850+0000] {log.py:232} WARNING - 2025-05-16 08:28:41,850 - INFO: ADDED: Orokamono no Ai no Uta (ID: e46ede76-7aa6-4887-9eb2-b5fa537b91b6)
[2025-05-16T08:28:41.850+0000] {update_sequential.py:115} INFO - ADDED: Orokamono no Ai no Uta (ID: e46ede76-7aa6-4887-9eb2-b5fa537b91b6)
[2025-05-16T08:28:42.134+0000] {log.py:232} WARNING - 2025-05-16 08:28:42,133 - INFO: ADDED: Uma Musume Pretty Derby - My Feelings, in the Shape of an Umbrella (Doujinshi) (ID: 96fb960c-77d2-46e2-90f8-95e41a2712c6)
[2025-05-16T08:28:42.133+0000] {update_sequential.py:115} INFO - ADDED: Uma Musume Pretty Derby - My Feelings, in the Shape of an Umbrella (Doujinshi) (ID: 96fb960c-77d2-46e2-90f8-95e41a2712c6)
[2025-05-16T08:28:42.412+0000] {log.py:232} WARNING - 2025-05-16 08:28:42,411 - INFO: ADDED: Long, Long Ride (One shot) (ID: 5a763d38-ce7a-4b38-8581-a1adb2e29bb4)
[2025-05-16T08:28:42.411+0000] {update_sequential.py:115} INFO - ADDED: Long, Long Ride (One shot) (ID: 5a763d38-ce7a-4b38-8581-a1adb2e29bb4)
[2025-05-16T08:28:42.690+0000] {log.py:232} WARNING - 2025-05-16 08:28:42,689 - INFO: ADDED: The Regressed Empress's Abduction Marriage (ID: 3844a42e-1f4b-4ba1-b85f-18e00cfa8f02)
[2025-05-16T08:28:42.689+0000] {update_sequential.py:115} INFO - ADDED: The Regressed Empress's Abduction Marriage (ID: 3844a42e-1f4b-4ba1-b85f-18e00cfa8f02)
[2025-05-16T08:28:42.974+0000] {log.py:232} WARNING - 2025-05-16 08:28:42,973 - INFO: ADDED: New YAT Untroubled! Space Tours Compilation (ID: fe7a1d45-e0c2-4a80-ad62-5f42bbf6b622)
[2025-05-16T08:28:42.973+0000] {update_sequential.py:115} INFO - ADDED: New YAT Untroubled! Space Tours Compilation (ID: fe7a1d45-e0c2-4a80-ad62-5f42bbf6b622)
[2025-05-16T08:28:43.256+0000] {log.py:232} WARNING - 2025-05-16 08:28:43,255 - INFO: ADDED: Diamond no Ace - Sawatte Kawatte (Doujinshi) (ID: 62e80dfd-c1b0-4c65-994b-fd41697f140e)
[2025-05-16T08:28:43.255+0000] {update_sequential.py:115} INFO - ADDED: Diamond no Ace - Sawatte Kawatte (Doujinshi) (ID: 62e80dfd-c1b0-4c65-994b-fd41697f140e)
[2025-05-16T08:28:43.543+0000] {log.py:232} WARNING - 2025-05-16 08:28:43,542 - INFO: ADDED: Diamond no Ace - Nonstop Suponpon (Doujinshi) (ID: 1f4fdbf8-b46a-4401-aaa7-8a3d75e2a711)
[2025-05-16T08:28:43.542+0000] {update_sequential.py:115} INFO - ADDED: Diamond no Ace - Nonstop Suponpon (Doujinshi) (ID: 1f4fdbf8-b46a-4401-aaa7-8a3d75e2a711)
[2025-05-16T08:28:43.819+0000] {log.py:232} WARNING - 2025-05-16 08:28:43,818 - INFO: ADDED: Kouiu Kankei ga Sugoku Suki (ID: cb871a0b-8442-4f9d-8987-38a6d7f11d17)
[2025-05-16T08:28:43.818+0000] {update_sequential.py:115} INFO - ADDED: Kouiu Kankei ga Sugoku Suki (ID: cb871a0b-8442-4f9d-8987-38a6d7f11d17)
[2025-05-16T08:28:44.105+0000] {log.py:232} WARNING - 2025-05-16 08:28:44,105 - INFO: ADDED: Seijo ga Kuru kara "Kimi wo Aisuru koto wa Nai" to Iwareta node Okazari Ouhi ni Tesshiteitara, Seijo ga 5-sai Datta node Zenryoku de Aishimasu!! (ID: 9a40c0b9-912d-4b0e-aa77-c4a07edec275)
[2025-05-16T08:28:44.105+0000] {update_sequential.py:115} INFO - ADDED: Seijo ga Kuru kara "Kimi wo Aisuru koto wa Nai" to Iwareta node Okazari Ouhi ni Tesshiteitara, Seijo ga 5-sai Datta node Zenryoku de Aishimasu!! (ID: 9a40c0b9-912d-4b0e-aa77-c4a07edec275)
[2025-05-16T08:28:44.380+0000] {log.py:232} WARNING - 2025-05-16 08:28:44,379 - INFO: ADDED: Watashi no Mama wa Mano-kun desu. (ID: 16a247d7-34fd-49eb-9b81-1303896de0dd)
[2025-05-16T08:28:44.379+0000] {update_sequential.py:115} INFO - ADDED: Watashi no Mama wa Mano-kun desu. (ID: 16a247d7-34fd-49eb-9b81-1303896de0dd)
[2025-05-16T08:28:44.665+0000] {log.py:232} WARNING - 2025-05-16 08:28:44,665 - INFO: ADDED: Yusha No Watashidesuga, Tekkoku Mao Sama No Aisaremeido Ni Narimashita (ID: 0567beef-b5b7-4c86-a3c0-e3f4f52e1c35)
[2025-05-16T08:28:44.665+0000] {update_sequential.py:115} INFO - ADDED: Yusha No Watashidesuga, Tekkoku Mao Sama No Aisaremeido Ni Narimashita (ID: 0567beef-b5b7-4c86-a3c0-e3f4f52e1c35)
[2025-05-16T08:28:44.942+0000] {log.py:232} WARNING - 2025-05-16 08:28:44,941 - INFO: ADDED: Frontier World Online - Shoukanshi to shite Katsudou-chuu (ID: 0616c9ba-9362-40e2-a53b-9d1cd49ad4bd)
[2025-05-16T08:28:44.941+0000] {update_sequential.py:115} INFO - ADDED: Frontier World Online - Shoukanshi to shite Katsudou-chuu (ID: 0616c9ba-9362-40e2-a53b-9d1cd49ad4bd)
[2025-05-16T08:28:45.220+0000] {log.py:232} WARNING - 2025-05-16 08:28:45,219 - INFO: ADDED: Moonlight Sequence (ID: efa87e8e-dc98-4d67-9aaa-5f99742cd68b)
[2025-05-16T08:28:45.219+0000] {update_sequential.py:115} INFO - ADDED: Moonlight Sequence (ID: efa87e8e-dc98-4d67-9aaa-5f99742cd68b)
[2025-05-16T08:28:45.496+0000] {log.py:232} WARNING - 2025-05-16 08:28:45,496 - INFO: ADDED: Samuku naru to Kata wo Yosete (ID: 520113a2-3424-4506-90e0-695ffae6f2f0)
[2025-05-16T08:28:45.496+0000] {update_sequential.py:115} INFO - ADDED: Samuku naru to Kata wo Yosete (ID: 520113a2-3424-4506-90e0-695ffae6f2f0)
[2025-05-16T08:28:45.777+0000] {log.py:232} WARNING - 2025-05-16 08:28:45,777 - INFO: ADDED: The Dragon King's Favor (ID: 97da1b58-741f-4294-9f25-44cde1ecdf9a)
[2025-05-16T08:28:45.777+0000] {update_sequential.py:115} INFO - ADDED: The Dragon King's Favor (ID: 97da1b58-741f-4294-9f25-44cde1ecdf9a)
[2025-05-16T08:28:46.062+0000] {log.py:232} WARNING - 2025-05-16 08:28:46,061 - INFO: ADDED: Dolswe, Let Me see It Just Once (ID: 8928976d-1485-4260-b6d1-13552690a9f4)
[2025-05-16T08:28:46.061+0000] {update_sequential.py:115} INFO - ADDED: Dolswe, Let Me see It Just Once (ID: 8928976d-1485-4260-b6d1-13552690a9f4)
[2025-05-16T08:28:46.337+0000] {log.py:232} WARNING - 2025-05-16 08:28:46,336 - INFO: ADDED: Sweet Poison (ID: 5342d47c-8635-4c2c-bc05-da83dabee2ac)
[2025-05-16T08:28:46.336+0000] {update_sequential.py:115} INFO - ADDED: Sweet Poison (ID: 5342d47c-8635-4c2c-bc05-da83dabee2ac)
[2025-05-16T08:28:46.614+0000] {log.py:232} WARNING - 2025-05-16 08:28:46,614 - INFO: ADDED: Todoroki Daimaru no Kikai Taikendan (ID: 287e1422-57e8-4c73-8d04-9397760df929)
[2025-05-16T08:28:46.614+0000] {update_sequential.py:115} INFO - ADDED: Todoroki Daimaru no Kikai Taikendan (ID: 287e1422-57e8-4c73-8d04-9397760df929)
[2025-05-16T08:28:46.889+0000] {log.py:232} WARNING - 2025-05-16 08:28:46,889 - INFO: ADDED: The Fake Master Who Accidentally Became the Strongest (ID: cad50822-3589-40aa-9cbf-d96a2ccc6384)
[2025-05-16T08:28:46.889+0000] {update_sequential.py:115} INFO - ADDED: The Fake Master Who Accidentally Became the Strongest (ID: cad50822-3589-40aa-9cbf-d96a2ccc6384)
[2025-05-16T08:28:47.183+0000] {log.py:232} WARNING - 2025-05-16 08:28:47,178 - INFO: ADDED: Hara wa Chibuu (ID: 678dd650-28b0-4b18-a936-1cb8c072745a)
[2025-05-16T08:28:47.178+0000] {update_sequential.py:115} INFO - ADDED: Hara wa Chibuu (ID: 678dd650-28b0-4b18-a936-1cb8c072745a)
[2025-05-16T08:28:47.467+0000] {log.py:232} WARNING - 2025-05-16 08:28:47,467 - INFO: ADDED: Fashionable Menhera and Menhera (ID: 4d393a81-0015-4744-bf9a-064394e3f234)
[2025-05-16T08:28:47.467+0000] {update_sequential.py:115} INFO - ADDED: Fashionable Menhera and Menhera (ID: 4d393a81-0015-4744-bf9a-064394e3f234)
[2025-05-16T08:28:47.742+0000] {log.py:232} WARNING - 2025-05-16 08:28:47,741 - INFO: ADDED: Collect And Seize (ID: bdac77b1-608f-4b0d-9773-7053dac0eca6)
[2025-05-16T08:28:47.741+0000] {update_sequential.py:115} INFO - ADDED: Collect And Seize (ID: bdac77b1-608f-4b0d-9773-7053dac0eca6)
[2025-05-16T08:28:48.035+0000] {log.py:232} WARNING - 2025-05-16 08:28:48,020 - INFO: ADDED: Hatsukoi To Saida (ID: 4de696e3-52a8-45d0-bb77-60e83bc4fa8c)
[2025-05-16T08:28:48.020+0000] {update_sequential.py:115} INFO - ADDED: Hatsukoi To Saida (ID: 4de696e3-52a8-45d0-bb77-60e83bc4fa8c)
[2025-05-16T08:28:48.386+0000] {log.py:232} WARNING - 2025-05-16 08:28:48,362 - INFO: ADDED: Seishun Wa Wagamama Kurai Ga Chodoi (ID: 1c8d0842-e998-4cd9-8808-a8bac2265743)
[2025-05-16T08:28:48.362+0000] {update_sequential.py:115} INFO - ADDED: Seishun Wa Wagamama Kurai Ga Chodoi (ID: 1c8d0842-e998-4cd9-8808-a8bac2265743)
[2025-05-16T08:28:48.720+0000] {log.py:232} WARNING - 2025-05-16 08:28:48,720 - INFO: ADDED: call my squall (ID: f777da8d-878b-4114-a256-31b21933afc3)
[2025-05-16T08:28:48.720+0000] {update_sequential.py:115} INFO - ADDED: call my squall (ID: f777da8d-878b-4114-a256-31b21933afc3)
[2025-05-16T08:28:48.994+0000] {log.py:232} WARNING - 2025-05-16 08:28:48,994 - INFO: ADDED: Scholar's Bossam (ID: 255937ca-c65b-4f8e-bb39-a41ac667362b)
[2025-05-16T08:28:48.994+0000] {update_sequential.py:115} INFO - ADDED: Scholar's Bossam (ID: 255937ca-c65b-4f8e-bb39-a41ac667362b)
[2025-05-16T08:28:49.269+0000] {log.py:232} WARNING - 2025-05-16 08:28:49,268 - INFO: ADDED: My Hero Academia - Souiu Koto Dakara (Doujinshi) (ID: 16ac1429-593f-4fe5-a529-ce8aed994ef5)
[2025-05-16T08:28:49.268+0000] {update_sequential.py:115} INFO - ADDED: My Hero Academia - Souiu Koto Dakara (Doujinshi) (ID: 16ac1429-593f-4fe5-a529-ce8aed994ef5)
[2025-05-16T08:28:49.542+0000] {log.py:232} WARNING - 2025-05-16 08:28:49,542 - INFO: ADDED: Hanafusa Senpai No Amaiwana (ID: 13b1e64c-dc93-47c0-99d8-bfee66ae353b)
[2025-05-16T08:28:49.542+0000] {update_sequential.py:115} INFO - ADDED: Hanafusa Senpai No Amaiwana (ID: 13b1e64c-dc93-47c0-99d8-bfee66ae353b)
[2025-05-16T08:28:49.819+0000] {log.py:232} WARNING - 2025-05-16 08:28:49,818 - INFO: ADDED: Shiroi Nekono Gakko (ID: 4fe0978e-cf64-4b8d-906a-c13da2c7157e)
[2025-05-16T08:28:49.818+0000] {update_sequential.py:115} INFO - ADDED: Shiroi Nekono Gakko (ID: 4fe0978e-cf64-4b8d-906a-c13da2c7157e)
[2025-05-16T08:28:50.109+0000] {log.py:232} WARNING - 2025-05-16 08:28:50,108 - INFO: ADDED: Tamamushiro No Renjo (ID: 5520f2ef-d4ab-4c22-a6e3-31e74dd76888)
[2025-05-16T08:28:50.108+0000] {update_sequential.py:115} INFO - ADDED: Tamamushiro No Renjo (ID: 5520f2ef-d4ab-4c22-a6e3-31e74dd76888)
[2025-05-16T08:28:50.386+0000] {log.py:232} WARNING - 2025-05-16 08:28:50,385 - INFO: ADDED: Kiyasuku Fureruna Kuro Bara Ni (ID: 2cdfa7d3-e8ab-4f06-a6f8-89b7a3a22db2)
[2025-05-16T08:28:50.385+0000] {update_sequential.py:115} INFO - ADDED: Kiyasuku Fureruna Kuro Bara Ni (ID: 2cdfa7d3-e8ab-4f06-a6f8-89b7a3a22db2)
[2025-05-16T08:28:50.663+0000] {log.py:232} WARNING - 2025-05-16 08:28:50,662 - INFO: ADDED: Sekai De Ichiban Anishiteru (ID: 2b649c16-fb4a-45f1-afb8-9a8f4b4a5bc1)
[2025-05-16T08:28:50.662+0000] {update_sequential.py:115} INFO - ADDED: Sekai De Ichiban Anishiteru (ID: 2b649c16-fb4a-45f1-afb8-9a8f4b4a5bc1)
[2025-05-16T08:28:50.936+0000] {log.py:232} WARNING - 2025-05-16 08:28:50,936 - INFO: ADDED: Netabare Kinshi No Amamiya-Kun (ID: e4187ee9-4f6e-49cf-8b2e-b4a80b04d1b3)
[2025-05-16T08:28:50.936+0000] {update_sequential.py:115} INFO - ADDED: Netabare Kinshi No Amamiya-Kun (ID: e4187ee9-4f6e-49cf-8b2e-b4a80b04d1b3)
[2025-05-16T08:28:51.211+0000] {log.py:232} WARNING - 2025-05-16 08:28:51,210 - INFO: ADDED: Internet e Youkoso! Neuro-sama! (ID: cbb7e271-dd90-4b68-9df8-0acd008412d8)
[2025-05-16T08:28:51.210+0000] {update_sequential.py:115} INFO - ADDED: Internet e Youkoso! Neuro-sama! (ID: cbb7e271-dd90-4b68-9df8-0acd008412d8)
[2025-05-16T08:28:51.487+0000] {log.py:232} WARNING - 2025-05-16 08:28:51,486 - INFO: ADDED: Shachou Kamitenma Ryouko no Koi wa Omoiegaita Naname Ue (ID: 24d979fb-1282-4ad8-a7cb-b70297384369)
[2025-05-16T08:28:51.486+0000] {update_sequential.py:115} INFO - ADDED: Shachou Kamitenma Ryouko no Koi wa Omoiegaita Naname Ue (ID: 24d979fb-1282-4ad8-a7cb-b70297384369)
[2025-05-16T08:28:51.767+0000] {log.py:232} WARNING - 2025-05-16 08:28:51,766 - INFO: ADDED: Sensei Wa Kisu Ga Hetana Vampire (ID: 25a98773-9196-4760-a2e6-58c725791c78)
[2025-05-16T08:28:51.766+0000] {update_sequential.py:115} INFO - ADDED: Sensei Wa Kisu Ga Hetana Vampire (ID: 25a98773-9196-4760-a2e6-58c725791c78)
[2025-05-16T08:28:52.046+0000] {log.py:232} WARNING - 2025-05-16 08:28:52,046 - INFO: Database update complete
[2025-05-16T08:28:52.046+0000] {update_sequential.py:119} INFO - Database update complete
[2025-05-16T08:28:52.048+0000] {log.py:232} WARNING - 2025-05-16 08:28:52,048 - INFO: SUMMARY: 0 manga updated, 58 manga added
[2025-05-16T08:28:52.048+0000] {update_sequential.py:120} INFO - SUMMARY: 0 manga updated, 58 manga added
[2025-05-16T08:28:56.415+0000] {log.py:232} WARNING - 2025-05-16 08:28:56,414 - INFO: Registered manga rollback data for 58 manga IDs
[2025-05-16T08:28:56.414+0000] {update_manga_database_dag.py:134} INFO - Registered manga rollback data for 58 manga IDs
[2025-05-16T08:28:56.417+0000] {log.py:232} WARNING - 2025-05-16 08:28:56,417 - INFO: Updated 58 manga
[2025-05-16T08:28:56.417+0000] {update_manga_database_dag.py:412} INFO - Updated 58 manga
[2025-05-16T08:28:56.421+0000] {log.py:232} WARNING - 2025-05-16 08:28:56,420 - INFO: Checking 85 chapters across 58 manga
[2025-05-16T08:28:56.420+0000] {update_sequential.py:175} INFO - Checking 85 chapters across 58 manga
[2025-05-16T08:28:56.971+0000] {log.py:232} WARNING - 2025-05-16 08:28:56,970 - INFO: Processing manga 4551679e-820b-42a5-85ff-d00ade797383, chapter 1 (ko)
[2025-05-16T08:28:56.970+0000] {update_sequential.py:209} INFO - Processing manga 4551679e-820b-42a5-85ff-d00ade797383, chapter 1 (ko)
[2025-05-16T08:28:56.972+0000] {log.py:232} WARNING - 2025-05-16 08:28:56,972 - INFO: Adding new chapter 1 (ko) for manga 4551679e-820b-42a5-85ff-d00ade797383
[2025-05-16T08:28:56.972+0000] {update_sequential.py:244} INFO - Adding new chapter 1 (ko) for manga 4551679e-820b-42a5-85ff-d00ade797383
[2025-05-16T08:28:57.248+0000] {log.py:232} WARNING - 2025-05-16 08:28:57,247 - INFO: Processing manga 236ab0cf-a5ef-4039-8e0a-f4cfe4660424, chapter 1.1 (en)
[2025-05-16T08:28:57.247+0000] {update_sequential.py:209} INFO - Processing manga 236ab0cf-a5ef-4039-8e0a-f4cfe4660424, chapter 1.1 (en)
[2025-05-16T08:28:57.250+0000] {log.py:232} WARNING - 2025-05-16 08:28:57,250 - INFO: Adding new chapter 1.1 (en) for manga 236ab0cf-a5ef-4039-8e0a-f4cfe4660424
[2025-05-16T08:28:57.250+0000] {update_sequential.py:244} INFO - Adding new chapter 1.1 (en) for manga 236ab0cf-a5ef-4039-8e0a-f4cfe4660424
[2025-05-16T08:28:57.526+0000] {log.py:232} WARNING - 2025-05-16 08:28:57,525 - INFO: Processing manga e82fb7dd-edff-4593-9fff-760f018f6703, chapter None (es-la)
[2025-05-16T08:28:57.525+0000] {update_sequential.py:209} INFO - Processing manga e82fb7dd-edff-4593-9fff-760f018f6703, chapter None (es-la)
[2025-05-16T08:28:57.529+0000] {log.py:232} WARNING - 2025-05-16 08:28:57,528 - INFO: Adding new chapter None (es-la) for manga e82fb7dd-edff-4593-9fff-760f018f6703
[2025-05-16T08:28:57.528+0000] {update_sequential.py:244} INFO - Adding new chapter None (es-la) for manga e82fb7dd-edff-4593-9fff-760f018f6703
[2025-05-16T08:28:57.804+0000] {log.py:232} WARNING - 2025-05-16 08:28:57,804 - INFO: Processing manga 192ec1c9-eb9a-4771-bb79-2b9bb4adbe0e, chapter 1 (en)
[2025-05-16T08:28:57.804+0000] {update_sequential.py:209} INFO - Processing manga 192ec1c9-eb9a-4771-bb79-2b9bb4adbe0e, chapter 1 (en)
[2025-05-16T08:28:57.806+0000] {log.py:232} WARNING - 2025-05-16 08:28:57,806 - INFO: Adding new chapter 1 (en) for manga 192ec1c9-eb9a-4771-bb79-2b9bb4adbe0e
[2025-05-16T08:28:57.806+0000] {update_sequential.py:244} INFO - Adding new chapter 1 (en) for manga 192ec1c9-eb9a-4771-bb79-2b9bb4adbe0e
[2025-05-16T08:28:58.085+0000] {log.py:232} WARNING - 2025-05-16 08:28:58,084 - INFO: Processing manga 192ec1c9-eb9a-4771-bb79-2b9bb4adbe0e, chapter 2 (en)
[2025-05-16T08:28:58.084+0000] {update_sequential.py:209} INFO - Processing manga 192ec1c9-eb9a-4771-bb79-2b9bb4adbe0e, chapter 2 (en)
[2025-05-16T08:28:58.086+0000] {log.py:232} WARNING - 2025-05-16 08:28:58,086 - INFO: Adding new chapter 2 (en) for manga 192ec1c9-eb9a-4771-bb79-2b9bb4adbe0e
[2025-05-16T08:28:58.086+0000] {update_sequential.py:244} INFO - Adding new chapter 2 (en) for manga 192ec1c9-eb9a-4771-bb79-2b9bb4adbe0e
[2025-05-16T08:28:58.364+0000] {log.py:232} WARNING - 2025-05-16 08:28:58,363 - INFO: Processing manga 192ec1c9-eb9a-4771-bb79-2b9bb4adbe0e, chapter 3 (en)
[2025-05-16T08:28:58.363+0000] {update_sequential.py:209} INFO - Processing manga 192ec1c9-eb9a-4771-bb79-2b9bb4adbe0e, chapter 3 (en)
[2025-05-16T08:28:58.367+0000] {log.py:232} WARNING - 2025-05-16 08:28:58,366 - INFO: Adding new chapter 3 (en) for manga 192ec1c9-eb9a-4771-bb79-2b9bb4adbe0e
[2025-05-16T08:28:58.366+0000] {update_sequential.py:244} INFO - Adding new chapter 3 (en) for manga 192ec1c9-eb9a-4771-bb79-2b9bb4adbe0e
[2025-05-16T08:28:58.646+0000] {log.py:232} WARNING - 2025-05-16 08:28:58,646 - INFO: Processing manga 3de96e80-6feb-450c-a169-053d40c01063, chapter 1 (en)
[2025-05-16T08:28:58.646+0000] {update_sequential.py:209} INFO - Processing manga 3de96e80-6feb-450c-a169-053d40c01063, chapter 1 (en)
[2025-05-16T08:28:58.648+0000] {log.py:232} WARNING - 2025-05-16 08:28:58,647 - INFO: Adding new chapter 1 (en) for manga 3de96e80-6feb-450c-a169-053d40c01063
[2025-05-16T08:28:58.647+0000] {update_sequential.py:244} INFO - Adding new chapter 1 (en) for manga 3de96e80-6feb-450c-a169-053d40c01063
[2025-05-16T08:28:58.946+0000] {log.py:232} WARNING - 2025-05-16 08:28:58,945 - INFO: Processing manga 3de96e80-6feb-450c-a169-053d40c01063, chapter 2 (en)
[2025-05-16T08:28:58.945+0000] {update_sequential.py:209} INFO - Processing manga 3de96e80-6feb-450c-a169-053d40c01063, chapter 2 (en)
[2025-05-16T08:28:58.948+0000] {log.py:232} WARNING - 2025-05-16 08:28:58,947 - INFO: Adding new chapter 2 (en) for manga 3de96e80-6feb-450c-a169-053d40c01063
[2025-05-16T08:28:58.947+0000] {update_sequential.py:244} INFO - Adding new chapter 2 (en) for manga 3de96e80-6feb-450c-a169-053d40c01063
[2025-05-16T08:28:59.232+0000] {log.py:232} WARNING - 2025-05-16 08:28:59,232 - INFO: Processing manga 3de96e80-6feb-450c-a169-053d40c01063, chapter 3 (en)
[2025-05-16T08:28:59.232+0000] {update_sequential.py:209} INFO - Processing manga 3de96e80-6feb-450c-a169-053d40c01063, chapter 3 (en)
[2025-05-16T08:28:59.234+0000] {log.py:232} WARNING - 2025-05-16 08:28:59,234 - INFO: Adding new chapter 3 (en) for manga 3de96e80-6feb-450c-a169-053d40c01063
[2025-05-16T08:28:59.234+0000] {update_sequential.py:244} INFO - Adding new chapter 3 (en) for manga 3de96e80-6feb-450c-a169-053d40c01063
[2025-05-16T08:28:59.517+0000] {log.py:232} WARNING - 2025-05-16 08:28:59,517 - INFO: Processing manga 3de96e80-6feb-450c-a169-053d40c01063, chapter 4 (en)
[2025-05-16T08:28:59.517+0000] {update_sequential.py:209} INFO - Processing manga 3de96e80-6feb-450c-a169-053d40c01063, chapter 4 (en)
[2025-05-16T08:28:59.519+0000] {log.py:232} WARNING - 2025-05-16 08:28:59,518 - INFO: Adding new chapter 4 (en) for manga 3de96e80-6feb-450c-a169-053d40c01063
[2025-05-16T08:28:59.518+0000] {update_sequential.py:244} INFO - Adding new chapter 4 (en) for manga 3de96e80-6feb-450c-a169-053d40c01063
[2025-05-16T08:28:59.793+0000] {log.py:232} WARNING - 2025-05-16 08:28:59,793 - INFO: Processing manga 8dbb4f57-4e35-4fa6-88c7-2d8f8334d8db, chapter 1 (en)
[2025-05-16T08:28:59.793+0000] {update_sequential.py:209} INFO - Processing manga 8dbb4f57-4e35-4fa6-88c7-2d8f8334d8db, chapter 1 (en)
[2025-05-16T08:28:59.795+0000] {log.py:232} WARNING - 2025-05-16 08:28:59,794 - INFO: Adding new chapter 1 (en) for manga 8dbb4f57-4e35-4fa6-88c7-2d8f8334d8db
[2025-05-16T08:28:59.794+0000] {update_sequential.py:244} INFO - Adding new chapter 1 (en) for manga 8dbb4f57-4e35-4fa6-88c7-2d8f8334d8db
[2025-05-16T08:29:00.072+0000] {log.py:232} WARNING - 2025-05-16 08:29:00,071 - INFO: Processing manga 8dbb4f57-4e35-4fa6-88c7-2d8f8334d8db, chapter 2 (en)
[2025-05-16T08:29:00.071+0000] {update_sequential.py:209} INFO - Processing manga 8dbb4f57-4e35-4fa6-88c7-2d8f8334d8db, chapter 2 (en)
[2025-05-16T08:29:00.073+0000] {log.py:232} WARNING - 2025-05-16 08:29:00,073 - INFO: Adding new chapter 2 (en) for manga 8dbb4f57-4e35-4fa6-88c7-2d8f8334d8db
[2025-05-16T08:29:00.073+0000] {update_sequential.py:244} INFO - Adding new chapter 2 (en) for manga 8dbb4f57-4e35-4fa6-88c7-2d8f8334d8db
[2025-05-16T08:29:00.346+0000] {log.py:232} WARNING - 2025-05-16 08:29:00,346 - INFO: Processing manga 8dbb4f57-4e35-4fa6-88c7-2d8f8334d8db, chapter 3 (en)
[2025-05-16T08:29:00.346+0000] {update_sequential.py:209} INFO - Processing manga 8dbb4f57-4e35-4fa6-88c7-2d8f8334d8db, chapter 3 (en)
[2025-05-16T08:29:00.348+0000] {log.py:232} WARNING - 2025-05-16 08:29:00,348 - INFO: Adding new chapter 3 (en) for manga 8dbb4f57-4e35-4fa6-88c7-2d8f8334d8db
[2025-05-16T08:29:00.348+0000] {update_sequential.py:244} INFO - Adding new chapter 3 (en) for manga 8dbb4f57-4e35-4fa6-88c7-2d8f8334d8db
[2025-05-16T08:29:00.621+0000] {log.py:232} WARNING - 2025-05-16 08:29:00,620 - INFO: Processing manga 8dbb4f57-4e35-4fa6-88c7-2d8f8334d8db, chapter 4 (en)
[2025-05-16T08:29:00.620+0000] {update_sequential.py:209} INFO - Processing manga 8dbb4f57-4e35-4fa6-88c7-2d8f8334d8db, chapter 4 (en)
[2025-05-16T08:29:00.623+0000] {log.py:232} WARNING - 2025-05-16 08:29:00,622 - INFO: Adding new chapter 4 (en) for manga 8dbb4f57-4e35-4fa6-88c7-2d8f8334d8db
[2025-05-16T08:29:00.622+0000] {update_sequential.py:244} INFO - Adding new chapter 4 (en) for manga 8dbb4f57-4e35-4fa6-88c7-2d8f8334d8db
[2025-05-16T08:29:00.896+0000] {log.py:232} WARNING - 2025-05-16 08:29:00,896 - INFO: Processing manga 8dbb4f57-4e35-4fa6-88c7-2d8f8334d8db, chapter 5 (en)
[2025-05-16T08:29:00.896+0000] {update_sequential.py:209} INFO - Processing manga 8dbb4f57-4e35-4fa6-88c7-2d8f8334d8db, chapter 5 (en)
[2025-05-16T08:29:00.898+0000] {log.py:232} WARNING - 2025-05-16 08:29:00,898 - INFO: Adding new chapter 5 (en) for manga 8dbb4f57-4e35-4fa6-88c7-2d8f8334d8db
[2025-05-16T08:29:00.898+0000] {update_sequential.py:244} INFO - Adding new chapter 5 (en) for manga 8dbb4f57-4e35-4fa6-88c7-2d8f8334d8db
[2025-05-16T08:29:01.174+0000] {log.py:232} WARNING - 2025-05-16 08:29:01,174 - INFO: Processing manga 8dbb4f57-4e35-4fa6-88c7-2d8f8334d8db, chapter 6 (en)
[2025-05-16T08:29:01.174+0000] {update_sequential.py:209} INFO - Processing manga 8dbb4f57-4e35-4fa6-88c7-2d8f8334d8db, chapter 6 (en)
[2025-05-16T08:29:01.176+0000] {log.py:232} WARNING - 2025-05-16 08:29:01,176 - INFO: Adding new chapter 6 (en) for manga 8dbb4f57-4e35-4fa6-88c7-2d8f8334d8db
[2025-05-16T08:29:01.176+0000] {update_sequential.py:244} INFO - Adding new chapter 6 (en) for manga 8dbb4f57-4e35-4fa6-88c7-2d8f8334d8db
[2025-05-16T08:29:01.454+0000] {log.py:232} WARNING - 2025-05-16 08:29:01,453 - INFO: Processing manga 8dbb4f57-4e35-4fa6-88c7-2d8f8334d8db, chapter 7 (en)
[2025-05-16T08:29:01.453+0000] {update_sequential.py:209} INFO - Processing manga 8dbb4f57-4e35-4fa6-88c7-2d8f8334d8db, chapter 7 (en)
[2025-05-16T08:29:01.455+0000] {log.py:232} WARNING - 2025-05-16 08:29:01,455 - INFO: Adding new chapter 7 (en) for manga 8dbb4f57-4e35-4fa6-88c7-2d8f8334d8db
[2025-05-16T08:29:01.455+0000] {update_sequential.py:244} INFO - Adding new chapter 7 (en) for manga 8dbb4f57-4e35-4fa6-88c7-2d8f8334d8db
[2025-05-16T08:29:01.728+0000] {log.py:232} WARNING - 2025-05-16 08:29:01,728 - INFO: Processing manga 8dbb4f57-4e35-4fa6-88c7-2d8f8334d8db, chapter 8 (en)
[2025-05-16T08:29:01.728+0000] {update_sequential.py:209} INFO - Processing manga 8dbb4f57-4e35-4fa6-88c7-2d8f8334d8db, chapter 8 (en)
[2025-05-16T08:29:01.730+0000] {log.py:232} WARNING - 2025-05-16 08:29:01,730 - INFO: Adding new chapter 8 (en) for manga 8dbb4f57-4e35-4fa6-88c7-2d8f8334d8db
[2025-05-16T08:29:01.730+0000] {update_sequential.py:244} INFO - Adding new chapter 8 (en) for manga 8dbb4f57-4e35-4fa6-88c7-2d8f8334d8db
[2025-05-16T08:29:02.015+0000] {log.py:232} WARNING - 2025-05-16 08:29:02,009 - INFO: Processing manga 8dbb4f57-4e35-4fa6-88c7-2d8f8334d8db, chapter 9 (en)
[2025-05-16T08:29:02.009+0000] {update_sequential.py:209} INFO - Processing manga 8dbb4f57-4e35-4fa6-88c7-2d8f8334d8db, chapter 9 (en)
[2025-05-16T08:29:02.018+0000] {log.py:232} WARNING - 2025-05-16 08:29:02,018 - INFO: Adding new chapter 9 (en) for manga 8dbb4f57-4e35-4fa6-88c7-2d8f8334d8db
[2025-05-16T08:29:02.018+0000] {update_sequential.py:244} INFO - Adding new chapter 9 (en) for manga 8dbb4f57-4e35-4fa6-88c7-2d8f8334d8db
[2025-05-16T08:29:02.307+0000] {log.py:232} WARNING - 2025-05-16 08:29:02,306 - INFO: Processing manga 8dbb4f57-4e35-4fa6-88c7-2d8f8334d8db, chapter 10 (en)
[2025-05-16T08:29:02.306+0000] {update_sequential.py:209} INFO - Processing manga 8dbb4f57-4e35-4fa6-88c7-2d8f8334d8db, chapter 10 (en)
[2025-05-16T08:29:02.309+0000] {log.py:232} WARNING - 2025-05-16 08:29:02,308 - INFO: Adding new chapter 10 (en) for manga 8dbb4f57-4e35-4fa6-88c7-2d8f8334d8db
[2025-05-16T08:29:02.308+0000] {update_sequential.py:244} INFO - Adding new chapter 10 (en) for manga 8dbb4f57-4e35-4fa6-88c7-2d8f8334d8db
[2025-05-16T08:29:02.584+0000] {log.py:232} WARNING - 2025-05-16 08:29:02,583 - INFO: Processing manga 8dbb4f57-4e35-4fa6-88c7-2d8f8334d8db, chapter 11 (en)
[2025-05-16T08:29:02.583+0000] {update_sequential.py:209} INFO - Processing manga 8dbb4f57-4e35-4fa6-88c7-2d8f8334d8db, chapter 11 (en)
[2025-05-16T08:29:02.588+0000] {log.py:232} WARNING - 2025-05-16 08:29:02,587 - INFO: Adding new chapter 11 (en) for manga 8dbb4f57-4e35-4fa6-88c7-2d8f8334d8db
[2025-05-16T08:29:02.587+0000] {update_sequential.py:244} INFO - Adding new chapter 11 (en) for manga 8dbb4f57-4e35-4fa6-88c7-2d8f8334d8db
[2025-05-16T08:29:02.885+0000] {log.py:232} WARNING - 2025-05-16 08:29:02,882 - INFO: Processing manga 8dbb4f57-4e35-4fa6-88c7-2d8f8334d8db, chapter 12 (en)
[2025-05-16T08:29:02.882+0000] {update_sequential.py:209} INFO - Processing manga 8dbb4f57-4e35-4fa6-88c7-2d8f8334d8db, chapter 12 (en)
[2025-05-16T08:29:02.889+0000] {log.py:232} WARNING - 2025-05-16 08:29:02,889 - INFO: Adding new chapter 12 (en) for manga 8dbb4f57-4e35-4fa6-88c7-2d8f8334d8db
[2025-05-16T08:29:02.889+0000] {update_sequential.py:244} INFO - Adding new chapter 12 (en) for manga 8dbb4f57-4e35-4fa6-88c7-2d8f8334d8db
[2025-05-16T08:29:03.179+0000] {log.py:232} WARNING - 2025-05-16 08:29:03,178 - INFO: Processing manga 8dbb4f57-4e35-4fa6-88c7-2d8f8334d8db, chapter 13 (en)
[2025-05-16T08:29:03.178+0000] {update_sequential.py:209} INFO - Processing manga 8dbb4f57-4e35-4fa6-88c7-2d8f8334d8db, chapter 13 (en)
[2025-05-16T08:29:03.181+0000] {log.py:232} WARNING - 2025-05-16 08:29:03,180 - INFO: Adding new chapter 13 (en) for manga 8dbb4f57-4e35-4fa6-88c7-2d8f8334d8db
[2025-05-16T08:29:03.180+0000] {update_sequential.py:244} INFO - Adding new chapter 13 (en) for manga 8dbb4f57-4e35-4fa6-88c7-2d8f8334d8db
[2025-05-16T08:29:03.467+0000] {log.py:232} WARNING - 2025-05-16 08:29:03,459 - INFO: Processing manga 8dbb4f57-4e35-4fa6-88c7-2d8f8334d8db, chapter 14 (en)
[2025-05-16T08:29:03.459+0000] {update_sequential.py:209} INFO - Processing manga 8dbb4f57-4e35-4fa6-88c7-2d8f8334d8db, chapter 14 (en)
[2025-05-16T08:29:03.480+0000] {log.py:232} WARNING - 2025-05-16 08:29:03,473 - INFO: Adding new chapter 14 (en) for manga 8dbb4f57-4e35-4fa6-88c7-2d8f8334d8db
[2025-05-16T08:29:03.473+0000] {update_sequential.py:244} INFO - Adding new chapter 14 (en) for manga 8dbb4f57-4e35-4fa6-88c7-2d8f8334d8db
[2025-05-16T08:29:03.798+0000] {log.py:232} WARNING - 2025-05-16 08:29:03,797 - INFO: Processing manga 8dbb4f57-4e35-4fa6-88c7-2d8f8334d8db, chapter 15 (en)
[2025-05-16T08:29:03.797+0000] {update_sequential.py:209} INFO - Processing manga 8dbb4f57-4e35-4fa6-88c7-2d8f8334d8db, chapter 15 (en)
[2025-05-16T08:29:03.800+0000] {log.py:232} WARNING - 2025-05-16 08:29:03,799 - INFO: Adding new chapter 15 (en) for manga 8dbb4f57-4e35-4fa6-88c7-2d8f8334d8db
[2025-05-16T08:29:03.799+0000] {update_sequential.py:244} INFO - Adding new chapter 15 (en) for manga 8dbb4f57-4e35-4fa6-88c7-2d8f8334d8db
[2025-05-16T08:29:04.107+0000] {log.py:232} WARNING - 2025-05-16 08:29:04,106 - INFO: Processing manga e195fc69-5e5c-4410-84fe-268daef38fbc, chapter None (en)
[2025-05-16T08:29:04.106+0000] {update_sequential.py:209} INFO - Processing manga e195fc69-5e5c-4410-84fe-268daef38fbc, chapter None (en)
[2025-05-16T08:29:04.110+0000] {log.py:232} WARNING - 2025-05-16 08:29:04,109 - INFO: Adding new chapter None (en) for manga e195fc69-5e5c-4410-84fe-268daef38fbc
[2025-05-16T08:29:04.109+0000] {update_sequential.py:244} INFO - Adding new chapter None (en) for manga e195fc69-5e5c-4410-84fe-268daef38fbc
[2025-05-16T08:29:04.389+0000] {log.py:232} WARNING - 2025-05-16 08:29:04,388 - INFO: Processing manga e7fa5fe6-7988-4f69-a6b8-7f5c34ade5d4, chapter 1 (en)
[2025-05-16T08:29:04.388+0000] {update_sequential.py:209} INFO - Processing manga e7fa5fe6-7988-4f69-a6b8-7f5c34ade5d4, chapter 1 (en)
[2025-05-16T08:29:04.393+0000] {log.py:232} WARNING - 2025-05-16 08:29:04,392 - INFO: Adding new chapter 1 (en) for manga e7fa5fe6-7988-4f69-a6b8-7f5c34ade5d4
[2025-05-16T08:29:04.392+0000] {update_sequential.py:244} INFO - Adding new chapter 1 (en) for manga e7fa5fe6-7988-4f69-a6b8-7f5c34ade5d4
[2025-05-16T08:29:04.669+0000] {log.py:232} WARNING - 2025-05-16 08:29:04,668 - INFO: Processing manga e7fa5fe6-7988-4f69-a6b8-7f5c34ade5d4, chapter 2 (en)
[2025-05-16T08:29:04.668+0000] {update_sequential.py:209} INFO - Processing manga e7fa5fe6-7988-4f69-a6b8-7f5c34ade5d4, chapter 2 (en)
[2025-05-16T08:29:04.670+0000] {log.py:232} WARNING - 2025-05-16 08:29:04,670 - INFO: Adding new chapter 2 (en) for manga e7fa5fe6-7988-4f69-a6b8-7f5c34ade5d4
[2025-05-16T08:29:04.670+0000] {update_sequential.py:244} INFO - Adding new chapter 2 (en) for manga e7fa5fe6-7988-4f69-a6b8-7f5c34ade5d4
[2025-05-16T08:29:04.943+0000] {log.py:232} WARNING - 2025-05-16 08:29:04,943 - INFO: Processing manga e7fa5fe6-7988-4f69-a6b8-7f5c34ade5d4, chapter 3 (en)
[2025-05-16T08:29:04.943+0000] {update_sequential.py:209} INFO - Processing manga e7fa5fe6-7988-4f69-a6b8-7f5c34ade5d4, chapter 3 (en)
[2025-05-16T08:29:04.945+0000] {log.py:232} WARNING - 2025-05-16 08:29:04,944 - INFO: Adding new chapter 3 (en) for manga e7fa5fe6-7988-4f69-a6b8-7f5c34ade5d4
[2025-05-16T08:29:04.944+0000] {update_sequential.py:244} INFO - Adding new chapter 3 (en) for manga e7fa5fe6-7988-4f69-a6b8-7f5c34ade5d4
[2025-05-16T08:29:05.222+0000] {log.py:232} WARNING - 2025-05-16 08:29:05,222 - INFO: Processing manga e7fa5fe6-7988-4f69-a6b8-7f5c34ade5d4, chapter 4 (en)
[2025-05-16T08:29:05.222+0000] {update_sequential.py:209} INFO - Processing manga e7fa5fe6-7988-4f69-a6b8-7f5c34ade5d4, chapter 4 (en)
[2025-05-16T08:29:05.224+0000] {log.py:232} WARNING - 2025-05-16 08:29:05,224 - INFO: Adding new chapter 4 (en) for manga e7fa5fe6-7988-4f69-a6b8-7f5c34ade5d4
[2025-05-16T08:29:05.224+0000] {update_sequential.py:244} INFO - Adding new chapter 4 (en) for manga e7fa5fe6-7988-4f69-a6b8-7f5c34ade5d4
[2025-05-16T08:29:05.514+0000] {log.py:232} WARNING - 2025-05-16 08:29:05,513 - INFO: Processing manga e7fa5fe6-7988-4f69-a6b8-7f5c34ade5d4, chapter 5 (en)
[2025-05-16T08:29:05.513+0000] {update_sequential.py:209} INFO - Processing manga e7fa5fe6-7988-4f69-a6b8-7f5c34ade5d4, chapter 5 (en)
[2025-05-16T08:29:05.516+0000] {log.py:232} WARNING - 2025-05-16 08:29:05,515 - INFO: Adding new chapter 5 (en) for manga e7fa5fe6-7988-4f69-a6b8-7f5c34ade5d4
[2025-05-16T08:29:05.515+0000] {update_sequential.py:244} INFO - Adding new chapter 5 (en) for manga e7fa5fe6-7988-4f69-a6b8-7f5c34ade5d4
[2025-05-16T08:29:05.791+0000] {log.py:232} WARNING - 2025-05-16 08:29:05,790 - INFO: Processing manga e7fa5fe6-7988-4f69-a6b8-7f5c34ade5d4, chapter 6 (en)
[2025-05-16T08:29:05.790+0000] {update_sequential.py:209} INFO - Processing manga e7fa5fe6-7988-4f69-a6b8-7f5c34ade5d4, chapter 6 (en)
[2025-05-16T08:29:05.792+0000] {log.py:232} WARNING - 2025-05-16 08:29:05,792 - INFO: Adding new chapter 6 (en) for manga e7fa5fe6-7988-4f69-a6b8-7f5c34ade5d4
[2025-05-16T08:29:05.792+0000] {update_sequential.py:244} INFO - Adding new chapter 6 (en) for manga e7fa5fe6-7988-4f69-a6b8-7f5c34ade5d4
[2025-05-16T08:29:06.065+0000] {log.py:232} WARNING - 2025-05-16 08:29:06,065 - INFO: Processing manga e7fa5fe6-7988-4f69-a6b8-7f5c34ade5d4, chapter 7 (en)
[2025-05-16T08:29:06.065+0000] {update_sequential.py:209} INFO - Processing manga e7fa5fe6-7988-4f69-a6b8-7f5c34ade5d4, chapter 7 (en)
[2025-05-16T08:29:06.067+0000] {log.py:232} WARNING - 2025-05-16 08:29:06,066 - INFO: Adding new chapter 7 (en) for manga e7fa5fe6-7988-4f69-a6b8-7f5c34ade5d4
[2025-05-16T08:29:06.066+0000] {update_sequential.py:244} INFO - Adding new chapter 7 (en) for manga e7fa5fe6-7988-4f69-a6b8-7f5c34ade5d4
[2025-05-16T08:29:06.349+0000] {log.py:232} WARNING - 2025-05-16 08:29:06,349 - INFO: Processing manga e7fa5fe6-7988-4f69-a6b8-7f5c34ade5d4, chapter 8 (en)
[2025-05-16T08:29:06.349+0000] {update_sequential.py:209} INFO - Processing manga e7fa5fe6-7988-4f69-a6b8-7f5c34ade5d4, chapter 8 (en)
[2025-05-16T08:29:06.351+0000] {log.py:232} WARNING - 2025-05-16 08:29:06,350 - INFO: Adding new chapter 8 (en) for manga e7fa5fe6-7988-4f69-a6b8-7f5c34ade5d4
[2025-05-16T08:29:06.350+0000] {update_sequential.py:244} INFO - Adding new chapter 8 (en) for manga e7fa5fe6-7988-4f69-a6b8-7f5c34ade5d4
[2025-05-16T08:29:06.632+0000] {log.py:232} WARNING - 2025-05-16 08:29:06,632 - INFO: Processing manga e7fa5fe6-7988-4f69-a6b8-7f5c34ade5d4, chapter 9 (en)
[2025-05-16T08:29:06.632+0000] {update_sequential.py:209} INFO - Processing manga e7fa5fe6-7988-4f69-a6b8-7f5c34ade5d4, chapter 9 (en)
[2025-05-16T08:29:06.634+0000] {log.py:232} WARNING - 2025-05-16 08:29:06,633 - INFO: Adding new chapter 9 (en) for manga e7fa5fe6-7988-4f69-a6b8-7f5c34ade5d4
[2025-05-16T08:29:06.633+0000] {update_sequential.py:244} INFO - Adding new chapter 9 (en) for manga e7fa5fe6-7988-4f69-a6b8-7f5c34ade5d4
[2025-05-16T08:29:06.909+0000] {log.py:232} WARNING - 2025-05-16 08:29:06,909 - INFO: Processing manga e7fa5fe6-7988-4f69-a6b8-7f5c34ade5d4, chapter 10 (en)
[2025-05-16T08:29:06.909+0000] {update_sequential.py:209} INFO - Processing manga e7fa5fe6-7988-4f69-a6b8-7f5c34ade5d4, chapter 10 (en)
[2025-05-16T08:29:06.911+0000] {log.py:232} WARNING - 2025-05-16 08:29:06,911 - INFO: Adding new chapter 10 (en) for manga e7fa5fe6-7988-4f69-a6b8-7f5c34ade5d4
[2025-05-16T08:29:06.911+0000] {update_sequential.py:244} INFO - Adding new chapter 10 (en) for manga e7fa5fe6-7988-4f69-a6b8-7f5c34ade5d4
[2025-05-16T08:29:07.186+0000] {log.py:232} WARNING - 2025-05-16 08:29:07,186 - INFO: Processing manga e7fa5fe6-7988-4f69-a6b8-7f5c34ade5d4, chapter 11 (en)
[2025-05-16T08:29:07.186+0000] {update_sequential.py:209} INFO - Processing manga e7fa5fe6-7988-4f69-a6b8-7f5c34ade5d4, chapter 11 (en)
[2025-05-16T08:29:07.188+0000] {log.py:232} WARNING - 2025-05-16 08:29:07,188 - INFO: Adding new chapter 11 (en) for manga e7fa5fe6-7988-4f69-a6b8-7f5c34ade5d4
[2025-05-16T08:29:07.188+0000] {update_sequential.py:244} INFO - Adding new chapter 11 (en) for manga e7fa5fe6-7988-4f69-a6b8-7f5c34ade5d4
[2025-05-16T08:29:07.463+0000] {log.py:232} WARNING - 2025-05-16 08:29:07,463 - INFO: Processing manga 051f9e5b-72d9-4d32-ac41-2441c2c03a67, chapter 0 (en)
[2025-05-16T08:29:07.463+0000] {update_sequential.py:209} INFO - Processing manga 051f9e5b-72d9-4d32-ac41-2441c2c03a67, chapter 0 (en)
[2025-05-16T08:29:07.465+0000] {log.py:232} WARNING - 2025-05-16 08:29:07,465 - INFO: Adding new chapter 0 (en) for manga 051f9e5b-72d9-4d32-ac41-2441c2c03a67
[2025-05-16T08:29:07.465+0000] {update_sequential.py:244} INFO - Adding new chapter 0 (en) for manga 051f9e5b-72d9-4d32-ac41-2441c2c03a67
[2025-05-16T08:29:07.739+0000] {log.py:232} WARNING - 2025-05-16 08:29:07,739 - INFO: Processing manga 2e85b6e4-f73c-4483-8860-f55f2bd67119, chapter 0 (en)
[2025-05-16T08:29:07.739+0000] {update_sequential.py:209} INFO - Processing manga 2e85b6e4-f73c-4483-8860-f55f2bd67119, chapter 0 (en)
[2025-05-16T08:29:07.741+0000] {log.py:232} WARNING - 2025-05-16 08:29:07,741 - INFO: Adding new chapter 0 (en) for manga 2e85b6e4-f73c-4483-8860-f55f2bd67119
[2025-05-16T08:29:07.741+0000] {update_sequential.py:244} INFO - Adding new chapter 0 (en) for manga 2e85b6e4-f73c-4483-8860-f55f2bd67119
[2025-05-16T08:29:08.023+0000] {log.py:232} WARNING - 2025-05-16 08:29:08,022 - INFO: Processing manga e46ede76-7aa6-4887-9eb2-b5fa537b91b6, chapter 1 (en)
[2025-05-16T08:29:08.022+0000] {update_sequential.py:209} INFO - Processing manga e46ede76-7aa6-4887-9eb2-b5fa537b91b6, chapter 1 (en)
[2025-05-16T08:29:08.024+0000] {log.py:232} WARNING - 2025-05-16 08:29:08,024 - INFO: Adding new chapter 1 (en) for manga e46ede76-7aa6-4887-9eb2-b5fa537b91b6
[2025-05-16T08:29:08.024+0000] {update_sequential.py:244} INFO - Adding new chapter 1 (en) for manga e46ede76-7aa6-4887-9eb2-b5fa537b91b6
[2025-05-16T08:29:08.302+0000] {log.py:232} WARNING - 2025-05-16 08:29:08,301 - INFO: Processing manga e46ede76-7aa6-4887-9eb2-b5fa537b91b6, chapter 2 (en)
[2025-05-16T08:29:08.301+0000] {update_sequential.py:209} INFO - Processing manga e46ede76-7aa6-4887-9eb2-b5fa537b91b6, chapter 2 (en)
[2025-05-16T08:29:08.304+0000] {log.py:232} WARNING - 2025-05-16 08:29:08,303 - INFO: Adding new chapter 2 (en) for manga e46ede76-7aa6-4887-9eb2-b5fa537b91b6
[2025-05-16T08:29:08.303+0000] {update_sequential.py:244} INFO - Adding new chapter 2 (en) for manga e46ede76-7aa6-4887-9eb2-b5fa537b91b6
[2025-05-16T08:29:08.588+0000] {log.py:232} WARNING - 2025-05-16 08:29:08,587 - INFO: Processing manga e46ede76-7aa6-4887-9eb2-b5fa537b91b6, chapter 3 (en)
[2025-05-16T08:29:08.587+0000] {update_sequential.py:209} INFO - Processing manga e46ede76-7aa6-4887-9eb2-b5fa537b91b6, chapter 3 (en)
[2025-05-16T08:29:08.589+0000] {log.py:232} WARNING - 2025-05-16 08:29:08,589 - INFO: Adding new chapter 3 (en) for manga e46ede76-7aa6-4887-9eb2-b5fa537b91b6
[2025-05-16T08:29:08.589+0000] {update_sequential.py:244} INFO - Adding new chapter 3 (en) for manga e46ede76-7aa6-4887-9eb2-b5fa537b91b6
[2025-05-16T08:29:08.869+0000] {log.py:232} WARNING - 2025-05-16 08:29:08,868 - INFO: Processing manga e46ede76-7aa6-4887-9eb2-b5fa537b91b6, chapter 4 (en)
[2025-05-16T08:29:08.868+0000] {update_sequential.py:209} INFO - Processing manga e46ede76-7aa6-4887-9eb2-b5fa537b91b6, chapter 4 (en)
[2025-05-16T08:29:08.872+0000] {log.py:232} WARNING - 2025-05-16 08:29:08,871 - INFO: Adding new chapter 4 (en) for manga e46ede76-7aa6-4887-9eb2-b5fa537b91b6
[2025-05-16T08:29:08.871+0000] {update_sequential.py:244} INFO - Adding new chapter 4 (en) for manga e46ede76-7aa6-4887-9eb2-b5fa537b91b6
[2025-05-16T08:29:09.156+0000] {log.py:232} WARNING - 2025-05-16 08:29:09,156 - INFO: Processing manga e46ede76-7aa6-4887-9eb2-b5fa537b91b6, chapter 5 (en)
[2025-05-16T08:29:09.156+0000] {update_sequential.py:209} INFO - Processing manga e46ede76-7aa6-4887-9eb2-b5fa537b91b6, chapter 5 (en)
[2025-05-16T08:29:09.158+0000] {log.py:232} WARNING - 2025-05-16 08:29:09,158 - INFO: Adding new chapter 5 (en) for manga e46ede76-7aa6-4887-9eb2-b5fa537b91b6
[2025-05-16T08:29:09.158+0000] {update_sequential.py:244} INFO - Adding new chapter 5 (en) for manga e46ede76-7aa6-4887-9eb2-b5fa537b91b6
[2025-05-16T08:29:09.433+0000] {log.py:232} WARNING - 2025-05-16 08:29:09,432 - INFO: Processing manga e46ede76-7aa6-4887-9eb2-b5fa537b91b6, chapter 6 (en)
[2025-05-16T08:29:09.432+0000] {update_sequential.py:209} INFO - Processing manga e46ede76-7aa6-4887-9eb2-b5fa537b91b6, chapter 6 (en)
[2025-05-16T08:29:09.435+0000] {log.py:232} WARNING - 2025-05-16 08:29:09,435 - INFO: Adding new chapter 6 (en) for manga e46ede76-7aa6-4887-9eb2-b5fa537b91b6
[2025-05-16T08:29:09.435+0000] {update_sequential.py:244} INFO - Adding new chapter 6 (en) for manga e46ede76-7aa6-4887-9eb2-b5fa537b91b6
[2025-05-16T08:29:09.710+0000] {log.py:232} WARNING - 2025-05-16 08:29:09,709 - INFO: Processing manga e46ede76-7aa6-4887-9eb2-b5fa537b91b6, chapter 7 (en)
[2025-05-16T08:29:09.709+0000] {update_sequential.py:209} INFO - Processing manga e46ede76-7aa6-4887-9eb2-b5fa537b91b6, chapter 7 (en)
[2025-05-16T08:29:09.711+0000] {log.py:232} WARNING - 2025-05-16 08:29:09,711 - INFO: Adding new chapter 7 (en) for manga e46ede76-7aa6-4887-9eb2-b5fa537b91b6
[2025-05-16T08:29:09.711+0000] {update_sequential.py:244} INFO - Adding new chapter 7 (en) for manga e46ede76-7aa6-4887-9eb2-b5fa537b91b6
[2025-05-16T08:29:09.985+0000] {log.py:232} WARNING - 2025-05-16 08:29:09,984 - INFO: Processing manga e46ede76-7aa6-4887-9eb2-b5fa537b91b6, chapter 8 (en)
[2025-05-16T08:29:09.984+0000] {update_sequential.py:209} INFO - Processing manga e46ede76-7aa6-4887-9eb2-b5fa537b91b6, chapter 8 (en)
[2025-05-16T08:29:09.987+0000] {log.py:232} WARNING - 2025-05-16 08:29:09,986 - INFO: Adding new chapter 8 (en) for manga e46ede76-7aa6-4887-9eb2-b5fa537b91b6
[2025-05-16T08:29:09.986+0000] {update_sequential.py:244} INFO - Adding new chapter 8 (en) for manga e46ede76-7aa6-4887-9eb2-b5fa537b91b6
[2025-05-16T08:29:10.262+0000] {log.py:232} WARNING - 2025-05-16 08:29:10,261 - INFO: Processing manga 96fb960c-77d2-46e2-90f8-95e41a2712c6, chapter None (en)
[2025-05-16T08:29:10.261+0000] {update_sequential.py:209} INFO - Processing manga 96fb960c-77d2-46e2-90f8-95e41a2712c6, chapter None (en)
[2025-05-16T08:29:10.264+0000] {log.py:232} WARNING - 2025-05-16 08:29:10,263 - INFO: Adding new chapter None (en) for manga 96fb960c-77d2-46e2-90f8-95e41a2712c6
[2025-05-16T08:29:10.263+0000] {update_sequential.py:244} INFO - Adding new chapter None (en) for manga 96fb960c-77d2-46e2-90f8-95e41a2712c6
[2025-05-16T08:29:10.562+0000] {log.py:232} WARNING - 2025-05-16 08:29:10,561 - INFO: Processing manga 62e80dfd-c1b0-4c65-994b-fd41697f140e, chapter None (en)
[2025-05-16T08:29:10.561+0000] {update_sequential.py:209} INFO - Processing manga 62e80dfd-c1b0-4c65-994b-fd41697f140e, chapter None (en)
[2025-05-16T08:29:10.564+0000] {log.py:232} WARNING - 2025-05-16 08:29:10,563 - INFO: Adding new chapter None (en) for manga 62e80dfd-c1b0-4c65-994b-fd41697f140e
[2025-05-16T08:29:10.563+0000] {update_sequential.py:244} INFO - Adding new chapter None (en) for manga 62e80dfd-c1b0-4c65-994b-fd41697f140e
[2025-05-16T08:29:10.841+0000] {log.py:232} WARNING - 2025-05-16 08:29:10,839 - INFO: Processing manga 1f4fdbf8-b46a-4401-aaa7-8a3d75e2a711, chapter None (en)
[2025-05-16T08:29:10.839+0000] {update_sequential.py:209} INFO - Processing manga 1f4fdbf8-b46a-4401-aaa7-8a3d75e2a711, chapter None (en)
[2025-05-16T08:29:10.844+0000] {log.py:232} WARNING - 2025-05-16 08:29:10,843 - INFO: Adding new chapter None (en) for manga 1f4fdbf8-b46a-4401-aaa7-8a3d75e2a711
[2025-05-16T08:29:10.843+0000] {update_sequential.py:244} INFO - Adding new chapter None (en) for manga 1f4fdbf8-b46a-4401-aaa7-8a3d75e2a711
[2025-05-16T08:29:11.121+0000] {log.py:232} WARNING - 2025-05-16 08:29:11,121 - INFO: Processing manga cb871a0b-8442-4f9d-8987-38a6d7f11d17, chapter 1 (en)
[2025-05-16T08:29:11.121+0000] {update_sequential.py:209} INFO - Processing manga cb871a0b-8442-4f9d-8987-38a6d7f11d17, chapter 1 (en)
[2025-05-16T08:29:11.123+0000] {log.py:232} WARNING - 2025-05-16 08:29:11,123 - INFO: Adding new chapter 1 (en) for manga cb871a0b-8442-4f9d-8987-38a6d7f11d17
[2025-05-16T08:29:11.123+0000] {update_sequential.py:244} INFO - Adding new chapter 1 (en) for manga cb871a0b-8442-4f9d-8987-38a6d7f11d17
[2025-05-16T08:29:11.397+0000] {log.py:232} WARNING - 2025-05-16 08:29:11,397 - INFO: Processing manga cb871a0b-8442-4f9d-8987-38a6d7f11d17, chapter 2 (en)
[2025-05-16T08:29:11.397+0000] {update_sequential.py:209} INFO - Processing manga cb871a0b-8442-4f9d-8987-38a6d7f11d17, chapter 2 (en)
[2025-05-16T08:29:11.398+0000] {log.py:232} WARNING - 2025-05-16 08:29:11,398 - INFO: Adding new chapter 2 (en) for manga cb871a0b-8442-4f9d-8987-38a6d7f11d17
[2025-05-16T08:29:11.398+0000] {update_sequential.py:244} INFO - Adding new chapter 2 (en) for manga cb871a0b-8442-4f9d-8987-38a6d7f11d17
[2025-05-16T08:29:11.673+0000] {log.py:232} WARNING - 2025-05-16 08:29:11,672 - INFO: Processing manga cb871a0b-8442-4f9d-8987-38a6d7f11d17, chapter 3 (en)
[2025-05-16T08:29:11.672+0000] {update_sequential.py:209} INFO - Processing manga cb871a0b-8442-4f9d-8987-38a6d7f11d17, chapter 3 (en)
[2025-05-16T08:29:11.677+0000] {log.py:232} WARNING - 2025-05-16 08:29:11,676 - INFO: Adding new chapter 3 (en) for manga cb871a0b-8442-4f9d-8987-38a6d7f11d17
[2025-05-16T08:29:11.676+0000] {update_sequential.py:244} INFO - Adding new chapter 3 (en) for manga cb871a0b-8442-4f9d-8987-38a6d7f11d17
[2025-05-16T08:29:11.954+0000] {log.py:232} WARNING - 2025-05-16 08:29:11,953 - INFO: Processing manga efa87e8e-dc98-4d67-9aaa-5f99742cd68b, chapter 1 (en)
[2025-05-16T08:29:11.953+0000] {update_sequential.py:209} INFO - Processing manga efa87e8e-dc98-4d67-9aaa-5f99742cd68b, chapter 1 (en)
[2025-05-16T08:29:11.956+0000] {log.py:232} WARNING - 2025-05-16 08:29:11,956 - INFO: Adding new chapter 1 (en) for manga efa87e8e-dc98-4d67-9aaa-5f99742cd68b
[2025-05-16T08:29:11.956+0000] {update_sequential.py:244} INFO - Adding new chapter 1 (en) for manga efa87e8e-dc98-4d67-9aaa-5f99742cd68b
[2025-05-16T08:29:12.232+0000] {log.py:232} WARNING - 2025-05-16 08:29:12,232 - INFO: Processing manga efa87e8e-dc98-4d67-9aaa-5f99742cd68b, chapter 2 (en)
[2025-05-16T08:29:12.232+0000] {update_sequential.py:209} INFO - Processing manga efa87e8e-dc98-4d67-9aaa-5f99742cd68b, chapter 2 (en)
[2025-05-16T08:29:12.234+0000] {log.py:232} WARNING - 2025-05-16 08:29:12,234 - INFO: Adding new chapter 2 (en) for manga efa87e8e-dc98-4d67-9aaa-5f99742cd68b
[2025-05-16T08:29:12.234+0000] {update_sequential.py:244} INFO - Adding new chapter 2 (en) for manga efa87e8e-dc98-4d67-9aaa-5f99742cd68b
[2025-05-16T08:29:12.510+0000] {log.py:232} WARNING - 2025-05-16 08:29:12,509 - INFO: Processing manga efa87e8e-dc98-4d67-9aaa-5f99742cd68b, chapter 3 (en)
[2025-05-16T08:29:12.509+0000] {update_sequential.py:209} INFO - Processing manga efa87e8e-dc98-4d67-9aaa-5f99742cd68b, chapter 3 (en)
[2025-05-16T08:29:12.511+0000] {log.py:232} WARNING - 2025-05-16 08:29:12,511 - INFO: Adding new chapter 3 (en) for manga efa87e8e-dc98-4d67-9aaa-5f99742cd68b
[2025-05-16T08:29:12.511+0000] {update_sequential.py:244} INFO - Adding new chapter 3 (en) for manga efa87e8e-dc98-4d67-9aaa-5f99742cd68b
[2025-05-16T08:29:12.789+0000] {log.py:232} WARNING - 2025-05-16 08:29:12,788 - INFO: Processing manga efa87e8e-dc98-4d67-9aaa-5f99742cd68b, chapter 4 (en)
[2025-05-16T08:29:12.788+0000] {update_sequential.py:209} INFO - Processing manga efa87e8e-dc98-4d67-9aaa-5f99742cd68b, chapter 4 (en)
[2025-05-16T08:29:12.791+0000] {log.py:232} WARNING - 2025-05-16 08:29:12,790 - INFO: Adding new chapter 4 (en) for manga efa87e8e-dc98-4d67-9aaa-5f99742cd68b
[2025-05-16T08:29:12.790+0000] {update_sequential.py:244} INFO - Adding new chapter 4 (en) for manga efa87e8e-dc98-4d67-9aaa-5f99742cd68b
[2025-05-16T08:29:13.068+0000] {log.py:232} WARNING - 2025-05-16 08:29:13,067 - INFO: Processing manga efa87e8e-dc98-4d67-9aaa-5f99742cd68b, chapter 5 (en)
[2025-05-16T08:29:13.067+0000] {update_sequential.py:209} INFO - Processing manga efa87e8e-dc98-4d67-9aaa-5f99742cd68b, chapter 5 (en)
[2025-05-16T08:29:13.069+0000] {log.py:232} WARNING - 2025-05-16 08:29:13,069 - INFO: Adding new chapter 5 (en) for manga efa87e8e-dc98-4d67-9aaa-5f99742cd68b
[2025-05-16T08:29:13.069+0000] {update_sequential.py:244} INFO - Adding new chapter 5 (en) for manga efa87e8e-dc98-4d67-9aaa-5f99742cd68b
[2025-05-16T08:29:13.345+0000] {log.py:232} WARNING - 2025-05-16 08:29:13,345 - INFO: Processing manga efa87e8e-dc98-4d67-9aaa-5f99742cd68b, chapter 6 (en)
[2025-05-16T08:29:13.345+0000] {update_sequential.py:209} INFO - Processing manga efa87e8e-dc98-4d67-9aaa-5f99742cd68b, chapter 6 (en)
[2025-05-16T08:29:13.347+0000] {log.py:232} WARNING - 2025-05-16 08:29:13,346 - INFO: Adding new chapter 6 (en) for manga efa87e8e-dc98-4d67-9aaa-5f99742cd68b
[2025-05-16T08:29:13.346+0000] {update_sequential.py:244} INFO - Adding new chapter 6 (en) for manga efa87e8e-dc98-4d67-9aaa-5f99742cd68b
[2025-05-16T08:29:13.621+0000] {log.py:232} WARNING - 2025-05-16 08:29:13,620 - INFO: Processing manga 97da1b58-741f-4294-9f25-44cde1ecdf9a, chapter 1 (en)
[2025-05-16T08:29:13.620+0000] {update_sequential.py:209} INFO - Processing manga 97da1b58-741f-4294-9f25-44cde1ecdf9a, chapter 1 (en)
[2025-05-16T08:29:13.622+0000] {log.py:232} WARNING - 2025-05-16 08:29:13,622 - INFO: Adding new chapter 1 (en) for manga 97da1b58-741f-4294-9f25-44cde1ecdf9a
[2025-05-16T08:29:13.622+0000] {update_sequential.py:244} INFO - Adding new chapter 1 (en) for manga 97da1b58-741f-4294-9f25-44cde1ecdf9a
[2025-05-16T08:29:13.903+0000] {log.py:232} WARNING - 2025-05-16 08:29:13,902 - INFO: Processing manga 97da1b58-741f-4294-9f25-44cde1ecdf9a, chapter 2 (en)
[2025-05-16T08:29:13.902+0000] {update_sequential.py:209} INFO - Processing manga 97da1b58-741f-4294-9f25-44cde1ecdf9a, chapter 2 (en)
[2025-05-16T08:29:13.905+0000] {log.py:232} WARNING - 2025-05-16 08:29:13,905 - INFO: Adding new chapter 2 (en) for manga 97da1b58-741f-4294-9f25-44cde1ecdf9a
[2025-05-16T08:29:13.905+0000] {update_sequential.py:244} INFO - Adding new chapter 2 (en) for manga 97da1b58-741f-4294-9f25-44cde1ecdf9a
[2025-05-16T08:29:14.181+0000] {log.py:232} WARNING - 2025-05-16 08:29:14,180 - INFO: Processing manga 97da1b58-741f-4294-9f25-44cde1ecdf9a, chapter 3 (en)
[2025-05-16T08:29:14.180+0000] {update_sequential.py:209} INFO - Processing manga 97da1b58-741f-4294-9f25-44cde1ecdf9a, chapter 3 (en)
[2025-05-16T08:29:14.182+0000] {log.py:232} WARNING - 2025-05-16 08:29:14,182 - INFO: Adding new chapter 3 (en) for manga 97da1b58-741f-4294-9f25-44cde1ecdf9a
[2025-05-16T08:29:14.182+0000] {update_sequential.py:244} INFO - Adding new chapter 3 (en) for manga 97da1b58-741f-4294-9f25-44cde1ecdf9a
[2025-05-16T08:29:14.467+0000] {log.py:232} WARNING - 2025-05-16 08:29:14,466 - INFO: Processing manga 97da1b58-741f-4294-9f25-44cde1ecdf9a, chapter 4 (en)
[2025-05-16T08:29:14.466+0000] {update_sequential.py:209} INFO - Processing manga 97da1b58-741f-4294-9f25-44cde1ecdf9a, chapter 4 (en)
[2025-05-16T08:29:14.470+0000] {log.py:232} WARNING - 2025-05-16 08:29:14,469 - INFO: Adding new chapter 4 (en) for manga 97da1b58-741f-4294-9f25-44cde1ecdf9a
[2025-05-16T08:29:14.469+0000] {update_sequential.py:244} INFO - Adding new chapter 4 (en) for manga 97da1b58-741f-4294-9f25-44cde1ecdf9a
[2025-05-16T08:29:14.754+0000] {log.py:232} WARNING - 2025-05-16 08:29:14,754 - INFO: Processing manga 8928976d-1485-4260-b6d1-13552690a9f4, chapter 1 (en)
[2025-05-16T08:29:14.754+0000] {update_sequential.py:209} INFO - Processing manga 8928976d-1485-4260-b6d1-13552690a9f4, chapter 1 (en)
[2025-05-16T08:29:14.756+0000] {log.py:232} WARNING - 2025-05-16 08:29:14,755 - INFO: Adding new chapter 1 (en) for manga 8928976d-1485-4260-b6d1-13552690a9f4
[2025-05-16T08:29:14.755+0000] {update_sequential.py:244} INFO - Adding new chapter 1 (en) for manga 8928976d-1485-4260-b6d1-13552690a9f4
[2025-05-16T08:29:15.030+0000] {log.py:232} WARNING - 2025-05-16 08:29:15,030 - INFO: Processing manga 8928976d-1485-4260-b6d1-13552690a9f4, chapter 2 (en)
[2025-05-16T08:29:15.030+0000] {update_sequential.py:209} INFO - Processing manga 8928976d-1485-4260-b6d1-13552690a9f4, chapter 2 (en)
[2025-05-16T08:29:15.032+0000] {log.py:232} WARNING - 2025-05-16 08:29:15,031 - INFO: Adding new chapter 2 (en) for manga 8928976d-1485-4260-b6d1-13552690a9f4
[2025-05-16T08:29:15.031+0000] {update_sequential.py:244} INFO - Adding new chapter 2 (en) for manga 8928976d-1485-4260-b6d1-13552690a9f4
[2025-05-16T08:29:15.306+0000] {log.py:232} WARNING - 2025-05-16 08:29:15,306 - INFO: Processing manga 8928976d-1485-4260-b6d1-13552690a9f4, chapter 3 (en)
[2025-05-16T08:29:15.306+0000] {update_sequential.py:209} INFO - Processing manga 8928976d-1485-4260-b6d1-13552690a9f4, chapter 3 (en)
[2025-05-16T08:29:15.308+0000] {log.py:232} WARNING - 2025-05-16 08:29:15,307 - INFO: Adding new chapter 3 (en) for manga 8928976d-1485-4260-b6d1-13552690a9f4
[2025-05-16T08:29:15.307+0000] {update_sequential.py:244} INFO - Adding new chapter 3 (en) for manga 8928976d-1485-4260-b6d1-13552690a9f4
[2025-05-16T08:29:15.581+0000] {log.py:232} WARNING - 2025-05-16 08:29:15,580 - INFO: Processing manga 8928976d-1485-4260-b6d1-13552690a9f4, chapter 4 (en)
[2025-05-16T08:29:15.580+0000] {update_sequential.py:209} INFO - Processing manga 8928976d-1485-4260-b6d1-13552690a9f4, chapter 4 (en)
[2025-05-16T08:29:15.582+0000] {log.py:232} WARNING - 2025-05-16 08:29:15,582 - INFO: Adding new chapter 4 (en) for manga 8928976d-1485-4260-b6d1-13552690a9f4
[2025-05-16T08:29:15.582+0000] {update_sequential.py:244} INFO - Adding new chapter 4 (en) for manga 8928976d-1485-4260-b6d1-13552690a9f4
[2025-05-16T08:29:15.857+0000] {log.py:232} WARNING - 2025-05-16 08:29:15,856 - INFO: Processing manga 287e1422-57e8-4c73-8d04-9397760df929, chapter 1 (en)
[2025-05-16T08:29:15.856+0000] {update_sequential.py:209} INFO - Processing manga 287e1422-57e8-4c73-8d04-9397760df929, chapter 1 (en)
[2025-05-16T08:29:15.858+0000] {log.py:232} WARNING - 2025-05-16 08:29:15,858 - INFO: Adding new chapter 1 (en) for manga 287e1422-57e8-4c73-8d04-9397760df929
[2025-05-16T08:29:15.858+0000] {update_sequential.py:244} INFO - Adding new chapter 1 (en) for manga 287e1422-57e8-4c73-8d04-9397760df929
[2025-05-16T08:29:16.132+0000] {log.py:232} WARNING - 2025-05-16 08:29:16,131 - INFO: Processing manga cad50822-3589-40aa-9cbf-d96a2ccc6384, chapter 1 (en)
[2025-05-16T08:29:16.131+0000] {update_sequential.py:209} INFO - Processing manga cad50822-3589-40aa-9cbf-d96a2ccc6384, chapter 1 (en)
[2025-05-16T08:29:16.133+0000] {log.py:232} WARNING - 2025-05-16 08:29:16,133 - INFO: Adding new chapter 1 (en) for manga cad50822-3589-40aa-9cbf-d96a2ccc6384
[2025-05-16T08:29:16.133+0000] {update_sequential.py:244} INFO - Adding new chapter 1 (en) for manga cad50822-3589-40aa-9cbf-d96a2ccc6384
[2025-05-16T08:29:16.411+0000] {log.py:232} WARNING - 2025-05-16 08:29:16,410 - INFO: Processing manga cad50822-3589-40aa-9cbf-d96a2ccc6384, chapter 2 (en)
[2025-05-16T08:29:16.410+0000] {update_sequential.py:209} INFO - Processing manga cad50822-3589-40aa-9cbf-d96a2ccc6384, chapter 2 (en)
[2025-05-16T08:29:16.414+0000] {log.py:232} WARNING - 2025-05-16 08:29:16,413 - INFO: Adding new chapter 2 (en) for manga cad50822-3589-40aa-9cbf-d96a2ccc6384
[2025-05-16T08:29:16.413+0000] {update_sequential.py:244} INFO - Adding new chapter 2 (en) for manga cad50822-3589-40aa-9cbf-d96a2ccc6384
[2025-05-16T08:29:16.691+0000] {log.py:232} WARNING - 2025-05-16 08:29:16,691 - INFO: Processing manga cad50822-3589-40aa-9cbf-d96a2ccc6384, chapter 3 (en)
[2025-05-16T08:29:16.691+0000] {update_sequential.py:209} INFO - Processing manga cad50822-3589-40aa-9cbf-d96a2ccc6384, chapter 3 (en)
[2025-05-16T08:29:16.693+0000] {log.py:232} WARNING - 2025-05-16 08:29:16,692 - INFO: Adding new chapter 3 (en) for manga cad50822-3589-40aa-9cbf-d96a2ccc6384
[2025-05-16T08:29:16.692+0000] {update_sequential.py:244} INFO - Adding new chapter 3 (en) for manga cad50822-3589-40aa-9cbf-d96a2ccc6384
[2025-05-16T08:29:17.016+0000] {log.py:232} WARNING - 2025-05-16 08:29:16,994 - INFO: Processing manga cad50822-3589-40aa-9cbf-d96a2ccc6384, chapter 4 (en)
[2025-05-16T08:29:16.994+0000] {update_sequential.py:209} INFO - Processing manga cad50822-3589-40aa-9cbf-d96a2ccc6384, chapter 4 (en)
[2025-05-16T08:29:17.020+0000] {log.py:232} WARNING - 2025-05-16 08:29:17,019 - INFO: Adding new chapter 4 (en) for manga cad50822-3589-40aa-9cbf-d96a2ccc6384
[2025-05-16T08:29:17.019+0000] {update_sequential.py:244} INFO - Adding new chapter 4 (en) for manga cad50822-3589-40aa-9cbf-d96a2ccc6384
[2025-05-16T08:29:17.308+0000] {log.py:232} WARNING - 2025-05-16 08:29:17,308 - INFO: Processing manga cad50822-3589-40aa-9cbf-d96a2ccc6384, chapter 4.5 (en)
[2025-05-16T08:29:17.308+0000] {update_sequential.py:209} INFO - Processing manga cad50822-3589-40aa-9cbf-d96a2ccc6384, chapter 4.5 (en)
[2025-05-16T08:29:17.310+0000] {log.py:232} WARNING - 2025-05-16 08:29:17,310 - INFO: Adding new chapter 4.5 (en) for manga cad50822-3589-40aa-9cbf-d96a2ccc6384
[2025-05-16T08:29:17.310+0000] {update_sequential.py:244} INFO - Adding new chapter 4.5 (en) for manga cad50822-3589-40aa-9cbf-d96a2ccc6384
[2025-05-16T08:29:17.585+0000] {log.py:232} WARNING - 2025-05-16 08:29:17,584 - INFO: Processing manga 4d393a81-0015-4744-bf9a-064394e3f234, chapter 1 (en)
[2025-05-16T08:29:17.584+0000] {update_sequential.py:209} INFO - Processing manga 4d393a81-0015-4744-bf9a-064394e3f234, chapter 1 (en)
[2025-05-16T08:29:17.586+0000] {log.py:232} WARNING - 2025-05-16 08:29:17,586 - INFO: Adding new chapter 1 (en) for manga 4d393a81-0015-4744-bf9a-064394e3f234
[2025-05-16T08:29:17.586+0000] {update_sequential.py:244} INFO - Adding new chapter 1 (en) for manga 4d393a81-0015-4744-bf9a-064394e3f234
[2025-05-16T08:29:17.870+0000] {log.py:232} WARNING - 2025-05-16 08:29:17,869 - INFO: Processing manga bdac77b1-608f-4b0d-9773-7053dac0eca6, chapter 1 (en)
[2025-05-16T08:29:17.869+0000] {update_sequential.py:209} INFO - Processing manga bdac77b1-608f-4b0d-9773-7053dac0eca6, chapter 1 (en)
[2025-05-16T08:29:17.880+0000] {log.py:232} WARNING - 2025-05-16 08:29:17,879 - INFO: Adding new chapter 1 (en) for manga bdac77b1-608f-4b0d-9773-7053dac0eca6
[2025-05-16T08:29:17.879+0000] {update_sequential.py:244} INFO - Adding new chapter 1 (en) for manga bdac77b1-608f-4b0d-9773-7053dac0eca6
[2025-05-16T08:29:18.242+0000] {log.py:232} WARNING - 2025-05-16 08:29:18,202 - INFO: Processing manga bdac77b1-608f-4b0d-9773-7053dac0eca6, chapter 2 (en)
[2025-05-16T08:29:18.202+0000] {update_sequential.py:209} INFO - Processing manga bdac77b1-608f-4b0d-9773-7053dac0eca6, chapter 2 (en)
[2025-05-16T08:29:18.284+0000] {log.py:232} WARNING - 2025-05-16 08:29:18,263 - INFO: Adding new chapter 2 (en) for manga bdac77b1-608f-4b0d-9773-7053dac0eca6
[2025-05-16T08:29:18.263+0000] {update_sequential.py:244} INFO - Adding new chapter 2 (en) for manga bdac77b1-608f-4b0d-9773-7053dac0eca6
[2025-05-16T08:29:18.576+0000] {log.py:232} WARNING - 2025-05-16 08:29:18,575 - INFO: Processing manga bdac77b1-608f-4b0d-9773-7053dac0eca6, chapter 3 (en)
[2025-05-16T08:29:18.575+0000] {update_sequential.py:209} INFO - Processing manga bdac77b1-608f-4b0d-9773-7053dac0eca6, chapter 3 (en)
[2025-05-16T08:29:18.578+0000] {log.py:232} WARNING - 2025-05-16 08:29:18,577 - INFO: Adding new chapter 3 (en) for manga bdac77b1-608f-4b0d-9773-7053dac0eca6
[2025-05-16T08:29:18.577+0000] {update_sequential.py:244} INFO - Adding new chapter 3 (en) for manga bdac77b1-608f-4b0d-9773-7053dac0eca6
[2025-05-16T08:29:18.860+0000] {log.py:232} WARNING - 2025-05-16 08:29:18,860 - INFO: Processing manga bdac77b1-608f-4b0d-9773-7053dac0eca6, chapter 4 (en)
[2025-05-16T08:29:18.860+0000] {update_sequential.py:209} INFO - Processing manga bdac77b1-608f-4b0d-9773-7053dac0eca6, chapter 4 (en)
[2025-05-16T08:29:18.862+0000] {log.py:232} WARNING - 2025-05-16 08:29:18,862 - INFO: Adding new chapter 4 (en) for manga bdac77b1-608f-4b0d-9773-7053dac0eca6
[2025-05-16T08:29:18.862+0000] {update_sequential.py:244} INFO - Adding new chapter 4 (en) for manga bdac77b1-608f-4b0d-9773-7053dac0eca6
[2025-05-16T08:29:19.136+0000] {log.py:232} WARNING - 2025-05-16 08:29:19,135 - INFO: Processing manga bdac77b1-608f-4b0d-9773-7053dac0eca6, chapter 5 (en)
[2025-05-16T08:29:19.135+0000] {update_sequential.py:209} INFO - Processing manga bdac77b1-608f-4b0d-9773-7053dac0eca6, chapter 5 (en)
[2025-05-16T08:29:19.138+0000] {log.py:232} WARNING - 2025-05-16 08:29:19,137 - INFO: Adding new chapter 5 (en) for manga bdac77b1-608f-4b0d-9773-7053dac0eca6
[2025-05-16T08:29:19.137+0000] {update_sequential.py:244} INFO - Adding new chapter 5 (en) for manga bdac77b1-608f-4b0d-9773-7053dac0eca6
[2025-05-16T08:29:19.412+0000] {log.py:232} WARNING - 2025-05-16 08:29:19,411 - INFO: Processing manga f777da8d-878b-4114-a256-31b21933afc3, chapter 1 (en)
[2025-05-16T08:29:19.411+0000] {update_sequential.py:209} INFO - Processing manga f777da8d-878b-4114-a256-31b21933afc3, chapter 1 (en)
[2025-05-16T08:29:19.413+0000] {log.py:232} WARNING - 2025-05-16 08:29:19,413 - INFO: Adding new chapter 1 (en) for manga f777da8d-878b-4114-a256-31b21933afc3
[2025-05-16T08:29:19.413+0000] {update_sequential.py:244} INFO - Adding new chapter 1 (en) for manga f777da8d-878b-4114-a256-31b21933afc3
[2025-05-16T08:29:19.687+0000] {log.py:232} WARNING - 2025-05-16 08:29:19,686 - INFO: Processing manga 255937ca-c65b-4f8e-bb39-a41ac667362b, chapter 1 (en)
[2025-05-16T08:29:19.686+0000] {update_sequential.py:209} INFO - Processing manga 255937ca-c65b-4f8e-bb39-a41ac667362b, chapter 1 (en)
[2025-05-16T08:29:19.688+0000] {log.py:232} WARNING - 2025-05-16 08:29:19,688 - INFO: Adding new chapter 1 (en) for manga 255937ca-c65b-4f8e-bb39-a41ac667362b
[2025-05-16T08:29:19.688+0000] {update_sequential.py:244} INFO - Adding new chapter 1 (en) for manga 255937ca-c65b-4f8e-bb39-a41ac667362b
[2025-05-16T08:29:19.976+0000] {log.py:232} WARNING - 2025-05-16 08:29:19,976 - INFO: Processing manga 255937ca-c65b-4f8e-bb39-a41ac667362b, chapter 2 (en)
[2025-05-16T08:29:19.976+0000] {update_sequential.py:209} INFO - Processing manga 255937ca-c65b-4f8e-bb39-a41ac667362b, chapter 2 (en)
[2025-05-16T08:29:19.978+0000] {log.py:232} WARNING - 2025-05-16 08:29:19,978 - INFO: Adding new chapter 2 (en) for manga 255937ca-c65b-4f8e-bb39-a41ac667362b
[2025-05-16T08:29:19.978+0000] {update_sequential.py:244} INFO - Adding new chapter 2 (en) for manga 255937ca-c65b-4f8e-bb39-a41ac667362b
[2025-05-16T08:29:20.252+0000] {log.py:232} WARNING - 2025-05-16 08:29:20,252 - INFO: Processing manga 255937ca-c65b-4f8e-bb39-a41ac667362b, chapter 3 (en)
[2025-05-16T08:29:20.252+0000] {update_sequential.py:209} INFO - Processing manga 255937ca-c65b-4f8e-bb39-a41ac667362b, chapter 3 (en)
[2025-05-16T08:29:20.254+0000] {log.py:232} WARNING - 2025-05-16 08:29:20,253 - INFO: Adding new chapter 3 (en) for manga 255937ca-c65b-4f8e-bb39-a41ac667362b
[2025-05-16T08:29:20.253+0000] {update_sequential.py:244} INFO - Adding new chapter 3 (en) for manga 255937ca-c65b-4f8e-bb39-a41ac667362b
[2025-05-16T08:29:20.531+0000] {log.py:232} WARNING - 2025-05-16 08:29:20,529 - INFO: Processing manga 255937ca-c65b-4f8e-bb39-a41ac667362b, chapter 4 (en)
[2025-05-16T08:29:20.529+0000] {update_sequential.py:209} INFO - Processing manga 255937ca-c65b-4f8e-bb39-a41ac667362b, chapter 4 (en)
[2025-05-16T08:29:20.533+0000] {log.py:232} WARNING - 2025-05-16 08:29:20,532 - INFO: Adding new chapter 4 (en) for manga 255937ca-c65b-4f8e-bb39-a41ac667362b
[2025-05-16T08:29:20.532+0000] {update_sequential.py:244} INFO - Adding new chapter 4 (en) for manga 255937ca-c65b-4f8e-bb39-a41ac667362b
[2025-05-16T08:29:20.808+0000] {log.py:232} WARNING - 2025-05-16 08:29:20,808 - INFO: Processing manga 16ac1429-593f-4fe5-a529-ce8aed994ef5, chapter None (en)
[2025-05-16T08:29:20.808+0000] {update_sequential.py:209} INFO - Processing manga 16ac1429-593f-4fe5-a529-ce8aed994ef5, chapter None (en)
[2025-05-16T08:29:20.811+0000] {log.py:232} WARNING - 2025-05-16 08:29:20,810 - INFO: Adding new chapter None (en) for manga 16ac1429-593f-4fe5-a529-ce8aed994ef5
[2025-05-16T08:29:20.810+0000] {update_sequential.py:244} INFO - Adding new chapter None (en) for manga 16ac1429-593f-4fe5-a529-ce8aed994ef5
[2025-05-16T08:29:21.361+0000] {log.py:232} WARNING - 2025-05-16 08:29:21,361 - INFO: Database update complete
[2025-05-16T08:29:21.361+0000] {update_sequential.py:265} INFO - Database update complete
[2025-05-16T08:29:21.363+0000] {log.py:232} WARNING - 2025-05-16 08:29:21,362 - INFO: Total chapters added/updated: 85
[2025-05-16T08:29:21.362+0000] {update_sequential.py:269} INFO - Total chapters added/updated: 85
[2025-05-16T08:29:21.363+0000] {log.py:232} WARNING - 2025-05-16 08:29:21,363 - INFO: Total chapters replaced with English translations: 0
[2025-05-16T08:29:21.363+0000] {update_sequential.py:270} INFO - Total chapters replaced with English translations: 0
[2025-05-16T08:29:21.647+0000] {log.py:232} WARNING - 2025-05-16 08:29:21,646 - INFO: Registered chapter rollback data for 85 chapter IDs
[2025-05-16T08:29:21.646+0000] {update_manga_database_dag.py:159} INFO - Registered chapter rollback data for 85 chapter IDs
[2025-05-16T08:29:21.648+0000] {log.py:232} WARNING - 2025-05-16 08:29:21,648 - INFO: Updated/added 85 chapters, replaced 0
[2025-05-16T08:29:21.648+0000] {update_manga_database_dag.py:420} INFO - Updated/added 85 chapters, replaced 0
[2025-05-16T08:29:21.650+0000] {log.py:232} WARNING - 2025-05-16 08:29:21,649 - INFO: Starting image data update
[2025-05-16T08:29:21.649+0000] {update_manga_database_dag.py:428} INFO - Starting image data update
[2025-05-16T08:29:21.651+0000] {log.py:232} WARNING - 2025-05-16 08:29:21,650 - INFO: Checking for existing chapters...
[2025-05-16T08:29:21.650+0000] {update_sequential.py:310} INFO - Checking for existing chapters...
[2025-05-16T08:29:22.771+0000] {logging_mixin.py:190} WARNING - Preparing data:   0%|                                                        | 0/85 [00:00<?, ?it/s]
[2025-05-16T08:29:22.772+0000] {logging_mixin.py:190} WARNING - Preparing data: 100%|###########################################| 85/85 [00:00<00:00, 491745.99it/s]
[2025-05-16T08:29:22.773+0000] {log.py:232} WARNING - 2025-05-16 08:29:22,773 - INFO: Starting MongoDB bulk update with 85 new chapters...
[2025-05-16T08:29:22.773+0000] {update_sequential.py:345} INFO - Starting MongoDB bulk update with 85 new chapters...
[2025-05-16T08:29:22.779+0000] {logging_mixin.py:190} WARNING - Updating MongoDB:   0%|                                                      | 0/85 [00:00<?, ?it/s]
[2025-05-16T08:29:24.471+0000] {logging_mixin.py:190} WARNING - Updating MongoDB: 100%|#############################################| 85/85 [00:01<00:00, 50.25it/s]
[2025-05-16T08:29:24.472+0000] {logging_mixin.py:190} WARNING - Updating MongoDB: 100%|#############################################| 85/85 [00:01<00:00, 50.22it/s]
[2025-05-16T08:29:24.473+0000] {log.py:232} WARNING - 2025-05-16 08:29:24,473 - INFO: MongoDB update completed: Inserted: 85 | Duplicates skipped: 0
[2025-05-16T08:29:24.473+0000] {update_sequential.py:385} INFO - MongoDB update completed: Inserted: 85 | Duplicates skipped: 0
[2025-05-16T08:29:24.474+0000] {log.py:232} WARNING - 2025-05-16 08:29:24,474 - INFO: Inserted 85 chapters, skipped 0
[2025-05-16T08:29:24.474+0000] {update_manga_database_dag.py:430} INFO - Inserted 85 chapters, skipped 0
[2025-05-16T08:29:24.476+0000] {log.py:232} WARNING - 2025-05-16 08:29:24,476 - INFO: Registered image rollback data for 85 new chapters and 0 deleted chapters
[2025-05-16T08:29:24.476+0000] {update_manga_database_dag.py:183} INFO - Registered image rollback data for 85 new chapters and 0 deleted chapters
[2025-05-16T08:29:24.754+0000] {log.py:232} WARNING - 2025-05-16 08:29:24,754 - INFO: Transaction committed successfully
[2025-05-16T08:29:24.754+0000] {update_manga_database_dag.py:281} INFO - Transaction committed successfully
[2025-05-16T08:29:24.756+0000] {log.py:232} WARNING - 2025-05-16 08:29:24,756 - INFO: All updates committed successfully
[2025-05-16T08:29:24.756+0000] {update_manga_database_dag.py:443} INFO - All updates committed successfully
[2025-05-16T08:29:24.758+0000] {python.py:240} INFO - Done. Returned value was: {'manga_count': 58, 'chapter_count': 85, 'replaced_chapter_count': 0, 'image_inserted_count': 85, 'image_skipped_count': 0, 'image_deleted_count': 0, 'manga_titles': ['Pieces of Us', 'Haru no \x08Hikari ni Noma rete mo', 'CMYK', 'There May Be Something There That Wasn’t There Before - Haikyuu dj', 'Falling in the blue'], 'chapter_titles': [None, None, None, '', '']}
[2025-05-16T08:29:24.800+0000] {taskinstance.py:341} INFO - ::group::Post task execution logs
[2025-05-16T08:29:24.801+0000] {taskinstance.py:353} INFO - Marking task as SUCCESS. dag_id=update_manga_database, task_id=update_all_databases, run_id=manual__2025-05-16T08:27:05.470783+00:00, execution_date=20250516T082705, start_date=20250516T082830, end_date=20250516T082924
[2025-05-16T08:29:24.828+0000] {logging_mixin.py:190} INFO - Task instance in success state
[2025-05-16T08:29:24.828+0000] {logging_mixin.py:190} INFO -  Previous state of the Task instance: running
[2025-05-16T08:29:24.829+0000] {logging_mixin.py:190} INFO - Dag name:update_manga_database queued_at:2025-05-16 08:27:05.526243+00:00
[2025-05-16T08:29:24.829+0000] {logging_mixin.py:190} INFO - Task hostname:3729034b4972 operator:_PythonDecoratedOperator
[2025-05-16T08:29:24.876+0000] {local_task_job_runner.py:266} INFO - Task exited with return code 0
[2025-05-16T08:29:24.895+0000] {taskinstance.py:3901} INFO - 1 downstream tasks scheduled from follow-on schedule check
[2025-05-16T08:29:24.899+0000] {local_task_job_runner.py:245} INFO - ::endgroup::
