2025-05-15 18:42:51,746 - INFO: Fetching manga data
2025-05-15 18:42:51,748 - INFO: Successfully connected to PostgreSQL database
2025-05-15 18:42:52,501 - INFO: Processed 5 manga
2025-05-15 18:42:53,474 - INFO: Successfully connected to MongoDB
2025-05-15 18:52:55,679 - INFO: Successfully connected to PostgreSQL database
2025-05-15 18:52:57,403 - INFO: Successfully connected to MongoDB
2025-05-15 19:37:19,718 - INFO: Fetching manga data
2025-05-15 19:37:25,017 - INFO: Successfully connected to PostgreSQL database
2025-05-15 19:37:26,789 - INFO: Successfully connected to MongoDB
2025-05-15 19:37:41,392 - INFO: Processed 5 manga
2025-05-15 19:37:44,197 - INFO: Starting manga data update
2025-05-15 19:37:44,206 - INFO: Transaction started
2025-05-15 19:37:50,376 - ERROR: Failed to register manga update for rollback: Boolean value of this clause is not defined
2025-05-15 19:37:50,378 - ERROR: Failed to update manga data: Boolean value of this clause is not defined
2025-05-15 19:39:44,576 - INFO: Fetching manga data
2025-05-15 19:39:45,060 - INFO: Processed 5 manga
2025-05-15 19:39:48,542 - INFO: Successfully connected to PostgreSQL database
2025-05-15 19:39:50,238 - INFO: Successfully connected to MongoDB
2025-05-15 19:39:52,697 - INFO: Starting manga data update
2025-05-15 19:39:52,707 - INFO: Transaction started
2025-05-15 19:39:57,397 - INFO: Updated 0 manga
2025-05-15 19:40:09,518 - INFO: Starting manga data update
2025-05-15 19:40:09,529 - INFO: Transaction started
2025-05-15 19:40:13,908 - INFO: Updated 0 manga
2025-05-15 20:15:05,949 - INFO: Fetching manga data
2025-05-15 20:15:06,500 - INFO: Processed 5 manga
2025-05-15 20:15:09,743 - INFO: Successfully connected to PostgreSQL database
2025-05-15 20:15:11,459 - INFO: Successfully connected to MongoDB
2025-05-15 20:15:14,656 - INFO: Starting manga data update
2025-05-15 20:15:14,666 - INFO: Transaction started
2025-05-15 20:15:19,129 - INFO: Updated 0 manga
2025-05-15 20:17:42,920 - INFO: Fetching chapter data
2025-05-15 20:17:43,272 - ERROR: Failed to fetch/process chapter data: unhashable type: 'dict'
2025-05-15 20:26:22,723 - INFO: Fetching manga data
2025-05-15 20:26:23,324 - INFO: Processed 5 manga
2025-05-15 20:26:26,098 - INFO: Fetching chapter data
2025-05-15 20:26:26,303 - ERROR: Failed to fetch/process chapter data: unhashable type: 'dict'
2025-05-15 20:26:26,652 - INFO: Successfully connected to PostgreSQL database
2025-05-15 20:26:28,365 - INFO: Successfully connected to MongoDB
2025-05-15 20:26:38,470 - INFO: Fetching chapter data
2025-05-15 20:26:38,778 - ERROR: Failed to fetch/process chapter data: unhashable type: 'dict'
2025-05-15 21:09:12,315 - INFO: Fetching manga data
2025-05-15 21:09:12,665 - INFO: Processed 14 manga
2025-05-15 21:09:16,174 - INFO: Successfully connected to PostgreSQL database
2025-05-15 21:09:17,697 - INFO: Fetching chapter data
2025-05-15 21:09:17,921 - INFO: Successfully connected to MongoDB
2025-05-15 21:09:18,383 - INFO: Processed chapters for 14 manga
2025-05-15 21:09:25,632 - INFO: Fetching image data
2025-05-15 21:09:33,065 - INFO: Processed images for 37 chapters
2025-05-15 21:09:37,799 - INFO: Starting all database updates
2025-05-15 21:09:37,814 - INFO: Transaction started
2025-05-15 21:09:42,800 - ERROR: Failed to register manga update for rollback: Boolean value of this clause is not defined
2025-05-15 21:09:42,801 - ERROR: Update failed: Boolean value of this clause is not defined
2025-05-15 21:09:42,802 - WARNING: Starting transaction rollback
2025-05-15 21:09:55,623 - INFO: Starting all database updates
2025-05-15 21:09:55,635 - INFO: Transaction started
2025-05-15 21:10:00,578 - INFO: Updated 0 manga
2025-05-15 21:10:08,851 - ERROR: Failed to register chapter update for rollback: Boolean value of this clause is not defined
2025-05-15 21:10:08,852 - ERROR: Update failed: Boolean value of this clause is not defined
2025-05-15 21:10:08,852 - WARNING: Starting transaction rollback
2025-05-16 04:42:52,931 - INFO: Fetching manga data
2025-05-16 04:42:53,278 - INFO: Processed 2 manga
2025-05-16 04:42:56,774 - INFO: Successfully connected to PostgreSQL database
2025-05-16 04:42:58,519 - INFO: Successfully connected to MongoDB
2025-05-16 04:42:59,948 - INFO: Fetching chapter data
2025-05-16 04:43:00,199 - INFO: Processed chapters for 2 manga
2025-05-16 04:43:04,280 - INFO: Fetching image data
2025-05-16 04:43:04,695 - INFO: Processed images for 1 chapters
2025-05-16 04:43:07,016 - INFO: Starting all database updates
2025-05-16 04:43:07,025 - INFO: Transaction started
2025-05-16 04:43:12,461 - ERROR: Failed to register manga update for rollback: Boolean value of this clause is not defined
2025-05-16 04:43:12,462 - ERROR: Update failed: Boolean value of this clause is not defined
2025-05-16 04:43:12,463 - WARNING: Starting transaction rollback
2025-05-16 04:43:24,881 - INFO: Starting all database updates
2025-05-16 04:43:24,891 - INFO: Transaction started
2025-05-16 04:43:29,531 - INFO: Updated 0 manga
2025-05-16 04:43:30,885 - ERROR: Failed to register chapter update for rollback: Boolean value of this clause is not defined
2025-05-16 04:43:30,888 - ERROR: Update failed: Boolean value of this clause is not defined
2025-05-16 04:43:30,891 - WARNING: Starting transaction rollback
2025-05-16 04:59:08,917 - INFO: Fetching manga data
2025-05-16 04:59:09,241 - INFO: Processed 2 manga
2025-05-16 04:59:12,816 - INFO: Successfully connected to PostgreSQL database
2025-05-16 04:59:14,472 - INFO: Successfully connected to MongoDB
2025-05-16 04:59:15,351 - INFO: Fetching chapter data
2025-05-16 04:59:15,621 - INFO: Processed chapters for 2 manga
2025-05-16 04:59:20,320 - INFO: Fetching image data
2025-05-16 04:59:20,859 - INFO: Processed images for 1 chapters
2025-05-16 04:59:24,155 - INFO: Starting all database updates
2025-05-16 04:59:24,165 - INFO: Transaction started
2025-05-16 04:59:29,161 - INFO: Updated 0 manga
2025-05-16 04:59:30,325 - ERROR: Failed to register chapter update for rollback: Boolean value of this clause is not defined
2025-05-16 04:59:30,327 - ERROR: Update failed: Boolean value of this clause is not defined
2025-05-16 04:59:30,329 - WARNING: Starting transaction rollback
2025-05-16 04:59:30,331 - INFO: Rollback committed successfully
2025-05-16 04:59:43,223 - INFO: Starting all database updates
2025-05-16 04:59:43,233 - INFO: Transaction started
2025-05-16 04:59:48,616 - INFO: Updated 0 manga
2025-05-16 04:59:49,710 - ERROR: Failed to register chapter update for rollback: Boolean value of this clause is not defined
2025-05-16 04:59:49,712 - ERROR: Update failed: Boolean value of this clause is not defined
2025-05-16 04:59:49,714 - WARNING: Starting transaction rollback
2025-05-16 04:59:49,717 - INFO: Rollback committed successfully
2025-05-16 05:05:27,081 - INFO: Fetching manga data
2025-05-16 05:05:27,445 - INFO: Processed 2 manga
2025-05-16 05:05:31,117 - INFO: Successfully connected to PostgreSQL database
2025-05-16 05:05:32,838 - INFO: Successfully connected to MongoDB
2025-05-16 05:05:34,622 - INFO: Fetching chapter data
2025-05-16 05:05:34,940 - INFO: Processed chapters for 2 manga
2025-05-16 05:05:40,900 - INFO: Fetching image data
2025-05-16 05:05:41,346 - INFO: Processed images for 1 chapters
2025-05-16 05:05:46,189 - INFO: Starting all database updates
2025-05-16 05:05:46,201 - INFO: Transaction started
2025-05-16 05:05:56,728 - INFO: Registered manga rollback data for 2 manga IDs
2025-05-16 05:05:56,730 - INFO: Updated 2 manga
2025-05-16 05:05:58,138 - INFO: Registered chapter rollback data for 1 chapter IDs
2025-05-16 05:05:58,142 - INFO: Updated/added 1 chapters, replaced 0
2025-05-16 05:05:58,145 - INFO: Starting image data update
2025-05-16 05:05:59,808 - INFO: Inserted 1 chapters, skipped 0
2025-05-16 05:05:59,809 - INFO: Registered image rollback data for 1 new chapters and 0 deleted chapters
2025-05-16 05:06:00,092 - INFO: Transaction committed successfully
2025-05-16 05:06:00,094 - INFO: All updates committed successfully
2025-05-16 05:12:04,602 - INFO: Fetching manga data
2025-05-16 05:12:05,063 - INFO: Processed 62 manga
2025-05-16 05:12:08,607 - INFO: Successfully connected to PostgreSQL database
2025-05-16 05:12:10,325 - INFO: Successfully connected to MongoDB
2025-05-16 05:12:11,199 - INFO: Fetching chapter data
2025-05-16 05:12:14,016 - INFO: Processed chapters for 62 manga
2025-05-16 05:12:19,329 - INFO: Fetching image data
2025-05-16 05:13:23,603 - INFO: Processed images for 98 chapters
2025-05-16 05:13:49,640 - INFO: Fetching manga data
2025-05-16 05:13:49,943 - INFO: Processed 62 manga
2025-05-16 05:13:53,450 - INFO: Successfully connected to PostgreSQL database
2025-05-16 05:13:55,262 - INFO: Successfully connected to MongoDB
2025-05-16 05:13:57,242 - INFO: Fetching chapter data
2025-05-16 05:14:00,261 - INFO: Processed chapters for 62 manga
2025-05-16 05:14:05,643 - INFO: Fetching image data
2025-05-16 05:16:11,675 - INFO: Processed images for 98 chapters
2025-05-16 05:16:14,823 - INFO: Starting all database updates
2025-05-16 05:16:14,831 - INFO: Transaction started
2025-05-16 05:16:42,050 - INFO: Registered manga rollback data for 60 manga IDs
2025-05-16 05:16:42,052 - INFO: Updated 60 manga
2025-05-16 05:17:11,748 - INFO: Registered chapter rollback data for 97 chapter IDs
2025-05-16 05:17:11,750 - INFO: Updated/added 97 chapters, replaced 0
2025-05-16 05:17:11,751 - INFO: Starting image data update
2025-05-16 05:17:14,966 - INFO: Inserted 97 chapters, skipped 1
2025-05-16 05:17:14,967 - INFO: Registered image rollback data for 98 new chapters and 0 deleted chapters
2025-05-16 05:17:15,264 - INFO: Transaction committed successfully
2025-05-16 05:17:15,266 - INFO: All updates committed successfully
2025-05-16 05:42:41,002 - INFO: Fetching manga data
2025-05-16 05:42:41,596 - INFO: Processed 61 manga
2025-05-16 05:42:45,949 - INFO: Fetching chapter data
2025-05-16 05:42:46,115 - INFO: Successfully connected to PostgreSQL database
2025-05-16 05:42:47,719 - INFO: Successfully connected to MongoDB
2025-05-16 05:42:48,168 - INFO: Processed chapters for 61 manga
2025-05-16 05:42:50,859 - INFO: Fetching image data
2025-05-16 05:43:04,016 - INFO: Processed images for 61 chapters
2025-05-16 05:43:08,099 - INFO: Starting all database updates
2025-05-16 05:43:08,119 - INFO: Transaction started
2025-05-16 05:43:32,493 - INFO: Registered manga rollback data for 61 manga IDs
2025-05-16 05:43:32,494 - INFO: Updated 61 manga
2025-05-16 05:43:57,046 - INFO: Registered chapter rollback data for 87 chapter IDs
2025-05-16 05:43:57,048 - INFO: Updated/added 87 chapters, replaced 0
2025-05-16 05:43:57,049 - INFO: Starting image data update
2025-05-16 05:43:58,472 - INFO: Inserted 61 chapters, skipped 0
2025-05-16 05:43:58,473 - INFO: Registered image rollback data for 61 new chapters and 0 deleted chapters
2025-05-16 05:43:58,730 - INFO: Transaction committed successfully
2025-05-16 05:43:58,733 - INFO: All updates committed successfully
2025-05-16 05:47:40,284 - INFO: Fetching manga data
2025-05-16 05:47:40,284 - INFO: Fetching image data
2025-05-16 05:47:40,758 - INFO: Processed 61 manga
2025-05-16 05:47:41,499 - INFO: Processed images for 5 chapters
2025-05-16 05:47:45,087 - INFO: Successfully connected to PostgreSQL database
2025-05-16 05:47:46,500 - INFO: Fetching chapter data
2025-05-16 05:47:46,803 - INFO: Successfully connected to MongoDB
2025-05-16 05:47:49,129 - INFO: Processed chapters for 61 manga
2025-05-16 05:47:52,018 - INFO: Starting all database updates
2025-05-16 05:47:52,028 - INFO: Transaction started
2025-05-16 05:48:19,165 - INFO: Registered manga rollback data for 61 manga IDs
2025-05-16 05:48:19,186 - INFO: Updated 61 manga
2025-05-16 05:48:45,840 - INFO: Registered chapter rollback data for 87 chapter IDs
2025-05-16 05:48:45,842 - INFO: Updated/added 87 chapters, replaced 0
2025-05-16 05:48:45,843 - INFO: Starting image data update
2025-05-16 05:48:47,422 - INFO: Inserted 5 chapters, skipped 0
2025-05-16 05:48:47,424 - INFO: Registered image rollback data for 5 new chapters and 0 deleted chapters
2025-05-16 05:48:47,701 - INFO: Transaction committed successfully
2025-05-16 05:48:47,704 - INFO: All updates committed successfully
2025-05-16 06:05:34,582 - INFO: Fetching manga data
2025-05-16 06:05:35,023 - INFO: Processed 61 manga
2025-05-16 06:05:38,147 - INFO: Successfully connected to PostgreSQL database
2025-05-16 06:05:39,251 - INFO: Fetching chapter data
2025-05-16 06:05:39,819 - INFO: Successfully connected to MongoDB
2025-05-16 06:05:41,927 - INFO: Processed chapters for 61 manga
2025-05-16 06:05:47,246 - INFO: Fetching image data
2025-05-16 06:06:49,298 - INFO: Processed images for 87 chapters
2025-05-16 06:06:51,767 - INFO: Starting all database updates
2025-05-16 06:06:51,777 - INFO: Transaction started
2025-05-16 06:07:17,897 - INFO: Registered manga rollback data for 61 manga IDs
2025-05-16 06:07:17,900 - INFO: Updated 61 manga
2025-05-16 06:07:43,353 - INFO: Registered chapter rollback data for 87 chapter IDs
2025-05-16 06:07:43,355 - INFO: Updated/added 87 chapters, replaced 0
2025-05-16 06:07:43,356 - INFO: Starting image data update
2025-05-16 06:07:43,375 - ERROR: Update failed: name 'chapter_images' is not defined
2025-05-16 06:07:43,376 - WARNING: Starting transaction rollback
2025-05-16 06:07:43,377 - INFO: Rolling back chapter updates
2025-05-16 06:07:43,664 - INFO: Removed 87 newly added chapters
2025-05-16 06:08:08,390 - INFO: Restored 87 original chapter records
2025-05-16 06:08:08,392 - INFO: Rolling back manga updates
2025-05-16 06:08:08,677 - INFO: Removed 61 newly added manga
2025-05-16 06:08:26,162 - INFO: Restored 61 original manga records
2025-05-16 06:08:26,483 - INFO: Rollback committed successfully
2025-05-16 06:08:39,167 - INFO: Starting all database updates
2025-05-16 06:08:39,177 - INFO: Transaction started
2025-05-16 06:09:06,555 - INFO: Registered manga rollback data for 61 manga IDs
2025-05-16 06:09:06,557 - INFO: Updated 61 manga
2025-05-16 06:09:33,466 - INFO: Registered chapter rollback data for 87 chapter IDs
2025-05-16 06:09:33,469 - INFO: Updated/added 87 chapters, replaced 0
2025-05-16 06:09:33,472 - INFO: Starting image data update
2025-05-16 06:09:33,487 - ERROR: Update failed: name 'chapter_images' is not defined
2025-05-16 06:09:33,488 - WARNING: Starting transaction rollback
2025-05-16 06:09:33,490 - INFO: Rolling back chapter updates
2025-05-16 06:09:33,788 - INFO: Removed 87 newly added chapters
2025-05-16 06:09:58,328 - INFO: Restored 87 original chapter records
2025-05-16 06:09:58,333 - INFO: Rolling back manga updates
2025-05-16 06:09:58,622 - INFO: Removed 61 newly added manga
2025-05-16 06:10:15,841 - INFO: Restored 61 original manga records
2025-05-16 06:10:16,122 - INFO: Rollback committed successfully
2025-05-16 06:12:34,137 - INFO: Fetching manga data
2025-05-16 06:12:34,615 - INFO: Processed 61 manga
2025-05-16 06:12:37,965 - INFO: Successfully connected to PostgreSQL database
2025-05-16 06:12:39,773 - INFO: Successfully connected to MongoDB
2025-05-16 06:12:41,569 - INFO: Fetching chapter data
2025-05-16 06:12:44,210 - INFO: Processed chapters for 61 manga
2025-05-16 06:12:48,739 - INFO: Fetching image data
2025-05-16 06:13:51,059 - INFO: Processed images for 87 chapters
2025-05-16 06:13:53,884 - INFO: Starting all database updates
2025-05-16 06:13:53,895 - INFO: Transaction started
2025-05-16 06:14:19,687 - INFO: Registered manga rollback data for 61 manga IDs
2025-05-16 06:14:19,693 - INFO: Updated 61 manga
2025-05-16 06:14:44,397 - INFO: Registered chapter rollback data for 87 chapter IDs
2025-05-16 06:14:44,399 - INFO: Updated/added 87 chapters, replaced 0
2025-05-16 06:14:44,400 - INFO: Starting image data update
2025-05-16 06:14:47,029 - INFO: Inserted 87 chapters, skipped 0
2025-05-16 06:14:47,032 - INFO: Registered image rollback data for 87 new chapters and 0 deleted chapters
2025-05-16 06:14:47,330 - INFO: Transaction committed successfully
2025-05-16 06:14:47,332 - INFO: All updates committed successfully
2025-05-16 08:15:10,033 - INFO: Fetching manga data
2025-05-16 08:15:10,507 - INFO: Processed 59 manga
2025-05-16 08:15:14,010 - INFO: Successfully connected to PostgreSQL database
2025-05-16 08:15:15,691 - INFO: Successfully connected to MongoDB
2025-05-16 08:15:16,861 - INFO: Fetching chapter data
2025-05-16 08:15:19,205 - INFO: Processed chapters for 59 manga
2025-05-16 08:15:26,422 - INFO: Fetching image data
2025-05-16 08:16:28,167 - INFO: Processed images for 85 chapters
2025-05-16 08:16:31,478 - INFO: Starting all database updates
2025-05-16 08:16:31,488 - INFO: Transaction started
2025-05-16 08:16:36,214 - INFO: Updated 0 manga
2025-05-16 08:16:37,995 - INFO: Updated/added 0 chapters, replaced 0
2025-05-16 08:16:37,997 - INFO: Starting image data update
2025-05-16 08:16:39,147 - INFO: Inserted 0 chapters, skipped 85
2025-05-16 08:16:39,148 - INFO: Registered image rollback data for 85 new chapters and 0 deleted chapters
2025-05-16 08:16:39,149 - INFO: Transaction committed successfully
2025-05-16 08:16:39,150 - INFO: All updates committed successfully
2025-05-16 08:16:42,238 - INFO: Email sent successfully via SendGrid API
2025-05-16 08:27:09,116 - INFO: Fetching manga data
2025-05-16 08:27:09,522 - INFO: Processed 58 manga
2025-05-16 08:27:13,277 - INFO: Successfully connected to PostgreSQL database
2025-05-16 08:27:15,756 - INFO: Successfully connected to MongoDB
2025-05-16 08:27:17,435 - INFO: Fetching chapter data
2025-05-16 08:27:20,526 - INFO: Processed chapters for 58 manga
2025-05-16 08:27:26,139 - INFO: Fetching image data
2025-05-16 08:28:28,551 - INFO: Processed images for 85 chapters
2025-05-16 08:28:30,920 - INFO: Starting all database updates
2025-05-16 08:28:30,932 - INFO: Transaction started
2025-05-16 08:28:56,414 - INFO: Registered manga rollback data for 58 manga IDs
2025-05-16 08:28:56,417 - INFO: Updated 58 manga
2025-05-16 08:29:21,646 - INFO: Registered chapter rollback data for 85 chapter IDs
2025-05-16 08:29:21,648 - INFO: Updated/added 85 chapters, replaced 0
2025-05-16 08:29:21,649 - INFO: Starting image data update
2025-05-16 08:29:24,474 - INFO: Inserted 85 chapters, skipped 0
2025-05-16 08:29:24,476 - INFO: Registered image rollback data for 85 new chapters and 0 deleted chapters
2025-05-16 08:29:24,754 - INFO: Transaction committed successfully
2025-05-16 08:29:24,756 - INFO: All updates committed successfully
2025-05-16 08:29:28,934 - INFO: Email sent successfully via SendGrid API
