[2025-05-15T19:39:44.385+0000] {local_task_job_runner.py:123} INFO - ::group::Pre task execution logs
[2025-05-15T19:39:44.403+0000] {taskinstance.py:2614} INFO - Dependencies all met for dep_context=non-requeueable deps ti=<TaskInstance: update_manga_database.fetch_and_process_manga_data manual__2025-05-15T19:39:40.818082+00:00 [queued]>
[2025-05-15T19:39:44.414+0000] {taskinstance.py:2614} INFO - Dependencies all met for dep_context=requeueable deps ti=<TaskInstance: update_manga_database.fetch_and_process_manga_data manual__2025-05-15T19:39:40.818082+00:00 [queued]>
[2025-05-15T19:39:44.414+0000] {taskinstance.py:2867} INFO - Starting attempt 1 of 2
[2025-05-15T19:39:44.428+0000] {taskinstance.py:2890} INFO - Executing <Task(_PythonDecoratedOperator): fetch_and_process_manga_data> on 2025-05-15 19:39:40.818082+00:00
[2025-05-15T19:39:44.435+0000] {warnings.py:112} WARNING - /home/***/.local/lib/python3.12/site-packages/***/task/task_runner/standard_task_runner.py:70: DeprecationWarning: This process (pid=1401) is multi-threaded, use of fork() may lead to deadlocks in the child.
  pid = os.fork()

[2025-05-15T19:39:44.438+0000] {standard_task_runner.py:72} INFO - Started process 1412 to run task
[2025-05-15T19:39:44.439+0000] {standard_task_runner.py:104} INFO - Running: ['***', 'tasks', 'run', 'update_manga_database', 'fetch_and_process_manga_data', 'manual__2025-05-15T19:39:40.818082+00:00', '--job-id', '18', '--raw', '--subdir', 'DAGS_FOLDER/update_manga_database_dag.py', '--cfg-path', '/tmp/tmp9yh9e9uk']
[2025-05-15T19:39:44.440+0000] {standard_task_runner.py:105} INFO - Job 18: Subtask fetch_and_process_manga_data
[2025-05-15T19:39:44.494+0000] {task_command.py:467} INFO - Running <TaskInstance: update_manga_database.fetch_and_process_manga_data manual__2025-05-15T19:39:40.818082+00:00 [running]> on host 3729034b4972
[2025-05-15T19:39:44.571+0000] {taskinstance.py:3134} INFO - Exporting env vars: AIRFLOW_CTX_DAG_OWNER='***' AIRFLOW_CTX_DAG_ID='update_manga_database' AIRFLOW_CTX_TASK_ID='fetch_and_process_manga_data' AIRFLOW_CTX_EXECUTION_DATE='2025-05-15T19:39:40.818082+00:00' AIRFLOW_CTX_TRY_NUMBER='1' AIRFLOW_CTX_DAG_RUN_ID='manual__2025-05-15T19:39:40.818082+00:00'
[2025-05-15T19:39:44.573+0000] {logging_mixin.py:190} INFO - Task instance is in running state
[2025-05-15T19:39:44.573+0000] {logging_mixin.py:190} INFO -  Previous state of the Task instance: queued
[2025-05-15T19:39:44.574+0000] {logging_mixin.py:190} INFO - Current task name:fetch_and_process_manga_data state:running start_date:2025-05-15 19:39:44.404568+00:00
[2025-05-15T19:39:44.575+0000] {logging_mixin.py:190} INFO - Dag name:update_manga_database and current dag run status:running
[2025-05-15T19:39:44.575+0000] {taskinstance.py:732} INFO - ::endgroup::
[2025-05-15T19:39:44.577+0000] {log.py:232} WARNING - 2025-05-15 19:39:44,576 - INFO: Fetching manga data
[2025-05-15T19:39:44.576+0000] {update_manga_database_dag.py:356} INFO - Fetching manga data
[2025-05-15T19:39:44.804+0000] {log.py:232} WARNING - 2025-05-15 19:39:44,803 - INFO: Collected 5/15 manga...
[2025-05-15T19:39:44.803+0000] {crawler_instance.py:87} INFO - Collected 5/15 manga...
[2025-05-15T19:39:45.061+0000] {log.py:232} WARNING - 2025-05-15 19:39:45,060 - INFO: Processed 5 manga
[2025-05-15T19:39:45.060+0000] {update_manga_database_dag.py:360} INFO - Processed 5 manga
[2025-05-15T19:39:45.064+0000] {python.py:240} INFO - Done. Returned value was: [{'manga_id': 'e82fb7dd-edff-4593-9fff-760f018f6703', 'title': 'There May Be Something There That Wasn’t There Before - Haikyuu dj', 'alt_title': 'Puede que haya algo que no habia antes - Haikyuu dj', 'description': None, 'status': 'completed', 'year': 2013, 'created_at': '2025-05-15T18:45:22+00:00', 'updated_at': '2025-05-15T18:45:38+00:00'}, {'manga_id': 'd38389ac-caeb-4a4f-8483-589ddbaf50e1', 'title': 'Falling in the blue', 'alt_title': None, 'description': 'Entrega especial para o planeta Marte! O serviço de entrega intergaláctica Warp Inc. está se expandindo para o alcance externo e alguém precisa conduzir as viagens de longa distância. Mas será que duas crianças e um pássaro Kiwi em uma espaçonave quebrada serão realmente capazes de cumprir seus prazos de entrega? E, mais importante, eles serão capazes de descobrir o enredo sinistro escondido dentro de suas clássicas caixas de papelão antes que seja tarde demais para eles... e para o universo?', 'status': 'completed', 'year': 2021, 'created_at': '2025-05-15T18:39:18+00:00', 'updated_at': '2025-05-15T18:39:44+00:00'}, {'manga_id': '192ec1c9-eb9a-4771-bb79-2b9bb4adbe0e', 'title': 'The Maid', 'alt_title': '하녀', 'description': "Kang Hana, a former girl group trainee, gives up everything and decides to have her baby after an unexpected pregnancy. She\n\ntemporarily leaves the baby in a baby box until she can save up for a housing deposit. But she then finds out that a famous actor-\n\ndirector couple has adopted her child. Determined to get her baby back, she becomes the babysitter in their home. But then she\n\ndiscovers that the wife, Angela, is transfusing the baby's blood—almost like a vampire. Kang Hana decides she must kill her", 'status': 'ongoing', 'year': 2025, 'created_at': '2025-05-15T17:07:10+00:00', 'updated_at': '2025-05-15T17:07:55+00:00'}, {'manga_id': '3de96e80-6feb-450c-a169-053d40c01063', 'title': "The Fairy's Wish", 'alt_title': '선녀의 소원', 'description': "Among all creatures born of nature, dragons are revered as the most sacred.\n\nLegend has it that a dragon's *yeouiju* — a mystical orb — holds the power to grant any wish.\n\nOne day, a celestial maiden named Seolha discovers a dragon hatchling. Hoping he might one day fulfill her deepest desire, she takes him in.\n\nBut as the young dragon, Yuseong, grows, so too does the bond between them — and Seolha finds herself irresistibly drawn to him...", 'status': 'ongoing', 'year': 2025, 'created_at': '2025-05-15T16:57:43+00:00', 'updated_at': '2025-05-15T17:00:11+00:00'}, {'manga_id': '8dbb4f57-4e35-4fa6-88c7-2d8f8334d8db', 'title': 'I Reincarnated as a Parenting Story Extra', 'alt_title': '육아물 엑스트라로 빙의했다', 'description': 'I possessed a mere maid in a Northern Duke’s household—just a background character in a romance-fantasy novel.\n\nA lifetime job with stability, as long as I keep my head down and stay out of trouble? Sounds perfect!\n\nI planned to save up quietly and one day escape for a peaceful life...\n\nBut then—\n\n“You went to… a Korean cyber university?”\n\n“How… how could Annie know that…?”\n\nThe heroine—reincarnated from modern Korea—found out I’m a transmigrator too!\n\nNow I’m stuck to her like glue, constantly in her spotlight… and worse, her overprotective brother starts to take notice.\n\n“You want to quit your job? Who said you could?”\n\nThe male lead of this childcare story—the one I thought would ignore me—has become obsessed!\n\nHelp! I’m just an extra!\n\nAnnie’s chaotic survival tale as an ordinary extra in a not-so-ordinary childcare drama begins!', 'status': 'ongoing', 'year': 2025, 'created_at': '2025-05-15T16:44:13+00:00', 'updated_at': '2025-05-15T16:44:32+00:00'}]
[2025-05-15T19:39:45.091+0000] {taskinstance.py:341} INFO - ::group::Post task execution logs
[2025-05-15T19:39:45.092+0000] {taskinstance.py:353} INFO - Marking task as SUCCESS. dag_id=update_manga_database, task_id=fetch_and_process_manga_data, run_id=manual__2025-05-15T19:39:40.818082+00:00, execution_date=20250515T193940, start_date=20250515T193944, end_date=20250515T193945
[2025-05-15T19:39:45.114+0000] {logging_mixin.py:190} INFO - Task instance in success state
[2025-05-15T19:39:45.115+0000] {logging_mixin.py:190} INFO -  Previous state of the Task instance: running
[2025-05-15T19:39:45.115+0000] {logging_mixin.py:190} INFO - Dag name:update_manga_database queued_at:2025-05-15 19:39:40.863542+00:00
[2025-05-15T19:39:45.116+0000] {logging_mixin.py:190} INFO - Task hostname:3729034b4972 operator:_PythonDecoratedOperator
[2025-05-15T19:39:45.137+0000] {local_task_job_runner.py:266} INFO - Task exited with return code 0
[2025-05-15T19:39:45.161+0000] {taskinstance.py:3901} INFO - 0 downstream tasks scheduled from follow-on schedule check
[2025-05-15T19:39:45.167+0000] {local_task_job_runner.py:245} INFO - ::endgroup::
