[2025-05-16T05:05:34.325+0000] {local_task_job_runner.py:123} INFO - ::group::Pre task execution logs
[2025-05-16T05:05:34.354+0000] {taskinstance.py:2614} INFO - Dependencies all met for dep_context=non-requeueable deps ti=<TaskInstance: update_manga_database.fetch_and_process_chapter_data manual__2025-05-16T05:05:24.039882+00:00 [queued]>
[2025-05-16T05:05:34.365+0000] {taskinstance.py:2614} INFO - Dependencies all met for dep_context=requeueable deps ti=<TaskInstance: update_manga_database.fetch_and_process_chapter_data manual__2025-05-16T05:05:24.039882+00:00 [queued]>
[2025-05-16T05:05:34.365+0000] {taskinstance.py:2867} INFO - Starting attempt 1 of 2
[2025-05-16T05:05:34.381+0000] {taskinstance.py:2890} INFO - Executing <Task(_PythonDecoratedOperator): fetch_and_process_chapter_data> on 2025-05-16 05:05:24.039882+00:00
[2025-05-16T05:05:34.389+0000] {warnings.py:112} WARNING - /home/***/.local/lib/python3.12/site-packages/***/task/task_runner/standard_task_runner.py:70: DeprecationWarning: This process (pid=528) is multi-threaded, use of fork() may lead to deadlocks in the child.
  pid = os.fork()

[2025-05-16T05:05:34.391+0000] {standard_task_runner.py:72} INFO - Started process 533 to run task
[2025-05-16T05:05:34.393+0000] {standard_task_runner.py:104} INFO - Running: ['***', 'tasks', 'run', 'update_manga_database', 'fetch_and_process_chapter_data', 'manual__2025-05-16T05:05:24.039882+00:00', '--job-id', '58', '--raw', '--subdir', 'DAGS_FOLDER/update_manga_database_dag.py', '--cfg-path', '/tmp/tmp4jozowso']
[2025-05-16T05:05:34.394+0000] {standard_task_runner.py:105} INFO - Job 58: Subtask fetch_and_process_chapter_data
[2025-05-16T05:05:34.446+0000] {task_command.py:467} INFO - Running <TaskInstance: update_manga_database.fetch_and_process_chapter_data manual__2025-05-16T05:05:24.039882+00:00 [running]> on host 3729034b4972
[2025-05-16T05:05:34.617+0000] {taskinstance.py:3134} INFO - Exporting env vars: AIRFLOW_CTX_DAG_OWNER='***' AIRFLOW_CTX_DAG_ID='update_manga_database' AIRFLOW_CTX_TASK_ID='fetch_and_process_chapter_data' AIRFLOW_CTX_EXECUTION_DATE='2025-05-16T05:05:24.039882+00:00' AIRFLOW_CTX_TRY_NUMBER='1' AIRFLOW_CTX_DAG_RUN_ID='manual__2025-05-16T05:05:24.039882+00:00'
[2025-05-16T05:05:34.619+0000] {logging_mixin.py:190} INFO - Task instance is in running state
[2025-05-16T05:05:34.620+0000] {logging_mixin.py:190} INFO -  Previous state of the Task instance: queued
[2025-05-16T05:05:34.620+0000] {logging_mixin.py:190} INFO - Current task name:fetch_and_process_chapter_data state:running start_date:2025-05-16 05:05:34.354671+00:00
[2025-05-16T05:05:34.621+0000] {logging_mixin.py:190} INFO - Dag name:update_manga_database and current dag run status:running
[2025-05-16T05:05:34.621+0000] {taskinstance.py:732} INFO - ::endgroup::
[2025-05-16T05:05:34.623+0000] {log.py:232} WARNING - 2025-05-16 05:05:34,622 - INFO: Fetching chapter data
[2025-05-16T05:05:34.622+0000] {update_manga_database_dag.py:364} INFO - Fetching chapter data
[2025-05-16T05:05:34.633+0000] {logging_mixin.py:190} WARNING - 📚 Fetching chapters 2 weeks ago:   0%|          | 0/2 [00:00<?, ?it/s]
[2025-05-16T05:05:34.917+0000] {log.py:232} WARNING - 2025-05-16 05:05:34,916 - INFO: Manga dc8a6a1d-51d9-410d-975b-cf884cc68fd0 fetched 0 unique chapters.
[2025-05-16T05:05:34.916+0000] {crawler_instance.py:245} INFO - Manga dc8a6a1d-51d9-410d-975b-cf884cc68fd0 fetched 0 unique chapters.
[2025-05-16T05:05:34.920+0000] {logging_mixin.py:190} WARNING - 📚 Fetching chapters 2 weeks ago:  50%|#####     | 1/2 [00:00<00:00,  3.50it/s]
[2025-05-16T05:05:34.936+0000] {log.py:232} WARNING - 2025-05-16 05:05:34,935 - INFO: Manga 4551679e-820b-42a5-85ff-d00ade797383 fetched 1 unique chapters.
[2025-05-16T05:05:34.935+0000] {crawler_instance.py:245} INFO - Manga 4551679e-820b-42a5-85ff-d00ade797383 fetched 1 unique chapters.
[2025-05-16T05:05:34.938+0000] {logging_mixin.py:190} WARNING - 📚 Fetching chapters 2 weeks ago: 100%|##########| 2/2 [00:00<00:00,  6.58it/s]
[2025-05-16T05:05:34.940+0000] {log.py:232} WARNING - 2025-05-16 05:05:34,940 - INFO: Processed chapters for 2 manga
[2025-05-16T05:05:34.940+0000] {update_manga_database_dag.py:371} INFO - Processed chapters for 2 manga
[2025-05-16T05:05:34.942+0000] {python.py:240} INFO - Done. Returned value was: {'dc8a6a1d-51d9-410d-975b-cf884cc68fd0': [], '4551679e-820b-42a5-85ff-d00ade797383': [{'chapter_id': '49c5e0a1-7e6a-4fb0-8708-8f3ce0a806f1', 'manga_id': '4551679e-820b-42a5-85ff-d00ade797383', 'chapter_number': '1', 'volume': None, 'title': None, 'lang': 'ko', 'pages': 28, 'created_at': '2025-05-16T01:54:01+00:00'}]}
[2025-05-16T05:05:34.983+0000] {taskinstance.py:341} INFO - ::group::Post task execution logs
[2025-05-16T05:05:34.985+0000] {taskinstance.py:353} INFO - Marking task as SUCCESS. dag_id=update_manga_database, task_id=fetch_and_process_chapter_data, run_id=manual__2025-05-16T05:05:24.039882+00:00, execution_date=20250516T050524, start_date=20250516T050534, end_date=20250516T050534
[2025-05-16T05:05:35.014+0000] {logging_mixin.py:190} INFO - Task instance in success state
[2025-05-16T05:05:35.014+0000] {logging_mixin.py:190} INFO -  Previous state of the Task instance: running
[2025-05-16T05:05:35.015+0000] {logging_mixin.py:190} INFO - Dag name:update_manga_database queued_at:2025-05-16 05:05:24.048833+00:00
[2025-05-16T05:05:35.015+0000] {logging_mixin.py:190} INFO - Task hostname:3729034b4972 operator:_PythonDecoratedOperator
[2025-05-16T05:05:35.048+0000] {local_task_job_runner.py:266} INFO - Task exited with return code 0
[2025-05-16T05:05:35.086+0000] {taskinstance.py:3901} INFO - 1 downstream tasks scheduled from follow-on schedule check
[2025-05-16T05:05:35.089+0000] {local_task_job_runner.py:245} INFO - ::endgroup::
