[2025-05-15T19:37:19.478+0000] {local_task_job_runner.py:123} INFO - ::group::Pre task execution logs
[2025-05-15T19:37:19.502+0000] {taskinstance.py:2614} INFO - Dependencies all met for dep_context=non-requeueable deps ti=<TaskInstance: update_manga_database.initialize_connections manual__2025-05-15T19:37:15.115454+00:00 [queued]>
[2025-05-15T19:37:19.512+0000] {taskinstance.py:2614} INFO - Dependencies all met for dep_context=requeueable deps ti=<TaskInstance: update_manga_database.initialize_connections manual__2025-05-15T19:37:15.115454+00:00 [queued]>
[2025-05-15T19:37:19.513+0000] {taskinstance.py:2867} INFO - Starting attempt 1 of 2
[2025-05-15T19:37:19.531+0000] {taskinstance.py:2890} INFO - Executing <Task(_PythonDecoratedOperator): initialize_connections> on 2025-05-15 19:37:15.115454+00:00
[2025-05-15T19:37:19.541+0000] {warnings.py:112} WARNING - /home/***/.local/lib/python3.12/site-packages/***/task/task_runner/standard_task_runner.py:70: DeprecationWarning: This process (pid=1337) is multi-threaded, use of fork() may lead to deadlocks in the child.
  pid = os.fork()

[2025-05-15T19:37:19.543+0000] {standard_task_runner.py:72} INFO - Started process 1353 to run task
[2025-05-15T19:37:19.546+0000] {standard_task_runner.py:104} INFO - Running: ['***', 'tasks', 'run', 'update_manga_database', 'initialize_connections', 'manual__2025-05-15T19:37:15.115454+00:00', '--job-id', '15', '--raw', '--subdir', 'DAGS_FOLDER/update_manga_database_dag.py', '--cfg-path', '/tmp/tmpvekndogt']
[2025-05-15T19:37:19.547+0000] {standard_task_runner.py:105} INFO - Job 15: Subtask initialize_connections
[2025-05-15T19:37:19.612+0000] {task_command.py:467} INFO - Running <TaskInstance: update_manga_database.initialize_connections manual__2025-05-15T19:37:15.115454+00:00 [running]> on host 3729034b4972
[2025-05-15T19:37:19.707+0000] {taskinstance.py:3134} INFO - Exporting env vars: AIRFLOW_CTX_DAG_OWNER='***' AIRFLOW_CTX_DAG_ID='update_manga_database' AIRFLOW_CTX_TASK_ID='initialize_connections' AIRFLOW_CTX_EXECUTION_DATE='2025-05-15T19:37:15.115454+00:00' AIRFLOW_CTX_TRY_NUMBER='1' AIRFLOW_CTX_DAG_RUN_ID='manual__2025-05-15T19:37:15.115454+00:00'
[2025-05-15T19:37:19.708+0000] {logging_mixin.py:190} INFO - Task instance is in running state
[2025-05-15T19:37:19.709+0000] {logging_mixin.py:190} INFO -  Previous state of the Task instance: queued
[2025-05-15T19:37:19.710+0000] {logging_mixin.py:190} INFO - Current task name:initialize_connections state:running start_date:2025-05-15 19:37:19.502867+00:00
[2025-05-15T19:37:19.710+0000] {logging_mixin.py:190} INFO - Dag name:update_manga_database and current dag run status:running
[2025-05-15T19:37:19.710+0000] {taskinstance.py:732} INFO - ::endgroup::
[2025-05-15T19:37:25.018+0000] {log.py:232} WARNING - 2025-05-15 19:37:25,017 - INFO: Successfully connected to PostgreSQL database
[2025-05-15T19:37:25.017+0000] {update_manga_database_dag.py:333} INFO - Successfully connected to PostgreSQL database
[2025-05-15T19:37:26.790+0000] {log.py:232} WARNING - 2025-05-15 19:37:26,789 - INFO: Successfully connected to MongoDB
[2025-05-15T19:37:26.789+0000] {update_manga_database_dag.py:338} INFO - Successfully connected to MongoDB
[2025-05-15T19:37:26.791+0000] {python.py:240} INFO - Done. Returned value was: {'pg_url': 'postgresql://togiabao:mysecretpassword@54.160.245.147:5432/mangadex', 'mongo_uri': 'mongodb://togiabao:mysecretpassword@54.160.245.147:27017', 'mongo_db': 'mangadex', 'mongo_collection': 'chapter_images_test'}
[2025-05-15T19:37:26.820+0000] {taskinstance.py:341} INFO - ::group::Post task execution logs
[2025-05-15T19:37:26.821+0000] {taskinstance.py:353} INFO - Marking task as SUCCESS. dag_id=update_manga_database, task_id=initialize_connections, run_id=manual__2025-05-15T19:37:15.115454+00:00, execution_date=20250515T193715, start_date=20250515T193719, end_date=20250515T193726
[2025-05-15T19:37:26.846+0000] {logging_mixin.py:190} INFO - Task instance in success state
[2025-05-15T19:37:26.847+0000] {logging_mixin.py:190} INFO -  Previous state of the Task instance: running
[2025-05-15T19:37:26.847+0000] {logging_mixin.py:190} INFO - Dag name:update_manga_database queued_at:2025-05-15 19:37:15.142752+00:00
[2025-05-15T19:37:26.848+0000] {logging_mixin.py:190} INFO - Task hostname:3729034b4972 operator:_PythonDecoratedOperator
[2025-05-15T19:37:26.884+0000] {local_task_job_runner.py:266} INFO - Task exited with return code 0
[2025-05-15T19:37:26.912+0000] {taskinstance.py:3901} INFO - 0 downstream tasks scheduled from follow-on schedule check
[2025-05-15T19:37:26.916+0000] {local_task_job_runner.py:245} INFO - ::endgroup::
