[2025-05-16T08:16:41.031+0000] {local_task_job_runner.py:123} INFO - ::group::Pre task execution logs
[2025-05-16T08:16:41.051+0000] {taskinstance.py:2614} INFO - Dependencies all met for dep_context=non-requeueable deps ti=<TaskInstance: update_manga_database.send_success_email manual__2025-05-16T08:15:02.966469+00:00 [queued]>
[2025-05-16T08:16:41.064+0000] {taskinstance.py:2614} INFO - Dependencies all met for dep_context=requeueable deps ti=<TaskInstance: update_manga_database.send_success_email manual__2025-05-16T08:15:02.966469+00:00 [queued]>
[2025-05-16T08:16:41.065+0000] {taskinstance.py:2867} INFO - Starting attempt 1 of 2
[2025-05-16T08:16:41.079+0000] {taskinstance.py:2890} INFO - Executing <Task(_PythonDecoratedOperator): send_success_email> on 2025-05-16 08:15:02.966469+00:00
[2025-05-16T08:16:41.086+0000] {warnings.py:112} WARNING - /home/***/.local/lib/python3.12/site-packages/***/task/task_runner/standard_task_runner.py:70: DeprecationWarning: This process (pid=3503) is multi-threaded, use of fork() may lead to deadlocks in the child.
  pid = os.fork()

[2025-05-16T08:16:41.088+0000] {standard_task_runner.py:72} INFO - Started process 3508 to run task
[2025-05-16T08:16:41.089+0000] {standard_task_runner.py:104} INFO - Running: ['***', 'tasks', 'run', 'update_manga_database', 'send_success_email', 'manual__2025-05-16T08:15:02.966469+00:00', '--job-id', '111', '--raw', '--subdir', 'DAGS_FOLDER/update_manga_database_dag.py', '--cfg-path', '/tmp/tmp15atjh6q']
[2025-05-16T08:16:41.091+0000] {standard_task_runner.py:105} INFO - Job 111: Subtask send_success_email
[2025-05-16T08:16:41.132+0000] {task_command.py:467} INFO - Running <TaskInstance: update_manga_database.send_success_email manual__2025-05-16T08:15:02.966469+00:00 [running]> on host 3729034b4972
[2025-05-16T08:16:41.212+0000] {taskinstance.py:3134} INFO - Exporting env vars: AIRFLOW_CTX_DAG_OWNER='***' AIRFLOW_CTX_DAG_ID='update_manga_database' AIRFLOW_CTX_TASK_ID='send_success_email' AIRFLOW_CTX_EXECUTION_DATE='2025-05-16T08:15:02.966469+00:00' AIRFLOW_CTX_TRY_NUMBER='1' AIRFLOW_CTX_DAG_RUN_ID='manual__2025-05-16T08:15:02.966469+00:00'
[2025-05-16T08:16:41.214+0000] {logging_mixin.py:190} INFO - Task instance is in running state
[2025-05-16T08:16:41.215+0000] {logging_mixin.py:190} INFO -  Previous state of the Task instance: queued
[2025-05-16T08:16:41.215+0000] {logging_mixin.py:190} INFO - Current task name:send_success_email state:running start_date:2025-05-16 08:16:41.052681+00:00
[2025-05-16T08:16:41.216+0000] {logging_mixin.py:190} INFO - Dag name:update_manga_database and current dag run status:running
[2025-05-16T08:16:41.217+0000] {taskinstance.py:732} INFO - ::endgroup::
[2025-05-16T08:16:42.238+0000] {log.py:232} WARNING - 2025-05-16 08:16:42,238 - INFO: Email sent successfully via SendGrid API
[2025-05-16T08:16:42.238+0000] {update_manga_database_dag.py:530} INFO - Email sent successfully via SendGrid API
[2025-05-16T08:16:42.241+0000] {python.py:240} INFO - Done. Returned value was: None
[2025-05-16T08:16:42.250+0000] {taskinstance.py:341} INFO - ::group::Post task execution logs
[2025-05-16T08:16:42.251+0000] {taskinstance.py:353} INFO - Marking task as SUCCESS. dag_id=update_manga_database, task_id=send_success_email, run_id=manual__2025-05-16T08:15:02.966469+00:00, execution_date=20250516T081502, start_date=20250516T081641, end_date=20250516T081642
[2025-05-16T08:16:42.275+0000] {logging_mixin.py:190} INFO - Task instance in success state
[2025-05-16T08:16:42.275+0000] {logging_mixin.py:190} INFO -  Previous state of the Task instance: running
[2025-05-16T08:16:42.276+0000] {logging_mixin.py:190} INFO - Dag name:update_manga_database queued_at:2025-05-16 08:15:03.018674+00:00
[2025-05-16T08:16:42.276+0000] {logging_mixin.py:190} INFO - Task hostname:3729034b4972 operator:_PythonDecoratedOperator
[2025-05-16T08:16:42.310+0000] {local_task_job_runner.py:266} INFO - Task exited with return code 0
[2025-05-16T08:16:42.324+0000] {taskinstance.py:3901} INFO - 0 downstream tasks scheduled from follow-on schedule check
[2025-05-16T08:16:42.327+0000] {local_task_job_runner.py:245} INFO - ::endgroup::
