2025-05-14 02:54:52,545 - INFO: ==================================================
2025-05-14 02:54:52,545 - INFO: Start crawling manga list...
2025-05-14 02:54:52,870 - INFO: Collected 5/84780 manga...
2025-05-14 02:54:53,126 - INFO: Fetched 5 manga.
2025-05-14 02:54:53,127 - INFO: Processed 5 manga.
2025-05-14 02:54:53,133 - INFO: Saved 5 manga records
2025-05-14 02:54:53,133 - INFO: Manga data saved to CSV with 5 records.
2025-05-14 02:54:53,133 - INFO: ====================
2025-05-14 02:54:53,133 - INFO: Start crawling chapter list...
2025-05-14 02:54:53,330 - INFO: Manga b89018c2-7a2d-4f9b-a5d6-12aa54087c25 fetched 41 unique chapters.
2025-05-14 02:54:53,332 - INFO: Manga 882b1e22-ac83-4613-b8f1-7c48138fa584 fetched 49 unique chapters.
2025-05-14 02:54:53,357 - INFO: Manga 21c3049e-e1d2-44bd-bb16-65aef614cd74 fetched 1 unique chapters.
2025-05-14 02:54:53,413 - INFO: Manga eb6a339b-03cd-4281-8adc-6554692c2385 fetched 1 unique chapters.
2025-05-14 02:54:53,427 - INFO: Manga ad00b12d-7c28-4371-8459-1814bee092e9 fetched 8 unique chapters.
2025-05-14 02:54:53,427 - INFO: Fetched chapters for 5 manga.
2025-05-14 02:54:53,427 - INFO: Processed 5 chapters.
2025-05-14 02:54:53,431 - INFO: ✅ Saved chapter data to 'D:\mangadex-pipeline\data/chapter_data.csv'
2025-05-14 02:54:53,431 - INFO: Chapter data saved to CSV with 100 records.
2025-05-14 02:54:53,431 - INFO: ====================
2025-05-14 02:54:53,431 - INFO: Start crawling image URLs...
2025-05-14 02:54:53,626 - INFO: Fetched 33 images for chapter 281e4f30-d7fb-492f-8937-00bb828b28b7
2025-05-14 02:54:53,737 - INFO: Fetched 24 images for chapter 23152ce9-e6f3-48f4-83c4-8080dcda11d4
2025-05-14 02:54:53,740 - INFO: Fetched 26 images for chapter 6101d0a0-b7ca-4639-94b0-c129533dc40c
2025-05-14 02:54:53,864 - INFO: Fetched 26 images for chapter 68dcd756-a2dc-4ba3-b0a4-8d5eca58c07d
2025-05-14 02:54:53,960 - INFO: Fetched 27 images for chapter cd8e01f8-56e0-4454-b8a0-f8d502ff5015
2025-05-14 02:54:53,997 - INFO: Fetched 25 images for chapter 6c7a8538-cc94-4e81-a85b-4b2a0d392abe
2025-05-14 02:54:54,110 - INFO: Fetched 26 images for chapter acb148c1-7918-4998-bbc3-ad11c22fc4d6
2025-05-14 02:54:54,138 - INFO: Fetched 27 images for chapter 3abdf949-ce88-442b-8f36-183dc2c16de2
2025-05-14 02:54:54,245 - INFO: Fetched 26 images for chapter 7e0e843f-2c14-4c54-a8a6-2675f1e574ec
2025-05-14 02:54:54,361 - INFO: Fetched 31 images for chapter 88211fd5-78df-4297-91f4-0f45f27044ad
2025-05-14 02:54:54,393 - INFO: Fetched 26 images for chapter c741ce36-ab09-441c-a32b-6c6ff75f1e69
2025-05-14 02:54:54,555 - INFO: Fetched 32 images for chapter 191daf19-7f68-4567-bb92-04537e4df9d2
2025-05-14 02:54:54,560 - INFO: Fetched 26 images for chapter cdc77f2e-738a-40e3-b9df-f5f2e3995fee
2025-05-14 02:54:54,680 - INFO: Fetched 26 images for chapter bc9855af-eeb5-423f-a3ac-a88113516547
2025-05-14 02:54:54,723 - INFO: Fetched 29 images for chapter ce8ea90b-4b87-4a7c-bc0d-7ceba88a31a0
2025-05-14 02:54:54,822 - INFO: Fetched 25 images for chapter d71218b7-d6ad-46ee-97a1-da452ffe8b26
2025-05-14 02:54:54,913 - INFO: Fetched 25 images for chapter f4936b52-8bab-48e7-b254-a0c645ab426e
2025-05-14 02:54:54,944 - INFO: Fetched 30 images for chapter e4aab940-f8ba-4bfb-8400-0879fe0fda51
2025-05-14 02:54:55,084 - INFO: Fetched 27 images for chapter c3e3f0b9-e1dd-460e-944a-9cadcc63225b
2025-05-14 02:54:55,087 - INFO: Fetched 30 images for chapter 0dcb4e42-01c9-4a17-811f-5884dca3d2cd
2025-05-14 02:54:55,205 - INFO: Fetched 26 images for chapter 05368acf-56d2-423f-b309-338d3ceb391d
2025-05-14 02:54:55,269 - INFO: Fetched 26 images for chapter 37ad7d0a-fff2-4a4a-9876-b5c1db21245e
2025-05-14 02:54:55,330 - INFO: Fetched 32 images for chapter 787dd03d-1a16-419d-ab2a-2cdbec91a67b
2025-05-14 02:54:55,463 - INFO: Fetched 29 images for chapter 18b49895-38ec-40b1-b20a-75efda9a3da7
2025-05-14 02:54:55,475 - INFO: Fetched 25 images for chapter 57bac464-7e67-4f68-88d8-98b7287db97f
2025-05-14 02:54:55,600 - INFO: Fetched 23 images for chapter 0b794446-8da2-4e62-b586-5395f88be495
2025-05-14 02:54:55,647 - INFO: Fetched 27 images for chapter 66ffa1aa-1578-4367-94e3-b4758e0557fd
2025-05-14 02:54:55,725 - INFO: Fetched 25 images for chapter 6b9a464d-339d-4cbf-9631-69c137a9c657
2025-05-14 02:54:55,862 - INFO: Fetched 26 images for chapter 973e7e79-6505-45df-9cfb-aafa35409118
2025-05-14 02:54:55,864 - INFO: Fetched 26 images for chapter 6f9cd8fd-005a-4110-898e-a90d12e7c6c4
2025-05-14 02:54:55,984 - INFO: Fetched 26 images for chapter df226e8a-0742-4a85-9bc5-6faa3e70070e
2025-05-14 02:54:56,052 - INFO: Fetched 27 images for chapter f5905a6c-c904-4147-8e6b-02023e22eb11
2025-05-14 02:54:56,101 - INFO: Fetched 27 images for chapter c1b755a4-8451-462c-9777-900da47643e0
2025-05-14 02:54:56,219 - INFO: Fetched 29 images for chapter 8674ef26-7494-4d10-b036-4f0c2d4b7fe5
2025-05-14 02:54:56,232 - INFO: Fetched 28 images for chapter c2f4ac49-f6a1-4c79-b674-e2adb41f63e9
2025-05-14 02:54:56,368 - INFO: Fetched 27 images for chapter 43e88787-190a-4f6e-a6e9-0e4be449c79e
2025-05-14 02:54:56,420 - INFO: Fetched 25 images for chapter dd785491-3518-4805-b00c-f7cbb8e14f9f
2025-05-14 02:54:56,488 - INFO: Fetched 25 images for chapter 6c3048b3-dc83-419d-8044-4d13e8d78947
2025-05-14 02:54:56,597 - INFO: Fetched 26 images for chapter 40bed467-3748-4a04-bf25-d160894b6946
2025-05-14 02:54:56,604 - INFO: Fetched 25 images for chapter a99adb59-52e8-4fd6-9928-1f270203f281
2025-05-14 02:54:56,725 - INFO: Fetched 28 images for chapter aadcd16e-ccb2-4bec-8d18-2a3aeabf0607
2025-05-14 02:54:56,794 - INFO: Fetched 26 images for chapter 80650b0f-8e71-4554-a422-b6d1446b2091
2025-05-14 02:54:56,858 - INFO: Fetched 26 images for chapter e9402122-cbcd-46b2-8637-637540047963
2025-05-14 02:54:56,969 - INFO: Fetched 24 images for chapter eac713eb-9e97-4116-8ef9-333dafc8a165
2025-05-14 02:54:56,993 - INFO: Fetched 26 images for chapter e9fc33e9-a0f8-4ef3-9cb8-1508e9f74cd0
2025-05-14 02:54:57,120 - INFO: Fetched 33 images for chapter fa023d10-d59e-462d-8505-765f53253c82
2025-05-14 02:54:57,143 - INFO: Fetched 25 images for chapter e50aa3d1-801e-46d0-bc88-62205b95d6cd
2025-05-14 02:54:57,245 - INFO: Fetched 27 images for chapter bef4abfe-2da0-4e74-adfd-85c2e4378f3b
2025-05-14 02:54:57,323 - INFO: Fetched 26 images for chapter 9e522436-2489-4549-9de5-fcc0436c7e9f
2025-05-14 02:54:57,402 - INFO: Fetched 8 images for chapter 0f1edb85-e288-421e-a173-aabf0462b50f
2025-05-14 02:54:57,547 - INFO: Fetched 25 images for chapter 90102fdc-9ec3-4a02-81b8-1e1eda08d9ee
2025-05-14 02:54:57,555 - INFO: Fetched 18 images for chapter e66dbc71-7cb5-447f-a259-b2fbc5e7ddc3
2025-05-14 02:54:57,673 - INFO: Fetched 20 images for chapter 5073e4be-2873-4a5e-bfce-0ebbc5164b01
2025-05-14 02:54:57,773 - INFO: Fetched 20 images for chapter 63910b9d-552a-4da6-aabb-4702de0f856f
2025-05-14 02:54:57,785 - INFO: Fetched 23 images for chapter 14b69f86-494a-4386-818e-2b474bdaf032
2025-05-14 02:54:57,906 - INFO: Fetched 26 images for chapter cef96aa2-2374-4f7c-8624-c14dde957865
2025-05-14 02:54:57,936 - INFO: Fetched 27 images for chapter 6d84e414-f15c-4f7b-a9fc-5e5fa7b72cfe
2025-05-14 02:54:58,097 - INFO: Fetched 22 images for chapter 6060579c-8226-401a-a4d9-a44d5ec302b5
2025-05-14 02:54:58,105 - INFO: Fetched 20 images for chapter 018442bb-d3b6-4f53-b351-2ba521bb95e0
2025-05-14 02:54:58,252 - INFO: Fetched 21 images for chapter 84dbc7d3-bfa6-47d1-89c6-c3d8859dc63d
2025-05-14 02:54:58,284 - INFO: Fetched 21 images for chapter 354e9693-5350-439d-9a1a-832b4e37b5db
2025-05-14 02:54:58,381 - INFO: Fetched 26 images for chapter bdab4351-5871-484a-b86d-aa78a2193d9e
2025-05-14 02:54:58,454 - INFO: Fetched 22 images for chapter 649b2123-3aa7-4083-8e78-9d4834ee0f89
2025-05-14 02:54:58,522 - INFO: Fetched 21 images for chapter 5a632286-885b-40e6-a382-dd6502a3f272
2025-05-14 02:54:58,629 - INFO: Fetched 6 images for chapter ff419b53-97d3-4a4c-a4f3-23d976cb8dc9
2025-05-14 02:54:58,651 - INFO: Fetched 6 images for chapter f469ba63-5b0a-4e05-a25b-e023d22a04ac
2025-05-14 02:54:58,779 - INFO: Fetched 20 images for chapter 6069f57a-a480-4f62-a890-052eada54e52
2025-05-14 02:54:58,827 - INFO: Fetched 11 images for chapter 28011457-edbd-48d0-a13f-290b3501681b
2025-05-14 02:54:59,008 - INFO: Fetched 21 images for chapter c781cf28-8d9d-43cd-bbfe-b96155947534
2025-05-14 02:54:59,189 - INFO: Fetched 22 images for chapter ee6aebb1-afa7-49f6-a64f-a48fa1b7f735
2025-05-14 02:54:59,393 - INFO: Fetched 21 images for chapter 6521eb9e-d089-49b8-9f14-4915e9962996
2025-05-14 02:54:59,604 - INFO: Fetched 22 images for chapter f94f2dc9-6ca1-4fb9-8550-155df06f1871
2025-05-14 02:54:59,767 - INFO: Fetched 21 images for chapter bf5c343a-0f06-4f8f-92c5-0d09ec729243
2025-05-14 02:54:59,938 - INFO: Fetched 21 images for chapter a753eab9-4531-4fc6-8c40-4f7900509c1b
2025-05-14 02:55:00,161 - INFO: Fetched 20 images for chapter 75909e9b-3df6-4ea1-a93c-4763bb14c3a5
2025-05-14 02:55:00,354 - INFO: Fetched 20 images for chapter b6bcfd51-4d19-4384-be33-d6990696946b
2025-05-14 02:55:00,555 - INFO: Fetched 7 images for chapter fa6141f2-7944-4815-8716-ab0a4cc6bc38
2025-05-14 02:55:00,734 - INFO: Fetched 23 images for chapter 60fb666e-be5b-4e07-91fd-1c0406d524ae
2025-05-14 02:55:00,925 - INFO: Fetched 21 images for chapter 184671dd-d5f6-46f2-b02d-99fb426372be
2025-05-14 02:55:01,094 - INFO: Fetched 6 images for chapter 4e24a05a-af3a-4888-aeba-615921ec85a9
2025-05-14 02:55:54,223 - INFO: Fetched 6 images for chapter ce021893-09ba-4fbf-bcd9-6ba186de7a5e
2025-05-14 02:55:54,387 - INFO: Fetched 21 images for chapter 8f2868c5-3f47-4a7e-9af9-e72f4f8645f8
2025-05-14 02:55:54,587 - INFO: Fetched 21 images for chapter fd533382-d9b7-439e-918e-f4775e600c9a
2025-05-14 02:55:54,684 - INFO: Fetched 21 images for chapter 909c3917-2e95-485e-8805-8a7f87557b8e
2025-05-14 02:55:54,816 - INFO: Fetched 24 images for chapter b2aa0529-faa9-447d-9add-5c4cf645ebba
2025-05-14 02:55:54,867 - INFO: Fetched 21 images for chapter 1c199f97-48c7-4151-8a0b-5d09faf8ad45
2025-05-14 02:55:55,004 - INFO: Fetched 28 images for chapter 7685224b-86fa-49b6-ae47-013cd3f021af
2025-05-14 02:55:55,164 - INFO: Fetched 7 images for chapter ccb927d6-75b6-47a2-9113-ed152f152028
2025-05-14 02:55:55,338 - INFO: Fetched 21 images for chapter 07d5bcf7-6d85-49ba-9012-518ba0dfc466
2025-05-14 02:55:55,451 - INFO: Fetched 21 images for chapter f7102b6b-9004-41df-a1f2-87a521813e3b
2025-05-14 02:55:55,511 - INFO: Fetched 4 images for chapter 7c27fc17-d496-4c22-be56-2bec3f793675
2025-05-14 02:55:55,635 - INFO: Fetched 4 images for chapter 8c47afc6-e7ec-4757-a9e6-a0729a6e1da9
2025-05-14 02:55:55,696 - INFO: Fetched 22 images for chapter 627b7b6a-2177-4a44-a0ca-5abadb8dcce5
2025-05-14 02:55:55,842 - INFO: Fetched 21 images for chapter a77fcc55-5a53-4bad-807e-132531436718
2025-05-14 02:55:55,863 - INFO: Fetched 30 images for chapter cef134c8-da54-43db-b942-27350889261c
2025-05-14 02:55:56,031 - INFO: Fetched 21 images for chapter 9a6d7ca3-788a-4bdd-89f8-d965e15a95cb
2025-05-14 02:55:56,153 - INFO: Fetched 23 images for chapter 8ef3998c-2b38-4af0-807b-c8d51f4f9de7
2025-05-14 02:55:56,185 - INFO: Fetched 20 images for chapter 4d85b59a-a306-49ef-b2b4-0a01f906fb1e
2025-05-14 02:55:56,302 - INFO: Fetched 25 images for chapter 53fef448-5332-49ad-91f9-90ed3a146c3f
2025-05-14 02:55:56,349 - INFO: Fetched 23 images for chapter 20331412-7762-4bac-a49d-db8f874179e6
2025-05-14 02:55:58,558 - INFO: Fetched image URLs for 100 chapters.
2025-05-14 02:55:58,565 - INFO: Saved results to D:\mangadex-pipeline\data/chapter_images.json
2025-05-14 02:55:58,565 - INFO: Image URLs saved successfully.
2025-05-14 02:55:58,566 - INFO: ==================================================
2025-05-14 02:55:58,566 - INFO: Crawling completed successfully.
