[2025-05-15T21:09:15.045+0000] {local_task_job_runner.py:123} INFO - ::group::Pre task execution logs
[2025-05-15T21:09:15.072+0000] {taskinstance.py:2614} INFO - Dependencies all met for dep_context=non-requeueable deps ti=<TaskInstance: update_manga_database.extract_manga_ids manual__2025-05-15T21:09:07.164618+00:00 [queued]>
[2025-05-15T21:09:15.084+0000] {taskinstance.py:2614} INFO - Dependencies all met for dep_context=requeueable deps ti=<TaskInstance: update_manga_database.extract_manga_ids manual__2025-05-15T21:09:07.164618+00:00 [queued]>
[2025-05-15T21:09:15.084+0000] {taskinstance.py:2867} INFO - Starting attempt 1 of 2
[2025-05-15T21:09:15.104+0000] {taskinstance.py:2890} INFO - Executing <Task(_PythonDecoratedOperator): extract_manga_ids> on 2025-05-15 21:09:07.164618+00:00
[2025-05-15T21:09:15.113+0000] {warnings.py:112} WARNING - /home/***/.local/lib/python3.12/site-packages/***/task/task_runner/standard_task_runner.py:70: DeprecationWarning: This process (pid=2685) is multi-threaded, use of fork() may lead to deadlocks in the child.
  pid = os.fork()

[2025-05-15T21:09:15.115+0000] {standard_task_runner.py:72} INFO - Started process 2690 to run task
[2025-05-15T21:09:15.118+0000] {standard_task_runner.py:104} INFO - Running: ['***', 'tasks', 'run', 'update_manga_database', 'extract_manga_ids', 'manual__2025-05-15T21:09:07.164618+00:00', '--job-id', '31', '--raw', '--subdir', 'DAGS_FOLDER/update_manga_database_dag.py', '--cfg-path', '/tmp/tmpmqk3w7cl']
[2025-05-15T21:09:15.120+0000] {standard_task_runner.py:105} INFO - Job 31: Subtask extract_manga_ids
[2025-05-15T21:09:15.175+0000] {task_command.py:467} INFO - Running <TaskInstance: update_manga_database.extract_manga_ids manual__2025-05-15T21:09:07.164618+00:00 [running]> on host 3729034b4972
[2025-05-15T21:09:15.307+0000] {taskinstance.py:3134} INFO - Exporting env vars: AIRFLOW_CTX_DAG_OWNER='***' AIRFLOW_CTX_DAG_ID='update_manga_database' AIRFLOW_CTX_TASK_ID='extract_manga_ids' AIRFLOW_CTX_EXECUTION_DATE='2025-05-15T21:09:07.164618+00:00' AIRFLOW_CTX_TRY_NUMBER='1' AIRFLOW_CTX_DAG_RUN_ID='manual__2025-05-15T21:09:07.164618+00:00'
[2025-05-15T21:09:15.309+0000] {logging_mixin.py:190} INFO - Task instance is in running state
[2025-05-15T21:09:15.310+0000] {logging_mixin.py:190} INFO -  Previous state of the Task instance: queued
[2025-05-15T21:09:15.310+0000] {logging_mixin.py:190} INFO - Current task name:extract_manga_ids state:running start_date:2025-05-15 21:09:15.072814+00:00
[2025-05-15T21:09:15.311+0000] {logging_mixin.py:190} INFO - Dag name:update_manga_database and current dag run status:running
[2025-05-15T21:09:15.311+0000] {taskinstance.py:732} INFO - ::endgroup::
[2025-05-15T21:09:15.312+0000] {python.py:240} INFO - Done. Returned value was: ['236ab0cf-a5ef-4039-8e0a-f4cfe4660424', 'e82fb7dd-edff-4593-9fff-760f018f6703', 'd38389ac-caeb-4a4f-8483-589ddbaf50e1', '192ec1c9-eb9a-4771-bb79-2b9bb4adbe0e', '3de96e80-6feb-450c-a169-053d40c01063', '8dbb4f57-4e35-4fa6-88c7-2d8f8334d8db', 'e195fc69-5e5c-4410-84fe-268daef38fbc', 'e7fa5fe6-7988-4f69-a6b8-7f5c34ade5d4', '051f9e5b-72d9-4d32-ac41-2441c2c03a67', 'c5206869-59c1-4988-8c6f-9fcaa71a2c16', 'de5038a8-898a-4149-a93e-756243cc09e0', '582248de-5dec-436c-835e-127e750445fb', '3f403042-3b37-489a-8df2-8f59a1dd6300', '837db806-4dc6-4bbb-9263-374eaca2eb57']
[2025-05-15T21:09:15.345+0000] {taskinstance.py:341} INFO - ::group::Post task execution logs
[2025-05-15T21:09:15.346+0000] {taskinstance.py:353} INFO - Marking task as SUCCESS. dag_id=update_manga_database, task_id=extract_manga_ids, run_id=manual__2025-05-15T21:09:07.164618+00:00, execution_date=20250515T210907, start_date=20250515T210915, end_date=20250515T210915
[2025-05-15T21:09:15.378+0000] {logging_mixin.py:190} INFO - Task instance in success state
[2025-05-15T21:09:15.379+0000] {logging_mixin.py:190} INFO -  Previous state of the Task instance: running
[2025-05-15T21:09:15.379+0000] {logging_mixin.py:190} INFO - Dag name:update_manga_database queued_at:2025-05-15 21:09:07.200229+00:00
[2025-05-15T21:09:15.380+0000] {logging_mixin.py:190} INFO - Task hostname:3729034b4972 operator:_PythonDecoratedOperator
[2025-05-15T21:09:15.412+0000] {local_task_job_runner.py:266} INFO - Task exited with return code 0
[2025-05-15T21:09:15.452+0000] {taskinstance.py:3901} INFO - 1 downstream tasks scheduled from follow-on schedule check
[2025-05-15T21:09:15.455+0000] {local_task_job_runner.py:245} INFO - ::endgroup::
