[2025-05-16T04:42:56.482+0000] {local_task_job_runner.py:123} INFO - ::group::Pre task execution logs
[2025-05-16T04:42:56.523+0000] {taskinstance.py:2614} INFO - Dependencies all met for dep_context=non-requeueable deps ti=<TaskInstance: update_manga_database.extract_manga_ids scheduled__2025-05-15T00:00:00+00:00 [queued]>
[2025-05-16T04:42:56.548+0000] {taskinstance.py:2614} INFO - Dependencies all met for dep_context=requeueable deps ti=<TaskInstance: update_manga_database.extract_manga_ids scheduled__2025-05-15T00:00:00+00:00 [queued]>
[2025-05-16T04:42:56.549+0000] {taskinstance.py:2867} INFO - Starting attempt 1 of 2
[2025-05-16T04:42:56.617+0000] {taskinstance.py:2890} INFO - Executing <Task(_PythonDecoratedOperator): extract_manga_ids> on 2025-05-15 00:00:00+00:00
[2025-05-16T04:42:56.623+0000] {warnings.py:112} WARNING - /home/***/.local/lib/python3.12/site-packages/***/task/task_runner/standard_task_runner.py:70: DeprecationWarning: This process (pid=68) is multi-threaded, use of fork() may lead to deadlocks in the child.
  pid = os.fork()

[2025-05-16T04:42:56.626+0000] {standard_task_runner.py:72} INFO - Started process 80 to run task
[2025-05-16T04:42:56.627+0000] {standard_task_runner.py:104} INFO - Running: ['***', 'tasks', 'run', 'update_manga_database', 'extract_manga_ids', 'scheduled__2025-05-15T00:00:00+00:00', '--job-id', '41', '--raw', '--subdir', 'DAGS_FOLDER/update_manga_database_dag.py', '--cfg-path', '/tmp/tmp_5ojc9tr']
[2025-05-16T04:42:56.628+0000] {standard_task_runner.py:105} INFO - Job 41: Subtask extract_manga_ids
[2025-05-16T04:42:56.704+0000] {task_command.py:467} INFO - Running <TaskInstance: update_manga_database.extract_manga_ids scheduled__2025-05-15T00:00:00+00:00 [running]> on host 3729034b4972
[2025-05-16T04:42:56.906+0000] {taskinstance.py:3134} INFO - Exporting env vars: AIRFLOW_CTX_DAG_OWNER='***' AIRFLOW_CTX_DAG_ID='update_manga_database' AIRFLOW_CTX_TASK_ID='extract_manga_ids' AIRFLOW_CTX_EXECUTION_DATE='2025-05-15T00:00:00+00:00' AIRFLOW_CTX_TRY_NUMBER='1' AIRFLOW_CTX_DAG_RUN_ID='scheduled__2025-05-15T00:00:00+00:00'
[2025-05-16T04:42:56.908+0000] {logging_mixin.py:190} INFO - Task instance is in running state
[2025-05-16T04:42:56.909+0000] {logging_mixin.py:190} INFO -  Previous state of the Task instance: queued
[2025-05-16T04:42:56.909+0000] {logging_mixin.py:190} INFO - Current task name:extract_manga_ids state:running start_date:2025-05-16 04:42:56.524214+00:00
[2025-05-16T04:42:56.910+0000] {logging_mixin.py:190} INFO - Dag name:update_manga_database and current dag run status:running
[2025-05-16T04:42:56.910+0000] {taskinstance.py:732} INFO - ::endgroup::
[2025-05-16T04:42:56.911+0000] {python.py:240} INFO - Done. Returned value was: ['dc8a6a1d-51d9-410d-975b-cf884cc68fd0', '4551679e-820b-42a5-85ff-d00ade797383']
[2025-05-16T04:42:56.962+0000] {taskinstance.py:341} INFO - ::group::Post task execution logs
[2025-05-16T04:42:56.963+0000] {taskinstance.py:353} INFO - Marking task as SUCCESS. dag_id=update_manga_database, task_id=extract_manga_ids, run_id=scheduled__2025-05-15T00:00:00+00:00, execution_date=20250515T000000, start_date=20250516T044256, end_date=20250516T044256
[2025-05-16T04:42:57.038+0000] {logging_mixin.py:190} INFO - Task instance in success state
[2025-05-16T04:42:57.039+0000] {logging_mixin.py:190} INFO -  Previous state of the Task instance: running
[2025-05-16T04:42:57.040+0000] {logging_mixin.py:190} INFO - Dag name:update_manga_database queued_at:2025-05-16 04:42:42.042308+00:00
[2025-05-16T04:42:57.041+0000] {logging_mixin.py:190} INFO - Task hostname:3729034b4972 operator:_PythonDecoratedOperator
[2025-05-16T04:42:57.084+0000] {local_task_job_runner.py:266} INFO - Task exited with return code 0
[2025-05-16T04:42:57.119+0000] {taskinstance.py:3901} INFO - 1 downstream tasks scheduled from follow-on schedule check
[2025-05-16T04:42:57.152+0000] {local_task_job_runner.py:245} INFO - ::endgroup::
