[2025-05-16T04:42:52.675+0000] {local_task_job_runner.py:123} INFO - ::group::Pre task execution logs
[2025-05-16T04:42:52.701+0000] {taskinstance.py:2614} INFO - Dependencies all met for dep_context=non-requeueable deps ti=<TaskInstance: update_manga_database.fetch_and_process_manga_data scheduled__2025-05-15T00:00:00+00:00 [queued]>
[2025-05-16T04:42:52.715+0000] {taskinstance.py:2614} INFO - Dependencies all met for dep_context=requeueable deps ti=<TaskInstance: update_manga_database.fetch_and_process_manga_data scheduled__2025-05-15T00:00:00+00:00 [queued]>
[2025-05-16T04:42:52.716+0000] {taskinstance.py:2867} INFO - Starting attempt 1 of 2
[2025-05-16T04:42:52.738+0000] {taskinstance.py:2890} INFO - Executing <Task(_PythonDecoratedOperator): fetch_and_process_manga_data> on 2025-05-15 00:00:00+00:00
[2025-05-16T04:42:52.750+0000] {warnings.py:112} WARNING - /home/***/.local/lib/python3.12/site-packages/***/task/task_runner/standard_task_runner.py:70: DeprecationWarning: This process (pid=52) is multi-threaded, use of fork() may lead to deadlocks in the child.
  pid = os.fork()

[2025-05-16T04:42:52.753+0000] {standard_task_runner.py:72} INFO - Started process 62 to run task
[2025-05-16T04:42:52.754+0000] {standard_task_runner.py:104} INFO - Running: ['***', 'tasks', 'run', 'update_manga_database', 'fetch_and_process_manga_data', 'scheduled__2025-05-15T00:00:00+00:00', '--job-id', '39', '--raw', '--subdir', 'DAGS_FOLDER/update_manga_database_dag.py', '--cfg-path', '/tmp/tmpabtt8_4x']
[2025-05-16T04:42:52.759+0000] {standard_task_runner.py:105} INFO - Job 39: Subtask fetch_and_process_manga_data
[2025-05-16T04:42:52.830+0000] {task_command.py:467} INFO - Running <TaskInstance: update_manga_database.fetch_and_process_manga_data scheduled__2025-05-15T00:00:00+00:00 [running]> on host 3729034b4972
[2025-05-16T04:42:52.925+0000] {taskinstance.py:3134} INFO - Exporting env vars: AIRFLOW_CTX_DAG_OWNER='***' AIRFLOW_CTX_DAG_ID='update_manga_database' AIRFLOW_CTX_TASK_ID='fetch_and_process_manga_data' AIRFLOW_CTX_EXECUTION_DATE='2025-05-15T00:00:00+00:00' AIRFLOW_CTX_TRY_NUMBER='1' AIRFLOW_CTX_DAG_RUN_ID='scheduled__2025-05-15T00:00:00+00:00'
[2025-05-16T04:42:52.927+0000] {logging_mixin.py:190} INFO - Task instance is in running state
[2025-05-16T04:42:52.928+0000] {logging_mixin.py:190} INFO -  Previous state of the Task instance: queued
[2025-05-16T04:42:52.928+0000] {logging_mixin.py:190} INFO - Current task name:fetch_and_process_manga_data state:running start_date:2025-05-16 04:42:52.702579+00:00
[2025-05-16T04:42:52.929+0000] {logging_mixin.py:190} INFO - Dag name:update_manga_database and current dag run status:running
[2025-05-16T04:42:52.929+0000] {taskinstance.py:732} INFO - ::endgroup::
[2025-05-16T04:42:52.932+0000] {log.py:232} WARNING - 2025-05-16 04:42:52,931 - INFO: Fetching manga data
[2025-05-16T04:42:52.931+0000] {update_manga_database_dag.py:348} INFO - Fetching manga data
[2025-05-16T04:42:53.276+0000] {log.py:232} WARNING - 2025-05-16 04:42:53,275 - INFO: Collected 2/2 manga...
[2025-05-16T04:42:53.275+0000] {crawler_instance.py:87} INFO - Collected 2/2 manga...
[2025-05-16T04:42:53.278+0000] {log.py:232} WARNING - 2025-05-16 04:42:53,278 - INFO: Processed 2 manga
[2025-05-16T04:42:53.278+0000] {update_manga_database_dag.py:352} INFO - Processed 2 manga
[2025-05-16T04:42:53.279+0000] {python.py:240} INFO - Done. Returned value was: [{'manga_id': 'dc8a6a1d-51d9-410d-975b-cf884cc68fd0', 'title': 'Pieces of Us', 'alt_title': '깨진 사랑의 형태', 'description': 'The simplest of choices can shape our lives forever. Returning to college after a break, Kwon Yoonho decides to take a pottery class. But what he doesn’t know is that his instructor will be Lee Suyeon: a professor with a reputation for favoritism whom all the students go out of their way to avoid. Yet from the moment Yoonho lays eyes on his new teacher, he recognizes the same quality of isolation and solemnity that has been ever-present in his own life. The two begin to mold a deeper connection as their lives become intertwined; but when Suyeon’s ex-boyfriend – and first love – Choi Gyeol makes a sudden appearance, an unbridled sense of jealousy and possessiveness becomes impossible for Yoonho to ignore. Will this unexpected interruption cause the foundations of their love to shatter? And if it does, who will be left to pick up the pieces...?', 'status': 'ongoing', 'year': 2023, 'created_at': '2025-05-16T04:34:39+00:00', 'updated_at': '2025-05-16T04:34:44+00:00'}, {'manga_id': '4551679e-820b-42a5-85ff-d00ade797383', 'title': 'Haru no \x08Hikari ni Noma rete mo', 'alt_title': '春の光に呑まれても', 'description': None, 'status': 'ongoing', 'year': None, 'created_at': '2025-05-16T01:52:18+00:00', 'updated_at': '2025-05-16T01:52:36+00:00'}]
[2025-05-16T04:42:53.306+0000] {taskinstance.py:341} INFO - ::group::Post task execution logs
[2025-05-16T04:42:53.307+0000] {taskinstance.py:353} INFO - Marking task as SUCCESS. dag_id=update_manga_database, task_id=fetch_and_process_manga_data, run_id=scheduled__2025-05-15T00:00:00+00:00, execution_date=20250515T000000, start_date=20250516T044252, end_date=20250516T044253
[2025-05-16T04:42:53.341+0000] {logging_mixin.py:190} INFO - Task instance in success state
[2025-05-16T04:42:53.342+0000] {logging_mixin.py:190} INFO -  Previous state of the Task instance: running
[2025-05-16T04:42:53.343+0000] {logging_mixin.py:190} INFO - Dag name:update_manga_database queued_at:2025-05-16 04:42:42.042308+00:00
[2025-05-16T04:42:53.343+0000] {logging_mixin.py:190} INFO - Task hostname:3729034b4972 operator:_PythonDecoratedOperator
[2025-05-16T04:42:53.372+0000] {local_task_job_runner.py:266} INFO - Task exited with return code 0
[2025-05-16T04:42:53.406+0000] {taskinstance.py:3901} INFO - 1 downstream tasks scheduled from follow-on schedule check
[2025-05-16T04:42:53.412+0000] {local_task_job_runner.py:245} INFO - ::endgroup::
