[2025-05-16T05:47:51.789+0000] {local_task_job_runner.py:123} INFO - ::group::Pre task execution logs
[2025-05-16T05:47:51.813+0000] {taskinstance.py:2614} INFO - Dependencies all met for dep_context=non-requeueable deps ti=<TaskInstance: update_manga_database.update_all_databases manual__2025-05-16T05:47:36.997594+00:00 [queued]>
[2025-05-16T05:47:51.826+0000] {taskinstance.py:2614} INFO - Dependencies all met for dep_context=requeueable deps ti=<TaskInstance: update_manga_database.update_all_databases manual__2025-05-16T05:47:36.997594+00:00 [queued]>
[2025-05-16T05:47:51.827+0000] {taskinstance.py:2867} INFO - Starting attempt 1 of 2
[2025-05-16T05:47:51.842+0000] {taskinstance.py:2890} INFO - Executing <Task(_PythonDecoratedOperator): update_all_databases> on 2025-05-16 05:47:36.997594+00:00
[2025-05-16T05:47:51.850+0000] {warnings.py:112} WARNING - /home/***/.local/lib/python3.12/site-packages/***/task/task_runner/standard_task_runner.py:70: DeprecationWarning: This process (pid=1345) is multi-threaded, use of fork() may lead to deadlocks in the child.
  pid = os.fork()

[2025-05-16T05:47:51.852+0000] {standard_task_runner.py:72} INFO - Started process 1357 to run task
[2025-05-16T05:47:51.854+0000] {standard_task_runner.py:104} INFO - Running: ['***', 'tasks', 'run', 'update_manga_database', 'update_all_databases', 'manual__2025-05-16T05:47:36.997594+00:00', '--job-id', '88', '--raw', '--subdir', 'DAGS_FOLDER/update_manga_database_dag.py', '--cfg-path', '/tmp/tmpcv7yi51h']
[2025-05-16T05:47:51.855+0000] {standard_task_runner.py:105} INFO - Job 88: Subtask update_all_databases
[2025-05-16T05:47:51.903+0000] {task_command.py:467} INFO - Running <TaskInstance: update_manga_database.update_all_databases manual__2025-05-16T05:47:36.997594+00:00 [running]> on host 3729034b4972
[2025-05-16T05:47:52.012+0000] {taskinstance.py:3134} INFO - Exporting env vars: AIRFLOW_CTX_DAG_OWNER='***' AIRFLOW_CTX_DAG_ID='update_manga_database' AIRFLOW_CTX_TASK_ID='update_all_databases' AIRFLOW_CTX_EXECUTION_DATE='2025-05-16T05:47:36.997594+00:00' AIRFLOW_CTX_TRY_NUMBER='1' AIRFLOW_CTX_DAG_RUN_ID='manual__2025-05-16T05:47:36.997594+00:00'
[2025-05-16T05:47:52.014+0000] {logging_mixin.py:190} INFO - Task instance is in running state
[2025-05-16T05:47:52.014+0000] {logging_mixin.py:190} INFO -  Previous state of the Task instance: queued
[2025-05-16T05:47:52.015+0000] {logging_mixin.py:190} INFO - Current task name:update_all_databases state:running start_date:2025-05-16 05:47:51.814117+00:00
[2025-05-16T05:47:52.016+0000] {logging_mixin.py:190} INFO - Dag name:update_manga_database and current dag run status:running
[2025-05-16T05:47:52.016+0000] {taskinstance.py:732} INFO - ::endgroup::
[2025-05-16T05:47:52.018+0000] {log.py:232} WARNING - 2025-05-16 05:47:52,018 - INFO: Starting all database updates
[2025-05-16T05:47:52.018+0000] {update_manga_database_dag.py:396} INFO - Starting all database updates
[2025-05-16T05:47:52.028+0000] {log.py:232} WARNING - 2025-05-16 05:47:52,028 - INFO: Transaction started
[2025-05-16T05:47:52.028+0000] {update_manga_database_dag.py:72} INFO - Transaction started
[2025-05-16T05:47:52.035+0000] {log.py:232} WARNING - 2025-05-16 05:47:52,035 - INFO: Checking 61 manga for updates
[2025-05-16T05:47:52.035+0000] {update_sequential.py:59} INFO - Checking 61 manga for updates
[2025-05-16T05:47:56.902+0000] {log.py:232} WARNING - 2025-05-16 05:47:56,902 - INFO: ADDED: Pieces of Us (ID: dc8a6a1d-51d9-410d-975b-cf884cc68fd0)
[2025-05-16T05:47:56.902+0000] {update_sequential.py:115} INFO - ADDED: Pieces of Us (ID: dc8a6a1d-51d9-410d-975b-cf884cc68fd0)
[2025-05-16T05:47:57.190+0000] {log.py:232} WARNING - 2025-05-16 05:47:57,189 - INFO: ADDED: Haru no Hikari ni Noma rete mo (ID: 4551679e-820b-42a5-85ff-d00ade797383)
[2025-05-16T05:47:57.189+0000] {update_sequential.py:115} INFO - ADDED: Haru no Hikari ni Noma rete mo (ID: 4551679e-820b-42a5-85ff-d00ade797383)
[2025-05-16T05:47:57.477+0000] {log.py:232} WARNING - 2025-05-16 05:47:57,477 - INFO: ADDED: CMYK (ID: 236ab0cf-a5ef-4039-8e0a-f4cfe4660424)
[2025-05-16T05:47:57.477+0000] {update_sequential.py:115} INFO - ADDED: CMYK (ID: 236ab0cf-a5ef-4039-8e0a-f4cfe4660424)
[2025-05-16T05:47:57.765+0000] {log.py:232} WARNING - 2025-05-16 05:47:57,764 - INFO: ADDED: There May Be Something There That Wasn’t There Before - Haikyuu dj (ID: e82fb7dd-edff-4593-9fff-760f018f6703)
[2025-05-16T05:47:57.764+0000] {update_sequential.py:115} INFO - ADDED: There May Be Something There That Wasn’t There Before - Haikyuu dj (ID: e82fb7dd-edff-4593-9fff-760f018f6703)
[2025-05-16T05:47:58.053+0000] {log.py:232} WARNING - 2025-05-16 05:47:58,052 - INFO: ADDED: Falling in the blue (ID: d38389ac-caeb-4a4f-8483-589ddbaf50e1)
[2025-05-16T05:47:58.052+0000] {update_sequential.py:115} INFO - ADDED: Falling in the blue (ID: d38389ac-caeb-4a4f-8483-589ddbaf50e1)
[2025-05-16T05:47:58.339+0000] {log.py:232} WARNING - 2025-05-16 05:47:58,339 - INFO: ADDED: The Maid (ID: 192ec1c9-eb9a-4771-bb79-2b9bb4adbe0e)
[2025-05-16T05:47:58.339+0000] {update_sequential.py:115} INFO - ADDED: The Maid (ID: 192ec1c9-eb9a-4771-bb79-2b9bb4adbe0e)
[2025-05-16T05:47:58.625+0000] {log.py:232} WARNING - 2025-05-16 05:47:58,625 - INFO: ADDED: The Fairy's Wish (ID: 3de96e80-6feb-450c-a169-053d40c01063)
[2025-05-16T05:47:58.625+0000] {update_sequential.py:115} INFO - ADDED: The Fairy's Wish (ID: 3de96e80-6feb-450c-a169-053d40c01063)
[2025-05-16T05:47:58.913+0000] {log.py:232} WARNING - 2025-05-16 05:47:58,913 - INFO: ADDED: I Reincarnated as a Parenting Story Extra (ID: 8dbb4f57-4e35-4fa6-88c7-2d8f8334d8db)
[2025-05-16T05:47:58.913+0000] {update_sequential.py:115} INFO - ADDED: I Reincarnated as a Parenting Story Extra (ID: 8dbb4f57-4e35-4fa6-88c7-2d8f8334d8db)
[2025-05-16T05:47:59.200+0000] {log.py:232} WARNING - 2025-05-16 05:47:59,200 - INFO: ADDED: Every Day is a Good Day When There's Love (ID: e195fc69-5e5c-4410-84fe-268daef38fbc)
[2025-05-16T05:47:59.200+0000] {update_sequential.py:115} INFO - ADDED: Every Day is a Good Day When There's Love (ID: e195fc69-5e5c-4410-84fe-268daef38fbc)
[2025-05-16T05:47:59.489+0000] {log.py:232} WARNING - 2025-05-16 05:47:59,488 - INFO: ADDED: Siren: The Beginning of the Curse (ID: e7fa5fe6-7988-4f69-a6b8-7f5c34ade5d4)
[2025-05-16T05:47:59.488+0000] {update_sequential.py:115} INFO - ADDED: Siren: The Beginning of the Curse (ID: e7fa5fe6-7988-4f69-a6b8-7f5c34ade5d4)
[2025-05-16T05:47:59.779+0000] {log.py:232} WARNING - 2025-05-16 05:47:59,778 - INFO: ADDED: Yoki Himo to Yoki Kainushi (ID: 051f9e5b-72d9-4d32-ac41-2441c2c03a67)
[2025-05-16T05:47:59.778+0000] {update_sequential.py:115} INFO - ADDED: Yoki Himo to Yoki Kainushi (ID: 051f9e5b-72d9-4d32-ac41-2441c2c03a67)
[2025-05-16T05:48:00.069+0000] {log.py:232} WARNING - 2025-05-16 05:48:00,068 - INFO: ADDED: SEVEN TEEN COP (ID: c5206869-59c1-4988-8c6f-9fcaa71a2c16)
[2025-05-16T05:48:00.068+0000] {update_sequential.py:115} INFO - ADDED: SEVEN TEEN COP (ID: c5206869-59c1-4988-8c6f-9fcaa71a2c16)
[2025-05-16T05:48:00.364+0000] {log.py:232} WARNING - 2025-05-16 05:48:00,363 - INFO: ADDED: Kono Ao ni Koi wo Shita (ID: de5038a8-898a-4149-a93e-756243cc09e0)
[2025-05-16T05:48:00.363+0000] {update_sequential.py:115} INFO - ADDED: Kono Ao ni Koi wo Shita (ID: de5038a8-898a-4149-a93e-756243cc09e0)
[2025-05-16T05:48:00.655+0000] {log.py:232} WARNING - 2025-05-16 05:48:00,654 - INFO: ADDED: Puri ☆ Hani (ID: 582248de-5dec-436c-835e-127e750445fb)
[2025-05-16T05:48:00.654+0000] {update_sequential.py:115} INFO - ADDED: Puri ☆ Hani (ID: 582248de-5dec-436c-835e-127e750445fb)
[2025-05-16T05:48:00.941+0000] {log.py:232} WARNING - 2025-05-16 05:48:00,940 - INFO: ADDED: Rental Kareshi (ID: 3f403042-3b37-489a-8df2-8f59a1dd6300)
[2025-05-16T05:48:00.940+0000] {update_sequential.py:115} INFO - ADDED: Rental Kareshi (ID: 3f403042-3b37-489a-8df2-8f59a1dd6300)
[2025-05-16T05:48:01.230+0000] {log.py:232} WARNING - 2025-05-16 05:48:01,229 - INFO: ADDED: Paris no Koibitotachi (ID: 837db806-4dc6-4bbb-9263-374eaca2eb57)
[2025-05-16T05:48:01.229+0000] {update_sequential.py:115} INFO - ADDED: Paris no Koibitotachi (ID: 837db806-4dc6-4bbb-9263-374eaca2eb57)
[2025-05-16T05:48:01.521+0000] {log.py:232} WARNING - 2025-05-16 05:48:01,520 - INFO: ADDED: Wana ni Kakatta Cinderella (ID: a8587671-e75c-495c-82fb-801e594e46a1)
[2025-05-16T05:48:01.520+0000] {update_sequential.py:115} INFO - ADDED: Wana ni Kakatta Cinderella (ID: a8587671-e75c-495c-82fb-801e594e46a1)
[2025-05-16T05:48:01.814+0000] {log.py:232} WARNING - 2025-05-16 05:48:01,812 - INFO: ADDED: Hakiri-san wa Kimi Dake no Shinigami ni Narita (ID: 2c8b92ea-e480-4ebb-bfa7-4ff828c13fd5)
[2025-05-16T05:48:01.812+0000] {update_sequential.py:115} INFO - ADDED: Hakiri-san wa Kimi Dake no Shinigami ni Narita (ID: 2c8b92ea-e480-4ebb-bfa7-4ff828c13fd5)
[2025-05-16T05:48:02.104+0000] {log.py:232} WARNING - 2025-05-16 05:48:02,103 - INFO: ADDED: Mikado-Kun, Kyo Mo Biju Ga Idesune (ID: 1d6f3596-0667-44b4-b4bd-cf17544b0558)
[2025-05-16T05:48:02.103+0000] {update_sequential.py:115} INFO - ADDED: Mikado-Kun, Kyo Mo Biju Ga Idesune (ID: 1d6f3596-0667-44b4-b4bd-cf17544b0558)
[2025-05-16T05:48:02.393+0000] {log.py:232} WARNING - 2025-05-16 05:48:02,392 - INFO: ADDED: Mega Monster Battle: Ultra Adventure NEO (ID: 432cc154-074d-4398-95ae-952769af164d)
[2025-05-16T05:48:02.392+0000] {update_sequential.py:115} INFO - ADDED: Mega Monster Battle: Ultra Adventure NEO (ID: 432cc154-074d-4398-95ae-952769af164d)
[2025-05-16T05:48:02.683+0000] {log.py:232} WARNING - 2025-05-16 05:48:02,681 - INFO: ADDED: This isn't Erotic at All! (ID: e0a786d3-1760-4f69-9d95-a0eae056a66f)
[2025-05-16T05:48:02.681+0000] {update_sequential.py:115} INFO - ADDED: This isn't Erotic at All! (ID: e0a786d3-1760-4f69-9d95-a0eae056a66f)
[2025-05-16T05:48:02.972+0000] {log.py:232} WARNING - 2025-05-16 05:48:02,971 - INFO: ADDED: Will You Let Me Stay Here? (ID: 2e85b6e4-f73c-4483-8860-f55f2bd67119)
[2025-05-16T05:48:02.971+0000] {update_sequential.py:115} INFO - ADDED: Will You Let Me Stay Here? (ID: 2e85b6e4-f73c-4483-8860-f55f2bd67119)
[2025-05-16T05:48:03.260+0000] {log.py:232} WARNING - 2025-05-16 05:48:03,260 - INFO: ADDED: Orokamono no Ai no Uta (ID: e46ede76-7aa6-4887-9eb2-b5fa537b91b6)
[2025-05-16T05:48:03.260+0000] {update_sequential.py:115} INFO - ADDED: Orokamono no Ai no Uta (ID: e46ede76-7aa6-4887-9eb2-b5fa537b91b6)
[2025-05-16T05:48:03.568+0000] {log.py:232} WARNING - 2025-05-16 05:48:03,567 - INFO: ADDED: Uma Musume Pretty Derby - My Feelings, in the Shape of an Umbrella (Doujinshi) (ID: 96fb960c-77d2-46e2-90f8-95e41a2712c6)
[2025-05-16T05:48:03.567+0000] {update_sequential.py:115} INFO - ADDED: Uma Musume Pretty Derby - My Feelings, in the Shape of an Umbrella (Doujinshi) (ID: 96fb960c-77d2-46e2-90f8-95e41a2712c6)
[2025-05-16T05:48:03.899+0000] {log.py:232} WARNING - 2025-05-16 05:48:03,865 - INFO: ADDED: Long, Long Ride (One shot) (ID: 5a763d38-ce7a-4b38-8581-a1adb2e29bb4)
[2025-05-16T05:48:03.865+0000] {update_sequential.py:115} INFO - ADDED: Long, Long Ride (One shot) (ID: 5a763d38-ce7a-4b38-8581-a1adb2e29bb4)
[2025-05-16T05:48:04.267+0000] {log.py:232} WARNING - 2025-05-16 05:48:04,263 - INFO: ADDED: The Regressed Empress's Abduction Marriage (ID: 3844a42e-1f4b-4ba1-b85f-18e00cfa8f02)
[2025-05-16T05:48:04.263+0000] {update_sequential.py:115} INFO - ADDED: The Regressed Empress's Abduction Marriage (ID: 3844a42e-1f4b-4ba1-b85f-18e00cfa8f02)
[2025-05-16T05:48:04.593+0000] {log.py:232} WARNING - 2025-05-16 05:48:04,592 - INFO: ADDED: New YAT Untroubled! Space Tours Compilation (ID: fe7a1d45-e0c2-4a80-ad62-5f42bbf6b622)
[2025-05-16T05:48:04.592+0000] {update_sequential.py:115} INFO - ADDED: New YAT Untroubled! Space Tours Compilation (ID: fe7a1d45-e0c2-4a80-ad62-5f42bbf6b622)
[2025-05-16T05:48:04.884+0000] {log.py:232} WARNING - 2025-05-16 05:48:04,883 - INFO: ADDED: Diamond no Ace - Sawatte Kawatte (Doujinshi) (ID: 62e80dfd-c1b0-4c65-994b-fd41697f140e)
[2025-05-16T05:48:04.883+0000] {update_sequential.py:115} INFO - ADDED: Diamond no Ace - Sawatte Kawatte (Doujinshi) (ID: 62e80dfd-c1b0-4c65-994b-fd41697f140e)
[2025-05-16T05:48:05.174+0000] {log.py:232} WARNING - 2025-05-16 05:48:05,174 - INFO: ADDED: Diamond no Ace - Nonstop Suponpon (Doujinshi) (ID: 1f4fdbf8-b46a-4401-aaa7-8a3d75e2a711)
[2025-05-16T05:48:05.174+0000] {update_sequential.py:115} INFO - ADDED: Diamond no Ace - Nonstop Suponpon (Doujinshi) (ID: 1f4fdbf8-b46a-4401-aaa7-8a3d75e2a711)
[2025-05-16T05:48:05.461+0000] {log.py:232} WARNING - 2025-05-16 05:48:05,461 - INFO: ADDED: Kouiu Kankei ga Sugoku Suki (ID: cb871a0b-8442-4f9d-8987-38a6d7f11d17)
[2025-05-16T05:48:05.461+0000] {update_sequential.py:115} INFO - ADDED: Kouiu Kankei ga Sugoku Suki (ID: cb871a0b-8442-4f9d-8987-38a6d7f11d17)
[2025-05-16T05:48:05.750+0000] {log.py:232} WARNING - 2025-05-16 05:48:05,749 - INFO: ADDED: Seijo ga Kuru kara "Kimi wo Aisuru koto wa Nai" to Iwareta node Okazari Ouhi ni Tesshiteitara, Seijo ga 5-sai Datta node Zenryoku de Aishimasu!! (ID: 9a40c0b9-912d-4b0e-aa77-c4a07edec275)
[2025-05-16T05:48:05.749+0000] {update_sequential.py:115} INFO - ADDED: Seijo ga Kuru kara "Kimi wo Aisuru koto wa Nai" to Iwareta node Okazari Ouhi ni Tesshiteitara, Seijo ga 5-sai Datta node Zenryoku de Aishimasu!! (ID: 9a40c0b9-912d-4b0e-aa77-c4a07edec275)
[2025-05-16T05:48:06.039+0000] {log.py:232} WARNING - 2025-05-16 05:48:06,038 - INFO: ADDED: Watashi no Mama wa Mano-kun desu. (ID: 16a247d7-34fd-49eb-9b81-1303896de0dd)
[2025-05-16T05:48:06.038+0000] {update_sequential.py:115} INFO - ADDED: Watashi no Mama wa Mano-kun desu. (ID: 16a247d7-34fd-49eb-9b81-1303896de0dd)
[2025-05-16T05:48:06.327+0000] {log.py:232} WARNING - 2025-05-16 05:48:06,326 - INFO: ADDED: Yusha No Watashidesuga, Tekkoku Mao Sama No Aisaremeido Ni Narimashita (ID: 0567beef-b5b7-4c86-a3c0-e3f4f52e1c35)
[2025-05-16T05:48:06.326+0000] {update_sequential.py:115} INFO - ADDED: Yusha No Watashidesuga, Tekkoku Mao Sama No Aisaremeido Ni Narimashita (ID: 0567beef-b5b7-4c86-a3c0-e3f4f52e1c35)
[2025-05-16T05:48:06.613+0000] {log.py:232} WARNING - 2025-05-16 05:48:06,613 - INFO: ADDED: Frontier World Online - Shoukanshi to shite Katsudou-chuu (ID: 0616c9ba-9362-40e2-a53b-9d1cd49ad4bd)
[2025-05-16T05:48:06.613+0000] {update_sequential.py:115} INFO - ADDED: Frontier World Online - Shoukanshi to shite Katsudou-chuu (ID: 0616c9ba-9362-40e2-a53b-9d1cd49ad4bd)
[2025-05-16T05:48:06.901+0000] {log.py:232} WARNING - 2025-05-16 05:48:06,901 - INFO: ADDED: Moonlight Sequence (ID: efa87e8e-dc98-4d67-9aaa-5f99742cd68b)
[2025-05-16T05:48:06.901+0000] {update_sequential.py:115} INFO - ADDED: Moonlight Sequence (ID: efa87e8e-dc98-4d67-9aaa-5f99742cd68b)
[2025-05-16T05:48:07.187+0000] {log.py:232} WARNING - 2025-05-16 05:48:07,186 - INFO: ADDED: Samuku naru to Kata wo Yosete (ID: 520113a2-3424-4506-90e0-695ffae6f2f0)
[2025-05-16T05:48:07.186+0000] {update_sequential.py:115} INFO - ADDED: Samuku naru to Kata wo Yosete (ID: 520113a2-3424-4506-90e0-695ffae6f2f0)
[2025-05-16T05:48:07.475+0000] {log.py:232} WARNING - 2025-05-16 05:48:07,474 - INFO: ADDED: The Dragon King's Favor (ID: 97da1b58-741f-4294-9f25-44cde1ecdf9a)
[2025-05-16T05:48:07.474+0000] {update_sequential.py:115} INFO - ADDED: The Dragon King's Favor (ID: 97da1b58-741f-4294-9f25-44cde1ecdf9a)
[2025-05-16T05:48:07.765+0000] {log.py:232} WARNING - 2025-05-16 05:48:07,764 - INFO: ADDED: Dolswe, Let Me see It Just Once (ID: 8928976d-1485-4260-b6d1-13552690a9f4)
[2025-05-16T05:48:07.764+0000] {update_sequential.py:115} INFO - ADDED: Dolswe, Let Me see It Just Once (ID: 8928976d-1485-4260-b6d1-13552690a9f4)
[2025-05-16T05:48:08.054+0000] {log.py:232} WARNING - 2025-05-16 05:48:08,053 - INFO: ADDED: Sweet Poison (ID: 5342d47c-8635-4c2c-bc05-da83dabee2ac)
[2025-05-16T05:48:08.053+0000] {update_sequential.py:115} INFO - ADDED: Sweet Poison (ID: 5342d47c-8635-4c2c-bc05-da83dabee2ac)
[2025-05-16T05:48:08.348+0000] {log.py:232} WARNING - 2025-05-16 05:48:08,347 - INFO: ADDED: Todoroki Daimaru no Kikai Taikendan (ID: 287e1422-57e8-4c73-8d04-9397760df929)
[2025-05-16T05:48:08.347+0000] {update_sequential.py:115} INFO - ADDED: Todoroki Daimaru no Kikai Taikendan (ID: 287e1422-57e8-4c73-8d04-9397760df929)
[2025-05-16T05:48:08.640+0000] {log.py:232} WARNING - 2025-05-16 05:48:08,639 - INFO: ADDED: The Fake Master Who Accidentally Became the Strongest (ID: cad50822-3589-40aa-9cbf-d96a2ccc6384)
[2025-05-16T05:48:08.639+0000] {update_sequential.py:115} INFO - ADDED: The Fake Master Who Accidentally Became the Strongest (ID: cad50822-3589-40aa-9cbf-d96a2ccc6384)
[2025-05-16T05:48:08.930+0000] {log.py:232} WARNING - 2025-05-16 05:48:08,929 - INFO: ADDED: Hara wa Chibuu (ID: 678dd650-28b0-4b18-a936-1cb8c072745a)
[2025-05-16T05:48:08.929+0000] {update_sequential.py:115} INFO - ADDED: Hara wa Chibuu (ID: 678dd650-28b0-4b18-a936-1cb8c072745a)
[2025-05-16T05:48:09.217+0000] {log.py:232} WARNING - 2025-05-16 05:48:09,216 - INFO: ADDED: Fashionable Menhera and Menhera (ID: 4d393a81-0015-4744-bf9a-064394e3f234)
[2025-05-16T05:48:09.216+0000] {update_sequential.py:115} INFO - ADDED: Fashionable Menhera and Menhera (ID: 4d393a81-0015-4744-bf9a-064394e3f234)
[2025-05-16T05:48:09.506+0000] {log.py:232} WARNING - 2025-05-16 05:48:09,505 - INFO: ADDED: Collect And Seize (ID: bdac77b1-608f-4b0d-9773-7053dac0eca6)
[2025-05-16T05:48:09.505+0000] {update_sequential.py:115} INFO - ADDED: Collect And Seize (ID: bdac77b1-608f-4b0d-9773-7053dac0eca6)
[2025-05-16T05:48:09.794+0000] {log.py:232} WARNING - 2025-05-16 05:48:09,793 - INFO: ADDED: Hatsukoi To Saida (ID: 4de696e3-52a8-45d0-bb77-60e83bc4fa8c)
[2025-05-16T05:48:09.793+0000] {update_sequential.py:115} INFO - ADDED: Hatsukoi To Saida (ID: 4de696e3-52a8-45d0-bb77-60e83bc4fa8c)
[2025-05-16T05:48:10.092+0000] {log.py:232} WARNING - 2025-05-16 05:48:10,091 - INFO: ADDED: Seishun Wa Wagamama Kurai Ga Chodoi (ID: 1c8d0842-e998-4cd9-8808-a8bac2265743)
[2025-05-16T05:48:10.091+0000] {update_sequential.py:115} INFO - ADDED: Seishun Wa Wagamama Kurai Ga Chodoi (ID: 1c8d0842-e998-4cd9-8808-a8bac2265743)
[2025-05-16T05:48:10.381+0000] {log.py:232} WARNING - 2025-05-16 05:48:10,380 - INFO: ADDED: call my squall (ID: f777da8d-878b-4114-a256-31b21933afc3)
[2025-05-16T05:48:10.380+0000] {update_sequential.py:115} INFO - ADDED: call my squall (ID: f777da8d-878b-4114-a256-31b21933afc3)
[2025-05-16T05:48:10.670+0000] {log.py:232} WARNING - 2025-05-16 05:48:10,669 - INFO: ADDED: Scholar's Bossam (ID: 255937ca-c65b-4f8e-bb39-a41ac667362b)
[2025-05-16T05:48:10.669+0000] {update_sequential.py:115} INFO - ADDED: Scholar's Bossam (ID: 255937ca-c65b-4f8e-bb39-a41ac667362b)
[2025-05-16T05:48:10.960+0000] {log.py:232} WARNING - 2025-05-16 05:48:10,959 - INFO: ADDED: My Hero Academia - Souiu Koto Dakara (Doujinshi) (ID: 16ac1429-593f-4fe5-a529-ce8aed994ef5)
[2025-05-16T05:48:10.959+0000] {update_sequential.py:115} INFO - ADDED: My Hero Academia - Souiu Koto Dakara (Doujinshi) (ID: 16ac1429-593f-4fe5-a529-ce8aed994ef5)
[2025-05-16T05:48:11.248+0000] {log.py:232} WARNING - 2025-05-16 05:48:11,247 - INFO: ADDED: Hanafusa Senpai No Amaiwana (ID: 13b1e64c-dc93-47c0-99d8-bfee66ae353b)
[2025-05-16T05:48:11.247+0000] {update_sequential.py:115} INFO - ADDED: Hanafusa Senpai No Amaiwana (ID: 13b1e64c-dc93-47c0-99d8-bfee66ae353b)
[2025-05-16T05:48:11.539+0000] {log.py:232} WARNING - 2025-05-16 05:48:11,539 - INFO: ADDED: Shiroi Nekono Gakko (ID: 4fe0978e-cf64-4b8d-906a-c13da2c7157e)
[2025-05-16T05:48:11.539+0000] {update_sequential.py:115} INFO - ADDED: Shiroi Nekono Gakko (ID: 4fe0978e-cf64-4b8d-906a-c13da2c7157e)
[2025-05-16T05:48:11.831+0000] {log.py:232} WARNING - 2025-05-16 05:48:11,831 - INFO: ADDED: Tamamushiro No Renjo (ID: 5520f2ef-d4ab-4c22-a6e3-31e74dd76888)
[2025-05-16T05:48:11.831+0000] {update_sequential.py:115} INFO - ADDED: Tamamushiro No Renjo (ID: 5520f2ef-d4ab-4c22-a6e3-31e74dd76888)
[2025-05-16T05:48:12.118+0000] {log.py:232} WARNING - 2025-05-16 05:48:12,118 - INFO: ADDED: Kiyasuku Fureruna Kuro Bara Ni (ID: 2cdfa7d3-e8ab-4f06-a6f8-89b7a3a22db2)
[2025-05-16T05:48:12.118+0000] {update_sequential.py:115} INFO - ADDED: Kiyasuku Fureruna Kuro Bara Ni (ID: 2cdfa7d3-e8ab-4f06-a6f8-89b7a3a22db2)
[2025-05-16T05:48:12.406+0000] {log.py:232} WARNING - 2025-05-16 05:48:12,405 - INFO: ADDED: Sekai De Ichiban Anishiteru (ID: 2b649c16-fb4a-45f1-afb8-9a8f4b4a5bc1)
[2025-05-16T05:48:12.405+0000] {update_sequential.py:115} INFO - ADDED: Sekai De Ichiban Anishiteru (ID: 2b649c16-fb4a-45f1-afb8-9a8f4b4a5bc1)
[2025-05-16T05:48:12.694+0000] {log.py:232} WARNING - 2025-05-16 05:48:12,694 - INFO: ADDED: Netabare Kinshi No Amamiya-Kun (ID: e4187ee9-4f6e-49cf-8b2e-b4a80b04d1b3)
[2025-05-16T05:48:12.694+0000] {update_sequential.py:115} INFO - ADDED: Netabare Kinshi No Amamiya-Kun (ID: e4187ee9-4f6e-49cf-8b2e-b4a80b04d1b3)
[2025-05-16T05:48:12.980+0000] {log.py:232} WARNING - 2025-05-16 05:48:12,979 - INFO: ADDED: Internet e Youkoso! Neuro-sama! (ID: cbb7e271-dd90-4b68-9df8-0acd008412d8)
[2025-05-16T05:48:12.979+0000] {update_sequential.py:115} INFO - ADDED: Internet e Youkoso! Neuro-sama! (ID: cbb7e271-dd90-4b68-9df8-0acd008412d8)
[2025-05-16T05:48:13.267+0000] {log.py:232} WARNING - 2025-05-16 05:48:13,266 - INFO: ADDED: Shachou Kamitenma Ryouko no Koi wa Omoiegaita Naname Ue (ID: 24d979fb-1282-4ad8-a7cb-b70297384369)
[2025-05-16T05:48:13.266+0000] {update_sequential.py:115} INFO - ADDED: Shachou Kamitenma Ryouko no Koi wa Omoiegaita Naname Ue (ID: 24d979fb-1282-4ad8-a7cb-b70297384369)
[2025-05-16T05:48:13.554+0000] {log.py:232} WARNING - 2025-05-16 05:48:13,553 - INFO: ADDED: Sensei Wa Kisu Ga Hetana Vampire (ID: 25a98773-9196-4760-a2e6-58c725791c78)
[2025-05-16T05:48:13.553+0000] {update_sequential.py:115} INFO - ADDED: Sensei Wa Kisu Ga Hetana Vampire (ID: 25a98773-9196-4760-a2e6-58c725791c78)
[2025-05-16T05:48:13.844+0000] {log.py:232} WARNING - 2025-05-16 05:48:13,843 - INFO: ADDED: Oto★ko Selection - Oneesan to Otokonoko Comic Anthology (ID: 1c20e3c8-ce80-4e97-b3be-ce1040a1817d)
[2025-05-16T05:48:13.843+0000] {update_sequential.py:115} INFO - ADDED: Oto★ko Selection - Oneesan to Otokonoko Comic Anthology (ID: 1c20e3c8-ce80-4e97-b3be-ce1040a1817d)
[2025-05-16T05:48:14.135+0000] {log.py:232} WARNING - 2025-05-16 05:48:14,134 - INFO: ADDED: Bara sensou (ID: da6c7a1e-e528-4a1e-8a09-c5443ab77225)
[2025-05-16T05:48:14.134+0000] {update_sequential.py:115} INFO - ADDED: Bara sensou (ID: da6c7a1e-e528-4a1e-8a09-c5443ab77225)
[2025-05-16T05:48:14.422+0000] {log.py:232} WARNING - 2025-05-16 05:48:14,422 - INFO: ADDED: Itsukara Maryoku Ga Nai to Sakkaku Shiteita?! (ID: f1b3d291-ac40-41b0-bddf-d6d3dda03515)
[2025-05-16T05:48:14.422+0000] {update_sequential.py:115} INFO - ADDED: Itsukara Maryoku Ga Nai to Sakkaku Shiteita?! (ID: f1b3d291-ac40-41b0-bddf-d6d3dda03515)
[2025-05-16T05:48:14.712+0000] {log.py:232} WARNING - 2025-05-16 05:48:14,711 - INFO: Database update complete
[2025-05-16T05:48:14.711+0000] {update_sequential.py:119} INFO - Database update complete
[2025-05-16T05:48:14.716+0000] {log.py:232} WARNING - 2025-05-16 05:48:14,715 - INFO: SUMMARY: 0 manga updated, 61 manga added
[2025-05-16T05:48:14.715+0000] {update_sequential.py:120} INFO - SUMMARY: 0 manga updated, 61 manga added
[2025-05-16T05:48:19.177+0000] {log.py:232} WARNING - 2025-05-16 05:48:19,165 - INFO: Registered manga rollback data for 61 manga IDs
[2025-05-16T05:48:19.165+0000] {update_manga_database_dag.py:132} INFO - Registered manga rollback data for 61 manga IDs
[2025-05-16T05:48:19.195+0000] {log.py:232} WARNING - 2025-05-16 05:48:19,186 - INFO: Updated 61 manga
[2025-05-16T05:48:19.186+0000] {update_manga_database_dag.py:412} INFO - Updated 61 manga
[2025-05-16T05:48:19.219+0000] {log.py:232} WARNING - 2025-05-16 05:48:19,217 - INFO: Checking 87 chapters across 61 manga
[2025-05-16T05:48:19.217+0000] {update_sequential.py:175} INFO - Checking 87 chapters across 61 manga
[2025-05-16T05:48:19.840+0000] {log.py:232} WARNING - 2025-05-16 05:48:19,840 - INFO: Processing manga 4551679e-820b-42a5-85ff-d00ade797383, chapter 1 (ko)
[2025-05-16T05:48:19.840+0000] {update_sequential.py:209} INFO - Processing manga 4551679e-820b-42a5-85ff-d00ade797383, chapter 1 (ko)
[2025-05-16T05:48:19.842+0000] {log.py:232} WARNING - 2025-05-16 05:48:19,842 - INFO: Adding new chapter 1 (ko) for manga 4551679e-820b-42a5-85ff-d00ade797383
[2025-05-16T05:48:19.842+0000] {update_sequential.py:244} INFO - Adding new chapter 1 (ko) for manga 4551679e-820b-42a5-85ff-d00ade797383
[2025-05-16T05:48:20.153+0000] {log.py:232} WARNING - 2025-05-16 05:48:20,152 - INFO: Processing manga 236ab0cf-a5ef-4039-8e0a-f4cfe4660424, chapter 1.1 (en)
[2025-05-16T05:48:20.152+0000] {update_sequential.py:209} INFO - Processing manga 236ab0cf-a5ef-4039-8e0a-f4cfe4660424, chapter 1.1 (en)
[2025-05-16T05:48:20.155+0000] {log.py:232} WARNING - 2025-05-16 05:48:20,154 - INFO: Adding new chapter 1.1 (en) for manga 236ab0cf-a5ef-4039-8e0a-f4cfe4660424
[2025-05-16T05:48:20.154+0000] {update_sequential.py:244} INFO - Adding new chapter 1.1 (en) for manga 236ab0cf-a5ef-4039-8e0a-f4cfe4660424
[2025-05-16T05:48:20.435+0000] {log.py:232} WARNING - 2025-05-16 05:48:20,434 - INFO: Processing manga e82fb7dd-edff-4593-9fff-760f018f6703, chapter None (es-la)
[2025-05-16T05:48:20.434+0000] {update_sequential.py:209} INFO - Processing manga e82fb7dd-edff-4593-9fff-760f018f6703, chapter None (es-la)
[2025-05-16T05:48:20.436+0000] {log.py:232} WARNING - 2025-05-16 05:48:20,436 - INFO: Adding new chapter None (es-la) for manga e82fb7dd-edff-4593-9fff-760f018f6703
[2025-05-16T05:48:20.436+0000] {update_sequential.py:244} INFO - Adding new chapter None (es-la) for manga e82fb7dd-edff-4593-9fff-760f018f6703
[2025-05-16T05:48:20.721+0000] {log.py:232} WARNING - 2025-05-16 05:48:20,721 - INFO: Processing manga 192ec1c9-eb9a-4771-bb79-2b9bb4adbe0e, chapter 1 (en)
[2025-05-16T05:48:20.721+0000] {update_sequential.py:209} INFO - Processing manga 192ec1c9-eb9a-4771-bb79-2b9bb4adbe0e, chapter 1 (en)
[2025-05-16T05:48:20.723+0000] {log.py:232} WARNING - 2025-05-16 05:48:20,723 - INFO: Adding new chapter 1 (en) for manga 192ec1c9-eb9a-4771-bb79-2b9bb4adbe0e
[2025-05-16T05:48:20.723+0000] {update_sequential.py:244} INFO - Adding new chapter 1 (en) for manga 192ec1c9-eb9a-4771-bb79-2b9bb4adbe0e
[2025-05-16T05:48:21.014+0000] {log.py:232} WARNING - 2025-05-16 05:48:21,014 - INFO: Processing manga 192ec1c9-eb9a-4771-bb79-2b9bb4adbe0e, chapter 2 (en)
[2025-05-16T05:48:21.014+0000] {update_sequential.py:209} INFO - Processing manga 192ec1c9-eb9a-4771-bb79-2b9bb4adbe0e, chapter 2 (en)
[2025-05-16T05:48:21.016+0000] {log.py:232} WARNING - 2025-05-16 05:48:21,016 - INFO: Adding new chapter 2 (en) for manga 192ec1c9-eb9a-4771-bb79-2b9bb4adbe0e
[2025-05-16T05:48:21.016+0000] {update_sequential.py:244} INFO - Adding new chapter 2 (en) for manga 192ec1c9-eb9a-4771-bb79-2b9bb4adbe0e
[2025-05-16T05:48:21.302+0000] {log.py:232} WARNING - 2025-05-16 05:48:21,302 - INFO: Processing manga 192ec1c9-eb9a-4771-bb79-2b9bb4adbe0e, chapter 3 (en)
[2025-05-16T05:48:21.302+0000] {update_sequential.py:209} INFO - Processing manga 192ec1c9-eb9a-4771-bb79-2b9bb4adbe0e, chapter 3 (en)
[2025-05-16T05:48:21.306+0000] {log.py:232} WARNING - 2025-05-16 05:48:21,305 - INFO: Adding new chapter 3 (en) for manga 192ec1c9-eb9a-4771-bb79-2b9bb4adbe0e
[2025-05-16T05:48:21.305+0000] {update_sequential.py:244} INFO - Adding new chapter 3 (en) for manga 192ec1c9-eb9a-4771-bb79-2b9bb4adbe0e
[2025-05-16T05:48:21.594+0000] {log.py:232} WARNING - 2025-05-16 05:48:21,593 - INFO: Processing manga 3de96e80-6feb-450c-a169-053d40c01063, chapter 1 (en)
[2025-05-16T05:48:21.593+0000] {update_sequential.py:209} INFO - Processing manga 3de96e80-6feb-450c-a169-053d40c01063, chapter 1 (en)
[2025-05-16T05:48:21.595+0000] {log.py:232} WARNING - 2025-05-16 05:48:21,595 - INFO: Adding new chapter 1 (en) for manga 3de96e80-6feb-450c-a169-053d40c01063
[2025-05-16T05:48:21.595+0000] {update_sequential.py:244} INFO - Adding new chapter 1 (en) for manga 3de96e80-6feb-450c-a169-053d40c01063
[2025-05-16T05:48:21.880+0000] {log.py:232} WARNING - 2025-05-16 05:48:21,879 - INFO: Processing manga 3de96e80-6feb-450c-a169-053d40c01063, chapter 2 (en)
[2025-05-16T05:48:21.879+0000] {update_sequential.py:209} INFO - Processing manga 3de96e80-6feb-450c-a169-053d40c01063, chapter 2 (en)
[2025-05-16T05:48:21.881+0000] {log.py:232} WARNING - 2025-05-16 05:48:21,881 - INFO: Adding new chapter 2 (en) for manga 3de96e80-6feb-450c-a169-053d40c01063
[2025-05-16T05:48:21.881+0000] {update_sequential.py:244} INFO - Adding new chapter 2 (en) for manga 3de96e80-6feb-450c-a169-053d40c01063
[2025-05-16T05:48:22.167+0000] {log.py:232} WARNING - 2025-05-16 05:48:22,167 - INFO: Processing manga 3de96e80-6feb-450c-a169-053d40c01063, chapter 3 (en)
[2025-05-16T05:48:22.167+0000] {update_sequential.py:209} INFO - Processing manga 3de96e80-6feb-450c-a169-053d40c01063, chapter 3 (en)
[2025-05-16T05:48:22.169+0000] {log.py:232} WARNING - 2025-05-16 05:48:22,169 - INFO: Adding new chapter 3 (en) for manga 3de96e80-6feb-450c-a169-053d40c01063
[2025-05-16T05:48:22.169+0000] {update_sequential.py:244} INFO - Adding new chapter 3 (en) for manga 3de96e80-6feb-450c-a169-053d40c01063
[2025-05-16T05:48:22.454+0000] {log.py:232} WARNING - 2025-05-16 05:48:22,453 - INFO: Processing manga 3de96e80-6feb-450c-a169-053d40c01063, chapter 4 (en)
[2025-05-16T05:48:22.453+0000] {update_sequential.py:209} INFO - Processing manga 3de96e80-6feb-450c-a169-053d40c01063, chapter 4 (en)
[2025-05-16T05:48:22.455+0000] {log.py:232} WARNING - 2025-05-16 05:48:22,455 - INFO: Adding new chapter 4 (en) for manga 3de96e80-6feb-450c-a169-053d40c01063
[2025-05-16T05:48:22.455+0000] {update_sequential.py:244} INFO - Adding new chapter 4 (en) for manga 3de96e80-6feb-450c-a169-053d40c01063
[2025-05-16T05:48:22.741+0000] {log.py:232} WARNING - 2025-05-16 05:48:22,740 - INFO: Processing manga 8dbb4f57-4e35-4fa6-88c7-2d8f8334d8db, chapter 1 (en)
[2025-05-16T05:48:22.740+0000] {update_sequential.py:209} INFO - Processing manga 8dbb4f57-4e35-4fa6-88c7-2d8f8334d8db, chapter 1 (en)
[2025-05-16T05:48:22.742+0000] {log.py:232} WARNING - 2025-05-16 05:48:22,742 - INFO: Adding new chapter 1 (en) for manga 8dbb4f57-4e35-4fa6-88c7-2d8f8334d8db
[2025-05-16T05:48:22.742+0000] {update_sequential.py:244} INFO - Adding new chapter 1 (en) for manga 8dbb4f57-4e35-4fa6-88c7-2d8f8334d8db
[2025-05-16T05:48:23.029+0000] {log.py:232} WARNING - 2025-05-16 05:48:23,028 - INFO: Processing manga 8dbb4f57-4e35-4fa6-88c7-2d8f8334d8db, chapter 2 (en)
[2025-05-16T05:48:23.028+0000] {update_sequential.py:209} INFO - Processing manga 8dbb4f57-4e35-4fa6-88c7-2d8f8334d8db, chapter 2 (en)
[2025-05-16T05:48:23.033+0000] {log.py:232} WARNING - 2025-05-16 05:48:23,032 - INFO: Adding new chapter 2 (en) for manga 8dbb4f57-4e35-4fa6-88c7-2d8f8334d8db
[2025-05-16T05:48:23.032+0000] {update_sequential.py:244} INFO - Adding new chapter 2 (en) for manga 8dbb4f57-4e35-4fa6-88c7-2d8f8334d8db
[2025-05-16T05:48:23.321+0000] {log.py:232} WARNING - 2025-05-16 05:48:23,320 - INFO: Processing manga 8dbb4f57-4e35-4fa6-88c7-2d8f8334d8db, chapter 3 (en)
[2025-05-16T05:48:23.320+0000] {update_sequential.py:209} INFO - Processing manga 8dbb4f57-4e35-4fa6-88c7-2d8f8334d8db, chapter 3 (en)
[2025-05-16T05:48:23.323+0000] {log.py:232} WARNING - 2025-05-16 05:48:23,323 - INFO: Adding new chapter 3 (en) for manga 8dbb4f57-4e35-4fa6-88c7-2d8f8334d8db
[2025-05-16T05:48:23.323+0000] {update_sequential.py:244} INFO - Adding new chapter 3 (en) for manga 8dbb4f57-4e35-4fa6-88c7-2d8f8334d8db
[2025-05-16T05:48:23.613+0000] {log.py:232} WARNING - 2025-05-16 05:48:23,612 - INFO: Processing manga 8dbb4f57-4e35-4fa6-88c7-2d8f8334d8db, chapter 4 (en)
[2025-05-16T05:48:23.612+0000] {update_sequential.py:209} INFO - Processing manga 8dbb4f57-4e35-4fa6-88c7-2d8f8334d8db, chapter 4 (en)
[2025-05-16T05:48:23.616+0000] {log.py:232} WARNING - 2025-05-16 05:48:23,615 - INFO: Adding new chapter 4 (en) for manga 8dbb4f57-4e35-4fa6-88c7-2d8f8334d8db
[2025-05-16T05:48:23.615+0000] {update_sequential.py:244} INFO - Adding new chapter 4 (en) for manga 8dbb4f57-4e35-4fa6-88c7-2d8f8334d8db
[2025-05-16T05:48:23.905+0000] {log.py:232} WARNING - 2025-05-16 05:48:23,905 - INFO: Processing manga 8dbb4f57-4e35-4fa6-88c7-2d8f8334d8db, chapter 5 (en)
[2025-05-16T05:48:23.905+0000] {update_sequential.py:209} INFO - Processing manga 8dbb4f57-4e35-4fa6-88c7-2d8f8334d8db, chapter 5 (en)
[2025-05-16T05:48:23.907+0000] {log.py:232} WARNING - 2025-05-16 05:48:23,906 - INFO: Adding new chapter 5 (en) for manga 8dbb4f57-4e35-4fa6-88c7-2d8f8334d8db
[2025-05-16T05:48:23.906+0000] {update_sequential.py:244} INFO - Adding new chapter 5 (en) for manga 8dbb4f57-4e35-4fa6-88c7-2d8f8334d8db
[2025-05-16T05:48:24.193+0000] {log.py:232} WARNING - 2025-05-16 05:48:24,192 - INFO: Processing manga 8dbb4f57-4e35-4fa6-88c7-2d8f8334d8db, chapter 6 (en)
[2025-05-16T05:48:24.192+0000] {update_sequential.py:209} INFO - Processing manga 8dbb4f57-4e35-4fa6-88c7-2d8f8334d8db, chapter 6 (en)
[2025-05-16T05:48:24.194+0000] {log.py:232} WARNING - 2025-05-16 05:48:24,194 - INFO: Adding new chapter 6 (en) for manga 8dbb4f57-4e35-4fa6-88c7-2d8f8334d8db
[2025-05-16T05:48:24.194+0000] {update_sequential.py:244} INFO - Adding new chapter 6 (en) for manga 8dbb4f57-4e35-4fa6-88c7-2d8f8334d8db
[2025-05-16T05:48:24.480+0000] {log.py:232} WARNING - 2025-05-16 05:48:24,479 - INFO: Processing manga 8dbb4f57-4e35-4fa6-88c7-2d8f8334d8db, chapter 7 (en)
[2025-05-16T05:48:24.479+0000] {update_sequential.py:209} INFO - Processing manga 8dbb4f57-4e35-4fa6-88c7-2d8f8334d8db, chapter 7 (en)
[2025-05-16T05:48:24.481+0000] {log.py:232} WARNING - 2025-05-16 05:48:24,481 - INFO: Adding new chapter 7 (en) for manga 8dbb4f57-4e35-4fa6-88c7-2d8f8334d8db
[2025-05-16T05:48:24.481+0000] {update_sequential.py:244} INFO - Adding new chapter 7 (en) for manga 8dbb4f57-4e35-4fa6-88c7-2d8f8334d8db
[2025-05-16T05:48:24.773+0000] {log.py:232} WARNING - 2025-05-16 05:48:24,771 - INFO: Processing manga 8dbb4f57-4e35-4fa6-88c7-2d8f8334d8db, chapter 8 (en)
[2025-05-16T05:48:24.771+0000] {update_sequential.py:209} INFO - Processing manga 8dbb4f57-4e35-4fa6-88c7-2d8f8334d8db, chapter 8 (en)
[2025-05-16T05:48:24.777+0000] {log.py:232} WARNING - 2025-05-16 05:48:24,776 - INFO: Adding new chapter 8 (en) for manga 8dbb4f57-4e35-4fa6-88c7-2d8f8334d8db
[2025-05-16T05:48:24.776+0000] {update_sequential.py:244} INFO - Adding new chapter 8 (en) for manga 8dbb4f57-4e35-4fa6-88c7-2d8f8334d8db
[2025-05-16T05:48:25.066+0000] {log.py:232} WARNING - 2025-05-16 05:48:25,065 - INFO: Processing manga 8dbb4f57-4e35-4fa6-88c7-2d8f8334d8db, chapter 9 (en)
[2025-05-16T05:48:25.065+0000] {update_sequential.py:209} INFO - Processing manga 8dbb4f57-4e35-4fa6-88c7-2d8f8334d8db, chapter 9 (en)
[2025-05-16T05:48:25.067+0000] {log.py:232} WARNING - 2025-05-16 05:48:25,066 - INFO: Adding new chapter 9 (en) for manga 8dbb4f57-4e35-4fa6-88c7-2d8f8334d8db
[2025-05-16T05:48:25.066+0000] {update_sequential.py:244} INFO - Adding new chapter 9 (en) for manga 8dbb4f57-4e35-4fa6-88c7-2d8f8334d8db
[2025-05-16T05:48:25.355+0000] {log.py:232} WARNING - 2025-05-16 05:48:25,355 - INFO: Processing manga 8dbb4f57-4e35-4fa6-88c7-2d8f8334d8db, chapter 10 (en)
[2025-05-16T05:48:25.355+0000] {update_sequential.py:209} INFO - Processing manga 8dbb4f57-4e35-4fa6-88c7-2d8f8334d8db, chapter 10 (en)
[2025-05-16T05:48:25.357+0000] {log.py:232} WARNING - 2025-05-16 05:48:25,357 - INFO: Adding new chapter 10 (en) for manga 8dbb4f57-4e35-4fa6-88c7-2d8f8334d8db
[2025-05-16T05:48:25.357+0000] {update_sequential.py:244} INFO - Adding new chapter 10 (en) for manga 8dbb4f57-4e35-4fa6-88c7-2d8f8334d8db
[2025-05-16T05:48:25.646+0000] {log.py:232} WARNING - 2025-05-16 05:48:25,646 - INFO: Processing manga 8dbb4f57-4e35-4fa6-88c7-2d8f8334d8db, chapter 11 (en)
[2025-05-16T05:48:25.646+0000] {update_sequential.py:209} INFO - Processing manga 8dbb4f57-4e35-4fa6-88c7-2d8f8334d8db, chapter 11 (en)
[2025-05-16T05:48:25.648+0000] {log.py:232} WARNING - 2025-05-16 05:48:25,647 - INFO: Adding new chapter 11 (en) for manga 8dbb4f57-4e35-4fa6-88c7-2d8f8334d8db
[2025-05-16T05:48:25.647+0000] {update_sequential.py:244} INFO - Adding new chapter 11 (en) for manga 8dbb4f57-4e35-4fa6-88c7-2d8f8334d8db
[2025-05-16T05:48:25.935+0000] {log.py:232} WARNING - 2025-05-16 05:48:25,935 - INFO: Processing manga 8dbb4f57-4e35-4fa6-88c7-2d8f8334d8db, chapter 12 (en)
[2025-05-16T05:48:25.935+0000] {update_sequential.py:209} INFO - Processing manga 8dbb4f57-4e35-4fa6-88c7-2d8f8334d8db, chapter 12 (en)
[2025-05-16T05:48:25.937+0000] {log.py:232} WARNING - 2025-05-16 05:48:25,937 - INFO: Adding new chapter 12 (en) for manga 8dbb4f57-4e35-4fa6-88c7-2d8f8334d8db
[2025-05-16T05:48:25.937+0000] {update_sequential.py:244} INFO - Adding new chapter 12 (en) for manga 8dbb4f57-4e35-4fa6-88c7-2d8f8334d8db
[2025-05-16T05:48:26.251+0000] {log.py:232} WARNING - 2025-05-16 05:48:26,251 - INFO: Processing manga 8dbb4f57-4e35-4fa6-88c7-2d8f8334d8db, chapter 13 (en)
[2025-05-16T05:48:26.251+0000] {update_sequential.py:209} INFO - Processing manga 8dbb4f57-4e35-4fa6-88c7-2d8f8334d8db, chapter 13 (en)
[2025-05-16T05:48:26.252+0000] {log.py:232} WARNING - 2025-05-16 05:48:26,252 - INFO: Adding new chapter 13 (en) for manga 8dbb4f57-4e35-4fa6-88c7-2d8f8334d8db
[2025-05-16T05:48:26.252+0000] {update_sequential.py:244} INFO - Adding new chapter 13 (en) for manga 8dbb4f57-4e35-4fa6-88c7-2d8f8334d8db
[2025-05-16T05:48:26.545+0000] {log.py:232} WARNING - 2025-05-16 05:48:26,545 - INFO: Processing manga 8dbb4f57-4e35-4fa6-88c7-2d8f8334d8db, chapter 14 (en)
[2025-05-16T05:48:26.545+0000] {update_sequential.py:209} INFO - Processing manga 8dbb4f57-4e35-4fa6-88c7-2d8f8334d8db, chapter 14 (en)
[2025-05-16T05:48:26.548+0000] {log.py:232} WARNING - 2025-05-16 05:48:26,548 - INFO: Adding new chapter 14 (en) for manga 8dbb4f57-4e35-4fa6-88c7-2d8f8334d8db
[2025-05-16T05:48:26.548+0000] {update_sequential.py:244} INFO - Adding new chapter 14 (en) for manga 8dbb4f57-4e35-4fa6-88c7-2d8f8334d8db
[2025-05-16T05:48:26.835+0000] {log.py:232} WARNING - 2025-05-16 05:48:26,835 - INFO: Processing manga 8dbb4f57-4e35-4fa6-88c7-2d8f8334d8db, chapter 15 (en)
[2025-05-16T05:48:26.835+0000] {update_sequential.py:209} INFO - Processing manga 8dbb4f57-4e35-4fa6-88c7-2d8f8334d8db, chapter 15 (en)
[2025-05-16T05:48:26.837+0000] {log.py:232} WARNING - 2025-05-16 05:48:26,837 - INFO: Adding new chapter 15 (en) for manga 8dbb4f57-4e35-4fa6-88c7-2d8f8334d8db
[2025-05-16T05:48:26.837+0000] {update_sequential.py:244} INFO - Adding new chapter 15 (en) for manga 8dbb4f57-4e35-4fa6-88c7-2d8f8334d8db
[2025-05-16T05:48:27.127+0000] {log.py:232} WARNING - 2025-05-16 05:48:27,126 - INFO: Processing manga e195fc69-5e5c-4410-84fe-268daef38fbc, chapter None (en)
[2025-05-16T05:48:27.126+0000] {update_sequential.py:209} INFO - Processing manga e195fc69-5e5c-4410-84fe-268daef38fbc, chapter None (en)
[2025-05-16T05:48:27.132+0000] {log.py:232} WARNING - 2025-05-16 05:48:27,130 - INFO: Adding new chapter None (en) for manga e195fc69-5e5c-4410-84fe-268daef38fbc
[2025-05-16T05:48:27.130+0000] {update_sequential.py:244} INFO - Adding new chapter None (en) for manga e195fc69-5e5c-4410-84fe-268daef38fbc
[2025-05-16T05:48:27.421+0000] {log.py:232} WARNING - 2025-05-16 05:48:27,421 - INFO: Processing manga e7fa5fe6-7988-4f69-a6b8-7f5c34ade5d4, chapter 1 (en)
[2025-05-16T05:48:27.421+0000] {update_sequential.py:209} INFO - Processing manga e7fa5fe6-7988-4f69-a6b8-7f5c34ade5d4, chapter 1 (en)
[2025-05-16T05:48:27.423+0000] {log.py:232} WARNING - 2025-05-16 05:48:27,423 - INFO: Adding new chapter 1 (en) for manga e7fa5fe6-7988-4f69-a6b8-7f5c34ade5d4
[2025-05-16T05:48:27.423+0000] {update_sequential.py:244} INFO - Adding new chapter 1 (en) for manga e7fa5fe6-7988-4f69-a6b8-7f5c34ade5d4
[2025-05-16T05:48:27.714+0000] {log.py:232} WARNING - 2025-05-16 05:48:27,713 - INFO: Processing manga e7fa5fe6-7988-4f69-a6b8-7f5c34ade5d4, chapter 2 (en)
[2025-05-16T05:48:27.713+0000] {update_sequential.py:209} INFO - Processing manga e7fa5fe6-7988-4f69-a6b8-7f5c34ade5d4, chapter 2 (en)
[2025-05-16T05:48:27.727+0000] {log.py:232} WARNING - 2025-05-16 05:48:27,718 - INFO: Adding new chapter 2 (en) for manga e7fa5fe6-7988-4f69-a6b8-7f5c34ade5d4
[2025-05-16T05:48:27.718+0000] {update_sequential.py:244} INFO - Adding new chapter 2 (en) for manga e7fa5fe6-7988-4f69-a6b8-7f5c34ade5d4
[2025-05-16T05:48:28.024+0000] {log.py:232} WARNING - 2025-05-16 05:48:28,023 - INFO: Processing manga e7fa5fe6-7988-4f69-a6b8-7f5c34ade5d4, chapter 3 (en)
[2025-05-16T05:48:28.023+0000] {update_sequential.py:209} INFO - Processing manga e7fa5fe6-7988-4f69-a6b8-7f5c34ade5d4, chapter 3 (en)
[2025-05-16T05:48:28.029+0000] {log.py:232} WARNING - 2025-05-16 05:48:28,028 - INFO: Adding new chapter 3 (en) for manga e7fa5fe6-7988-4f69-a6b8-7f5c34ade5d4
[2025-05-16T05:48:28.028+0000] {update_sequential.py:244} INFO - Adding new chapter 3 (en) for manga e7fa5fe6-7988-4f69-a6b8-7f5c34ade5d4
[2025-05-16T05:48:28.320+0000] {log.py:232} WARNING - 2025-05-16 05:48:28,319 - INFO: Processing manga e7fa5fe6-7988-4f69-a6b8-7f5c34ade5d4, chapter 4 (en)
[2025-05-16T05:48:28.319+0000] {update_sequential.py:209} INFO - Processing manga e7fa5fe6-7988-4f69-a6b8-7f5c34ade5d4, chapter 4 (en)
[2025-05-16T05:48:28.323+0000] {log.py:232} WARNING - 2025-05-16 05:48:28,322 - INFO: Adding new chapter 4 (en) for manga e7fa5fe6-7988-4f69-a6b8-7f5c34ade5d4
[2025-05-16T05:48:28.322+0000] {update_sequential.py:244} INFO - Adding new chapter 4 (en) for manga e7fa5fe6-7988-4f69-a6b8-7f5c34ade5d4
[2025-05-16T05:48:28.613+0000] {log.py:232} WARNING - 2025-05-16 05:48:28,612 - INFO: Processing manga e7fa5fe6-7988-4f69-a6b8-7f5c34ade5d4, chapter 5 (en)
[2025-05-16T05:48:28.612+0000] {update_sequential.py:209} INFO - Processing manga e7fa5fe6-7988-4f69-a6b8-7f5c34ade5d4, chapter 5 (en)
[2025-05-16T05:48:28.617+0000] {log.py:232} WARNING - 2025-05-16 05:48:28,616 - INFO: Adding new chapter 5 (en) for manga e7fa5fe6-7988-4f69-a6b8-7f5c34ade5d4
[2025-05-16T05:48:28.616+0000] {update_sequential.py:244} INFO - Adding new chapter 5 (en) for manga e7fa5fe6-7988-4f69-a6b8-7f5c34ade5d4
[2025-05-16T05:48:28.911+0000] {log.py:232} WARNING - 2025-05-16 05:48:28,909 - INFO: Processing manga e7fa5fe6-7988-4f69-a6b8-7f5c34ade5d4, chapter 6 (en)
[2025-05-16T05:48:28.909+0000] {update_sequential.py:209} INFO - Processing manga e7fa5fe6-7988-4f69-a6b8-7f5c34ade5d4, chapter 6 (en)
[2025-05-16T05:48:28.919+0000] {log.py:232} WARNING - 2025-05-16 05:48:28,918 - INFO: Adding new chapter 6 (en) for manga e7fa5fe6-7988-4f69-a6b8-7f5c34ade5d4
[2025-05-16T05:48:28.918+0000] {update_sequential.py:244} INFO - Adding new chapter 6 (en) for manga e7fa5fe6-7988-4f69-a6b8-7f5c34ade5d4
[2025-05-16T05:48:29.221+0000] {log.py:232} WARNING - 2025-05-16 05:48:29,220 - INFO: Processing manga e7fa5fe6-7988-4f69-a6b8-7f5c34ade5d4, chapter 7 (en)
[2025-05-16T05:48:29.220+0000] {update_sequential.py:209} INFO - Processing manga e7fa5fe6-7988-4f69-a6b8-7f5c34ade5d4, chapter 7 (en)
[2025-05-16T05:48:29.223+0000] {log.py:232} WARNING - 2025-05-16 05:48:29,222 - INFO: Adding new chapter 7 (en) for manga e7fa5fe6-7988-4f69-a6b8-7f5c34ade5d4
[2025-05-16T05:48:29.222+0000] {update_sequential.py:244} INFO - Adding new chapter 7 (en) for manga e7fa5fe6-7988-4f69-a6b8-7f5c34ade5d4
[2025-05-16T05:48:29.509+0000] {log.py:232} WARNING - 2025-05-16 05:48:29,508 - INFO: Processing manga e7fa5fe6-7988-4f69-a6b8-7f5c34ade5d4, chapter 8 (en)
[2025-05-16T05:48:29.508+0000] {update_sequential.py:209} INFO - Processing manga e7fa5fe6-7988-4f69-a6b8-7f5c34ade5d4, chapter 8 (en)
[2025-05-16T05:48:29.511+0000] {log.py:232} WARNING - 2025-05-16 05:48:29,510 - INFO: Adding new chapter 8 (en) for manga e7fa5fe6-7988-4f69-a6b8-7f5c34ade5d4
[2025-05-16T05:48:29.510+0000] {update_sequential.py:244} INFO - Adding new chapter 8 (en) for manga e7fa5fe6-7988-4f69-a6b8-7f5c34ade5d4
[2025-05-16T05:48:29.798+0000] {log.py:232} WARNING - 2025-05-16 05:48:29,797 - INFO: Processing manga e7fa5fe6-7988-4f69-a6b8-7f5c34ade5d4, chapter 9 (en)
[2025-05-16T05:48:29.797+0000] {update_sequential.py:209} INFO - Processing manga e7fa5fe6-7988-4f69-a6b8-7f5c34ade5d4, chapter 9 (en)
[2025-05-16T05:48:29.800+0000] {log.py:232} WARNING - 2025-05-16 05:48:29,799 - INFO: Adding new chapter 9 (en) for manga e7fa5fe6-7988-4f69-a6b8-7f5c34ade5d4
[2025-05-16T05:48:29.799+0000] {update_sequential.py:244} INFO - Adding new chapter 9 (en) for manga e7fa5fe6-7988-4f69-a6b8-7f5c34ade5d4
[2025-05-16T05:48:30.087+0000] {log.py:232} WARNING - 2025-05-16 05:48:30,087 - INFO: Processing manga e7fa5fe6-7988-4f69-a6b8-7f5c34ade5d4, chapter 10 (en)
[2025-05-16T05:48:30.087+0000] {update_sequential.py:209} INFO - Processing manga e7fa5fe6-7988-4f69-a6b8-7f5c34ade5d4, chapter 10 (en)
[2025-05-16T05:48:30.088+0000] {log.py:232} WARNING - 2025-05-16 05:48:30,088 - INFO: Adding new chapter 10 (en) for manga e7fa5fe6-7988-4f69-a6b8-7f5c34ade5d4
[2025-05-16T05:48:30.088+0000] {update_sequential.py:244} INFO - Adding new chapter 10 (en) for manga e7fa5fe6-7988-4f69-a6b8-7f5c34ade5d4
[2025-05-16T05:48:30.379+0000] {log.py:232} WARNING - 2025-05-16 05:48:30,378 - INFO: Processing manga e7fa5fe6-7988-4f69-a6b8-7f5c34ade5d4, chapter 11 (en)
[2025-05-16T05:48:30.378+0000] {update_sequential.py:209} INFO - Processing manga e7fa5fe6-7988-4f69-a6b8-7f5c34ade5d4, chapter 11 (en)
[2025-05-16T05:48:30.381+0000] {log.py:232} WARNING - 2025-05-16 05:48:30,381 - INFO: Adding new chapter 11 (en) for manga e7fa5fe6-7988-4f69-a6b8-7f5c34ade5d4
[2025-05-16T05:48:30.381+0000] {update_sequential.py:244} INFO - Adding new chapter 11 (en) for manga e7fa5fe6-7988-4f69-a6b8-7f5c34ade5d4
[2025-05-16T05:48:30.668+0000] {log.py:232} WARNING - 2025-05-16 05:48:30,667 - INFO: Processing manga 051f9e5b-72d9-4d32-ac41-2441c2c03a67, chapter 0 (en)
[2025-05-16T05:48:30.667+0000] {update_sequential.py:209} INFO - Processing manga 051f9e5b-72d9-4d32-ac41-2441c2c03a67, chapter 0 (en)
[2025-05-16T05:48:30.670+0000] {log.py:232} WARNING - 2025-05-16 05:48:30,669 - INFO: Adding new chapter 0 (en) for manga 051f9e5b-72d9-4d32-ac41-2441c2c03a67
[2025-05-16T05:48:30.669+0000] {update_sequential.py:244} INFO - Adding new chapter 0 (en) for manga 051f9e5b-72d9-4d32-ac41-2441c2c03a67
[2025-05-16T05:48:30.957+0000] {log.py:232} WARNING - 2025-05-16 05:48:30,956 - INFO: Processing manga 2e85b6e4-f73c-4483-8860-f55f2bd67119, chapter 0 (en)
[2025-05-16T05:48:30.956+0000] {update_sequential.py:209} INFO - Processing manga 2e85b6e4-f73c-4483-8860-f55f2bd67119, chapter 0 (en)
[2025-05-16T05:48:30.958+0000] {log.py:232} WARNING - 2025-05-16 05:48:30,958 - INFO: Adding new chapter 0 (en) for manga 2e85b6e4-f73c-4483-8860-f55f2bd67119
[2025-05-16T05:48:30.958+0000] {update_sequential.py:244} INFO - Adding new chapter 0 (en) for manga 2e85b6e4-f73c-4483-8860-f55f2bd67119
[2025-05-16T05:48:31.245+0000] {log.py:232} WARNING - 2025-05-16 05:48:31,244 - INFO: Processing manga e46ede76-7aa6-4887-9eb2-b5fa537b91b6, chapter 1 (en)
[2025-05-16T05:48:31.244+0000] {update_sequential.py:209} INFO - Processing manga e46ede76-7aa6-4887-9eb2-b5fa537b91b6, chapter 1 (en)
[2025-05-16T05:48:31.247+0000] {log.py:232} WARNING - 2025-05-16 05:48:31,247 - INFO: Adding new chapter 1 (en) for manga e46ede76-7aa6-4887-9eb2-b5fa537b91b6
[2025-05-16T05:48:31.247+0000] {update_sequential.py:244} INFO - Adding new chapter 1 (en) for manga e46ede76-7aa6-4887-9eb2-b5fa537b91b6
[2025-05-16T05:48:31.532+0000] {log.py:232} WARNING - 2025-05-16 05:48:31,532 - INFO: Processing manga e46ede76-7aa6-4887-9eb2-b5fa537b91b6, chapter 2 (en)
[2025-05-16T05:48:31.532+0000] {update_sequential.py:209} INFO - Processing manga e46ede76-7aa6-4887-9eb2-b5fa537b91b6, chapter 2 (en)
[2025-05-16T05:48:31.533+0000] {log.py:232} WARNING - 2025-05-16 05:48:31,533 - INFO: Adding new chapter 2 (en) for manga e46ede76-7aa6-4887-9eb2-b5fa537b91b6
[2025-05-16T05:48:31.533+0000] {update_sequential.py:244} INFO - Adding new chapter 2 (en) for manga e46ede76-7aa6-4887-9eb2-b5fa537b91b6
[2025-05-16T05:48:31.821+0000] {log.py:232} WARNING - 2025-05-16 05:48:31,820 - INFO: Processing manga e46ede76-7aa6-4887-9eb2-b5fa537b91b6, chapter 3 (en)
[2025-05-16T05:48:31.820+0000] {update_sequential.py:209} INFO - Processing manga e46ede76-7aa6-4887-9eb2-b5fa537b91b6, chapter 3 (en)
[2025-05-16T05:48:31.825+0000] {log.py:232} WARNING - 2025-05-16 05:48:31,824 - INFO: Adding new chapter 3 (en) for manga e46ede76-7aa6-4887-9eb2-b5fa537b91b6
[2025-05-16T05:48:31.824+0000] {update_sequential.py:244} INFO - Adding new chapter 3 (en) for manga e46ede76-7aa6-4887-9eb2-b5fa537b91b6
[2025-05-16T05:48:32.122+0000] {log.py:232} WARNING - 2025-05-16 05:48:32,121 - INFO: Processing manga e46ede76-7aa6-4887-9eb2-b5fa537b91b6, chapter 4 (en)
[2025-05-16T05:48:32.121+0000] {update_sequential.py:209} INFO - Processing manga e46ede76-7aa6-4887-9eb2-b5fa537b91b6, chapter 4 (en)
[2025-05-16T05:48:32.127+0000] {log.py:232} WARNING - 2025-05-16 05:48:32,125 - INFO: Adding new chapter 4 (en) for manga e46ede76-7aa6-4887-9eb2-b5fa537b91b6
[2025-05-16T05:48:32.125+0000] {update_sequential.py:244} INFO - Adding new chapter 4 (en) for manga e46ede76-7aa6-4887-9eb2-b5fa537b91b6
[2025-05-16T05:48:32.416+0000] {log.py:232} WARNING - 2025-05-16 05:48:32,415 - INFO: Processing manga e46ede76-7aa6-4887-9eb2-b5fa537b91b6, chapter 5 (en)
[2025-05-16T05:48:32.415+0000] {update_sequential.py:209} INFO - Processing manga e46ede76-7aa6-4887-9eb2-b5fa537b91b6, chapter 5 (en)
[2025-05-16T05:48:32.417+0000] {log.py:232} WARNING - 2025-05-16 05:48:32,417 - INFO: Adding new chapter 5 (en) for manga e46ede76-7aa6-4887-9eb2-b5fa537b91b6
[2025-05-16T05:48:32.417+0000] {update_sequential.py:244} INFO - Adding new chapter 5 (en) for manga e46ede76-7aa6-4887-9eb2-b5fa537b91b6
[2025-05-16T05:48:32.705+0000] {log.py:232} WARNING - 2025-05-16 05:48:32,703 - INFO: Processing manga e46ede76-7aa6-4887-9eb2-b5fa537b91b6, chapter 6 (en)
[2025-05-16T05:48:32.703+0000] {update_sequential.py:209} INFO - Processing manga e46ede76-7aa6-4887-9eb2-b5fa537b91b6, chapter 6 (en)
[2025-05-16T05:48:32.708+0000] {log.py:232} WARNING - 2025-05-16 05:48:32,707 - INFO: Adding new chapter 6 (en) for manga e46ede76-7aa6-4887-9eb2-b5fa537b91b6
[2025-05-16T05:48:32.707+0000] {update_sequential.py:244} INFO - Adding new chapter 6 (en) for manga e46ede76-7aa6-4887-9eb2-b5fa537b91b6
[2025-05-16T05:48:33.008+0000] {log.py:232} WARNING - 2025-05-16 05:48:33,007 - INFO: Processing manga e46ede76-7aa6-4887-9eb2-b5fa537b91b6, chapter 7 (en)
[2025-05-16T05:48:33.007+0000] {update_sequential.py:209} INFO - Processing manga e46ede76-7aa6-4887-9eb2-b5fa537b91b6, chapter 7 (en)
[2025-05-16T05:48:33.010+0000] {log.py:232} WARNING - 2025-05-16 05:48:33,009 - INFO: Adding new chapter 7 (en) for manga e46ede76-7aa6-4887-9eb2-b5fa537b91b6
[2025-05-16T05:48:33.009+0000] {update_sequential.py:244} INFO - Adding new chapter 7 (en) for manga e46ede76-7aa6-4887-9eb2-b5fa537b91b6
[2025-05-16T05:48:33.295+0000] {log.py:232} WARNING - 2025-05-16 05:48:33,295 - INFO: Processing manga e46ede76-7aa6-4887-9eb2-b5fa537b91b6, chapter 8 (en)
[2025-05-16T05:48:33.295+0000] {update_sequential.py:209} INFO - Processing manga e46ede76-7aa6-4887-9eb2-b5fa537b91b6, chapter 8 (en)
[2025-05-16T05:48:33.297+0000] {log.py:232} WARNING - 2025-05-16 05:48:33,297 - INFO: Adding new chapter 8 (en) for manga e46ede76-7aa6-4887-9eb2-b5fa537b91b6
[2025-05-16T05:48:33.297+0000] {update_sequential.py:244} INFO - Adding new chapter 8 (en) for manga e46ede76-7aa6-4887-9eb2-b5fa537b91b6
[2025-05-16T05:48:33.585+0000] {log.py:232} WARNING - 2025-05-16 05:48:33,585 - INFO: Processing manga 96fb960c-77d2-46e2-90f8-95e41a2712c6, chapter None (en)
[2025-05-16T05:48:33.585+0000] {update_sequential.py:209} INFO - Processing manga 96fb960c-77d2-46e2-90f8-95e41a2712c6, chapter None (en)
[2025-05-16T05:48:33.587+0000] {log.py:232} WARNING - 2025-05-16 05:48:33,587 - INFO: Adding new chapter None (en) for manga 96fb960c-77d2-46e2-90f8-95e41a2712c6
[2025-05-16T05:48:33.587+0000] {update_sequential.py:244} INFO - Adding new chapter None (en) for manga 96fb960c-77d2-46e2-90f8-95e41a2712c6
[2025-05-16T05:48:33.885+0000] {log.py:232} WARNING - 2025-05-16 05:48:33,884 - INFO: Processing manga 62e80dfd-c1b0-4c65-994b-fd41697f140e, chapter None (en)
[2025-05-16T05:48:33.884+0000] {update_sequential.py:209} INFO - Processing manga 62e80dfd-c1b0-4c65-994b-fd41697f140e, chapter None (en)
[2025-05-16T05:48:33.894+0000] {log.py:232} WARNING - 2025-05-16 05:48:33,893 - INFO: Adding new chapter None (en) for manga 62e80dfd-c1b0-4c65-994b-fd41697f140e
[2025-05-16T05:48:33.893+0000] {update_sequential.py:244} INFO - Adding new chapter None (en) for manga 62e80dfd-c1b0-4c65-994b-fd41697f140e
[2025-05-16T05:48:34.219+0000] {log.py:232} WARNING - 2025-05-16 05:48:34,219 - INFO: Processing manga 1f4fdbf8-b46a-4401-aaa7-8a3d75e2a711, chapter None (en)
[2025-05-16T05:48:34.219+0000] {update_sequential.py:209} INFO - Processing manga 1f4fdbf8-b46a-4401-aaa7-8a3d75e2a711, chapter None (en)
[2025-05-16T05:48:34.221+0000] {log.py:232} WARNING - 2025-05-16 05:48:34,221 - INFO: Adding new chapter None (en) for manga 1f4fdbf8-b46a-4401-aaa7-8a3d75e2a711
[2025-05-16T05:48:34.221+0000] {update_sequential.py:244} INFO - Adding new chapter None (en) for manga 1f4fdbf8-b46a-4401-aaa7-8a3d75e2a711
[2025-05-16T05:48:34.511+0000] {log.py:232} WARNING - 2025-05-16 05:48:34,510 - INFO: Processing manga cb871a0b-8442-4f9d-8987-38a6d7f11d17, chapter 1 (en)
[2025-05-16T05:48:34.510+0000] {update_sequential.py:209} INFO - Processing manga cb871a0b-8442-4f9d-8987-38a6d7f11d17, chapter 1 (en)
[2025-05-16T05:48:34.514+0000] {log.py:232} WARNING - 2025-05-16 05:48:34,513 - INFO: Adding new chapter 1 (en) for manga cb871a0b-8442-4f9d-8987-38a6d7f11d17
[2025-05-16T05:48:34.513+0000] {update_sequential.py:244} INFO - Adding new chapter 1 (en) for manga cb871a0b-8442-4f9d-8987-38a6d7f11d17
[2025-05-16T05:48:34.805+0000] {log.py:232} WARNING - 2025-05-16 05:48:34,804 - INFO: Processing manga cb871a0b-8442-4f9d-8987-38a6d7f11d17, chapter 2 (en)
[2025-05-16T05:48:34.804+0000] {update_sequential.py:209} INFO - Processing manga cb871a0b-8442-4f9d-8987-38a6d7f11d17, chapter 2 (en)
[2025-05-16T05:48:34.807+0000] {log.py:232} WARNING - 2025-05-16 05:48:34,807 - INFO: Adding new chapter 2 (en) for manga cb871a0b-8442-4f9d-8987-38a6d7f11d17
[2025-05-16T05:48:34.807+0000] {update_sequential.py:244} INFO - Adding new chapter 2 (en) for manga cb871a0b-8442-4f9d-8987-38a6d7f11d17
[2025-05-16T05:48:35.095+0000] {log.py:232} WARNING - 2025-05-16 05:48:35,094 - INFO: Processing manga cb871a0b-8442-4f9d-8987-38a6d7f11d17, chapter 3 (en)
[2025-05-16T05:48:35.094+0000] {update_sequential.py:209} INFO - Processing manga cb871a0b-8442-4f9d-8987-38a6d7f11d17, chapter 3 (en)
[2025-05-16T05:48:35.098+0000] {log.py:232} WARNING - 2025-05-16 05:48:35,097 - INFO: Adding new chapter 3 (en) for manga cb871a0b-8442-4f9d-8987-38a6d7f11d17
[2025-05-16T05:48:35.097+0000] {update_sequential.py:244} INFO - Adding new chapter 3 (en) for manga cb871a0b-8442-4f9d-8987-38a6d7f11d17
[2025-05-16T05:48:35.390+0000] {log.py:232} WARNING - 2025-05-16 05:48:35,390 - INFO: Processing manga efa87e8e-dc98-4d67-9aaa-5f99742cd68b, chapter 1 (en)
[2025-05-16T05:48:35.390+0000] {update_sequential.py:209} INFO - Processing manga efa87e8e-dc98-4d67-9aaa-5f99742cd68b, chapter 1 (en)
[2025-05-16T05:48:35.392+0000] {log.py:232} WARNING - 2025-05-16 05:48:35,392 - INFO: Adding new chapter 1 (en) for manga efa87e8e-dc98-4d67-9aaa-5f99742cd68b
[2025-05-16T05:48:35.392+0000] {update_sequential.py:244} INFO - Adding new chapter 1 (en) for manga efa87e8e-dc98-4d67-9aaa-5f99742cd68b
[2025-05-16T05:48:35.682+0000] {log.py:232} WARNING - 2025-05-16 05:48:35,682 - INFO: Processing manga efa87e8e-dc98-4d67-9aaa-5f99742cd68b, chapter 2 (en)
[2025-05-16T05:48:35.682+0000] {update_sequential.py:209} INFO - Processing manga efa87e8e-dc98-4d67-9aaa-5f99742cd68b, chapter 2 (en)
[2025-05-16T05:48:35.684+0000] {log.py:232} WARNING - 2025-05-16 05:48:35,683 - INFO: Adding new chapter 2 (en) for manga efa87e8e-dc98-4d67-9aaa-5f99742cd68b
[2025-05-16T05:48:35.683+0000] {update_sequential.py:244} INFO - Adding new chapter 2 (en) for manga efa87e8e-dc98-4d67-9aaa-5f99742cd68b
[2025-05-16T05:48:35.969+0000] {log.py:232} WARNING - 2025-05-16 05:48:35,968 - INFO: Processing manga efa87e8e-dc98-4d67-9aaa-5f99742cd68b, chapter 3 (en)
[2025-05-16T05:48:35.968+0000] {update_sequential.py:209} INFO - Processing manga efa87e8e-dc98-4d67-9aaa-5f99742cd68b, chapter 3 (en)
[2025-05-16T05:48:35.970+0000] {log.py:232} WARNING - 2025-05-16 05:48:35,970 - INFO: Adding new chapter 3 (en) for manga efa87e8e-dc98-4d67-9aaa-5f99742cd68b
[2025-05-16T05:48:35.970+0000] {update_sequential.py:244} INFO - Adding new chapter 3 (en) for manga efa87e8e-dc98-4d67-9aaa-5f99742cd68b
[2025-05-16T05:48:36.256+0000] {log.py:232} WARNING - 2025-05-16 05:48:36,255 - INFO: Processing manga efa87e8e-dc98-4d67-9aaa-5f99742cd68b, chapter 4 (en)
[2025-05-16T05:48:36.255+0000] {update_sequential.py:209} INFO - Processing manga efa87e8e-dc98-4d67-9aaa-5f99742cd68b, chapter 4 (en)
[2025-05-16T05:48:36.257+0000] {log.py:232} WARNING - 2025-05-16 05:48:36,257 - INFO: Adding new chapter 4 (en) for manga efa87e8e-dc98-4d67-9aaa-5f99742cd68b
[2025-05-16T05:48:36.257+0000] {update_sequential.py:244} INFO - Adding new chapter 4 (en) for manga efa87e8e-dc98-4d67-9aaa-5f99742cd68b
[2025-05-16T05:48:36.547+0000] {log.py:232} WARNING - 2025-05-16 05:48:36,546 - INFO: Processing manga efa87e8e-dc98-4d67-9aaa-5f99742cd68b, chapter 5 (en)
[2025-05-16T05:48:36.546+0000] {update_sequential.py:209} INFO - Processing manga efa87e8e-dc98-4d67-9aaa-5f99742cd68b, chapter 5 (en)
[2025-05-16T05:48:36.550+0000] {log.py:232} WARNING - 2025-05-16 05:48:36,549 - INFO: Adding new chapter 5 (en) for manga efa87e8e-dc98-4d67-9aaa-5f99742cd68b
[2025-05-16T05:48:36.549+0000] {update_sequential.py:244} INFO - Adding new chapter 5 (en) for manga efa87e8e-dc98-4d67-9aaa-5f99742cd68b
[2025-05-16T05:48:36.842+0000] {log.py:232} WARNING - 2025-05-16 05:48:36,841 - INFO: Processing manga efa87e8e-dc98-4d67-9aaa-5f99742cd68b, chapter 6 (en)
[2025-05-16T05:48:36.841+0000] {update_sequential.py:209} INFO - Processing manga efa87e8e-dc98-4d67-9aaa-5f99742cd68b, chapter 6 (en)
[2025-05-16T05:48:36.847+0000] {log.py:232} WARNING - 2025-05-16 05:48:36,846 - INFO: Adding new chapter 6 (en) for manga efa87e8e-dc98-4d67-9aaa-5f99742cd68b
[2025-05-16T05:48:36.846+0000] {update_sequential.py:244} INFO - Adding new chapter 6 (en) for manga efa87e8e-dc98-4d67-9aaa-5f99742cd68b
[2025-05-16T05:48:37.139+0000] {log.py:232} WARNING - 2025-05-16 05:48:37,138 - INFO: Processing manga 97da1b58-741f-4294-9f25-44cde1ecdf9a, chapter 1 (en)
[2025-05-16T05:48:37.138+0000] {update_sequential.py:209} INFO - Processing manga 97da1b58-741f-4294-9f25-44cde1ecdf9a, chapter 1 (en)
[2025-05-16T05:48:37.141+0000] {log.py:232} WARNING - 2025-05-16 05:48:37,140 - INFO: Adding new chapter 1 (en) for manga 97da1b58-741f-4294-9f25-44cde1ecdf9a
[2025-05-16T05:48:37.140+0000] {update_sequential.py:244} INFO - Adding new chapter 1 (en) for manga 97da1b58-741f-4294-9f25-44cde1ecdf9a
[2025-05-16T05:48:37.428+0000] {log.py:232} WARNING - 2025-05-16 05:48:37,427 - INFO: Processing manga 97da1b58-741f-4294-9f25-44cde1ecdf9a, chapter 2 (en)
[2025-05-16T05:48:37.427+0000] {update_sequential.py:209} INFO - Processing manga 97da1b58-741f-4294-9f25-44cde1ecdf9a, chapter 2 (en)
[2025-05-16T05:48:37.429+0000] {log.py:232} WARNING - 2025-05-16 05:48:37,429 - INFO: Adding new chapter 2 (en) for manga 97da1b58-741f-4294-9f25-44cde1ecdf9a
[2025-05-16T05:48:37.429+0000] {update_sequential.py:244} INFO - Adding new chapter 2 (en) for manga 97da1b58-741f-4294-9f25-44cde1ecdf9a
[2025-05-16T05:48:37.715+0000] {log.py:232} WARNING - 2025-05-16 05:48:37,715 - INFO: Processing manga 97da1b58-741f-4294-9f25-44cde1ecdf9a, chapter 3 (en)
[2025-05-16T05:48:37.715+0000] {update_sequential.py:209} INFO - Processing manga 97da1b58-741f-4294-9f25-44cde1ecdf9a, chapter 3 (en)
[2025-05-16T05:48:37.716+0000] {log.py:232} WARNING - 2025-05-16 05:48:37,716 - INFO: Adding new chapter 3 (en) for manga 97da1b58-741f-4294-9f25-44cde1ecdf9a
[2025-05-16T05:48:37.716+0000] {update_sequential.py:244} INFO - Adding new chapter 3 (en) for manga 97da1b58-741f-4294-9f25-44cde1ecdf9a
[2025-05-16T05:48:38.001+0000] {log.py:232} WARNING - 2025-05-16 05:48:38,001 - INFO: Processing manga 97da1b58-741f-4294-9f25-44cde1ecdf9a, chapter 4 (en)
[2025-05-16T05:48:38.001+0000] {update_sequential.py:209} INFO - Processing manga 97da1b58-741f-4294-9f25-44cde1ecdf9a, chapter 4 (en)
[2025-05-16T05:48:38.003+0000] {log.py:232} WARNING - 2025-05-16 05:48:38,003 - INFO: Adding new chapter 4 (en) for manga 97da1b58-741f-4294-9f25-44cde1ecdf9a
[2025-05-16T05:48:38.003+0000] {update_sequential.py:244} INFO - Adding new chapter 4 (en) for manga 97da1b58-741f-4294-9f25-44cde1ecdf9a
[2025-05-16T05:48:38.294+0000] {log.py:232} WARNING - 2025-05-16 05:48:38,294 - INFO: Processing manga 8928976d-1485-4260-b6d1-13552690a9f4, chapter 1 (en)
[2025-05-16T05:48:38.294+0000] {update_sequential.py:209} INFO - Processing manga 8928976d-1485-4260-b6d1-13552690a9f4, chapter 1 (en)
[2025-05-16T05:48:38.296+0000] {log.py:232} WARNING - 2025-05-16 05:48:38,296 - INFO: Adding new chapter 1 (en) for manga 8928976d-1485-4260-b6d1-13552690a9f4
[2025-05-16T05:48:38.296+0000] {update_sequential.py:244} INFO - Adding new chapter 1 (en) for manga 8928976d-1485-4260-b6d1-13552690a9f4
[2025-05-16T05:48:38.583+0000] {log.py:232} WARNING - 2025-05-16 05:48:38,583 - INFO: Processing manga 8928976d-1485-4260-b6d1-13552690a9f4, chapter 2 (en)
[2025-05-16T05:48:38.583+0000] {update_sequential.py:209} INFO - Processing manga 8928976d-1485-4260-b6d1-13552690a9f4, chapter 2 (en)
[2025-05-16T05:48:38.585+0000] {log.py:232} WARNING - 2025-05-16 05:48:38,584 - INFO: Adding new chapter 2 (en) for manga 8928976d-1485-4260-b6d1-13552690a9f4
[2025-05-16T05:48:38.584+0000] {update_sequential.py:244} INFO - Adding new chapter 2 (en) for manga 8928976d-1485-4260-b6d1-13552690a9f4
[2025-05-16T05:48:38.871+0000] {log.py:232} WARNING - 2025-05-16 05:48:38,871 - INFO: Processing manga 8928976d-1485-4260-b6d1-13552690a9f4, chapter 3 (en)
[2025-05-16T05:48:38.871+0000] {update_sequential.py:209} INFO - Processing manga 8928976d-1485-4260-b6d1-13552690a9f4, chapter 3 (en)
[2025-05-16T05:48:38.873+0000] {log.py:232} WARNING - 2025-05-16 05:48:38,872 - INFO: Adding new chapter 3 (en) for manga 8928976d-1485-4260-b6d1-13552690a9f4
[2025-05-16T05:48:38.872+0000] {update_sequential.py:244} INFO - Adding new chapter 3 (en) for manga 8928976d-1485-4260-b6d1-13552690a9f4
[2025-05-16T05:48:39.164+0000] {log.py:232} WARNING - 2025-05-16 05:48:39,164 - INFO: Processing manga 8928976d-1485-4260-b6d1-13552690a9f4, chapter 4 (en)
[2025-05-16T05:48:39.164+0000] {update_sequential.py:209} INFO - Processing manga 8928976d-1485-4260-b6d1-13552690a9f4, chapter 4 (en)
[2025-05-16T05:48:39.166+0000] {log.py:232} WARNING - 2025-05-16 05:48:39,165 - INFO: Adding new chapter 4 (en) for manga 8928976d-1485-4260-b6d1-13552690a9f4
[2025-05-16T05:48:39.165+0000] {update_sequential.py:244} INFO - Adding new chapter 4 (en) for manga 8928976d-1485-4260-b6d1-13552690a9f4
[2025-05-16T05:48:39.452+0000] {log.py:232} WARNING - 2025-05-16 05:48:39,451 - INFO: Processing manga 287e1422-57e8-4c73-8d04-9397760df929, chapter 1 (en)
[2025-05-16T05:48:39.451+0000] {update_sequential.py:209} INFO - Processing manga 287e1422-57e8-4c73-8d04-9397760df929, chapter 1 (en)
[2025-05-16T05:48:39.453+0000] {log.py:232} WARNING - 2025-05-16 05:48:39,453 - INFO: Adding new chapter 1 (en) for manga 287e1422-57e8-4c73-8d04-9397760df929
[2025-05-16T05:48:39.453+0000] {update_sequential.py:244} INFO - Adding new chapter 1 (en) for manga 287e1422-57e8-4c73-8d04-9397760df929
[2025-05-16T05:48:39.741+0000] {log.py:232} WARNING - 2025-05-16 05:48:39,741 - INFO: Processing manga cad50822-3589-40aa-9cbf-d96a2ccc6384, chapter 1 (en)
[2025-05-16T05:48:39.741+0000] {update_sequential.py:209} INFO - Processing manga cad50822-3589-40aa-9cbf-d96a2ccc6384, chapter 1 (en)
[2025-05-16T05:48:39.743+0000] {log.py:232} WARNING - 2025-05-16 05:48:39,742 - INFO: Adding new chapter 1 (en) for manga cad50822-3589-40aa-9cbf-d96a2ccc6384
[2025-05-16T05:48:39.742+0000] {update_sequential.py:244} INFO - Adding new chapter 1 (en) for manga cad50822-3589-40aa-9cbf-d96a2ccc6384
[2025-05-16T05:48:40.029+0000] {log.py:232} WARNING - 2025-05-16 05:48:40,028 - INFO: Processing manga cad50822-3589-40aa-9cbf-d96a2ccc6384, chapter 2 (en)
[2025-05-16T05:48:40.028+0000] {update_sequential.py:209} INFO - Processing manga cad50822-3589-40aa-9cbf-d96a2ccc6384, chapter 2 (en)
[2025-05-16T05:48:40.030+0000] {log.py:232} WARNING - 2025-05-16 05:48:40,030 - INFO: Adding new chapter 2 (en) for manga cad50822-3589-40aa-9cbf-d96a2ccc6384
[2025-05-16T05:48:40.030+0000] {update_sequential.py:244} INFO - Adding new chapter 2 (en) for manga cad50822-3589-40aa-9cbf-d96a2ccc6384
[2025-05-16T05:48:40.317+0000] {log.py:232} WARNING - 2025-05-16 05:48:40,316 - INFO: Processing manga cad50822-3589-40aa-9cbf-d96a2ccc6384, chapter 3 (en)
[2025-05-16T05:48:40.316+0000] {update_sequential.py:209} INFO - Processing manga cad50822-3589-40aa-9cbf-d96a2ccc6384, chapter 3 (en)
[2025-05-16T05:48:40.320+0000] {log.py:232} WARNING - 2025-05-16 05:48:40,319 - INFO: Adding new chapter 3 (en) for manga cad50822-3589-40aa-9cbf-d96a2ccc6384
[2025-05-16T05:48:40.319+0000] {update_sequential.py:244} INFO - Adding new chapter 3 (en) for manga cad50822-3589-40aa-9cbf-d96a2ccc6384
[2025-05-16T05:48:40.610+0000] {log.py:232} WARNING - 2025-05-16 05:48:40,609 - INFO: Processing manga cad50822-3589-40aa-9cbf-d96a2ccc6384, chapter 4 (en)
[2025-05-16T05:48:40.609+0000] {update_sequential.py:209} INFO - Processing manga cad50822-3589-40aa-9cbf-d96a2ccc6384, chapter 4 (en)
[2025-05-16T05:48:40.614+0000] {log.py:232} WARNING - 2025-05-16 05:48:40,613 - INFO: Adding new chapter 4 (en) for manga cad50822-3589-40aa-9cbf-d96a2ccc6384
[2025-05-16T05:48:40.613+0000] {update_sequential.py:244} INFO - Adding new chapter 4 (en) for manga cad50822-3589-40aa-9cbf-d96a2ccc6384
[2025-05-16T05:48:40.906+0000] {log.py:232} WARNING - 2025-05-16 05:48:40,905 - INFO: Processing manga cad50822-3589-40aa-9cbf-d96a2ccc6384, chapter 4.5 (en)
[2025-05-16T05:48:40.905+0000] {update_sequential.py:209} INFO - Processing manga cad50822-3589-40aa-9cbf-d96a2ccc6384, chapter 4.5 (en)
[2025-05-16T05:48:40.908+0000] {log.py:232} WARNING - 2025-05-16 05:48:40,908 - INFO: Adding new chapter 4.5 (en) for manga cad50822-3589-40aa-9cbf-d96a2ccc6384
[2025-05-16T05:48:40.908+0000] {update_sequential.py:244} INFO - Adding new chapter 4.5 (en) for manga cad50822-3589-40aa-9cbf-d96a2ccc6384
[2025-05-16T05:48:41.194+0000] {log.py:232} WARNING - 2025-05-16 05:48:41,194 - INFO: Processing manga 4d393a81-0015-4744-bf9a-064394e3f234, chapter 1 (en)
[2025-05-16T05:48:41.194+0000] {update_sequential.py:209} INFO - Processing manga 4d393a81-0015-4744-bf9a-064394e3f234, chapter 1 (en)
[2025-05-16T05:48:41.196+0000] {log.py:232} WARNING - 2025-05-16 05:48:41,196 - INFO: Adding new chapter 1 (en) for manga 4d393a81-0015-4744-bf9a-064394e3f234
[2025-05-16T05:48:41.196+0000] {update_sequential.py:244} INFO - Adding new chapter 1 (en) for manga 4d393a81-0015-4744-bf9a-064394e3f234
[2025-05-16T05:48:41.483+0000] {log.py:232} WARNING - 2025-05-16 05:48:41,482 - INFO: Processing manga bdac77b1-608f-4b0d-9773-7053dac0eca6, chapter 1 (en)
[2025-05-16T05:48:41.482+0000] {update_sequential.py:209} INFO - Processing manga bdac77b1-608f-4b0d-9773-7053dac0eca6, chapter 1 (en)
[2025-05-16T05:48:41.485+0000] {log.py:232} WARNING - 2025-05-16 05:48:41,485 - INFO: Adding new chapter 1 (en) for manga bdac77b1-608f-4b0d-9773-7053dac0eca6
[2025-05-16T05:48:41.485+0000] {update_sequential.py:244} INFO - Adding new chapter 1 (en) for manga bdac77b1-608f-4b0d-9773-7053dac0eca6
[2025-05-16T05:48:41.771+0000] {log.py:232} WARNING - 2025-05-16 05:48:41,770 - INFO: Processing manga bdac77b1-608f-4b0d-9773-7053dac0eca6, chapter 2 (en)
[2025-05-16T05:48:41.770+0000] {update_sequential.py:209} INFO - Processing manga bdac77b1-608f-4b0d-9773-7053dac0eca6, chapter 2 (en)
[2025-05-16T05:48:41.773+0000] {log.py:232} WARNING - 2025-05-16 05:48:41,773 - INFO: Adding new chapter 2 (en) for manga bdac77b1-608f-4b0d-9773-7053dac0eca6
[2025-05-16T05:48:41.773+0000] {update_sequential.py:244} INFO - Adding new chapter 2 (en) for manga bdac77b1-608f-4b0d-9773-7053dac0eca6
[2025-05-16T05:48:42.059+0000] {log.py:232} WARNING - 2025-05-16 05:48:42,059 - INFO: Processing manga bdac77b1-608f-4b0d-9773-7053dac0eca6, chapter 3 (en)
[2025-05-16T05:48:42.059+0000] {update_sequential.py:209} INFO - Processing manga bdac77b1-608f-4b0d-9773-7053dac0eca6, chapter 3 (en)
[2025-05-16T05:48:42.061+0000] {log.py:232} WARNING - 2025-05-16 05:48:42,060 - INFO: Adding new chapter 3 (en) for manga bdac77b1-608f-4b0d-9773-7053dac0eca6
[2025-05-16T05:48:42.060+0000] {update_sequential.py:244} INFO - Adding new chapter 3 (en) for manga bdac77b1-608f-4b0d-9773-7053dac0eca6
[2025-05-16T05:48:42.348+0000] {log.py:232} WARNING - 2025-05-16 05:48:42,347 - INFO: Processing manga bdac77b1-608f-4b0d-9773-7053dac0eca6, chapter 4 (en)
[2025-05-16T05:48:42.347+0000] {update_sequential.py:209} INFO - Processing manga bdac77b1-608f-4b0d-9773-7053dac0eca6, chapter 4 (en)
[2025-05-16T05:48:42.350+0000] {log.py:232} WARNING - 2025-05-16 05:48:42,349 - INFO: Adding new chapter 4 (en) for manga bdac77b1-608f-4b0d-9773-7053dac0eca6
[2025-05-16T05:48:42.349+0000] {update_sequential.py:244} INFO - Adding new chapter 4 (en) for manga bdac77b1-608f-4b0d-9773-7053dac0eca6
[2025-05-16T05:48:42.637+0000] {log.py:232} WARNING - 2025-05-16 05:48:42,637 - INFO: Processing manga bdac77b1-608f-4b0d-9773-7053dac0eca6, chapter 5 (en)
[2025-05-16T05:48:42.637+0000] {update_sequential.py:209} INFO - Processing manga bdac77b1-608f-4b0d-9773-7053dac0eca6, chapter 5 (en)
[2025-05-16T05:48:42.640+0000] {log.py:232} WARNING - 2025-05-16 05:48:42,639 - INFO: Adding new chapter 5 (en) for manga bdac77b1-608f-4b0d-9773-7053dac0eca6
[2025-05-16T05:48:42.639+0000] {update_sequential.py:244} INFO - Adding new chapter 5 (en) for manga bdac77b1-608f-4b0d-9773-7053dac0eca6
[2025-05-16T05:48:42.929+0000] {log.py:232} WARNING - 2025-05-16 05:48:42,928 - INFO: Processing manga f777da8d-878b-4114-a256-31b21933afc3, chapter 1 (en)
[2025-05-16T05:48:42.928+0000] {update_sequential.py:209} INFO - Processing manga f777da8d-878b-4114-a256-31b21933afc3, chapter 1 (en)
[2025-05-16T05:48:42.931+0000] {log.py:232} WARNING - 2025-05-16 05:48:42,931 - INFO: Adding new chapter 1 (en) for manga f777da8d-878b-4114-a256-31b21933afc3
[2025-05-16T05:48:42.931+0000] {update_sequential.py:244} INFO - Adding new chapter 1 (en) for manga f777da8d-878b-4114-a256-31b21933afc3
[2025-05-16T05:48:43.218+0000] {log.py:232} WARNING - 2025-05-16 05:48:43,218 - INFO: Processing manga 255937ca-c65b-4f8e-bb39-a41ac667362b, chapter 1 (en)
[2025-05-16T05:48:43.218+0000] {update_sequential.py:209} INFO - Processing manga 255937ca-c65b-4f8e-bb39-a41ac667362b, chapter 1 (en)
[2025-05-16T05:48:43.220+0000] {log.py:232} WARNING - 2025-05-16 05:48:43,219 - INFO: Adding new chapter 1 (en) for manga 255937ca-c65b-4f8e-bb39-a41ac667362b
[2025-05-16T05:48:43.219+0000] {update_sequential.py:244} INFO - Adding new chapter 1 (en) for manga 255937ca-c65b-4f8e-bb39-a41ac667362b
[2025-05-16T05:48:43.505+0000] {log.py:232} WARNING - 2025-05-16 05:48:43,504 - INFO: Processing manga 255937ca-c65b-4f8e-bb39-a41ac667362b, chapter 2 (en)
[2025-05-16T05:48:43.504+0000] {update_sequential.py:209} INFO - Processing manga 255937ca-c65b-4f8e-bb39-a41ac667362b, chapter 2 (en)
[2025-05-16T05:48:43.506+0000] {log.py:232} WARNING - 2025-05-16 05:48:43,506 - INFO: Adding new chapter 2 (en) for manga 255937ca-c65b-4f8e-bb39-a41ac667362b
[2025-05-16T05:48:43.506+0000] {update_sequential.py:244} INFO - Adding new chapter 2 (en) for manga 255937ca-c65b-4f8e-bb39-a41ac667362b
[2025-05-16T05:48:43.794+0000] {log.py:232} WARNING - 2025-05-16 05:48:43,793 - INFO: Processing manga 255937ca-c65b-4f8e-bb39-a41ac667362b, chapter 3 (en)
[2025-05-16T05:48:43.793+0000] {update_sequential.py:209} INFO - Processing manga 255937ca-c65b-4f8e-bb39-a41ac667362b, chapter 3 (en)
[2025-05-16T05:48:43.795+0000] {log.py:232} WARNING - 2025-05-16 05:48:43,795 - INFO: Adding new chapter 3 (en) for manga 255937ca-c65b-4f8e-bb39-a41ac667362b
[2025-05-16T05:48:43.795+0000] {update_sequential.py:244} INFO - Adding new chapter 3 (en) for manga 255937ca-c65b-4f8e-bb39-a41ac667362b
[2025-05-16T05:48:44.082+0000] {log.py:232} WARNING - 2025-05-16 05:48:44,081 - INFO: Processing manga 255937ca-c65b-4f8e-bb39-a41ac667362b, chapter 4 (en)
[2025-05-16T05:48:44.081+0000] {update_sequential.py:209} INFO - Processing manga 255937ca-c65b-4f8e-bb39-a41ac667362b, chapter 4 (en)
[2025-05-16T05:48:44.084+0000] {log.py:232} WARNING - 2025-05-16 05:48:44,083 - INFO: Adding new chapter 4 (en) for manga 255937ca-c65b-4f8e-bb39-a41ac667362b
[2025-05-16T05:48:44.083+0000] {update_sequential.py:244} INFO - Adding new chapter 4 (en) for manga 255937ca-c65b-4f8e-bb39-a41ac667362b
[2025-05-16T05:48:44.373+0000] {log.py:232} WARNING - 2025-05-16 05:48:44,373 - INFO: Processing manga 16ac1429-593f-4fe5-a529-ce8aed994ef5, chapter None (en)
[2025-05-16T05:48:44.373+0000] {update_sequential.py:209} INFO - Processing manga 16ac1429-593f-4fe5-a529-ce8aed994ef5, chapter None (en)
[2025-05-16T05:48:44.375+0000] {log.py:232} WARNING - 2025-05-16 05:48:44,375 - INFO: Adding new chapter None (en) for manga 16ac1429-593f-4fe5-a529-ce8aed994ef5
[2025-05-16T05:48:44.375+0000] {update_sequential.py:244} INFO - Adding new chapter None (en) for manga 16ac1429-593f-4fe5-a529-ce8aed994ef5
[2025-05-16T05:48:44.660+0000] {log.py:232} WARNING - 2025-05-16 05:48:44,660 - INFO: Processing manga da6c7a1e-e528-4a1e-8a09-c5443ab77225, chapter None (en)
[2025-05-16T05:48:44.660+0000] {update_sequential.py:209} INFO - Processing manga da6c7a1e-e528-4a1e-8a09-c5443ab77225, chapter None (en)
[2025-05-16T05:48:44.662+0000] {log.py:232} WARNING - 2025-05-16 05:48:44,662 - INFO: Adding new chapter None (en) for manga da6c7a1e-e528-4a1e-8a09-c5443ab77225
[2025-05-16T05:48:44.662+0000] {update_sequential.py:244} INFO - Adding new chapter None (en) for manga da6c7a1e-e528-4a1e-8a09-c5443ab77225
[2025-05-16T05:48:44.955+0000] {log.py:232} WARNING - 2025-05-16 05:48:44,954 - INFO: Processing manga f1b3d291-ac40-41b0-bddf-d6d3dda03515, chapter 1 (en)
[2025-05-16T05:48:44.954+0000] {update_sequential.py:209} INFO - Processing manga f1b3d291-ac40-41b0-bddf-d6d3dda03515, chapter 1 (en)
[2025-05-16T05:48:44.957+0000] {log.py:232} WARNING - 2025-05-16 05:48:44,957 - INFO: Adding new chapter 1 (en) for manga f1b3d291-ac40-41b0-bddf-d6d3dda03515
[2025-05-16T05:48:44.957+0000] {update_sequential.py:244} INFO - Adding new chapter 1 (en) for manga f1b3d291-ac40-41b0-bddf-d6d3dda03515
[2025-05-16T05:48:45.533+0000] {log.py:232} WARNING - 2025-05-16 05:48:45,532 - INFO: Database update complete
[2025-05-16T05:48:45.532+0000] {update_sequential.py:265} INFO - Database update complete
[2025-05-16T05:48:45.536+0000] {log.py:232} WARNING - 2025-05-16 05:48:45,535 - INFO: Total chapters added/updated: 87
[2025-05-16T05:48:45.535+0000] {update_sequential.py:269} INFO - Total chapters added/updated: 87
[2025-05-16T05:48:45.539+0000] {log.py:232} WARNING - 2025-05-16 05:48:45,538 - INFO: Total chapters replaced with English translations: 0
[2025-05-16T05:48:45.538+0000] {update_sequential.py:270} INFO - Total chapters replaced with English translations: 0
[2025-05-16T05:48:45.840+0000] {log.py:232} WARNING - 2025-05-16 05:48:45,840 - INFO: Registered chapter rollback data for 87 chapter IDs
[2025-05-16T05:48:45.840+0000] {update_manga_database_dag.py:157} INFO - Registered chapter rollback data for 87 chapter IDs
[2025-05-16T05:48:45.842+0000] {log.py:232} WARNING - 2025-05-16 05:48:45,842 - INFO: Updated/added 87 chapters, replaced 0
[2025-05-16T05:48:45.842+0000] {update_manga_database_dag.py:420} INFO - Updated/added 87 chapters, replaced 0
[2025-05-16T05:48:45.843+0000] {log.py:232} WARNING - 2025-05-16 05:48:45,843 - INFO: Starting image data update
[2025-05-16T05:48:45.843+0000] {update_manga_database_dag.py:424} INFO - Starting image data update
[2025-05-16T05:48:45.845+0000] {log.py:232} WARNING - 2025-05-16 05:48:45,844 - INFO: Checking for existing chapters...
[2025-05-16T05:48:45.844+0000] {update_sequential.py:310} INFO - Checking for existing chapters...
[2025-05-16T05:48:47.082+0000] {logging_mixin.py:190} WARNING - Preparing data:   0%|                                                         | 0/5 [00:00<?, ?it/s]
[2025-05-16T05:48:47.083+0000] {logging_mixin.py:190} WARNING - Preparing data: 100%|##############################################| 5/5 [00:00<00:00, 52167.96it/s]
[2025-05-16T05:48:47.084+0000] {log.py:232} WARNING - 2025-05-16 05:48:47,084 - INFO: Starting MongoDB bulk update with 5 new chapters...
[2025-05-16T05:48:47.084+0000] {update_sequential.py:345} INFO - Starting MongoDB bulk update with 5 new chapters...
[2025-05-16T05:48:47.088+0000] {logging_mixin.py:190} WARNING - Updating MongoDB:   0%|                                                       | 0/5 [00:00<?, ?it/s]
[2025-05-16T05:48:47.415+0000] {logging_mixin.py:190} WARNING - Updating MongoDB: 100%|###############################################| 5/5 [00:00<00:00, 15.35it/s]
[2025-05-16T05:48:47.416+0000] {logging_mixin.py:190} WARNING - Updating MongoDB: 100%|###############################################| 5/5 [00:00<00:00, 15.26it/s]
[2025-05-16T05:48:47.419+0000] {log.py:232} WARNING - 2025-05-16 05:48:47,418 - INFO: MongoDB update completed: Inserted: 5 | Duplicates skipped: 0
[2025-05-16T05:48:47.418+0000] {update_sequential.py:385} INFO - MongoDB update completed: Inserted: 5 | Duplicates skipped: 0
[2025-05-16T05:48:47.422+0000] {log.py:232} WARNING - 2025-05-16 05:48:47,422 - INFO: Inserted 5 chapters, skipped 0
[2025-05-16T05:48:47.422+0000] {update_manga_database_dag.py:426} INFO - Inserted 5 chapters, skipped 0
[2025-05-16T05:48:47.425+0000] {log.py:232} WARNING - 2025-05-16 05:48:47,424 - INFO: Registered image rollback data for 5 new chapters and 0 deleted chapters
[2025-05-16T05:48:47.424+0000] {update_manga_database_dag.py:181} INFO - Registered image rollback data for 5 new chapters and 0 deleted chapters
[2025-05-16T05:48:47.701+0000] {log.py:232} WARNING - 2025-05-16 05:48:47,701 - INFO: Transaction committed successfully
[2025-05-16T05:48:47.701+0000] {update_manga_database_dag.py:279} INFO - Transaction committed successfully
[2025-05-16T05:48:47.704+0000] {log.py:232} WARNING - 2025-05-16 05:48:47,704 - INFO: All updates committed successfully
[2025-05-16T05:48:47.704+0000] {update_manga_database_dag.py:439} INFO - All updates committed successfully
[2025-05-16T05:48:47.706+0000] {python.py:240} INFO - Done. Returned value was: None
[2025-05-16T05:48:47.715+0000] {taskinstance.py:341} INFO - ::group::Post task execution logs
[2025-05-16T05:48:47.716+0000] {taskinstance.py:353} INFO - Marking task as SUCCESS. dag_id=update_manga_database, task_id=update_all_databases, run_id=manual__2025-05-16T05:47:36.997594+00:00, execution_date=20250516T054736, start_date=20250516T054751, end_date=20250516T054847
[2025-05-16T05:48:47.742+0000] {logging_mixin.py:190} INFO - Task instance in success state
[2025-05-16T05:48:47.743+0000] {logging_mixin.py:190} INFO -  Previous state of the Task instance: running
[2025-05-16T05:48:47.744+0000] {logging_mixin.py:190} INFO - Dag name:update_manga_database queued_at:2025-05-16 05:47:37.015184+00:00
[2025-05-16T05:48:47.745+0000] {logging_mixin.py:190} INFO - Task hostname:3729034b4972 operator:_PythonDecoratedOperator
[2025-05-16T05:48:47.761+0000] {local_task_job_runner.py:266} INFO - Task exited with return code 0
[2025-05-16T05:48:47.774+0000] {taskinstance.py:3901} INFO - 0 downstream tasks scheduled from follow-on schedule check
[2025-05-16T05:48:47.778+0000] {local_task_job_runner.py:245} INFO - ::endgroup::
