[2025-05-16T05:05:45.962+0000] {local_task_job_runner.py:123} INFO - ::group::Pre task execution logs
[2025-05-16T05:05:45.989+0000] {taskinstance.py:2614} INFO - Dependencies all met for dep_context=non-requeueable deps ti=<TaskInstance: update_manga_database.update_all_databases manual__2025-05-16T05:05:24.039882+00:00 [queued]>
[2025-05-16T05:05:46.002+0000] {taskinstance.py:2614} INFO - Dependencies all met for dep_context=requeueable deps ti=<TaskInstance: update_manga_database.update_all_databases manual__2025-05-16T05:05:24.039882+00:00 [queued]>
[2025-05-16T05:05:46.003+0000] {taskinstance.py:2867} INFO - Starting attempt 1 of 2
[2025-05-16T05:05:46.019+0000] {taskinstance.py:2890} INFO - Executing <Task(_PythonDecoratedOperator): update_all_databases> on 2025-05-16 05:05:24.039882+00:00
[2025-05-16T05:05:46.027+0000] {warnings.py:112} WARNING - /home/***/.local/lib/python3.12/site-packages/***/task/task_runner/standard_task_runner.py:70: DeprecationWarning: This process (pid=554) is multi-threaded, use of fork() may lead to deadlocks in the child.
  pid = os.fork()

[2025-05-16T05:05:46.029+0000] {standard_task_runner.py:72} INFO - Started process 559 to run task
[2025-05-16T05:05:46.029+0000] {standard_task_runner.py:104} INFO - Running: ['***', 'tasks', 'run', 'update_manga_database', 'update_all_databases', 'manual__2025-05-16T05:05:24.039882+00:00', '--job-id', '61', '--raw', '--subdir', 'DAGS_FOLDER/update_manga_database_dag.py', '--cfg-path', '/tmp/tmp97q6_ppw']
[2025-05-16T05:05:46.031+0000] {standard_task_runner.py:105} INFO - Job 61: Subtask update_all_databases
[2025-05-16T05:05:46.079+0000] {task_command.py:467} INFO - Running <TaskInstance: update_manga_database.update_all_databases manual__2025-05-16T05:05:24.039882+00:00 [running]> on host 3729034b4972
[2025-05-16T05:05:46.184+0000] {taskinstance.py:3134} INFO - Exporting env vars: AIRFLOW_CTX_DAG_OWNER='***' AIRFLOW_CTX_DAG_ID='update_manga_database' AIRFLOW_CTX_TASK_ID='update_all_databases' AIRFLOW_CTX_EXECUTION_DATE='2025-05-16T05:05:24.039882+00:00' AIRFLOW_CTX_TRY_NUMBER='1' AIRFLOW_CTX_DAG_RUN_ID='manual__2025-05-16T05:05:24.039882+00:00'
[2025-05-16T05:05:46.185+0000] {logging_mixin.py:190} INFO - Task instance is in running state
[2025-05-16T05:05:46.186+0000] {logging_mixin.py:190} INFO -  Previous state of the Task instance: queued
[2025-05-16T05:05:46.187+0000] {logging_mixin.py:190} INFO - Current task name:update_all_databases state:running start_date:2025-05-16 05:05:45.990542+00:00
[2025-05-16T05:05:46.187+0000] {logging_mixin.py:190} INFO - Dag name:update_manga_database and current dag run status:running
[2025-05-16T05:05:46.188+0000] {taskinstance.py:732} INFO - ::endgroup::
[2025-05-16T05:05:46.190+0000] {log.py:232} WARNING - 2025-05-16 05:05:46,189 - INFO: Starting all database updates
[2025-05-16T05:05:46.189+0000] {update_manga_database_dag.py:396} INFO - Starting all database updates
[2025-05-16T05:05:46.201+0000] {log.py:232} WARNING - 2025-05-16 05:05:46,201 - INFO: Transaction started
[2025-05-16T05:05:46.201+0000] {update_manga_database_dag.py:72} INFO - Transaction started
[2025-05-16T05:05:46.207+0000] {log.py:232} WARNING - 2025-05-16 05:05:46,207 - INFO: Checking 2 manga for updates
[2025-05-16T05:05:46.207+0000] {update_sequential.py:59} INFO - Checking 2 manga for updates
[2025-05-16T05:05:51.032+0000] {log.py:232} WARNING - 2025-05-16 05:05:51,031 - INFO: ADDED: Pieces of Us (ID: dc8a6a1d-51d9-410d-975b-cf884cc68fd0)
[2025-05-16T05:05:51.031+0000] {update_sequential.py:115} INFO - ADDED: Pieces of Us (ID: dc8a6a1d-51d9-410d-975b-cf884cc68fd0)
[2025-05-16T05:05:51.334+0000] {log.py:232} WARNING - 2025-05-16 05:05:51,333 - INFO: ADDED: Haru no Hikari ni Noma rete mo (ID: 4551679e-820b-42a5-85ff-d00ade797383)
[2025-05-16T05:05:51.333+0000] {update_sequential.py:115} INFO - ADDED: Haru no Hikari ni Noma rete mo (ID: 4551679e-820b-42a5-85ff-d00ade797383)
[2025-05-16T05:05:51.632+0000] {log.py:232} WARNING - 2025-05-16 05:05:51,631 - INFO: Database update complete
[2025-05-16T05:05:51.631+0000] {update_sequential.py:119} INFO - Database update complete
[2025-05-16T05:05:51.635+0000] {log.py:232} WARNING - 2025-05-16 05:05:51,634 - INFO: SUMMARY: 0 manga updated, 2 manga added
[2025-05-16T05:05:51.634+0000] {update_sequential.py:120} INFO - SUMMARY: 0 manga updated, 2 manga added
[2025-05-16T05:05:56.729+0000] {log.py:232} WARNING - 2025-05-16 05:05:56,728 - INFO: Registered manga rollback data for 2 manga IDs
[2025-05-16T05:05:56.728+0000] {update_manga_database_dag.py:132} INFO - Registered manga rollback data for 2 manga IDs
[2025-05-16T05:05:56.730+0000] {log.py:232} WARNING - 2025-05-16 05:05:56,730 - INFO: Updated 2 manga
[2025-05-16T05:05:56.730+0000] {update_manga_database_dag.py:412} INFO - Updated 2 manga
[2025-05-16T05:05:56.732+0000] {log.py:232} WARNING - 2025-05-16 05:05:56,731 - INFO: Checking 1 chapters across 2 manga
[2025-05-16T05:05:56.731+0000] {update_sequential.py:175} INFO - Checking 1 chapters across 2 manga
[2025-05-16T05:05:57.298+0000] {log.py:232} WARNING - 2025-05-16 05:05:57,297 - INFO: Processing manga 4551679e-820b-42a5-85ff-d00ade797383, chapter 1 (ko)
[2025-05-16T05:05:57.297+0000] {update_sequential.py:209} INFO - Processing manga 4551679e-820b-42a5-85ff-d00ade797383, chapter 1 (ko)
[2025-05-16T05:05:57.299+0000] {log.py:232} WARNING - 2025-05-16 05:05:57,299 - INFO: Adding new chapter 1 (ko) for manga 4551679e-820b-42a5-85ff-d00ade797383
[2025-05-16T05:05:57.299+0000] {update_sequential.py:244} INFO - Adding new chapter 1 (ko) for manga 4551679e-820b-42a5-85ff-d00ade797383
[2025-05-16T05:05:57.858+0000] {log.py:232} WARNING - 2025-05-16 05:05:57,858 - INFO: Database update complete
[2025-05-16T05:05:57.858+0000] {update_sequential.py:265} INFO - Database update complete
[2025-05-16T05:05:57.860+0000] {log.py:232} WARNING - 2025-05-16 05:05:57,860 - INFO: Total chapters added/updated: 1
[2025-05-16T05:05:57.860+0000] {update_sequential.py:269} INFO - Total chapters added/updated: 1
[2025-05-16T05:05:57.861+0000] {log.py:232} WARNING - 2025-05-16 05:05:57,861 - INFO: Total chapters replaced with English translations: 0
[2025-05-16T05:05:57.861+0000] {update_sequential.py:270} INFO - Total chapters replaced with English translations: 0
[2025-05-16T05:05:58.139+0000] {log.py:232} WARNING - 2025-05-16 05:05:58,138 - INFO: Registered chapter rollback data for 1 chapter IDs
[2025-05-16T05:05:58.138+0000] {update_manga_database_dag.py:157} INFO - Registered chapter rollback data for 1 chapter IDs
[2025-05-16T05:05:58.142+0000] {log.py:232} WARNING - 2025-05-16 05:05:58,142 - INFO: Updated/added 1 chapters, replaced 0
[2025-05-16T05:05:58.142+0000] {update_manga_database_dag.py:420} INFO - Updated/added 1 chapters, replaced 0
[2025-05-16T05:05:58.145+0000] {log.py:232} WARNING - 2025-05-16 05:05:58,145 - INFO: Starting image data update
[2025-05-16T05:05:58.145+0000] {update_manga_database_dag.py:424} INFO - Starting image data update
[2025-05-16T05:05:58.147+0000] {log.py:232} WARNING - 2025-05-16 05:05:58,147 - INFO: Checking for existing chapters...
[2025-05-16T05:05:58.147+0000] {update_sequential.py:310} INFO - Checking for existing chapters...
[2025-05-16T05:05:59.490+0000] {logging_mixin.py:190} WARNING - Preparing data:   0%|                                                         | 0/1 [00:00<?, ?it/s]
[2025-05-16T05:05:59.492+0000] {logging_mixin.py:190} WARNING - Preparing data: 100%|###############################################| 1/1 [00:00<00:00, 2546.63it/s]
[2025-05-16T05:05:59.493+0000] {log.py:232} WARNING - 2025-05-16 05:05:59,493 - INFO: Starting MongoDB bulk update with 1 new chapters...
[2025-05-16T05:05:59.493+0000] {update_sequential.py:345} INFO - Starting MongoDB bulk update with 1 new chapters...
[2025-05-16T05:05:59.508+0000] {logging_mixin.py:190} WARNING - Updating MongoDB:   0%|                                                       | 0/1 [00:00<?, ?it/s]
[2025-05-16T05:05:59.805+0000] {logging_mixin.py:190} WARNING - Updating MongoDB: 100%|###############################################| 1/1 [00:00<00:00,  3.47it/s]
[2025-05-16T05:05:59.806+0000] {logging_mixin.py:190} WARNING - Updating MongoDB: 100%|###############################################| 1/1 [00:00<00:00,  3.46it/s]
[2025-05-16T05:05:59.807+0000] {log.py:232} WARNING - 2025-05-16 05:05:59,807 - INFO: MongoDB update completed: Inserted: 1 | Duplicates skipped: 0
[2025-05-16T05:05:59.807+0000] {update_sequential.py:385} INFO - MongoDB update completed: Inserted: 1 | Duplicates skipped: 0
[2025-05-16T05:05:59.808+0000] {log.py:232} WARNING - 2025-05-16 05:05:59,808 - INFO: Inserted 1 chapters, skipped 0
[2025-05-16T05:05:59.808+0000] {update_manga_database_dag.py:426} INFO - Inserted 1 chapters, skipped 0
[2025-05-16T05:05:59.810+0000] {log.py:232} WARNING - 2025-05-16 05:05:59,809 - INFO: Registered image rollback data for 1 new chapters and 0 deleted chapters
[2025-05-16T05:05:59.809+0000] {update_manga_database_dag.py:181} INFO - Registered image rollback data for 1 new chapters and 0 deleted chapters
[2025-05-16T05:06:00.092+0000] {log.py:232} WARNING - 2025-05-16 05:06:00,092 - INFO: Transaction committed successfully
[2025-05-16T05:06:00.092+0000] {update_manga_database_dag.py:279} INFO - Transaction committed successfully
[2025-05-16T05:06:00.094+0000] {log.py:232} WARNING - 2025-05-16 05:06:00,094 - INFO: All updates committed successfully
[2025-05-16T05:06:00.094+0000] {update_manga_database_dag.py:439} INFO - All updates committed successfully
[2025-05-16T05:06:00.096+0000] {python.py:240} INFO - Done. Returned value was: None
[2025-05-16T05:06:00.106+0000] {taskinstance.py:341} INFO - ::group::Post task execution logs
[2025-05-16T05:06:00.107+0000] {taskinstance.py:353} INFO - Marking task as SUCCESS. dag_id=update_manga_database, task_id=update_all_databases, run_id=manual__2025-05-16T05:05:24.039882+00:00, execution_date=20250516T050524, start_date=20250516T050545, end_date=20250516T050600
[2025-05-16T05:06:00.140+0000] {logging_mixin.py:190} INFO - Task instance in success state
[2025-05-16T05:06:00.141+0000] {logging_mixin.py:190} INFO -  Previous state of the Task instance: running
[2025-05-16T05:06:00.142+0000] {logging_mixin.py:190} INFO - Dag name:update_manga_database queued_at:2025-05-16 05:05:24.048833+00:00
[2025-05-16T05:06:00.142+0000] {logging_mixin.py:190} INFO - Task hostname:3729034b4972 operator:_PythonDecoratedOperator
[2025-05-16T05:06:00.163+0000] {local_task_job_runner.py:266} INFO - Task exited with return code 0
[2025-05-16T05:06:00.176+0000] {taskinstance.py:3901} INFO - 0 downstream tasks scheduled from follow-on schedule check
[2025-05-16T05:06:00.183+0000] {local_task_job_runner.py:245} INFO - ::endgroup::
