[2025-05-16T04:59:15.159+0000] {local_task_job_runner.py:123} INFO - ::group::Pre task execution logs
[2025-05-16T04:59:15.180+0000] {taskinstance.py:2614} INFO - Dependencies all met for dep_context=non-requeueable deps ti=<TaskInstance: update_manga_database.fetch_and_process_chapter_data manual__2025-05-16T04:59:05.924329+00:00 [queued]>
[2025-05-16T04:59:15.190+0000] {taskinstance.py:2614} INFO - Dependencies all met for dep_context=requeueable deps ti=<TaskInstance: update_manga_database.fetch_and_process_chapter_data manual__2025-05-16T04:59:05.924329+00:00 [queued]>
[2025-05-16T04:59:15.191+0000] {taskinstance.py:2867} INFO - Starting attempt 1 of 2
[2025-05-16T04:59:15.206+0000] {taskinstance.py:2890} INFO - Executing <Task(_PythonDecoratedOperator): fetch_and_process_chapter_data> on 2025-05-16 04:59:05.924329+00:00
[2025-05-16T04:59:15.213+0000] {warnings.py:112} WARNING - /home/***/.local/lib/python3.12/site-packages/***/task/task_runner/standard_task_runner.py:70: DeprecationWarning: This process (pid=367) is multi-threaded, use of fork() may lead to deadlocks in the child.
  pid = os.fork()

[2025-05-16T04:59:15.215+0000] {standard_task_runner.py:72} INFO - Started process 372 to run task
[2025-05-16T04:59:15.216+0000] {standard_task_runner.py:104} INFO - Running: ['***', 'tasks', 'run', 'update_manga_database', 'fetch_and_process_chapter_data', 'manual__2025-05-16T04:59:05.924329+00:00', '--job-id', '50', '--raw', '--subdir', 'DAGS_FOLDER/update_manga_database_dag.py', '--cfg-path', '/tmp/tmphao17ekq']
[2025-05-16T04:59:15.218+0000] {standard_task_runner.py:105} INFO - Job 50: Subtask fetch_and_process_chapter_data
[2025-05-16T04:59:15.261+0000] {task_command.py:467} INFO - Running <TaskInstance: update_manga_database.fetch_and_process_chapter_data manual__2025-05-16T04:59:05.924329+00:00 [running]> on host 3729034b4972
[2025-05-16T04:59:15.345+0000] {taskinstance.py:3134} INFO - Exporting env vars: AIRFLOW_CTX_DAG_OWNER='***' AIRFLOW_CTX_DAG_ID='update_manga_database' AIRFLOW_CTX_TASK_ID='fetch_and_process_chapter_data' AIRFLOW_CTX_EXECUTION_DATE='2025-05-16T04:59:05.924329+00:00' AIRFLOW_CTX_TRY_NUMBER='1' AIRFLOW_CTX_DAG_RUN_ID='manual__2025-05-16T04:59:05.924329+00:00'
[2025-05-16T04:59:15.347+0000] {logging_mixin.py:190} INFO - Task instance is in running state
[2025-05-16T04:59:15.348+0000] {logging_mixin.py:190} INFO -  Previous state of the Task instance: queued
[2025-05-16T04:59:15.348+0000] {logging_mixin.py:190} INFO - Current task name:fetch_and_process_chapter_data state:running start_date:2025-05-16 04:59:15.180923+00:00
[2025-05-16T04:59:15.349+0000] {logging_mixin.py:190} INFO - Dag name:update_manga_database and current dag run status:running
[2025-05-16T04:59:15.349+0000] {taskinstance.py:732} INFO - ::endgroup::
[2025-05-16T04:59:15.351+0000] {log.py:232} WARNING - 2025-05-16 04:59:15,351 - INFO: Fetching chapter data
[2025-05-16T04:59:15.351+0000] {update_manga_database_dag.py:364} INFO - Fetching chapter data
[2025-05-16T04:59:15.360+0000] {logging_mixin.py:190} WARNING - 📚 Fetching chapters 2 weeks ago:   0%|          | 0/2 [00:00<?, ?it/s]
[2025-05-16T04:59:15.606+0000] {log.py:232} WARNING - 2025-05-16 04:59:15,605 - INFO: Manga dc8a6a1d-51d9-410d-975b-cf884cc68fd0 fetched 0 unique chapters.
[2025-05-16T04:59:15.605+0000] {crawler_instance.py:245} INFO - Manga dc8a6a1d-51d9-410d-975b-cf884cc68fd0 fetched 0 unique chapters.
[2025-05-16T04:59:15.608+0000] {logging_mixin.py:190} WARNING - 📚 Fetching chapters 2 weeks ago:  50%|#####     | 1/2 [00:00<00:00,  4.05it/s]
[2025-05-16T04:59:15.618+0000] {log.py:232} WARNING - 2025-05-16 04:59:15,617 - INFO: Manga 4551679e-820b-42a5-85ff-d00ade797383 fetched 1 unique chapters.
[2025-05-16T04:59:15.617+0000] {crawler_instance.py:245} INFO - Manga 4551679e-820b-42a5-85ff-d00ade797383 fetched 1 unique chapters.
[2025-05-16T04:59:15.619+0000] {logging_mixin.py:190} WARNING - 📚 Fetching chapters 2 weeks ago: 100%|##########| 2/2 [00:00<00:00,  7.73it/s]
[2025-05-16T04:59:15.621+0000] {log.py:232} WARNING - 2025-05-16 04:59:15,621 - INFO: Processed chapters for 2 manga
[2025-05-16T04:59:15.621+0000] {update_manga_database_dag.py:371} INFO - Processed chapters for 2 manga
[2025-05-16T04:59:15.623+0000] {python.py:240} INFO - Done. Returned value was: {'dc8a6a1d-51d9-410d-975b-cf884cc68fd0': [], '4551679e-820b-42a5-85ff-d00ade797383': [{'chapter_id': '49c5e0a1-7e6a-4fb0-8708-8f3ce0a806f1', 'manga_id': '4551679e-820b-42a5-85ff-d00ade797383', 'chapter_number': '1', 'volume': None, 'title': None, 'lang': 'ko', 'pages': 28, 'created_at': '2025-05-16T01:54:01+00:00'}]}
[2025-05-16T04:59:15.648+0000] {taskinstance.py:341} INFO - ::group::Post task execution logs
[2025-05-16T04:59:15.649+0000] {taskinstance.py:353} INFO - Marking task as SUCCESS. dag_id=update_manga_database, task_id=fetch_and_process_chapter_data, run_id=manual__2025-05-16T04:59:05.924329+00:00, execution_date=20250516T045905, start_date=20250516T045915, end_date=20250516T045915
[2025-05-16T04:59:15.670+0000] {logging_mixin.py:190} INFO - Task instance in success state
[2025-05-16T04:59:15.671+0000] {logging_mixin.py:190} INFO -  Previous state of the Task instance: running
[2025-05-16T04:59:15.671+0000] {logging_mixin.py:190} INFO - Dag name:update_manga_database queued_at:2025-05-16 04:59:05.947319+00:00
[2025-05-16T04:59:15.671+0000] {logging_mixin.py:190} INFO - Task hostname:3729034b4972 operator:_PythonDecoratedOperator
[2025-05-16T04:59:15.713+0000] {local_task_job_runner.py:266} INFO - Task exited with return code 0
[2025-05-16T04:59:15.742+0000] {taskinstance.py:3901} INFO - 1 downstream tasks scheduled from follow-on schedule check
[2025-05-16T04:59:15.751+0000] {local_task_job_runner.py:245} INFO - ::endgroup::
