[2025-05-16T08:15:09.804+0000] {local_task_job_runner.py:123} INFO - ::group::Pre task execution logs
[2025-05-16T08:15:09.827+0000] {taskinstance.py:2614} INFO - Dependencies all met for dep_context=non-requeueable deps ti=<TaskInstance: update_manga_database.initialize_connections manual__2025-05-16T08:15:02.966469+00:00 [queued]>
[2025-05-16T08:15:09.842+0000] {taskinstance.py:2614} INFO - Dependencies all met for dep_context=requeueable deps ti=<TaskInstance: update_manga_database.initialize_connections manual__2025-05-16T08:15:02.966469+00:00 [queued]>
[2025-05-16T08:15:09.842+0000] {taskinstance.py:2867} INFO - Starting attempt 1 of 2
[2025-05-16T08:15:09.864+0000] {taskinstance.py:2890} INFO - Executing <Task(_PythonDecoratedOperator): initialize_connections> on 2025-05-16 08:15:02.966469+00:00
[2025-05-16T08:15:09.874+0000] {warnings.py:112} WARNING - /home/***/.local/lib/python3.12/site-packages/***/task/task_runner/standard_task_runner.py:70: DeprecationWarning: This process (pid=3415) is multi-threaded, use of fork() may lead to deadlocks in the child.
  pid = os.fork()

[2025-05-16T08:15:09.879+0000] {standard_task_runner.py:72} INFO - Started process 3425 to run task
[2025-05-16T08:15:09.880+0000] {standard_task_runner.py:104} INFO - Running: ['***', 'tasks', 'run', 'update_manga_database', 'initialize_connections', 'manual__2025-05-16T08:15:02.966469+00:00', '--job-id', '105', '--raw', '--subdir', 'DAGS_FOLDER/update_manga_database_dag.py', '--cfg-path', '/tmp/tmpjmyku24o']
[2025-05-16T08:15:09.882+0000] {standard_task_runner.py:105} INFO - Job 105: Subtask initialize_connections
[2025-05-16T08:15:09.932+0000] {task_command.py:467} INFO - Running <TaskInstance: update_manga_database.initialize_connections manual__2025-05-16T08:15:02.966469+00:00 [running]> on host 3729034b4972
[2025-05-16T08:15:10.026+0000] {taskinstance.py:3134} INFO - Exporting env vars: AIRFLOW_CTX_DAG_OWNER='***' AIRFLOW_CTX_DAG_ID='update_manga_database' AIRFLOW_CTX_TASK_ID='initialize_connections' AIRFLOW_CTX_EXECUTION_DATE='2025-05-16T08:15:02.966469+00:00' AIRFLOW_CTX_TRY_NUMBER='1' AIRFLOW_CTX_DAG_RUN_ID='manual__2025-05-16T08:15:02.966469+00:00'
[2025-05-16T08:15:10.028+0000] {logging_mixin.py:190} INFO - Task instance is in running state
[2025-05-16T08:15:10.029+0000] {logging_mixin.py:190} INFO -  Previous state of the Task instance: queued
[2025-05-16T08:15:10.029+0000] {logging_mixin.py:190} INFO - Current task name:initialize_connections state:running start_date:2025-05-16 08:15:09.828605+00:00
[2025-05-16T08:15:10.030+0000] {logging_mixin.py:190} INFO - Dag name:update_manga_database and current dag run status:running
[2025-05-16T08:15:10.030+0000] {taskinstance.py:732} INFO - ::endgroup::
[2025-05-16T08:15:14.011+0000] {log.py:232} WARNING - 2025-05-16 08:15:14,010 - INFO: Successfully connected to PostgreSQL database
[2025-05-16T08:15:14.010+0000] {update_manga_database_dag.py:328} INFO - Successfully connected to PostgreSQL database
[2025-05-16T08:15:15.692+0000] {log.py:232} WARNING - 2025-05-16 08:15:15,691 - INFO: Successfully connected to MongoDB
[2025-05-16T08:15:15.691+0000] {update_manga_database_dag.py:333} INFO - Successfully connected to MongoDB
[2025-05-16T08:15:15.694+0000] {python.py:240} INFO - Done. Returned value was: {'pg_url': 'postgresql://togiabao:mysecretpassword@54.160.245.147:5432/mangadex', 'mongo_uri': 'mongodb://togiabao:mysecretpassword@54.160.245.147:27017', 'mongo_db': 'mangadex', 'mongo_collection': 'chapter_images_test'}
[2025-05-16T08:15:15.727+0000] {taskinstance.py:341} INFO - ::group::Post task execution logs
[2025-05-16T08:15:15.728+0000] {taskinstance.py:353} INFO - Marking task as SUCCESS. dag_id=update_manga_database, task_id=initialize_connections, run_id=manual__2025-05-16T08:15:02.966469+00:00, execution_date=20250516T081502, start_date=20250516T081509, end_date=20250516T081515
[2025-05-16T08:15:15.753+0000] {logging_mixin.py:190} INFO - Task instance in success state
[2025-05-16T08:15:15.754+0000] {logging_mixin.py:190} INFO -  Previous state of the Task instance: running
[2025-05-16T08:15:15.754+0000] {logging_mixin.py:190} INFO - Dag name:update_manga_database queued_at:2025-05-16 08:15:03.018674+00:00
[2025-05-16T08:15:15.755+0000] {logging_mixin.py:190} INFO - Task hostname:3729034b4972 operator:_PythonDecoratedOperator
[2025-05-16T08:15:15.797+0000] {local_task_job_runner.py:266} INFO - Task exited with return code 0
[2025-05-16T08:15:15.824+0000] {taskinstance.py:3901} INFO - 0 downstream tasks scheduled from follow-on schedule check
[2025-05-16T08:15:15.828+0000] {local_task_job_runner.py:245} INFO - ::endgroup::
