[2025-05-16T05:16:14.603+0000] {local_task_job_runner.py:123} INFO - ::group::Pre task execution logs
[2025-05-16T05:16:14.625+0000] {taskinstance.py:2614} INFO - Dependencies all met for dep_context=non-requeueable deps ti=<TaskInstance: update_manga_database.update_all_databases manual__2025-05-16T05:13:46.774384+00:00 [queued]>
[2025-05-16T05:16:14.636+0000] {taskinstance.py:2614} INFO - Dependencies all met for dep_context=requeueable deps ti=<TaskInstance: update_manga_database.update_all_databases manual__2025-05-16T05:13:46.774384+00:00 [queued]>
[2025-05-16T05:16:14.637+0000] {taskinstance.py:2867} INFO - Starting attempt 1 of 2
[2025-05-16T05:16:14.652+0000] {taskinstance.py:2890} INFO - Executing <Task(_PythonDecoratedOperator): update_all_databases> on 2025-05-16 05:13:46.774384+00:00
[2025-05-16T05:16:14.660+0000] {warnings.py:112} WARNING - /home/***/.local/lib/python3.12/site-packages/***/task/task_runner/standard_task_runner.py:70: DeprecationWarning: This process (pid=808) is multi-threaded, use of fork() may lead to deadlocks in the child.
  pid = os.fork()

[2025-05-16T05:16:14.661+0000] {standard_task_runner.py:72} INFO - Started process 813 to run task
[2025-05-16T05:16:14.662+0000] {standard_task_runner.py:104} INFO - Running: ['***', 'tasks', 'run', 'update_manga_database', 'update_all_databases', 'manual__2025-05-16T05:13:46.774384+00:00', '--job-id', '74', '--raw', '--subdir', 'DAGS_FOLDER/update_manga_database_dag.py', '--cfg-path', '/tmp/tmp0jjqe6s4']
[2025-05-16T05:16:14.663+0000] {standard_task_runner.py:105} INFO - Job 74: Subtask update_all_databases
[2025-05-16T05:16:14.705+0000] {task_command.py:467} INFO - Running <TaskInstance: update_manga_database.update_all_databases manual__2025-05-16T05:13:46.774384+00:00 [running]> on host 3729034b4972
[2025-05-16T05:16:14.819+0000] {taskinstance.py:3134} INFO - Exporting env vars: AIRFLOW_CTX_DAG_OWNER='***' AIRFLOW_CTX_DAG_ID='update_manga_database' AIRFLOW_CTX_TASK_ID='update_all_databases' AIRFLOW_CTX_EXECUTION_DATE='2025-05-16T05:13:46.774384+00:00' AIRFLOW_CTX_TRY_NUMBER='1' AIRFLOW_CTX_DAG_RUN_ID='manual__2025-05-16T05:13:46.774384+00:00'
[2025-05-16T05:16:14.821+0000] {logging_mixin.py:190} INFO - Task instance is in running state
[2025-05-16T05:16:14.821+0000] {logging_mixin.py:190} INFO -  Previous state of the Task instance: queued
[2025-05-16T05:16:14.821+0000] {logging_mixin.py:190} INFO - Current task name:update_all_databases state:running start_date:2025-05-16 05:16:14.626212+00:00
[2025-05-16T05:16:14.822+0000] {logging_mixin.py:190} INFO - Dag name:update_manga_database and current dag run status:running
[2025-05-16T05:16:14.822+0000] {taskinstance.py:732} INFO - ::endgroup::
[2025-05-16T05:16:14.823+0000] {log.py:232} WARNING - 2025-05-16 05:16:14,823 - INFO: Starting all database updates
[2025-05-16T05:16:14.823+0000] {update_manga_database_dag.py:396} INFO - Starting all database updates
[2025-05-16T05:16:14.831+0000] {log.py:232} WARNING - 2025-05-16 05:16:14,831 - INFO: Transaction started
[2025-05-16T05:16:14.831+0000] {update_manga_database_dag.py:72} INFO - Transaction started
[2025-05-16T05:16:14.837+0000] {log.py:232} WARNING - 2025-05-16 05:16:14,837 - INFO: Checking 62 manga for updates
[2025-05-16T05:16:14.837+0000] {update_sequential.py:59} INFO - Checking 62 manga for updates
[2025-05-16T05:16:19.695+0000] {log.py:232} WARNING - 2025-05-16 05:16:19,695 - INFO: ADDED: CMYK (ID: 236ab0cf-a5ef-4039-8e0a-f4cfe4660424)
[2025-05-16T05:16:19.695+0000] {update_sequential.py:115} INFO - ADDED: CMYK (ID: 236ab0cf-a5ef-4039-8e0a-f4cfe4660424)
[2025-05-16T05:16:20.003+0000] {log.py:232} WARNING - 2025-05-16 05:16:20,002 - INFO: ADDED: There May Be Something There That Wasn’t There Before - Haikyuu dj (ID: e82fb7dd-edff-4593-9fff-760f018f6703)
[2025-05-16T05:16:20.002+0000] {update_sequential.py:115} INFO - ADDED: There May Be Something There That Wasn’t There Before - Haikyuu dj (ID: e82fb7dd-edff-4593-9fff-760f018f6703)
[2025-05-16T05:16:20.293+0000] {log.py:232} WARNING - 2025-05-16 05:16:20,292 - INFO: ADDED: Falling in the blue (ID: d38389ac-caeb-4a4f-8483-589ddbaf50e1)
[2025-05-16T05:16:20.292+0000] {update_sequential.py:115} INFO - ADDED: Falling in the blue (ID: d38389ac-caeb-4a4f-8483-589ddbaf50e1)
[2025-05-16T05:16:20.585+0000] {log.py:232} WARNING - 2025-05-16 05:16:20,584 - INFO: ADDED: The Maid (ID: 192ec1c9-eb9a-4771-bb79-2b9bb4adbe0e)
[2025-05-16T05:16:20.584+0000] {update_sequential.py:115} INFO - ADDED: The Maid (ID: 192ec1c9-eb9a-4771-bb79-2b9bb4adbe0e)
[2025-05-16T05:16:20.881+0000] {log.py:232} WARNING - 2025-05-16 05:16:20,881 - INFO: ADDED: The Fairy's Wish (ID: 3de96e80-6feb-450c-a169-053d40c01063)
[2025-05-16T05:16:20.881+0000] {update_sequential.py:115} INFO - ADDED: The Fairy's Wish (ID: 3de96e80-6feb-450c-a169-053d40c01063)
[2025-05-16T05:16:21.166+0000] {log.py:232} WARNING - 2025-05-16 05:16:21,165 - INFO: ADDED: I Reincarnated as a Parenting Story Extra (ID: 8dbb4f57-4e35-4fa6-88c7-2d8f8334d8db)
[2025-05-16T05:16:21.165+0000] {update_sequential.py:115} INFO - ADDED: I Reincarnated as a Parenting Story Extra (ID: 8dbb4f57-4e35-4fa6-88c7-2d8f8334d8db)
[2025-05-16T05:16:21.454+0000] {log.py:232} WARNING - 2025-05-16 05:16:21,453 - INFO: ADDED: Every Day is a Good Day When There's Love (ID: e195fc69-5e5c-4410-84fe-268daef38fbc)
[2025-05-16T05:16:21.453+0000] {update_sequential.py:115} INFO - ADDED: Every Day is a Good Day When There's Love (ID: e195fc69-5e5c-4410-84fe-268daef38fbc)
[2025-05-16T05:16:21.745+0000] {log.py:232} WARNING - 2025-05-16 05:16:21,744 - INFO: ADDED: Siren: The Beginning of the Curse (ID: e7fa5fe6-7988-4f69-a6b8-7f5c34ade5d4)
[2025-05-16T05:16:21.744+0000] {update_sequential.py:115} INFO - ADDED: Siren: The Beginning of the Curse (ID: e7fa5fe6-7988-4f69-a6b8-7f5c34ade5d4)
[2025-05-16T05:16:22.042+0000] {log.py:232} WARNING - 2025-05-16 05:16:22,042 - INFO: ADDED: Yoki Himo to Yoki Kainushi (ID: 051f9e5b-72d9-4d32-ac41-2441c2c03a67)
[2025-05-16T05:16:22.042+0000] {update_sequential.py:115} INFO - ADDED: Yoki Himo to Yoki Kainushi (ID: 051f9e5b-72d9-4d32-ac41-2441c2c03a67)
[2025-05-16T05:16:22.327+0000] {log.py:232} WARNING - 2025-05-16 05:16:22,326 - INFO: ADDED: SEVEN TEEN COP (ID: c5206869-59c1-4988-8c6f-9fcaa71a2c16)
[2025-05-16T05:16:22.326+0000] {update_sequential.py:115} INFO - ADDED: SEVEN TEEN COP (ID: c5206869-59c1-4988-8c6f-9fcaa71a2c16)
[2025-05-16T05:16:22.617+0000] {log.py:232} WARNING - 2025-05-16 05:16:22,617 - INFO: ADDED: Kono Ao ni Koi wo Shita (ID: de5038a8-898a-4149-a93e-756243cc09e0)
[2025-05-16T05:16:22.617+0000] {update_sequential.py:115} INFO - ADDED: Kono Ao ni Koi wo Shita (ID: de5038a8-898a-4149-a93e-756243cc09e0)
[2025-05-16T05:16:22.904+0000] {log.py:232} WARNING - 2025-05-16 05:16:22,903 - INFO: ADDED: Puri ☆ Hani (ID: 582248de-5dec-436c-835e-127e750445fb)
[2025-05-16T05:16:22.903+0000] {update_sequential.py:115} INFO - ADDED: Puri ☆ Hani (ID: 582248de-5dec-436c-835e-127e750445fb)
[2025-05-16T05:16:23.193+0000] {log.py:232} WARNING - 2025-05-16 05:16:23,192 - INFO: ADDED: Rental Kareshi (ID: 3f403042-3b37-489a-8df2-8f59a1dd6300)
[2025-05-16T05:16:23.192+0000] {update_sequential.py:115} INFO - ADDED: Rental Kareshi (ID: 3f403042-3b37-489a-8df2-8f59a1dd6300)
[2025-05-16T05:16:23.487+0000] {log.py:232} WARNING - 2025-05-16 05:16:23,486 - INFO: ADDED: Paris no Koibitotachi (ID: 837db806-4dc6-4bbb-9263-374eaca2eb57)
[2025-05-16T05:16:23.486+0000] {update_sequential.py:115} INFO - ADDED: Paris no Koibitotachi (ID: 837db806-4dc6-4bbb-9263-374eaca2eb57)
[2025-05-16T05:16:23.795+0000] {log.py:232} WARNING - 2025-05-16 05:16:23,794 - INFO: ADDED: Wana ni Kakatta Cinderella (ID: a8587671-e75c-495c-82fb-801e594e46a1)
[2025-05-16T05:16:23.794+0000] {update_sequential.py:115} INFO - ADDED: Wana ni Kakatta Cinderella (ID: a8587671-e75c-495c-82fb-801e594e46a1)
[2025-05-16T05:16:24.099+0000] {log.py:232} WARNING - 2025-05-16 05:16:24,099 - INFO: ADDED: Hakiri-san wa Kimi Dake no Shinigami ni Narita (ID: 2c8b92ea-e480-4ebb-bfa7-4ff828c13fd5)
[2025-05-16T05:16:24.099+0000] {update_sequential.py:115} INFO - ADDED: Hakiri-san wa Kimi Dake no Shinigami ni Narita (ID: 2c8b92ea-e480-4ebb-bfa7-4ff828c13fd5)
[2025-05-16T05:16:24.382+0000] {log.py:232} WARNING - 2025-05-16 05:16:24,381 - INFO: ADDED: Mikado-Kun, Kyo Mo Biju Ga Idesune (ID: 1d6f3596-0667-44b4-b4bd-cf17544b0558)
[2025-05-16T05:16:24.381+0000] {update_sequential.py:115} INFO - ADDED: Mikado-Kun, Kyo Mo Biju Ga Idesune (ID: 1d6f3596-0667-44b4-b4bd-cf17544b0558)
[2025-05-16T05:16:24.668+0000] {log.py:232} WARNING - 2025-05-16 05:16:24,667 - INFO: ADDED: Mega Monster Battle: Ultra Adventure NEO (ID: 432cc154-074d-4398-95ae-952769af164d)
[2025-05-16T05:16:24.667+0000] {update_sequential.py:115} INFO - ADDED: Mega Monster Battle: Ultra Adventure NEO (ID: 432cc154-074d-4398-95ae-952769af164d)
[2025-05-16T05:16:24.982+0000] {log.py:232} WARNING - 2025-05-16 05:16:24,965 - INFO: ADDED: This isn't Erotic at All! (ID: e0a786d3-1760-4f69-9d95-a0eae056a66f)
[2025-05-16T05:16:24.965+0000] {update_sequential.py:115} INFO - ADDED: This isn't Erotic at All! (ID: e0a786d3-1760-4f69-9d95-a0eae056a66f)
[2025-05-16T05:16:25.448+0000] {log.py:232} WARNING - 2025-05-16 05:16:25,419 - INFO: ADDED: Will You Let Me Stay Here? (ID: 2e85b6e4-f73c-4483-8860-f55f2bd67119)
[2025-05-16T05:16:25.419+0000] {update_sequential.py:115} INFO - ADDED: Will You Let Me Stay Here? (ID: 2e85b6e4-f73c-4483-8860-f55f2bd67119)
[2025-05-16T05:16:25.782+0000] {log.py:232} WARNING - 2025-05-16 05:16:25,780 - INFO: ADDED: Orokamono no Ai no Uta (ID: e46ede76-7aa6-4887-9eb2-b5fa537b91b6)
[2025-05-16T05:16:25.780+0000] {update_sequential.py:115} INFO - ADDED: Orokamono no Ai no Uta (ID: e46ede76-7aa6-4887-9eb2-b5fa537b91b6)
[2025-05-16T05:16:26.100+0000] {log.py:232} WARNING - 2025-05-16 05:16:26,099 - INFO: ADDED: Uma Musume Pretty Derby - My Feelings, in the Shape of an Umbrella (Doujinshi) (ID: 96fb960c-77d2-46e2-90f8-95e41a2712c6)
[2025-05-16T05:16:26.099+0000] {update_sequential.py:115} INFO - ADDED: Uma Musume Pretty Derby - My Feelings, in the Shape of an Umbrella (Doujinshi) (ID: 96fb960c-77d2-46e2-90f8-95e41a2712c6)
[2025-05-16T05:16:26.395+0000] {log.py:232} WARNING - 2025-05-16 05:16:26,394 - INFO: ADDED: Long, Long Ride (One shot) (ID: 5a763d38-ce7a-4b38-8581-a1adb2e29bb4)
[2025-05-16T05:16:26.394+0000] {update_sequential.py:115} INFO - ADDED: Long, Long Ride (One shot) (ID: 5a763d38-ce7a-4b38-8581-a1adb2e29bb4)
[2025-05-16T05:16:26.681+0000] {log.py:232} WARNING - 2025-05-16 05:16:26,681 - INFO: ADDED: The Regressed Empress's Abduction Marriage (ID: 3844a42e-1f4b-4ba1-b85f-18e00cfa8f02)
[2025-05-16T05:16:26.681+0000] {update_sequential.py:115} INFO - ADDED: The Regressed Empress's Abduction Marriage (ID: 3844a42e-1f4b-4ba1-b85f-18e00cfa8f02)
[2025-05-16T05:16:26.967+0000] {log.py:232} WARNING - 2025-05-16 05:16:26,966 - INFO: ADDED: New YAT Untroubled! Space Tours Compilation (ID: fe7a1d45-e0c2-4a80-ad62-5f42bbf6b622)
[2025-05-16T05:16:26.966+0000] {update_sequential.py:115} INFO - ADDED: New YAT Untroubled! Space Tours Compilation (ID: fe7a1d45-e0c2-4a80-ad62-5f42bbf6b622)
[2025-05-16T05:16:27.252+0000] {log.py:232} WARNING - 2025-05-16 05:16:27,251 - INFO: ADDED: Diamond no Ace - Sawatte Kawatte (Doujinshi) (ID: 62e80dfd-c1b0-4c65-994b-fd41697f140e)
[2025-05-16T05:16:27.251+0000] {update_sequential.py:115} INFO - ADDED: Diamond no Ace - Sawatte Kawatte (Doujinshi) (ID: 62e80dfd-c1b0-4c65-994b-fd41697f140e)
[2025-05-16T05:16:27.539+0000] {log.py:232} WARNING - 2025-05-16 05:16:27,538 - INFO: ADDED: Diamond no Ace - Nonstop Suponpon (Doujinshi) (ID: 1f4fdbf8-b46a-4401-aaa7-8a3d75e2a711)
[2025-05-16T05:16:27.538+0000] {update_sequential.py:115} INFO - ADDED: Diamond no Ace - Nonstop Suponpon (Doujinshi) (ID: 1f4fdbf8-b46a-4401-aaa7-8a3d75e2a711)
[2025-05-16T05:16:27.834+0000] {log.py:232} WARNING - 2025-05-16 05:16:27,833 - INFO: ADDED: Kouiu Kankei ga Sugoku Suki (ID: cb871a0b-8442-4f9d-8987-38a6d7f11d17)
[2025-05-16T05:16:27.833+0000] {update_sequential.py:115} INFO - ADDED: Kouiu Kankei ga Sugoku Suki (ID: cb871a0b-8442-4f9d-8987-38a6d7f11d17)
[2025-05-16T05:16:28.120+0000] {log.py:232} WARNING - 2025-05-16 05:16:28,120 - INFO: ADDED: Seijo ga Kuru kara "Kimi wo Aisuru koto wa Nai" to Iwareta node Okazari Ouhi ni Tesshiteitara, Seijo ga 5-sai Datta node Zenryoku de Aishimasu!! (ID: 9a40c0b9-912d-4b0e-aa77-c4a07edec275)
[2025-05-16T05:16:28.120+0000] {update_sequential.py:115} INFO - ADDED: Seijo ga Kuru kara "Kimi wo Aisuru koto wa Nai" to Iwareta node Okazari Ouhi ni Tesshiteitara, Seijo ga 5-sai Datta node Zenryoku de Aishimasu!! (ID: 9a40c0b9-912d-4b0e-aa77-c4a07edec275)
[2025-05-16T05:16:28.404+0000] {log.py:232} WARNING - 2025-05-16 05:16:28,404 - INFO: ADDED: Watashi no Mama wa Mano-kun desu. (ID: 16a247d7-34fd-49eb-9b81-1303896de0dd)
[2025-05-16T05:16:28.404+0000] {update_sequential.py:115} INFO - ADDED: Watashi no Mama wa Mano-kun desu. (ID: 16a247d7-34fd-49eb-9b81-1303896de0dd)
[2025-05-16T05:16:28.699+0000] {log.py:232} WARNING - 2025-05-16 05:16:28,698 - INFO: ADDED: Yusha No Watashidesuga, Tekkoku Mao Sama No Aisaremeido Ni Narimashita (ID: 0567beef-b5b7-4c86-a3c0-e3f4f52e1c35)
[2025-05-16T05:16:28.698+0000] {update_sequential.py:115} INFO - ADDED: Yusha No Watashidesuga, Tekkoku Mao Sama No Aisaremeido Ni Narimashita (ID: 0567beef-b5b7-4c86-a3c0-e3f4f52e1c35)
[2025-05-16T05:16:28.982+0000] {log.py:232} WARNING - 2025-05-16 05:16:28,982 - INFO: ADDED: Frontier World Online - Shoukanshi to shite Katsudou-chuu (ID: 0616c9ba-9362-40e2-a53b-9d1cd49ad4bd)
[2025-05-16T05:16:28.982+0000] {update_sequential.py:115} INFO - ADDED: Frontier World Online - Shoukanshi to shite Katsudou-chuu (ID: 0616c9ba-9362-40e2-a53b-9d1cd49ad4bd)
[2025-05-16T05:16:29.270+0000] {log.py:232} WARNING - 2025-05-16 05:16:29,269 - INFO: ADDED: Moonlight Sequence (ID: efa87e8e-dc98-4d67-9aaa-5f99742cd68b)
[2025-05-16T05:16:29.269+0000] {update_sequential.py:115} INFO - ADDED: Moonlight Sequence (ID: efa87e8e-dc98-4d67-9aaa-5f99742cd68b)
[2025-05-16T05:16:29.557+0000] {log.py:232} WARNING - 2025-05-16 05:16:29,556 - INFO: ADDED: Samuku naru to Kata wo Yosete (ID: 520113a2-3424-4506-90e0-695ffae6f2f0)
[2025-05-16T05:16:29.556+0000] {update_sequential.py:115} INFO - ADDED: Samuku naru to Kata wo Yosete (ID: 520113a2-3424-4506-90e0-695ffae6f2f0)
[2025-05-16T05:16:29.842+0000] {log.py:232} WARNING - 2025-05-16 05:16:29,841 - INFO: ADDED: The Dragon King's Favor (ID: 97da1b58-741f-4294-9f25-44cde1ecdf9a)
[2025-05-16T05:16:29.841+0000] {update_sequential.py:115} INFO - ADDED: The Dragon King's Favor (ID: 97da1b58-741f-4294-9f25-44cde1ecdf9a)
[2025-05-16T05:16:30.127+0000] {log.py:232} WARNING - 2025-05-16 05:16:30,127 - INFO: ADDED: Dolswe, Let Me see It Just Once (ID: 8928976d-1485-4260-b6d1-13552690a9f4)
[2025-05-16T05:16:30.127+0000] {update_sequential.py:115} INFO - ADDED: Dolswe, Let Me see It Just Once (ID: 8928976d-1485-4260-b6d1-13552690a9f4)
[2025-05-16T05:16:30.410+0000] {log.py:232} WARNING - 2025-05-16 05:16:30,409 - INFO: ADDED: Sweet Poison (ID: 5342d47c-8635-4c2c-bc05-da83dabee2ac)
[2025-05-16T05:16:30.409+0000] {update_sequential.py:115} INFO - ADDED: Sweet Poison (ID: 5342d47c-8635-4c2c-bc05-da83dabee2ac)
[2025-05-16T05:16:30.693+0000] {log.py:232} WARNING - 2025-05-16 05:16:30,693 - INFO: ADDED: Todoroki Daimaru no Kikai Taikendan (ID: 287e1422-57e8-4c73-8d04-9397760df929)
[2025-05-16T05:16:30.693+0000] {update_sequential.py:115} INFO - ADDED: Todoroki Daimaru no Kikai Taikendan (ID: 287e1422-57e8-4c73-8d04-9397760df929)
[2025-05-16T05:16:30.981+0000] {log.py:232} WARNING - 2025-05-16 05:16:30,981 - INFO: ADDED: The Fake Master Who Accidentally Became the Strongest (ID: cad50822-3589-40aa-9cbf-d96a2ccc6384)
[2025-05-16T05:16:30.981+0000] {update_sequential.py:115} INFO - ADDED: The Fake Master Who Accidentally Became the Strongest (ID: cad50822-3589-40aa-9cbf-d96a2ccc6384)
[2025-05-16T05:16:31.270+0000] {log.py:232} WARNING - 2025-05-16 05:16:31,269 - INFO: ADDED: Hara wa Chibuu (ID: 678dd650-28b0-4b18-a936-1cb8c072745a)
[2025-05-16T05:16:31.269+0000] {update_sequential.py:115} INFO - ADDED: Hara wa Chibuu (ID: 678dd650-28b0-4b18-a936-1cb8c072745a)
[2025-05-16T05:16:31.560+0000] {log.py:232} WARNING - 2025-05-16 05:16:31,560 - INFO: ADDED: Fashionable Menhera and Menhera (ID: 4d393a81-0015-4744-bf9a-064394e3f234)
[2025-05-16T05:16:31.560+0000] {update_sequential.py:115} INFO - ADDED: Fashionable Menhera and Menhera (ID: 4d393a81-0015-4744-bf9a-064394e3f234)
[2025-05-16T05:16:31.844+0000] {log.py:232} WARNING - 2025-05-16 05:16:31,843 - INFO: ADDED: Collect And Seize (ID: bdac77b1-608f-4b0d-9773-7053dac0eca6)
[2025-05-16T05:16:31.843+0000] {update_sequential.py:115} INFO - ADDED: Collect And Seize (ID: bdac77b1-608f-4b0d-9773-7053dac0eca6)
[2025-05-16T05:16:32.128+0000] {log.py:232} WARNING - 2025-05-16 05:16:32,128 - INFO: ADDED: Hatsukoi To Saida (ID: 4de696e3-52a8-45d0-bb77-60e83bc4fa8c)
[2025-05-16T05:16:32.128+0000] {update_sequential.py:115} INFO - ADDED: Hatsukoi To Saida (ID: 4de696e3-52a8-45d0-bb77-60e83bc4fa8c)
[2025-05-16T05:16:32.412+0000] {log.py:232} WARNING - 2025-05-16 05:16:32,411 - INFO: ADDED: Seishun Wa Wagamama Kurai Ga Chodoi (ID: 1c8d0842-e998-4cd9-8808-a8bac2265743)
[2025-05-16T05:16:32.411+0000] {update_sequential.py:115} INFO - ADDED: Seishun Wa Wagamama Kurai Ga Chodoi (ID: 1c8d0842-e998-4cd9-8808-a8bac2265743)
[2025-05-16T05:16:32.710+0000] {log.py:232} WARNING - 2025-05-16 05:16:32,710 - INFO: ADDED: call my squall (ID: f777da8d-878b-4114-a256-31b21933afc3)
[2025-05-16T05:16:32.710+0000] {update_sequential.py:115} INFO - ADDED: call my squall (ID: f777da8d-878b-4114-a256-31b21933afc3)
[2025-05-16T05:16:32.995+0000] {log.py:232} WARNING - 2025-05-16 05:16:32,994 - INFO: ADDED: Scholar's Bossam (ID: 255937ca-c65b-4f8e-bb39-a41ac667362b)
[2025-05-16T05:16:32.994+0000] {update_sequential.py:115} INFO - ADDED: Scholar's Bossam (ID: 255937ca-c65b-4f8e-bb39-a41ac667362b)
[2025-05-16T05:16:33.278+0000] {log.py:232} WARNING - 2025-05-16 05:16:33,277 - INFO: ADDED: My Hero Academia - Souiu Koto Dakara (Doujinshi) (ID: 16ac1429-593f-4fe5-a529-ce8aed994ef5)
[2025-05-16T05:16:33.277+0000] {update_sequential.py:115} INFO - ADDED: My Hero Academia - Souiu Koto Dakara (Doujinshi) (ID: 16ac1429-593f-4fe5-a529-ce8aed994ef5)
[2025-05-16T05:16:33.567+0000] {log.py:232} WARNING - 2025-05-16 05:16:33,566 - INFO: ADDED: Hanafusa Senpai No Amaiwana (ID: 13b1e64c-dc93-47c0-99d8-bfee66ae353b)
[2025-05-16T05:16:33.566+0000] {update_sequential.py:115} INFO - ADDED: Hanafusa Senpai No Amaiwana (ID: 13b1e64c-dc93-47c0-99d8-bfee66ae353b)
[2025-05-16T05:16:33.868+0000] {log.py:232} WARNING - 2025-05-16 05:16:33,868 - INFO: ADDED: Shiroi Nekono Gakko (ID: 4fe0978e-cf64-4b8d-906a-c13da2c7157e)
[2025-05-16T05:16:33.868+0000] {update_sequential.py:115} INFO - ADDED: Shiroi Nekono Gakko (ID: 4fe0978e-cf64-4b8d-906a-c13da2c7157e)
[2025-05-16T05:16:34.151+0000] {log.py:232} WARNING - 2025-05-16 05:16:34,151 - INFO: ADDED: Tamamushiro No Renjo (ID: 5520f2ef-d4ab-4c22-a6e3-31e74dd76888)
[2025-05-16T05:16:34.151+0000] {update_sequential.py:115} INFO - ADDED: Tamamushiro No Renjo (ID: 5520f2ef-d4ab-4c22-a6e3-31e74dd76888)
[2025-05-16T05:16:34.442+0000] {log.py:232} WARNING - 2025-05-16 05:16:34,441 - INFO: ADDED: Kiyasuku Fureruna Kuro Bara Ni (ID: 2cdfa7d3-e8ab-4f06-a6f8-89b7a3a22db2)
[2025-05-16T05:16:34.441+0000] {update_sequential.py:115} INFO - ADDED: Kiyasuku Fureruna Kuro Bara Ni (ID: 2cdfa7d3-e8ab-4f06-a6f8-89b7a3a22db2)
[2025-05-16T05:16:34.724+0000] {log.py:232} WARNING - 2025-05-16 05:16:34,723 - INFO: ADDED: Sekai De Ichiban Anishiteru (ID: 2b649c16-fb4a-45f1-afb8-9a8f4b4a5bc1)
[2025-05-16T05:16:34.723+0000] {update_sequential.py:115} INFO - ADDED: Sekai De Ichiban Anishiteru (ID: 2b649c16-fb4a-45f1-afb8-9a8f4b4a5bc1)
[2025-05-16T05:16:35.007+0000] {log.py:232} WARNING - 2025-05-16 05:16:35,006 - INFO: ADDED: Netabare Kinshi No Amamiya-Kun (ID: e4187ee9-4f6e-49cf-8b2e-b4a80b04d1b3)
[2025-05-16T05:16:35.006+0000] {update_sequential.py:115} INFO - ADDED: Netabare Kinshi No Amamiya-Kun (ID: e4187ee9-4f6e-49cf-8b2e-b4a80b04d1b3)
[2025-05-16T05:16:35.295+0000] {log.py:232} WARNING - 2025-05-16 05:16:35,294 - INFO: ADDED: Internet e Youkoso! Neuro-sama! (ID: cbb7e271-dd90-4b68-9df8-0acd008412d8)
[2025-05-16T05:16:35.294+0000] {update_sequential.py:115} INFO - ADDED: Internet e Youkoso! Neuro-sama! (ID: cbb7e271-dd90-4b68-9df8-0acd008412d8)
[2025-05-16T05:16:35.578+0000] {log.py:232} WARNING - 2025-05-16 05:16:35,578 - INFO: ADDED: Shachou Kamitenma Ryouko no Koi wa Omoiegaita Naname Ue (ID: 24d979fb-1282-4ad8-a7cb-b70297384369)
[2025-05-16T05:16:35.578+0000] {update_sequential.py:115} INFO - ADDED: Shachou Kamitenma Ryouko no Koi wa Omoiegaita Naname Ue (ID: 24d979fb-1282-4ad8-a7cb-b70297384369)
[2025-05-16T05:16:35.863+0000] {log.py:232} WARNING - 2025-05-16 05:16:35,862 - INFO: ADDED: Sensei Wa Kisu Ga Hetana Vampire (ID: 25a98773-9196-4760-a2e6-58c725791c78)
[2025-05-16T05:16:35.862+0000] {update_sequential.py:115} INFO - ADDED: Sensei Wa Kisu Ga Hetana Vampire (ID: 25a98773-9196-4760-a2e6-58c725791c78)
[2025-05-16T05:16:36.156+0000] {log.py:232} WARNING - 2025-05-16 05:16:36,156 - INFO: ADDED: Oto★ko Selection - Oneesan to Otokonoko Comic Anthology (ID: 1c20e3c8-ce80-4e97-b3be-ce1040a1817d)
[2025-05-16T05:16:36.156+0000] {update_sequential.py:115} INFO - ADDED: Oto★ko Selection - Oneesan to Otokonoko Comic Anthology (ID: 1c20e3c8-ce80-4e97-b3be-ce1040a1817d)
[2025-05-16T05:16:36.449+0000] {log.py:232} WARNING - 2025-05-16 05:16:36,449 - INFO: ADDED: Bara sensou (ID: da6c7a1e-e528-4a1e-8a09-c5443ab77225)
[2025-05-16T05:16:36.449+0000] {update_sequential.py:115} INFO - ADDED: Bara sensou (ID: da6c7a1e-e528-4a1e-8a09-c5443ab77225)
[2025-05-16T05:16:36.733+0000] {log.py:232} WARNING - 2025-05-16 05:16:36,732 - INFO: ADDED: Itsukara Maryoku Ga Nai to Sakkaku Shiteita?! (ID: f1b3d291-ac40-41b0-bddf-d6d3dda03515)
[2025-05-16T05:16:36.732+0000] {update_sequential.py:115} INFO - ADDED: Itsukara Maryoku Ga Nai to Sakkaku Shiteita?! (ID: f1b3d291-ac40-41b0-bddf-d6d3dda03515)
[2025-05-16T05:16:37.024+0000] {log.py:232} WARNING - 2025-05-16 05:16:37,024 - INFO: ADDED: Chouetsukyuu Ekisutora no Kouryakushuu (ID: 9fcec6cc-338a-4de3-a14c-a13a7442bf86)
[2025-05-16T05:16:37.024+0000] {update_sequential.py:115} INFO - ADDED: Chouetsukyuu Ekisutora no Kouryakushuu (ID: 9fcec6cc-338a-4de3-a14c-a13a7442bf86)
[2025-05-16T05:16:37.314+0000] {log.py:232} WARNING - 2025-05-16 05:16:37,314 - INFO: Database update complete
[2025-05-16T05:16:37.314+0000] {update_sequential.py:119} INFO - Database update complete
[2025-05-16T05:16:37.316+0000] {log.py:232} WARNING - 2025-05-16 05:16:37,315 - INFO: SUMMARY: 0 manga updated, 60 manga added
[2025-05-16T05:16:37.315+0000] {update_sequential.py:120} INFO - SUMMARY: 0 manga updated, 60 manga added
[2025-05-16T05:16:42.051+0000] {log.py:232} WARNING - 2025-05-16 05:16:42,050 - INFO: Registered manga rollback data for 60 manga IDs
[2025-05-16T05:16:42.050+0000] {update_manga_database_dag.py:132} INFO - Registered manga rollback data for 60 manga IDs
[2025-05-16T05:16:42.053+0000] {log.py:232} WARNING - 2025-05-16 05:16:42,052 - INFO: Updated 60 manga
[2025-05-16T05:16:42.052+0000] {update_manga_database_dag.py:412} INFO - Updated 60 manga
[2025-05-16T05:16:42.054+0000] {log.py:232} WARNING - 2025-05-16 05:16:42,054 - INFO: Checking 98 chapters across 62 manga
[2025-05-16T05:16:42.054+0000] {update_sequential.py:175} INFO - Checking 98 chapters across 62 manga
[2025-05-16T05:16:42.625+0000] {log.py:232} WARNING - 2025-05-16 05:16:42,624 - INFO: Processing manga 4551679e-820b-42a5-85ff-d00ade797383, chapter 1 (ko)
[2025-05-16T05:16:42.624+0000] {update_sequential.py:209} INFO - Processing manga 4551679e-820b-42a5-85ff-d00ade797383, chapter 1 (ko)
[2025-05-16T05:16:42.628+0000] {log.py:232} WARNING - 2025-05-16 05:16:42,627 - INFO: Chapter 1 (ko) already exists, no change needed
[2025-05-16T05:16:42.627+0000] {update_sequential.py:237} INFO - Chapter 1 (ko) already exists, no change needed
[2025-05-16T05:16:42.630+0000] {log.py:232} WARNING - 2025-05-16 05:16:42,629 - INFO: Processing manga 236ab0cf-a5ef-4039-8e0a-f4cfe4660424, chapter 1.1 (en)
[2025-05-16T05:16:42.629+0000] {update_sequential.py:209} INFO - Processing manga 236ab0cf-a5ef-4039-8e0a-f4cfe4660424, chapter 1.1 (en)
[2025-05-16T05:16:42.631+0000] {log.py:232} WARNING - 2025-05-16 05:16:42,631 - INFO: Adding new chapter 1.1 (en) for manga 236ab0cf-a5ef-4039-8e0a-f4cfe4660424
[2025-05-16T05:16:42.631+0000] {update_sequential.py:244} INFO - Adding new chapter 1.1 (en) for manga 236ab0cf-a5ef-4039-8e0a-f4cfe4660424
[2025-05-16T05:16:42.916+0000] {log.py:232} WARNING - 2025-05-16 05:16:42,915 - INFO: Processing manga e82fb7dd-edff-4593-9fff-760f018f6703, chapter None (es-la)
[2025-05-16T05:16:42.915+0000] {update_sequential.py:209} INFO - Processing manga e82fb7dd-edff-4593-9fff-760f018f6703, chapter None (es-la)
[2025-05-16T05:16:42.917+0000] {log.py:232} WARNING - 2025-05-16 05:16:42,917 - INFO: Adding new chapter None (es-la) for manga e82fb7dd-edff-4593-9fff-760f018f6703
[2025-05-16T05:16:42.917+0000] {update_sequential.py:244} INFO - Adding new chapter None (es-la) for manga e82fb7dd-edff-4593-9fff-760f018f6703
[2025-05-16T05:16:43.201+0000] {log.py:232} WARNING - 2025-05-16 05:16:43,200 - INFO: Processing manga 192ec1c9-eb9a-4771-bb79-2b9bb4adbe0e, chapter 1 (en)
[2025-05-16T05:16:43.200+0000] {update_sequential.py:209} INFO - Processing manga 192ec1c9-eb9a-4771-bb79-2b9bb4adbe0e, chapter 1 (en)
[2025-05-16T05:16:43.205+0000] {log.py:232} WARNING - 2025-05-16 05:16:43,204 - INFO: Adding new chapter 1 (en) for manga 192ec1c9-eb9a-4771-bb79-2b9bb4adbe0e
[2025-05-16T05:16:43.204+0000] {update_sequential.py:244} INFO - Adding new chapter 1 (en) for manga 192ec1c9-eb9a-4771-bb79-2b9bb4adbe0e
[2025-05-16T05:16:43.492+0000] {log.py:232} WARNING - 2025-05-16 05:16:43,491 - INFO: Processing manga 192ec1c9-eb9a-4771-bb79-2b9bb4adbe0e, chapter 2 (en)
[2025-05-16T05:16:43.491+0000] {update_sequential.py:209} INFO - Processing manga 192ec1c9-eb9a-4771-bb79-2b9bb4adbe0e, chapter 2 (en)
[2025-05-16T05:16:43.494+0000] {log.py:232} WARNING - 2025-05-16 05:16:43,493 - INFO: Adding new chapter 2 (en) for manga 192ec1c9-eb9a-4771-bb79-2b9bb4adbe0e
[2025-05-16T05:16:43.493+0000] {update_sequential.py:244} INFO - Adding new chapter 2 (en) for manga 192ec1c9-eb9a-4771-bb79-2b9bb4adbe0e
[2025-05-16T05:16:43.785+0000] {log.py:232} WARNING - 2025-05-16 05:16:43,785 - INFO: Processing manga 192ec1c9-eb9a-4771-bb79-2b9bb4adbe0e, chapter 3 (en)
[2025-05-16T05:16:43.785+0000] {update_sequential.py:209} INFO - Processing manga 192ec1c9-eb9a-4771-bb79-2b9bb4adbe0e, chapter 3 (en)
[2025-05-16T05:16:43.787+0000] {log.py:232} WARNING - 2025-05-16 05:16:43,786 - INFO: Adding new chapter 3 (en) for manga 192ec1c9-eb9a-4771-bb79-2b9bb4adbe0e
[2025-05-16T05:16:43.786+0000] {update_sequential.py:244} INFO - Adding new chapter 3 (en) for manga 192ec1c9-eb9a-4771-bb79-2b9bb4adbe0e
[2025-05-16T05:16:44.074+0000] {log.py:232} WARNING - 2025-05-16 05:16:44,073 - INFO: Processing manga 3de96e80-6feb-450c-a169-053d40c01063, chapter 1 (en)
[2025-05-16T05:16:44.073+0000] {update_sequential.py:209} INFO - Processing manga 3de96e80-6feb-450c-a169-053d40c01063, chapter 1 (en)
[2025-05-16T05:16:44.078+0000] {log.py:232} WARNING - 2025-05-16 05:16:44,077 - INFO: Adding new chapter 1 (en) for manga 3de96e80-6feb-450c-a169-053d40c01063
[2025-05-16T05:16:44.077+0000] {update_sequential.py:244} INFO - Adding new chapter 1 (en) for manga 3de96e80-6feb-450c-a169-053d40c01063
[2025-05-16T05:16:44.365+0000] {log.py:232} WARNING - 2025-05-16 05:16:44,364 - INFO: Processing manga 3de96e80-6feb-450c-a169-053d40c01063, chapter 2 (en)
[2025-05-16T05:16:44.364+0000] {update_sequential.py:209} INFO - Processing manga 3de96e80-6feb-450c-a169-053d40c01063, chapter 2 (en)
[2025-05-16T05:16:44.369+0000] {log.py:232} WARNING - 2025-05-16 05:16:44,368 - INFO: Adding new chapter 2 (en) for manga 3de96e80-6feb-450c-a169-053d40c01063
[2025-05-16T05:16:44.368+0000] {update_sequential.py:244} INFO - Adding new chapter 2 (en) for manga 3de96e80-6feb-450c-a169-053d40c01063
[2025-05-16T05:16:44.661+0000] {log.py:232} WARNING - 2025-05-16 05:16:44,661 - INFO: Processing manga 3de96e80-6feb-450c-a169-053d40c01063, chapter 3 (en)
[2025-05-16T05:16:44.661+0000] {update_sequential.py:209} INFO - Processing manga 3de96e80-6feb-450c-a169-053d40c01063, chapter 3 (en)
[2025-05-16T05:16:44.663+0000] {log.py:232} WARNING - 2025-05-16 05:16:44,663 - INFO: Adding new chapter 3 (en) for manga 3de96e80-6feb-450c-a169-053d40c01063
[2025-05-16T05:16:44.663+0000] {update_sequential.py:244} INFO - Adding new chapter 3 (en) for manga 3de96e80-6feb-450c-a169-053d40c01063
[2025-05-16T05:16:44.948+0000] {log.py:232} WARNING - 2025-05-16 05:16:44,947 - INFO: Processing manga 3de96e80-6feb-450c-a169-053d40c01063, chapter 4 (en)
[2025-05-16T05:16:44.947+0000] {update_sequential.py:209} INFO - Processing manga 3de96e80-6feb-450c-a169-053d40c01063, chapter 4 (en)
[2025-05-16T05:16:44.950+0000] {log.py:232} WARNING - 2025-05-16 05:16:44,949 - INFO: Adding new chapter 4 (en) for manga 3de96e80-6feb-450c-a169-053d40c01063
[2025-05-16T05:16:44.949+0000] {update_sequential.py:244} INFO - Adding new chapter 4 (en) for manga 3de96e80-6feb-450c-a169-053d40c01063
[2025-05-16T05:16:45.234+0000] {log.py:232} WARNING - 2025-05-16 05:16:45,233 - INFO: Processing manga 8dbb4f57-4e35-4fa6-88c7-2d8f8334d8db, chapter 1 (en)
[2025-05-16T05:16:45.233+0000] {update_sequential.py:209} INFO - Processing manga 8dbb4f57-4e35-4fa6-88c7-2d8f8334d8db, chapter 1 (en)
[2025-05-16T05:16:45.237+0000] {log.py:232} WARNING - 2025-05-16 05:16:45,236 - INFO: Adding new chapter 1 (en) for manga 8dbb4f57-4e35-4fa6-88c7-2d8f8334d8db
[2025-05-16T05:16:45.236+0000] {update_sequential.py:244} INFO - Adding new chapter 1 (en) for manga 8dbb4f57-4e35-4fa6-88c7-2d8f8334d8db
[2025-05-16T05:16:45.525+0000] {log.py:232} WARNING - 2025-05-16 05:16:45,524 - INFO: Processing manga 8dbb4f57-4e35-4fa6-88c7-2d8f8334d8db, chapter 2 (en)
[2025-05-16T05:16:45.524+0000] {update_sequential.py:209} INFO - Processing manga 8dbb4f57-4e35-4fa6-88c7-2d8f8334d8db, chapter 2 (en)
[2025-05-16T05:16:45.528+0000] {log.py:232} WARNING - 2025-05-16 05:16:45,527 - INFO: Adding new chapter 2 (en) for manga 8dbb4f57-4e35-4fa6-88c7-2d8f8334d8db
[2025-05-16T05:16:45.527+0000] {update_sequential.py:244} INFO - Adding new chapter 2 (en) for manga 8dbb4f57-4e35-4fa6-88c7-2d8f8334d8db
[2025-05-16T05:16:45.814+0000] {log.py:232} WARNING - 2025-05-16 05:16:45,813 - INFO: Processing manga 8dbb4f57-4e35-4fa6-88c7-2d8f8334d8db, chapter 3 (en)
[2025-05-16T05:16:45.813+0000] {update_sequential.py:209} INFO - Processing manga 8dbb4f57-4e35-4fa6-88c7-2d8f8334d8db, chapter 3 (en)
[2025-05-16T05:16:45.819+0000] {log.py:232} WARNING - 2025-05-16 05:16:45,818 - INFO: Adding new chapter 3 (en) for manga 8dbb4f57-4e35-4fa6-88c7-2d8f8334d8db
[2025-05-16T05:16:45.818+0000] {update_sequential.py:244} INFO - Adding new chapter 3 (en) for manga 8dbb4f57-4e35-4fa6-88c7-2d8f8334d8db
[2025-05-16T05:16:46.103+0000] {log.py:232} WARNING - 2025-05-16 05:16:46,102 - INFO: Processing manga 8dbb4f57-4e35-4fa6-88c7-2d8f8334d8db, chapter 4 (en)
[2025-05-16T05:16:46.102+0000] {update_sequential.py:209} INFO - Processing manga 8dbb4f57-4e35-4fa6-88c7-2d8f8334d8db, chapter 4 (en)
[2025-05-16T05:16:46.104+0000] {log.py:232} WARNING - 2025-05-16 05:16:46,104 - INFO: Adding new chapter 4 (en) for manga 8dbb4f57-4e35-4fa6-88c7-2d8f8334d8db
[2025-05-16T05:16:46.104+0000] {update_sequential.py:244} INFO - Adding new chapter 4 (en) for manga 8dbb4f57-4e35-4fa6-88c7-2d8f8334d8db
[2025-05-16T05:16:46.387+0000] {log.py:232} WARNING - 2025-05-16 05:16:46,386 - INFO: Processing manga 8dbb4f57-4e35-4fa6-88c7-2d8f8334d8db, chapter 5 (en)
[2025-05-16T05:16:46.386+0000] {update_sequential.py:209} INFO - Processing manga 8dbb4f57-4e35-4fa6-88c7-2d8f8334d8db, chapter 5 (en)
[2025-05-16T05:16:46.388+0000] {log.py:232} WARNING - 2025-05-16 05:16:46,388 - INFO: Adding new chapter 5 (en) for manga 8dbb4f57-4e35-4fa6-88c7-2d8f8334d8db
[2025-05-16T05:16:46.388+0000] {update_sequential.py:244} INFO - Adding new chapter 5 (en) for manga 8dbb4f57-4e35-4fa6-88c7-2d8f8334d8db
[2025-05-16T05:16:46.673+0000] {log.py:232} WARNING - 2025-05-16 05:16:46,672 - INFO: Processing manga 8dbb4f57-4e35-4fa6-88c7-2d8f8334d8db, chapter 6 (en)
[2025-05-16T05:16:46.672+0000] {update_sequential.py:209} INFO - Processing manga 8dbb4f57-4e35-4fa6-88c7-2d8f8334d8db, chapter 6 (en)
[2025-05-16T05:16:46.676+0000] {log.py:232} WARNING - 2025-05-16 05:16:46,676 - INFO: Adding new chapter 6 (en) for manga 8dbb4f57-4e35-4fa6-88c7-2d8f8334d8db
[2025-05-16T05:16:46.676+0000] {update_sequential.py:244} INFO - Adding new chapter 6 (en) for manga 8dbb4f57-4e35-4fa6-88c7-2d8f8334d8db
[2025-05-16T05:16:46.963+0000] {log.py:232} WARNING - 2025-05-16 05:16:46,962 - INFO: Processing manga 8dbb4f57-4e35-4fa6-88c7-2d8f8334d8db, chapter 7 (en)
[2025-05-16T05:16:46.962+0000] {update_sequential.py:209} INFO - Processing manga 8dbb4f57-4e35-4fa6-88c7-2d8f8334d8db, chapter 7 (en)
[2025-05-16T05:16:46.965+0000] {log.py:232} WARNING - 2025-05-16 05:16:46,964 - INFO: Adding new chapter 7 (en) for manga 8dbb4f57-4e35-4fa6-88c7-2d8f8334d8db
[2025-05-16T05:16:46.964+0000] {update_sequential.py:244} INFO - Adding new chapter 7 (en) for manga 8dbb4f57-4e35-4fa6-88c7-2d8f8334d8db
[2025-05-16T05:16:47.256+0000] {log.py:232} WARNING - 2025-05-16 05:16:47,255 - INFO: Processing manga 8dbb4f57-4e35-4fa6-88c7-2d8f8334d8db, chapter 8 (en)
[2025-05-16T05:16:47.255+0000] {update_sequential.py:209} INFO - Processing manga 8dbb4f57-4e35-4fa6-88c7-2d8f8334d8db, chapter 8 (en)
[2025-05-16T05:16:47.259+0000] {log.py:232} WARNING - 2025-05-16 05:16:47,259 - INFO: Adding new chapter 8 (en) for manga 8dbb4f57-4e35-4fa6-88c7-2d8f8334d8db
[2025-05-16T05:16:47.259+0000] {update_sequential.py:244} INFO - Adding new chapter 8 (en) for manga 8dbb4f57-4e35-4fa6-88c7-2d8f8334d8db
[2025-05-16T05:16:47.553+0000] {log.py:232} WARNING - 2025-05-16 05:16:47,553 - INFO: Processing manga 8dbb4f57-4e35-4fa6-88c7-2d8f8334d8db, chapter 9 (en)
[2025-05-16T05:16:47.553+0000] {update_sequential.py:209} INFO - Processing manga 8dbb4f57-4e35-4fa6-88c7-2d8f8334d8db, chapter 9 (en)
[2025-05-16T05:16:47.554+0000] {log.py:232} WARNING - 2025-05-16 05:16:47,554 - INFO: Adding new chapter 9 (en) for manga 8dbb4f57-4e35-4fa6-88c7-2d8f8334d8db
[2025-05-16T05:16:47.554+0000] {update_sequential.py:244} INFO - Adding new chapter 9 (en) for manga 8dbb4f57-4e35-4fa6-88c7-2d8f8334d8db
[2025-05-16T05:16:47.836+0000] {log.py:232} WARNING - 2025-05-16 05:16:47,836 - INFO: Processing manga 8dbb4f57-4e35-4fa6-88c7-2d8f8334d8db, chapter 10 (en)
[2025-05-16T05:16:47.836+0000] {update_sequential.py:209} INFO - Processing manga 8dbb4f57-4e35-4fa6-88c7-2d8f8334d8db, chapter 10 (en)
[2025-05-16T05:16:47.838+0000] {log.py:232} WARNING - 2025-05-16 05:16:47,838 - INFO: Adding new chapter 10 (en) for manga 8dbb4f57-4e35-4fa6-88c7-2d8f8334d8db
[2025-05-16T05:16:47.838+0000] {update_sequential.py:244} INFO - Adding new chapter 10 (en) for manga 8dbb4f57-4e35-4fa6-88c7-2d8f8334d8db
[2025-05-16T05:16:48.122+0000] {log.py:232} WARNING - 2025-05-16 05:16:48,122 - INFO: Processing manga 8dbb4f57-4e35-4fa6-88c7-2d8f8334d8db, chapter 11 (en)
[2025-05-16T05:16:48.122+0000] {update_sequential.py:209} INFO - Processing manga 8dbb4f57-4e35-4fa6-88c7-2d8f8334d8db, chapter 11 (en)
[2025-05-16T05:16:48.124+0000] {log.py:232} WARNING - 2025-05-16 05:16:48,124 - INFO: Adding new chapter 11 (en) for manga 8dbb4f57-4e35-4fa6-88c7-2d8f8334d8db
[2025-05-16T05:16:48.124+0000] {update_sequential.py:244} INFO - Adding new chapter 11 (en) for manga 8dbb4f57-4e35-4fa6-88c7-2d8f8334d8db
[2025-05-16T05:16:48.413+0000] {log.py:232} WARNING - 2025-05-16 05:16:48,412 - INFO: Processing manga 8dbb4f57-4e35-4fa6-88c7-2d8f8334d8db, chapter 12 (en)
[2025-05-16T05:16:48.412+0000] {update_sequential.py:209} INFO - Processing manga 8dbb4f57-4e35-4fa6-88c7-2d8f8334d8db, chapter 12 (en)
[2025-05-16T05:16:48.415+0000] {log.py:232} WARNING - 2025-05-16 05:16:48,414 - INFO: Adding new chapter 12 (en) for manga 8dbb4f57-4e35-4fa6-88c7-2d8f8334d8db
[2025-05-16T05:16:48.414+0000] {update_sequential.py:244} INFO - Adding new chapter 12 (en) for manga 8dbb4f57-4e35-4fa6-88c7-2d8f8334d8db
[2025-05-16T05:16:48.698+0000] {log.py:232} WARNING - 2025-05-16 05:16:48,697 - INFO: Processing manga 8dbb4f57-4e35-4fa6-88c7-2d8f8334d8db, chapter 13 (en)
[2025-05-16T05:16:48.697+0000] {update_sequential.py:209} INFO - Processing manga 8dbb4f57-4e35-4fa6-88c7-2d8f8334d8db, chapter 13 (en)
[2025-05-16T05:16:48.699+0000] {log.py:232} WARNING - 2025-05-16 05:16:48,699 - INFO: Adding new chapter 13 (en) for manga 8dbb4f57-4e35-4fa6-88c7-2d8f8334d8db
[2025-05-16T05:16:48.699+0000] {update_sequential.py:244} INFO - Adding new chapter 13 (en) for manga 8dbb4f57-4e35-4fa6-88c7-2d8f8334d8db
[2025-05-16T05:16:48.986+0000] {log.py:232} WARNING - 2025-05-16 05:16:48,985 - INFO: Processing manga 8dbb4f57-4e35-4fa6-88c7-2d8f8334d8db, chapter 14 (en)
[2025-05-16T05:16:48.985+0000] {update_sequential.py:209} INFO - Processing manga 8dbb4f57-4e35-4fa6-88c7-2d8f8334d8db, chapter 14 (en)
[2025-05-16T05:16:48.988+0000] {log.py:232} WARNING - 2025-05-16 05:16:48,988 - INFO: Adding new chapter 14 (en) for manga 8dbb4f57-4e35-4fa6-88c7-2d8f8334d8db
[2025-05-16T05:16:48.988+0000] {update_sequential.py:244} INFO - Adding new chapter 14 (en) for manga 8dbb4f57-4e35-4fa6-88c7-2d8f8334d8db
[2025-05-16T05:16:49.279+0000] {log.py:232} WARNING - 2025-05-16 05:16:49,278 - INFO: Processing manga 8dbb4f57-4e35-4fa6-88c7-2d8f8334d8db, chapter 15 (en)
[2025-05-16T05:16:49.278+0000] {update_sequential.py:209} INFO - Processing manga 8dbb4f57-4e35-4fa6-88c7-2d8f8334d8db, chapter 15 (en)
[2025-05-16T05:16:49.284+0000] {log.py:232} WARNING - 2025-05-16 05:16:49,283 - INFO: Adding new chapter 15 (en) for manga 8dbb4f57-4e35-4fa6-88c7-2d8f8334d8db
[2025-05-16T05:16:49.283+0000] {update_sequential.py:244} INFO - Adding new chapter 15 (en) for manga 8dbb4f57-4e35-4fa6-88c7-2d8f8334d8db
[2025-05-16T05:16:49.582+0000] {log.py:232} WARNING - 2025-05-16 05:16:49,581 - INFO: Processing manga e195fc69-5e5c-4410-84fe-268daef38fbc, chapter None (en)
[2025-05-16T05:16:49.581+0000] {update_sequential.py:209} INFO - Processing manga e195fc69-5e5c-4410-84fe-268daef38fbc, chapter None (en)
[2025-05-16T05:16:49.586+0000] {log.py:232} WARNING - 2025-05-16 05:16:49,585 - INFO: Adding new chapter None (en) for manga e195fc69-5e5c-4410-84fe-268daef38fbc
[2025-05-16T05:16:49.585+0000] {update_sequential.py:244} INFO - Adding new chapter None (en) for manga e195fc69-5e5c-4410-84fe-268daef38fbc
[2025-05-16T05:16:49.872+0000] {log.py:232} WARNING - 2025-05-16 05:16:49,872 - INFO: Processing manga e7fa5fe6-7988-4f69-a6b8-7f5c34ade5d4, chapter 1 (en)
[2025-05-16T05:16:49.872+0000] {update_sequential.py:209} INFO - Processing manga e7fa5fe6-7988-4f69-a6b8-7f5c34ade5d4, chapter 1 (en)
[2025-05-16T05:16:49.873+0000] {log.py:232} WARNING - 2025-05-16 05:16:49,873 - INFO: Adding new chapter 1 (en) for manga e7fa5fe6-7988-4f69-a6b8-7f5c34ade5d4
[2025-05-16T05:16:49.873+0000] {update_sequential.py:244} INFO - Adding new chapter 1 (en) for manga e7fa5fe6-7988-4f69-a6b8-7f5c34ade5d4
[2025-05-16T05:16:50.159+0000] {log.py:232} WARNING - 2025-05-16 05:16:50,158 - INFO: Processing manga e7fa5fe6-7988-4f69-a6b8-7f5c34ade5d4, chapter 2 (en)
[2025-05-16T05:16:50.158+0000] {update_sequential.py:209} INFO - Processing manga e7fa5fe6-7988-4f69-a6b8-7f5c34ade5d4, chapter 2 (en)
[2025-05-16T05:16:50.161+0000] {log.py:232} WARNING - 2025-05-16 05:16:50,161 - INFO: Adding new chapter 2 (en) for manga e7fa5fe6-7988-4f69-a6b8-7f5c34ade5d4
[2025-05-16T05:16:50.161+0000] {update_sequential.py:244} INFO - Adding new chapter 2 (en) for manga e7fa5fe6-7988-4f69-a6b8-7f5c34ade5d4
[2025-05-16T05:16:50.447+0000] {log.py:232} WARNING - 2025-05-16 05:16:50,446 - INFO: Processing manga e7fa5fe6-7988-4f69-a6b8-7f5c34ade5d4, chapter 3 (en)
[2025-05-16T05:16:50.446+0000] {update_sequential.py:209} INFO - Processing manga e7fa5fe6-7988-4f69-a6b8-7f5c34ade5d4, chapter 3 (en)
[2025-05-16T05:16:50.451+0000] {log.py:232} WARNING - 2025-05-16 05:16:50,450 - INFO: Adding new chapter 3 (en) for manga e7fa5fe6-7988-4f69-a6b8-7f5c34ade5d4
[2025-05-16T05:16:50.450+0000] {update_sequential.py:244} INFO - Adding new chapter 3 (en) for manga e7fa5fe6-7988-4f69-a6b8-7f5c34ade5d4
[2025-05-16T05:16:50.739+0000] {log.py:232} WARNING - 2025-05-16 05:16:50,738 - INFO: Processing manga e7fa5fe6-7988-4f69-a6b8-7f5c34ade5d4, chapter 4 (en)
[2025-05-16T05:16:50.738+0000] {update_sequential.py:209} INFO - Processing manga e7fa5fe6-7988-4f69-a6b8-7f5c34ade5d4, chapter 4 (en)
[2025-05-16T05:16:50.744+0000] {log.py:232} WARNING - 2025-05-16 05:16:50,742 - INFO: Adding new chapter 4 (en) for manga e7fa5fe6-7988-4f69-a6b8-7f5c34ade5d4
[2025-05-16T05:16:50.742+0000] {update_sequential.py:244} INFO - Adding new chapter 4 (en) for manga e7fa5fe6-7988-4f69-a6b8-7f5c34ade5d4
[2025-05-16T05:16:51.032+0000] {log.py:232} WARNING - 2025-05-16 05:16:51,031 - INFO: Processing manga e7fa5fe6-7988-4f69-a6b8-7f5c34ade5d4, chapter 5 (en)
[2025-05-16T05:16:51.031+0000] {update_sequential.py:209} INFO - Processing manga e7fa5fe6-7988-4f69-a6b8-7f5c34ade5d4, chapter 5 (en)
[2025-05-16T05:16:51.034+0000] {log.py:232} WARNING - 2025-05-16 05:16:51,033 - INFO: Adding new chapter 5 (en) for manga e7fa5fe6-7988-4f69-a6b8-7f5c34ade5d4
[2025-05-16T05:16:51.033+0000] {update_sequential.py:244} INFO - Adding new chapter 5 (en) for manga e7fa5fe6-7988-4f69-a6b8-7f5c34ade5d4
[2025-05-16T05:16:51.319+0000] {log.py:232} WARNING - 2025-05-16 05:16:51,318 - INFO: Processing manga e7fa5fe6-7988-4f69-a6b8-7f5c34ade5d4, chapter 6 (en)
[2025-05-16T05:16:51.318+0000] {update_sequential.py:209} INFO - Processing manga e7fa5fe6-7988-4f69-a6b8-7f5c34ade5d4, chapter 6 (en)
[2025-05-16T05:16:51.323+0000] {log.py:232} WARNING - 2025-05-16 05:16:51,322 - INFO: Adding new chapter 6 (en) for manga e7fa5fe6-7988-4f69-a6b8-7f5c34ade5d4
[2025-05-16T05:16:51.322+0000] {update_sequential.py:244} INFO - Adding new chapter 6 (en) for manga e7fa5fe6-7988-4f69-a6b8-7f5c34ade5d4
[2025-05-16T05:16:51.612+0000] {log.py:232} WARNING - 2025-05-16 05:16:51,610 - INFO: Processing manga e7fa5fe6-7988-4f69-a6b8-7f5c34ade5d4, chapter 7 (en)
[2025-05-16T05:16:51.610+0000] {update_sequential.py:209} INFO - Processing manga e7fa5fe6-7988-4f69-a6b8-7f5c34ade5d4, chapter 7 (en)
[2025-05-16T05:16:51.616+0000] {log.py:232} WARNING - 2025-05-16 05:16:51,615 - INFO: Adding new chapter 7 (en) for manga e7fa5fe6-7988-4f69-a6b8-7f5c34ade5d4
[2025-05-16T05:16:51.615+0000] {update_sequential.py:244} INFO - Adding new chapter 7 (en) for manga e7fa5fe6-7988-4f69-a6b8-7f5c34ade5d4
[2025-05-16T05:16:51.905+0000] {log.py:232} WARNING - 2025-05-16 05:16:51,904 - INFO: Processing manga e7fa5fe6-7988-4f69-a6b8-7f5c34ade5d4, chapter 8 (en)
[2025-05-16T05:16:51.904+0000] {update_sequential.py:209} INFO - Processing manga e7fa5fe6-7988-4f69-a6b8-7f5c34ade5d4, chapter 8 (en)
[2025-05-16T05:16:51.909+0000] {log.py:232} WARNING - 2025-05-16 05:16:51,908 - INFO: Adding new chapter 8 (en) for manga e7fa5fe6-7988-4f69-a6b8-7f5c34ade5d4
[2025-05-16T05:16:51.908+0000] {update_sequential.py:244} INFO - Adding new chapter 8 (en) for manga e7fa5fe6-7988-4f69-a6b8-7f5c34ade5d4
[2025-05-16T05:16:52.196+0000] {log.py:232} WARNING - 2025-05-16 05:16:52,196 - INFO: Processing manga e7fa5fe6-7988-4f69-a6b8-7f5c34ade5d4, chapter 9 (en)
[2025-05-16T05:16:52.196+0000] {update_sequential.py:209} INFO - Processing manga e7fa5fe6-7988-4f69-a6b8-7f5c34ade5d4, chapter 9 (en)
[2025-05-16T05:16:52.198+0000] {log.py:232} WARNING - 2025-05-16 05:16:52,197 - INFO: Adding new chapter 9 (en) for manga e7fa5fe6-7988-4f69-a6b8-7f5c34ade5d4
[2025-05-16T05:16:52.197+0000] {update_sequential.py:244} INFO - Adding new chapter 9 (en) for manga e7fa5fe6-7988-4f69-a6b8-7f5c34ade5d4
[2025-05-16T05:16:52.486+0000] {log.py:232} WARNING - 2025-05-16 05:16:52,484 - INFO: Processing manga e7fa5fe6-7988-4f69-a6b8-7f5c34ade5d4, chapter 10 (en)
[2025-05-16T05:16:52.484+0000] {update_sequential.py:209} INFO - Processing manga e7fa5fe6-7988-4f69-a6b8-7f5c34ade5d4, chapter 10 (en)
[2025-05-16T05:16:52.490+0000] {log.py:232} WARNING - 2025-05-16 05:16:52,489 - INFO: Adding new chapter 10 (en) for manga e7fa5fe6-7988-4f69-a6b8-7f5c34ade5d4
[2025-05-16T05:16:52.489+0000] {update_sequential.py:244} INFO - Adding new chapter 10 (en) for manga e7fa5fe6-7988-4f69-a6b8-7f5c34ade5d4
[2025-05-16T05:16:52.778+0000] {log.py:232} WARNING - 2025-05-16 05:16:52,776 - INFO: Processing manga e7fa5fe6-7988-4f69-a6b8-7f5c34ade5d4, chapter 11 (en)
[2025-05-16T05:16:52.776+0000] {update_sequential.py:209} INFO - Processing manga e7fa5fe6-7988-4f69-a6b8-7f5c34ade5d4, chapter 11 (en)
[2025-05-16T05:16:52.782+0000] {log.py:232} WARNING - 2025-05-16 05:16:52,781 - INFO: Adding new chapter 11 (en) for manga e7fa5fe6-7988-4f69-a6b8-7f5c34ade5d4
[2025-05-16T05:16:52.781+0000] {update_sequential.py:244} INFO - Adding new chapter 11 (en) for manga e7fa5fe6-7988-4f69-a6b8-7f5c34ade5d4
[2025-05-16T05:16:53.067+0000] {log.py:232} WARNING - 2025-05-16 05:16:53,067 - INFO: Processing manga 051f9e5b-72d9-4d32-ac41-2441c2c03a67, chapter 0 (en)
[2025-05-16T05:16:53.067+0000] {update_sequential.py:209} INFO - Processing manga 051f9e5b-72d9-4d32-ac41-2441c2c03a67, chapter 0 (en)
[2025-05-16T05:16:53.069+0000] {log.py:232} WARNING - 2025-05-16 05:16:53,069 - INFO: Adding new chapter 0 (en) for manga 051f9e5b-72d9-4d32-ac41-2441c2c03a67
[2025-05-16T05:16:53.069+0000] {update_sequential.py:244} INFO - Adding new chapter 0 (en) for manga 051f9e5b-72d9-4d32-ac41-2441c2c03a67
[2025-05-16T05:16:53.355+0000] {log.py:232} WARNING - 2025-05-16 05:16:53,354 - INFO: Processing manga 2e85b6e4-f73c-4483-8860-f55f2bd67119, chapter 0 (en)
[2025-05-16T05:16:53.354+0000] {update_sequential.py:209} INFO - Processing manga 2e85b6e4-f73c-4483-8860-f55f2bd67119, chapter 0 (en)
[2025-05-16T05:16:53.359+0000] {log.py:232} WARNING - 2025-05-16 05:16:53,358 - INFO: Adding new chapter 0 (en) for manga 2e85b6e4-f73c-4483-8860-f55f2bd67119
[2025-05-16T05:16:53.358+0000] {update_sequential.py:244} INFO - Adding new chapter 0 (en) for manga 2e85b6e4-f73c-4483-8860-f55f2bd67119
[2025-05-16T05:16:53.646+0000] {log.py:232} WARNING - 2025-05-16 05:16:53,645 - INFO: Processing manga e46ede76-7aa6-4887-9eb2-b5fa537b91b6, chapter 1 (en)
[2025-05-16T05:16:53.645+0000] {update_sequential.py:209} INFO - Processing manga e46ede76-7aa6-4887-9eb2-b5fa537b91b6, chapter 1 (en)
[2025-05-16T05:16:53.650+0000] {log.py:232} WARNING - 2025-05-16 05:16:53,649 - INFO: Adding new chapter 1 (en) for manga e46ede76-7aa6-4887-9eb2-b5fa537b91b6
[2025-05-16T05:16:53.649+0000] {update_sequential.py:244} INFO - Adding new chapter 1 (en) for manga e46ede76-7aa6-4887-9eb2-b5fa537b91b6
[2025-05-16T05:16:53.949+0000] {log.py:232} WARNING - 2025-05-16 05:16:53,948 - INFO: Processing manga e46ede76-7aa6-4887-9eb2-b5fa537b91b6, chapter 2 (en)
[2025-05-16T05:16:53.948+0000] {update_sequential.py:209} INFO - Processing manga e46ede76-7aa6-4887-9eb2-b5fa537b91b6, chapter 2 (en)
[2025-05-16T05:16:53.954+0000] {log.py:232} WARNING - 2025-05-16 05:16:53,953 - INFO: Adding new chapter 2 (en) for manga e46ede76-7aa6-4887-9eb2-b5fa537b91b6
[2025-05-16T05:16:53.953+0000] {update_sequential.py:244} INFO - Adding new chapter 2 (en) for manga e46ede76-7aa6-4887-9eb2-b5fa537b91b6
[2025-05-16T05:16:54.240+0000] {log.py:232} WARNING - 2025-05-16 05:16:54,239 - INFO: Processing manga e46ede76-7aa6-4887-9eb2-b5fa537b91b6, chapter 3 (en)
[2025-05-16T05:16:54.239+0000] {update_sequential.py:209} INFO - Processing manga e46ede76-7aa6-4887-9eb2-b5fa537b91b6, chapter 3 (en)
[2025-05-16T05:16:54.242+0000] {log.py:232} WARNING - 2025-05-16 05:16:54,242 - INFO: Adding new chapter 3 (en) for manga e46ede76-7aa6-4887-9eb2-b5fa537b91b6
[2025-05-16T05:16:54.242+0000] {update_sequential.py:244} INFO - Adding new chapter 3 (en) for manga e46ede76-7aa6-4887-9eb2-b5fa537b91b6
[2025-05-16T05:16:54.531+0000] {log.py:232} WARNING - 2025-05-16 05:16:54,530 - INFO: Processing manga e46ede76-7aa6-4887-9eb2-b5fa537b91b6, chapter 4 (en)
[2025-05-16T05:16:54.530+0000] {update_sequential.py:209} INFO - Processing manga e46ede76-7aa6-4887-9eb2-b5fa537b91b6, chapter 4 (en)
[2025-05-16T05:16:54.535+0000] {log.py:232} WARNING - 2025-05-16 05:16:54,534 - INFO: Adding new chapter 4 (en) for manga e46ede76-7aa6-4887-9eb2-b5fa537b91b6
[2025-05-16T05:16:54.534+0000] {update_sequential.py:244} INFO - Adding new chapter 4 (en) for manga e46ede76-7aa6-4887-9eb2-b5fa537b91b6
[2025-05-16T05:16:54.821+0000] {log.py:232} WARNING - 2025-05-16 05:16:54,820 - INFO: Processing manga e46ede76-7aa6-4887-9eb2-b5fa537b91b6, chapter 5 (en)
[2025-05-16T05:16:54.820+0000] {update_sequential.py:209} INFO - Processing manga e46ede76-7aa6-4887-9eb2-b5fa537b91b6, chapter 5 (en)
[2025-05-16T05:16:54.822+0000] {log.py:232} WARNING - 2025-05-16 05:16:54,822 - INFO: Adding new chapter 5 (en) for manga e46ede76-7aa6-4887-9eb2-b5fa537b91b6
[2025-05-16T05:16:54.822+0000] {update_sequential.py:244} INFO - Adding new chapter 5 (en) for manga e46ede76-7aa6-4887-9eb2-b5fa537b91b6
[2025-05-16T05:16:55.129+0000] {log.py:232} WARNING - 2025-05-16 05:16:55,119 - INFO: Processing manga e46ede76-7aa6-4887-9eb2-b5fa537b91b6, chapter 6 (en)
[2025-05-16T05:16:55.119+0000] {update_sequential.py:209} INFO - Processing manga e46ede76-7aa6-4887-9eb2-b5fa537b91b6, chapter 6 (en)
[2025-05-16T05:16:55.134+0000] {log.py:232} WARNING - 2025-05-16 05:16:55,133 - INFO: Adding new chapter 6 (en) for manga e46ede76-7aa6-4887-9eb2-b5fa537b91b6
[2025-05-16T05:16:55.133+0000] {update_sequential.py:244} INFO - Adding new chapter 6 (en) for manga e46ede76-7aa6-4887-9eb2-b5fa537b91b6
[2025-05-16T05:16:55.523+0000] {log.py:232} WARNING - 2025-05-16 05:16:55,492 - INFO: Processing manga e46ede76-7aa6-4887-9eb2-b5fa537b91b6, chapter 7 (en)
[2025-05-16T05:16:55.492+0000] {update_sequential.py:209} INFO - Processing manga e46ede76-7aa6-4887-9eb2-b5fa537b91b6, chapter 7 (en)
[2025-05-16T05:16:55.548+0000] {log.py:232} WARNING - 2025-05-16 05:16:55,543 - INFO: Adding new chapter 7 (en) for manga e46ede76-7aa6-4887-9eb2-b5fa537b91b6
[2025-05-16T05:16:55.543+0000] {update_sequential.py:244} INFO - Adding new chapter 7 (en) for manga e46ede76-7aa6-4887-9eb2-b5fa537b91b6
[2025-05-16T05:16:55.835+0000] {log.py:232} WARNING - 2025-05-16 05:16:55,835 - INFO: Processing manga e46ede76-7aa6-4887-9eb2-b5fa537b91b6, chapter 8 (en)
[2025-05-16T05:16:55.835+0000] {update_sequential.py:209} INFO - Processing manga e46ede76-7aa6-4887-9eb2-b5fa537b91b6, chapter 8 (en)
[2025-05-16T05:16:55.837+0000] {log.py:232} WARNING - 2025-05-16 05:16:55,836 - INFO: Adding new chapter 8 (en) for manga e46ede76-7aa6-4887-9eb2-b5fa537b91b6
[2025-05-16T05:16:55.836+0000] {update_sequential.py:244} INFO - Adding new chapter 8 (en) for manga e46ede76-7aa6-4887-9eb2-b5fa537b91b6
[2025-05-16T05:16:56.121+0000] {log.py:232} WARNING - 2025-05-16 05:16:56,120 - INFO: Processing manga 96fb960c-77d2-46e2-90f8-95e41a2712c6, chapter None (en)
[2025-05-16T05:16:56.120+0000] {update_sequential.py:209} INFO - Processing manga 96fb960c-77d2-46e2-90f8-95e41a2712c6, chapter None (en)
[2025-05-16T05:16:56.123+0000] {log.py:232} WARNING - 2025-05-16 05:16:56,123 - INFO: Adding new chapter None (en) for manga 96fb960c-77d2-46e2-90f8-95e41a2712c6
[2025-05-16T05:16:56.123+0000] {update_sequential.py:244} INFO - Adding new chapter None (en) for manga 96fb960c-77d2-46e2-90f8-95e41a2712c6
[2025-05-16T05:16:56.412+0000] {log.py:232} WARNING - 2025-05-16 05:16:56,412 - INFO: Processing manga 62e80dfd-c1b0-4c65-994b-fd41697f140e, chapter None (en)
[2025-05-16T05:16:56.412+0000] {update_sequential.py:209} INFO - Processing manga 62e80dfd-c1b0-4c65-994b-fd41697f140e, chapter None (en)
[2025-05-16T05:16:56.414+0000] {log.py:232} WARNING - 2025-05-16 05:16:56,414 - INFO: Adding new chapter None (en) for manga 62e80dfd-c1b0-4c65-994b-fd41697f140e
[2025-05-16T05:16:56.414+0000] {update_sequential.py:244} INFO - Adding new chapter None (en) for manga 62e80dfd-c1b0-4c65-994b-fd41697f140e
[2025-05-16T05:16:56.701+0000] {log.py:232} WARNING - 2025-05-16 05:16:56,700 - INFO: Processing manga 1f4fdbf8-b46a-4401-aaa7-8a3d75e2a711, chapter None (en)
[2025-05-16T05:16:56.700+0000] {update_sequential.py:209} INFO - Processing manga 1f4fdbf8-b46a-4401-aaa7-8a3d75e2a711, chapter None (en)
[2025-05-16T05:16:56.705+0000] {log.py:232} WARNING - 2025-05-16 05:16:56,704 - INFO: Adding new chapter None (en) for manga 1f4fdbf8-b46a-4401-aaa7-8a3d75e2a711
[2025-05-16T05:16:56.704+0000] {update_sequential.py:244} INFO - Adding new chapter None (en) for manga 1f4fdbf8-b46a-4401-aaa7-8a3d75e2a711
[2025-05-16T05:16:56.991+0000] {log.py:232} WARNING - 2025-05-16 05:16:56,990 - INFO: Processing manga cb871a0b-8442-4f9d-8987-38a6d7f11d17, chapter 1 (en)
[2025-05-16T05:16:56.990+0000] {update_sequential.py:209} INFO - Processing manga cb871a0b-8442-4f9d-8987-38a6d7f11d17, chapter 1 (en)
[2025-05-16T05:16:56.995+0000] {log.py:232} WARNING - 2025-05-16 05:16:56,994 - INFO: Adding new chapter 1 (en) for manga cb871a0b-8442-4f9d-8987-38a6d7f11d17
[2025-05-16T05:16:56.994+0000] {update_sequential.py:244} INFO - Adding new chapter 1 (en) for manga cb871a0b-8442-4f9d-8987-38a6d7f11d17
[2025-05-16T05:16:57.281+0000] {log.py:232} WARNING - 2025-05-16 05:16:57,280 - INFO: Processing manga cb871a0b-8442-4f9d-8987-38a6d7f11d17, chapter 2 (en)
[2025-05-16T05:16:57.280+0000] {update_sequential.py:209} INFO - Processing manga cb871a0b-8442-4f9d-8987-38a6d7f11d17, chapter 2 (en)
[2025-05-16T05:16:57.285+0000] {log.py:232} WARNING - 2025-05-16 05:16:57,284 - INFO: Adding new chapter 2 (en) for manga cb871a0b-8442-4f9d-8987-38a6d7f11d17
[2025-05-16T05:16:57.284+0000] {update_sequential.py:244} INFO - Adding new chapter 2 (en) for manga cb871a0b-8442-4f9d-8987-38a6d7f11d17
[2025-05-16T05:16:57.574+0000] {log.py:232} WARNING - 2025-05-16 05:16:57,573 - INFO: Processing manga cb871a0b-8442-4f9d-8987-38a6d7f11d17, chapter 3 (en)
[2025-05-16T05:16:57.573+0000] {update_sequential.py:209} INFO - Processing manga cb871a0b-8442-4f9d-8987-38a6d7f11d17, chapter 3 (en)
[2025-05-16T05:16:57.575+0000] {log.py:232} WARNING - 2025-05-16 05:16:57,575 - INFO: Adding new chapter 3 (en) for manga cb871a0b-8442-4f9d-8987-38a6d7f11d17
[2025-05-16T05:16:57.575+0000] {update_sequential.py:244} INFO - Adding new chapter 3 (en) for manga cb871a0b-8442-4f9d-8987-38a6d7f11d17
[2025-05-16T05:16:57.872+0000] {log.py:232} WARNING - 2025-05-16 05:16:57,871 - INFO: Processing manga efa87e8e-dc98-4d67-9aaa-5f99742cd68b, chapter 1 (en)
[2025-05-16T05:16:57.871+0000] {update_sequential.py:209} INFO - Processing manga efa87e8e-dc98-4d67-9aaa-5f99742cd68b, chapter 1 (en)
[2025-05-16T05:16:57.873+0000] {log.py:232} WARNING - 2025-05-16 05:16:57,873 - INFO: Adding new chapter 1 (en) for manga efa87e8e-dc98-4d67-9aaa-5f99742cd68b
[2025-05-16T05:16:57.873+0000] {update_sequential.py:244} INFO - Adding new chapter 1 (en) for manga efa87e8e-dc98-4d67-9aaa-5f99742cd68b
[2025-05-16T05:16:58.156+0000] {log.py:232} WARNING - 2025-05-16 05:16:58,156 - INFO: Processing manga efa87e8e-dc98-4d67-9aaa-5f99742cd68b, chapter 2 (en)
[2025-05-16T05:16:58.156+0000] {update_sequential.py:209} INFO - Processing manga efa87e8e-dc98-4d67-9aaa-5f99742cd68b, chapter 2 (en)
[2025-05-16T05:16:58.158+0000] {log.py:232} WARNING - 2025-05-16 05:16:58,158 - INFO: Adding new chapter 2 (en) for manga efa87e8e-dc98-4d67-9aaa-5f99742cd68b
[2025-05-16T05:16:58.158+0000] {update_sequential.py:244} INFO - Adding new chapter 2 (en) for manga efa87e8e-dc98-4d67-9aaa-5f99742cd68b
[2025-05-16T05:16:58.441+0000] {log.py:232} WARNING - 2025-05-16 05:16:58,440 - INFO: Processing manga efa87e8e-dc98-4d67-9aaa-5f99742cd68b, chapter 3 (en)
[2025-05-16T05:16:58.440+0000] {update_sequential.py:209} INFO - Processing manga efa87e8e-dc98-4d67-9aaa-5f99742cd68b, chapter 3 (en)
[2025-05-16T05:16:58.443+0000] {log.py:232} WARNING - 2025-05-16 05:16:58,442 - INFO: Adding new chapter 3 (en) for manga efa87e8e-dc98-4d67-9aaa-5f99742cd68b
[2025-05-16T05:16:58.442+0000] {update_sequential.py:244} INFO - Adding new chapter 3 (en) for manga efa87e8e-dc98-4d67-9aaa-5f99742cd68b
[2025-05-16T05:16:58.736+0000] {log.py:232} WARNING - 2025-05-16 05:16:58,736 - INFO: Processing manga efa87e8e-dc98-4d67-9aaa-5f99742cd68b, chapter 4 (en)
[2025-05-16T05:16:58.736+0000] {update_sequential.py:209} INFO - Processing manga efa87e8e-dc98-4d67-9aaa-5f99742cd68b, chapter 4 (en)
[2025-05-16T05:16:58.738+0000] {log.py:232} WARNING - 2025-05-16 05:16:58,738 - INFO: Adding new chapter 4 (en) for manga efa87e8e-dc98-4d67-9aaa-5f99742cd68b
[2025-05-16T05:16:58.738+0000] {update_sequential.py:244} INFO - Adding new chapter 4 (en) for manga efa87e8e-dc98-4d67-9aaa-5f99742cd68b
[2025-05-16T05:16:59.023+0000] {log.py:232} WARNING - 2025-05-16 05:16:59,023 - INFO: Processing manga efa87e8e-dc98-4d67-9aaa-5f99742cd68b, chapter 5 (en)
[2025-05-16T05:16:59.023+0000] {update_sequential.py:209} INFO - Processing manga efa87e8e-dc98-4d67-9aaa-5f99742cd68b, chapter 5 (en)
[2025-05-16T05:16:59.025+0000] {log.py:232} WARNING - 2025-05-16 05:16:59,025 - INFO: Adding new chapter 5 (en) for manga efa87e8e-dc98-4d67-9aaa-5f99742cd68b
[2025-05-16T05:16:59.025+0000] {update_sequential.py:244} INFO - Adding new chapter 5 (en) for manga efa87e8e-dc98-4d67-9aaa-5f99742cd68b
[2025-05-16T05:16:59.311+0000] {log.py:232} WARNING - 2025-05-16 05:16:59,310 - INFO: Processing manga efa87e8e-dc98-4d67-9aaa-5f99742cd68b, chapter 6 (en)
[2025-05-16T05:16:59.310+0000] {update_sequential.py:209} INFO - Processing manga efa87e8e-dc98-4d67-9aaa-5f99742cd68b, chapter 6 (en)
[2025-05-16T05:16:59.314+0000] {log.py:232} WARNING - 2025-05-16 05:16:59,314 - INFO: Adding new chapter 6 (en) for manga efa87e8e-dc98-4d67-9aaa-5f99742cd68b
[2025-05-16T05:16:59.314+0000] {update_sequential.py:244} INFO - Adding new chapter 6 (en) for manga efa87e8e-dc98-4d67-9aaa-5f99742cd68b
[2025-05-16T05:16:59.624+0000] {log.py:232} WARNING - 2025-05-16 05:16:59,623 - INFO: Processing manga 97da1b58-741f-4294-9f25-44cde1ecdf9a, chapter 1 (en)
[2025-05-16T05:16:59.623+0000] {update_sequential.py:209} INFO - Processing manga 97da1b58-741f-4294-9f25-44cde1ecdf9a, chapter 1 (en)
[2025-05-16T05:16:59.626+0000] {log.py:232} WARNING - 2025-05-16 05:16:59,625 - INFO: Adding new chapter 1 (en) for manga 97da1b58-741f-4294-9f25-44cde1ecdf9a
[2025-05-16T05:16:59.625+0000] {update_sequential.py:244} INFO - Adding new chapter 1 (en) for manga 97da1b58-741f-4294-9f25-44cde1ecdf9a
[2025-05-16T05:16:59.914+0000] {log.py:232} WARNING - 2025-05-16 05:16:59,914 - INFO: Processing manga 97da1b58-741f-4294-9f25-44cde1ecdf9a, chapter 2 (en)
[2025-05-16T05:16:59.914+0000] {update_sequential.py:209} INFO - Processing manga 97da1b58-741f-4294-9f25-44cde1ecdf9a, chapter 2 (en)
[2025-05-16T05:16:59.917+0000] {log.py:232} WARNING - 2025-05-16 05:16:59,916 - INFO: Adding new chapter 2 (en) for manga 97da1b58-741f-4294-9f25-44cde1ecdf9a
[2025-05-16T05:16:59.916+0000] {update_sequential.py:244} INFO - Adding new chapter 2 (en) for manga 97da1b58-741f-4294-9f25-44cde1ecdf9a
[2025-05-16T05:17:00.203+0000] {log.py:232} WARNING - 2025-05-16 05:17:00,201 - INFO: Processing manga 97da1b58-741f-4294-9f25-44cde1ecdf9a, chapter 3 (en)
[2025-05-16T05:17:00.201+0000] {update_sequential.py:209} INFO - Processing manga 97da1b58-741f-4294-9f25-44cde1ecdf9a, chapter 3 (en)
[2025-05-16T05:17:00.207+0000] {log.py:232} WARNING - 2025-05-16 05:17:00,206 - INFO: Adding new chapter 3 (en) for manga 97da1b58-741f-4294-9f25-44cde1ecdf9a
[2025-05-16T05:17:00.206+0000] {update_sequential.py:244} INFO - Adding new chapter 3 (en) for manga 97da1b58-741f-4294-9f25-44cde1ecdf9a
[2025-05-16T05:17:00.495+0000] {log.py:232} WARNING - 2025-05-16 05:17:00,493 - INFO: Processing manga 97da1b58-741f-4294-9f25-44cde1ecdf9a, chapter 4 (en)
[2025-05-16T05:17:00.493+0000] {update_sequential.py:209} INFO - Processing manga 97da1b58-741f-4294-9f25-44cde1ecdf9a, chapter 4 (en)
[2025-05-16T05:17:00.498+0000] {log.py:232} WARNING - 2025-05-16 05:17:00,497 - INFO: Adding new chapter 4 (en) for manga 97da1b58-741f-4294-9f25-44cde1ecdf9a
[2025-05-16T05:17:00.497+0000] {update_sequential.py:244} INFO - Adding new chapter 4 (en) for manga 97da1b58-741f-4294-9f25-44cde1ecdf9a
[2025-05-16T05:17:00.784+0000] {log.py:232} WARNING - 2025-05-16 05:17:00,782 - INFO: Processing manga 8928976d-1485-4260-b6d1-13552690a9f4, chapter 1 (en)
[2025-05-16T05:17:00.782+0000] {update_sequential.py:209} INFO - Processing manga 8928976d-1485-4260-b6d1-13552690a9f4, chapter 1 (en)
[2025-05-16T05:17:00.787+0000] {log.py:232} WARNING - 2025-05-16 05:17:00,786 - INFO: Adding new chapter 1 (en) for manga 8928976d-1485-4260-b6d1-13552690a9f4
[2025-05-16T05:17:00.786+0000] {update_sequential.py:244} INFO - Adding new chapter 1 (en) for manga 8928976d-1485-4260-b6d1-13552690a9f4
[2025-05-16T05:17:01.075+0000] {log.py:232} WARNING - 2025-05-16 05:17:01,074 - INFO: Processing manga 8928976d-1485-4260-b6d1-13552690a9f4, chapter 2 (en)
[2025-05-16T05:17:01.074+0000] {update_sequential.py:209} INFO - Processing manga 8928976d-1485-4260-b6d1-13552690a9f4, chapter 2 (en)
[2025-05-16T05:17:01.078+0000] {log.py:232} WARNING - 2025-05-16 05:17:01,077 - INFO: Adding new chapter 2 (en) for manga 8928976d-1485-4260-b6d1-13552690a9f4
[2025-05-16T05:17:01.077+0000] {update_sequential.py:244} INFO - Adding new chapter 2 (en) for manga 8928976d-1485-4260-b6d1-13552690a9f4
[2025-05-16T05:17:01.362+0000] {log.py:232} WARNING - 2025-05-16 05:17:01,361 - INFO: Processing manga 8928976d-1485-4260-b6d1-13552690a9f4, chapter 3 (en)
[2025-05-16T05:17:01.361+0000] {update_sequential.py:209} INFO - Processing manga 8928976d-1485-4260-b6d1-13552690a9f4, chapter 3 (en)
[2025-05-16T05:17:01.363+0000] {log.py:232} WARNING - 2025-05-16 05:17:01,363 - INFO: Adding new chapter 3 (en) for manga 8928976d-1485-4260-b6d1-13552690a9f4
[2025-05-16T05:17:01.363+0000] {update_sequential.py:244} INFO - Adding new chapter 3 (en) for manga 8928976d-1485-4260-b6d1-13552690a9f4
[2025-05-16T05:17:01.652+0000] {log.py:232} WARNING - 2025-05-16 05:17:01,651 - INFO: Processing manga 8928976d-1485-4260-b6d1-13552690a9f4, chapter 4 (en)
[2025-05-16T05:17:01.651+0000] {update_sequential.py:209} INFO - Processing manga 8928976d-1485-4260-b6d1-13552690a9f4, chapter 4 (en)
[2025-05-16T05:17:01.653+0000] {log.py:232} WARNING - 2025-05-16 05:17:01,653 - INFO: Adding new chapter 4 (en) for manga 8928976d-1485-4260-b6d1-13552690a9f4
[2025-05-16T05:17:01.653+0000] {update_sequential.py:244} INFO - Adding new chapter 4 (en) for manga 8928976d-1485-4260-b6d1-13552690a9f4
[2025-05-16T05:17:01.943+0000] {log.py:232} WARNING - 2025-05-16 05:17:01,943 - INFO: Processing manga 287e1422-57e8-4c73-8d04-9397760df929, chapter 1 (en)
[2025-05-16T05:17:01.943+0000] {update_sequential.py:209} INFO - Processing manga 287e1422-57e8-4c73-8d04-9397760df929, chapter 1 (en)
[2025-05-16T05:17:01.945+0000] {log.py:232} WARNING - 2025-05-16 05:17:01,945 - INFO: Adding new chapter 1 (en) for manga 287e1422-57e8-4c73-8d04-9397760df929
[2025-05-16T05:17:01.945+0000] {update_sequential.py:244} INFO - Adding new chapter 1 (en) for manga 287e1422-57e8-4c73-8d04-9397760df929
[2025-05-16T05:17:02.230+0000] {log.py:232} WARNING - 2025-05-16 05:17:02,229 - INFO: Processing manga cad50822-3589-40aa-9cbf-d96a2ccc6384, chapter 1 (en)
[2025-05-16T05:17:02.229+0000] {update_sequential.py:209} INFO - Processing manga cad50822-3589-40aa-9cbf-d96a2ccc6384, chapter 1 (en)
[2025-05-16T05:17:02.231+0000] {log.py:232} WARNING - 2025-05-16 05:17:02,231 - INFO: Adding new chapter 1 (en) for manga cad50822-3589-40aa-9cbf-d96a2ccc6384
[2025-05-16T05:17:02.231+0000] {update_sequential.py:244} INFO - Adding new chapter 1 (en) for manga cad50822-3589-40aa-9cbf-d96a2ccc6384
[2025-05-16T05:17:02.529+0000] {log.py:232} WARNING - 2025-05-16 05:17:02,528 - INFO: Processing manga cad50822-3589-40aa-9cbf-d96a2ccc6384, chapter 2 (en)
[2025-05-16T05:17:02.528+0000] {update_sequential.py:209} INFO - Processing manga cad50822-3589-40aa-9cbf-d96a2ccc6384, chapter 2 (en)
[2025-05-16T05:17:02.530+0000] {log.py:232} WARNING - 2025-05-16 05:17:02,530 - INFO: Adding new chapter 2 (en) for manga cad50822-3589-40aa-9cbf-d96a2ccc6384
[2025-05-16T05:17:02.530+0000] {update_sequential.py:244} INFO - Adding new chapter 2 (en) for manga cad50822-3589-40aa-9cbf-d96a2ccc6384
[2025-05-16T05:17:02.820+0000] {log.py:232} WARNING - 2025-05-16 05:17:02,820 - INFO: Processing manga cad50822-3589-40aa-9cbf-d96a2ccc6384, chapter 3 (en)
[2025-05-16T05:17:02.820+0000] {update_sequential.py:209} INFO - Processing manga cad50822-3589-40aa-9cbf-d96a2ccc6384, chapter 3 (en)
[2025-05-16T05:17:02.822+0000] {log.py:232} WARNING - 2025-05-16 05:17:02,821 - INFO: Adding new chapter 3 (en) for manga cad50822-3589-40aa-9cbf-d96a2ccc6384
[2025-05-16T05:17:02.821+0000] {update_sequential.py:244} INFO - Adding new chapter 3 (en) for manga cad50822-3589-40aa-9cbf-d96a2ccc6384
[2025-05-16T05:17:03.105+0000] {log.py:232} WARNING - 2025-05-16 05:17:03,104 - INFO: Processing manga cad50822-3589-40aa-9cbf-d96a2ccc6384, chapter 4 (en)
[2025-05-16T05:17:03.104+0000] {update_sequential.py:209} INFO - Processing manga cad50822-3589-40aa-9cbf-d96a2ccc6384, chapter 4 (en)
[2025-05-16T05:17:03.106+0000] {log.py:232} WARNING - 2025-05-16 05:17:03,106 - INFO: Adding new chapter 4 (en) for manga cad50822-3589-40aa-9cbf-d96a2ccc6384
[2025-05-16T05:17:03.106+0000] {update_sequential.py:244} INFO - Adding new chapter 4 (en) for manga cad50822-3589-40aa-9cbf-d96a2ccc6384
[2025-05-16T05:17:03.389+0000] {log.py:232} WARNING - 2025-05-16 05:17:03,388 - INFO: Processing manga cad50822-3589-40aa-9cbf-d96a2ccc6384, chapter 4.5 (en)
[2025-05-16T05:17:03.388+0000] {update_sequential.py:209} INFO - Processing manga cad50822-3589-40aa-9cbf-d96a2ccc6384, chapter 4.5 (en)
[2025-05-16T05:17:03.390+0000] {log.py:232} WARNING - 2025-05-16 05:17:03,390 - INFO: Adding new chapter 4.5 (en) for manga cad50822-3589-40aa-9cbf-d96a2ccc6384
[2025-05-16T05:17:03.390+0000] {update_sequential.py:244} INFO - Adding new chapter 4.5 (en) for manga cad50822-3589-40aa-9cbf-d96a2ccc6384
[2025-05-16T05:17:03.684+0000] {log.py:232} WARNING - 2025-05-16 05:17:03,684 - INFO: Processing manga 4d393a81-0015-4744-bf9a-064394e3f234, chapter 1 (en)
[2025-05-16T05:17:03.684+0000] {update_sequential.py:209} INFO - Processing manga 4d393a81-0015-4744-bf9a-064394e3f234, chapter 1 (en)
[2025-05-16T05:17:03.686+0000] {log.py:232} WARNING - 2025-05-16 05:17:03,686 - INFO: Adding new chapter 1 (en) for manga 4d393a81-0015-4744-bf9a-064394e3f234
[2025-05-16T05:17:03.686+0000] {update_sequential.py:244} INFO - Adding new chapter 1 (en) for manga 4d393a81-0015-4744-bf9a-064394e3f234
[2025-05-16T05:17:03.969+0000] {log.py:232} WARNING - 2025-05-16 05:17:03,969 - INFO: Processing manga bdac77b1-608f-4b0d-9773-7053dac0eca6, chapter 1 (en)
[2025-05-16T05:17:03.969+0000] {update_sequential.py:209} INFO - Processing manga bdac77b1-608f-4b0d-9773-7053dac0eca6, chapter 1 (en)
[2025-05-16T05:17:03.971+0000] {log.py:232} WARNING - 2025-05-16 05:17:03,971 - INFO: Adding new chapter 1 (en) for manga bdac77b1-608f-4b0d-9773-7053dac0eca6
[2025-05-16T05:17:03.971+0000] {update_sequential.py:244} INFO - Adding new chapter 1 (en) for manga bdac77b1-608f-4b0d-9773-7053dac0eca6
[2025-05-16T05:17:04.256+0000] {log.py:232} WARNING - 2025-05-16 05:17:04,255 - INFO: Processing manga bdac77b1-608f-4b0d-9773-7053dac0eca6, chapter 2 (en)
[2025-05-16T05:17:04.255+0000] {update_sequential.py:209} INFO - Processing manga bdac77b1-608f-4b0d-9773-7053dac0eca6, chapter 2 (en)
[2025-05-16T05:17:04.257+0000] {log.py:232} WARNING - 2025-05-16 05:17:04,257 - INFO: Adding new chapter 2 (en) for manga bdac77b1-608f-4b0d-9773-7053dac0eca6
[2025-05-16T05:17:04.257+0000] {update_sequential.py:244} INFO - Adding new chapter 2 (en) for manga bdac77b1-608f-4b0d-9773-7053dac0eca6
[2025-05-16T05:17:04.548+0000] {log.py:232} WARNING - 2025-05-16 05:17:04,547 - INFO: Processing manga bdac77b1-608f-4b0d-9773-7053dac0eca6, chapter 3 (en)
[2025-05-16T05:17:04.547+0000] {update_sequential.py:209} INFO - Processing manga bdac77b1-608f-4b0d-9773-7053dac0eca6, chapter 3 (en)
[2025-05-16T05:17:04.549+0000] {log.py:232} WARNING - 2025-05-16 05:17:04,548 - INFO: Adding new chapter 3 (en) for manga bdac77b1-608f-4b0d-9773-7053dac0eca6
[2025-05-16T05:17:04.548+0000] {update_sequential.py:244} INFO - Adding new chapter 3 (en) for manga bdac77b1-608f-4b0d-9773-7053dac0eca6
[2025-05-16T05:17:04.845+0000] {log.py:232} WARNING - 2025-05-16 05:17:04,844 - INFO: Processing manga bdac77b1-608f-4b0d-9773-7053dac0eca6, chapter 4 (en)
[2025-05-16T05:17:04.844+0000] {update_sequential.py:209} INFO - Processing manga bdac77b1-608f-4b0d-9773-7053dac0eca6, chapter 4 (en)
[2025-05-16T05:17:04.849+0000] {log.py:232} WARNING - 2025-05-16 05:17:04,848 - INFO: Adding new chapter 4 (en) for manga bdac77b1-608f-4b0d-9773-7053dac0eca6
[2025-05-16T05:17:04.848+0000] {update_sequential.py:244} INFO - Adding new chapter 4 (en) for manga bdac77b1-608f-4b0d-9773-7053dac0eca6
[2025-05-16T05:17:05.139+0000] {log.py:232} WARNING - 2025-05-16 05:17:05,138 - INFO: Processing manga bdac77b1-608f-4b0d-9773-7053dac0eca6, chapter 5 (en)
[2025-05-16T05:17:05.138+0000] {update_sequential.py:209} INFO - Processing manga bdac77b1-608f-4b0d-9773-7053dac0eca6, chapter 5 (en)
[2025-05-16T05:17:05.142+0000] {log.py:232} WARNING - 2025-05-16 05:17:05,141 - INFO: Adding new chapter 5 (en) for manga bdac77b1-608f-4b0d-9773-7053dac0eca6
[2025-05-16T05:17:05.141+0000] {update_sequential.py:244} INFO - Adding new chapter 5 (en) for manga bdac77b1-608f-4b0d-9773-7053dac0eca6
[2025-05-16T05:17:05.428+0000] {log.py:232} WARNING - 2025-05-16 05:17:05,427 - INFO: Processing manga f777da8d-878b-4114-a256-31b21933afc3, chapter 1 (en)
[2025-05-16T05:17:05.427+0000] {update_sequential.py:209} INFO - Processing manga f777da8d-878b-4114-a256-31b21933afc3, chapter 1 (en)
[2025-05-16T05:17:05.432+0000] {log.py:232} WARNING - 2025-05-16 05:17:05,431 - INFO: Adding new chapter 1 (en) for manga f777da8d-878b-4114-a256-31b21933afc3
[2025-05-16T05:17:05.431+0000] {update_sequential.py:244} INFO - Adding new chapter 1 (en) for manga f777da8d-878b-4114-a256-31b21933afc3
[2025-05-16T05:17:05.719+0000] {log.py:232} WARNING - 2025-05-16 05:17:05,719 - INFO: Processing manga 255937ca-c65b-4f8e-bb39-a41ac667362b, chapter 1 (en)
[2025-05-16T05:17:05.719+0000] {update_sequential.py:209} INFO - Processing manga 255937ca-c65b-4f8e-bb39-a41ac667362b, chapter 1 (en)
[2025-05-16T05:17:05.721+0000] {log.py:232} WARNING - 2025-05-16 05:17:05,720 - INFO: Adding new chapter 1 (en) for manga 255937ca-c65b-4f8e-bb39-a41ac667362b
[2025-05-16T05:17:05.720+0000] {update_sequential.py:244} INFO - Adding new chapter 1 (en) for manga 255937ca-c65b-4f8e-bb39-a41ac667362b
[2025-05-16T05:17:06.004+0000] {log.py:232} WARNING - 2025-05-16 05:17:06,003 - INFO: Processing manga 255937ca-c65b-4f8e-bb39-a41ac667362b, chapter 2 (en)
[2025-05-16T05:17:06.003+0000] {update_sequential.py:209} INFO - Processing manga 255937ca-c65b-4f8e-bb39-a41ac667362b, chapter 2 (en)
[2025-05-16T05:17:06.005+0000] {log.py:232} WARNING - 2025-05-16 05:17:06,005 - INFO: Adding new chapter 2 (en) for manga 255937ca-c65b-4f8e-bb39-a41ac667362b
[2025-05-16T05:17:06.005+0000] {update_sequential.py:244} INFO - Adding new chapter 2 (en) for manga 255937ca-c65b-4f8e-bb39-a41ac667362b
[2025-05-16T05:17:06.291+0000] {log.py:232} WARNING - 2025-05-16 05:17:06,291 - INFO: Processing manga 255937ca-c65b-4f8e-bb39-a41ac667362b, chapter 3 (en)
[2025-05-16T05:17:06.291+0000] {update_sequential.py:209} INFO - Processing manga 255937ca-c65b-4f8e-bb39-a41ac667362b, chapter 3 (en)
[2025-05-16T05:17:06.292+0000] {log.py:232} WARNING - 2025-05-16 05:17:06,292 - INFO: Adding new chapter 3 (en) for manga 255937ca-c65b-4f8e-bb39-a41ac667362b
[2025-05-16T05:17:06.292+0000] {update_sequential.py:244} INFO - Adding new chapter 3 (en) for manga 255937ca-c65b-4f8e-bb39-a41ac667362b
[2025-05-16T05:17:06.577+0000] {log.py:232} WARNING - 2025-05-16 05:17:06,576 - INFO: Processing manga 255937ca-c65b-4f8e-bb39-a41ac667362b, chapter 4 (en)
[2025-05-16T05:17:06.576+0000] {update_sequential.py:209} INFO - Processing manga 255937ca-c65b-4f8e-bb39-a41ac667362b, chapter 4 (en)
[2025-05-16T05:17:06.579+0000] {log.py:232} WARNING - 2025-05-16 05:17:06,578 - INFO: Adding new chapter 4 (en) for manga 255937ca-c65b-4f8e-bb39-a41ac667362b
[2025-05-16T05:17:06.578+0000] {update_sequential.py:244} INFO - Adding new chapter 4 (en) for manga 255937ca-c65b-4f8e-bb39-a41ac667362b
[2025-05-16T05:17:06.863+0000] {log.py:232} WARNING - 2025-05-16 05:17:06,862 - INFO: Processing manga 16ac1429-593f-4fe5-a529-ce8aed994ef5, chapter None (en)
[2025-05-16T05:17:06.862+0000] {update_sequential.py:209} INFO - Processing manga 16ac1429-593f-4fe5-a529-ce8aed994ef5, chapter None (en)
[2025-05-16T05:17:06.865+0000] {log.py:232} WARNING - 2025-05-16 05:17:06,864 - INFO: Adding new chapter None (en) for manga 16ac1429-593f-4fe5-a529-ce8aed994ef5
[2025-05-16T05:17:06.864+0000] {update_sequential.py:244} INFO - Adding new chapter None (en) for manga 16ac1429-593f-4fe5-a529-ce8aed994ef5
[2025-05-16T05:17:07.150+0000] {log.py:232} WARNING - 2025-05-16 05:17:07,149 - INFO: Processing manga da6c7a1e-e528-4a1e-8a09-c5443ab77225, chapter None (en)
[2025-05-16T05:17:07.149+0000] {update_sequential.py:209} INFO - Processing manga da6c7a1e-e528-4a1e-8a09-c5443ab77225, chapter None (en)
[2025-05-16T05:17:07.151+0000] {log.py:232} WARNING - 2025-05-16 05:17:07,151 - INFO: Adding new chapter None (en) for manga da6c7a1e-e528-4a1e-8a09-c5443ab77225
[2025-05-16T05:17:07.151+0000] {update_sequential.py:244} INFO - Adding new chapter None (en) for manga da6c7a1e-e528-4a1e-8a09-c5443ab77225
[2025-05-16T05:17:07.434+0000] {log.py:232} WARNING - 2025-05-16 05:17:07,434 - INFO: Processing manga f1b3d291-ac40-41b0-bddf-d6d3dda03515, chapter 1 (en)
[2025-05-16T05:17:07.434+0000] {update_sequential.py:209} INFO - Processing manga f1b3d291-ac40-41b0-bddf-d6d3dda03515, chapter 1 (en)
[2025-05-16T05:17:07.436+0000] {log.py:232} WARNING - 2025-05-16 05:17:07,435 - INFO: Adding new chapter 1 (en) for manga f1b3d291-ac40-41b0-bddf-d6d3dda03515
[2025-05-16T05:17:07.435+0000] {update_sequential.py:244} INFO - Adding new chapter 1 (en) for manga f1b3d291-ac40-41b0-bddf-d6d3dda03515
[2025-05-16T05:17:07.732+0000] {log.py:232} WARNING - 2025-05-16 05:17:07,731 - INFO: Processing manga 9fcec6cc-338a-4de3-a14c-a13a7442bf86, chapter 1 (en)
[2025-05-16T05:17:07.731+0000] {update_sequential.py:209} INFO - Processing manga 9fcec6cc-338a-4de3-a14c-a13a7442bf86, chapter 1 (en)
[2025-05-16T05:17:07.737+0000] {log.py:232} WARNING - 2025-05-16 05:17:07,736 - INFO: Adding new chapter 1 (en) for manga 9fcec6cc-338a-4de3-a14c-a13a7442bf86
[2025-05-16T05:17:07.736+0000] {update_sequential.py:244} INFO - Adding new chapter 1 (en) for manga 9fcec6cc-338a-4de3-a14c-a13a7442bf86
[2025-05-16T05:17:08.032+0000] {log.py:232} WARNING - 2025-05-16 05:17:08,031 - INFO: Processing manga 9fcec6cc-338a-4de3-a14c-a13a7442bf86, chapter 2 (en)
[2025-05-16T05:17:08.031+0000] {update_sequential.py:209} INFO - Processing manga 9fcec6cc-338a-4de3-a14c-a13a7442bf86, chapter 2 (en)
[2025-05-16T05:17:08.035+0000] {log.py:232} WARNING - 2025-05-16 05:17:08,035 - INFO: Adding new chapter 2 (en) for manga 9fcec6cc-338a-4de3-a14c-a13a7442bf86
[2025-05-16T05:17:08.035+0000] {update_sequential.py:244} INFO - Adding new chapter 2 (en) for manga 9fcec6cc-338a-4de3-a14c-a13a7442bf86
[2025-05-16T05:17:08.329+0000] {log.py:232} WARNING - 2025-05-16 05:17:08,328 - INFO: Processing manga 9fcec6cc-338a-4de3-a14c-a13a7442bf86, chapter 3 (en)
[2025-05-16T05:17:08.328+0000] {update_sequential.py:209} INFO - Processing manga 9fcec6cc-338a-4de3-a14c-a13a7442bf86, chapter 3 (en)
[2025-05-16T05:17:08.332+0000] {log.py:232} WARNING - 2025-05-16 05:17:08,332 - INFO: Adding new chapter 3 (en) for manga 9fcec6cc-338a-4de3-a14c-a13a7442bf86
[2025-05-16T05:17:08.332+0000] {update_sequential.py:244} INFO - Adding new chapter 3 (en) for manga 9fcec6cc-338a-4de3-a14c-a13a7442bf86
[2025-05-16T05:17:08.622+0000] {log.py:232} WARNING - 2025-05-16 05:17:08,620 - INFO: Processing manga 9fcec6cc-338a-4de3-a14c-a13a7442bf86, chapter 4 (en)
[2025-05-16T05:17:08.620+0000] {update_sequential.py:209} INFO - Processing manga 9fcec6cc-338a-4de3-a14c-a13a7442bf86, chapter 4 (en)
[2025-05-16T05:17:08.626+0000] {log.py:232} WARNING - 2025-05-16 05:17:08,625 - INFO: Adding new chapter 4 (en) for manga 9fcec6cc-338a-4de3-a14c-a13a7442bf86
[2025-05-16T05:17:08.625+0000] {update_sequential.py:244} INFO - Adding new chapter 4 (en) for manga 9fcec6cc-338a-4de3-a14c-a13a7442bf86
[2025-05-16T05:17:08.912+0000] {log.py:232} WARNING - 2025-05-16 05:17:08,911 - INFO: Processing manga 9fcec6cc-338a-4de3-a14c-a13a7442bf86, chapter 5 (en)
[2025-05-16T05:17:08.911+0000] {update_sequential.py:209} INFO - Processing manga 9fcec6cc-338a-4de3-a14c-a13a7442bf86, chapter 5 (en)
[2025-05-16T05:17:08.913+0000] {log.py:232} WARNING - 2025-05-16 05:17:08,913 - INFO: Adding new chapter 5 (en) for manga 9fcec6cc-338a-4de3-a14c-a13a7442bf86
[2025-05-16T05:17:08.913+0000] {update_sequential.py:244} INFO - Adding new chapter 5 (en) for manga 9fcec6cc-338a-4de3-a14c-a13a7442bf86
[2025-05-16T05:17:09.203+0000] {log.py:232} WARNING - 2025-05-16 05:17:09,202 - INFO: Processing manga 9fcec6cc-338a-4de3-a14c-a13a7442bf86, chapter 6 (en)
[2025-05-16T05:17:09.202+0000] {update_sequential.py:209} INFO - Processing manga 9fcec6cc-338a-4de3-a14c-a13a7442bf86, chapter 6 (en)
[2025-05-16T05:17:09.205+0000] {log.py:232} WARNING - 2025-05-16 05:17:09,204 - INFO: Adding new chapter 6 (en) for manga 9fcec6cc-338a-4de3-a14c-a13a7442bf86
[2025-05-16T05:17:09.204+0000] {update_sequential.py:244} INFO - Adding new chapter 6 (en) for manga 9fcec6cc-338a-4de3-a14c-a13a7442bf86
[2025-05-16T05:17:09.497+0000] {log.py:232} WARNING - 2025-05-16 05:17:09,496 - INFO: Processing manga 9fcec6cc-338a-4de3-a14c-a13a7442bf86, chapter 7 (en)
[2025-05-16T05:17:09.496+0000] {update_sequential.py:209} INFO - Processing manga 9fcec6cc-338a-4de3-a14c-a13a7442bf86, chapter 7 (en)
[2025-05-16T05:17:09.498+0000] {log.py:232} WARNING - 2025-05-16 05:17:09,498 - INFO: Adding new chapter 7 (en) for manga 9fcec6cc-338a-4de3-a14c-a13a7442bf86
[2025-05-16T05:17:09.498+0000] {update_sequential.py:244} INFO - Adding new chapter 7 (en) for manga 9fcec6cc-338a-4de3-a14c-a13a7442bf86
[2025-05-16T05:17:09.786+0000] {log.py:232} WARNING - 2025-05-16 05:17:09,785 - INFO: Processing manga 9fcec6cc-338a-4de3-a14c-a13a7442bf86, chapter 8 (en)
[2025-05-16T05:17:09.785+0000] {update_sequential.py:209} INFO - Processing manga 9fcec6cc-338a-4de3-a14c-a13a7442bf86, chapter 8 (en)
[2025-05-16T05:17:09.788+0000] {log.py:232} WARNING - 2025-05-16 05:17:09,788 - INFO: Adding new chapter 8 (en) for manga 9fcec6cc-338a-4de3-a14c-a13a7442bf86
[2025-05-16T05:17:09.788+0000] {update_sequential.py:244} INFO - Adding new chapter 8 (en) for manga 9fcec6cc-338a-4de3-a14c-a13a7442bf86
[2025-05-16T05:17:10.106+0000] {log.py:232} WARNING - 2025-05-16 05:17:10,105 - INFO: Processing manga 9fcec6cc-338a-4de3-a14c-a13a7442bf86, chapter 9 (en)
[2025-05-16T05:17:10.105+0000] {update_sequential.py:209} INFO - Processing manga 9fcec6cc-338a-4de3-a14c-a13a7442bf86, chapter 9 (en)
[2025-05-16T05:17:10.107+0000] {log.py:232} WARNING - 2025-05-16 05:17:10,107 - INFO: Adding new chapter 9 (en) for manga 9fcec6cc-338a-4de3-a14c-a13a7442bf86
[2025-05-16T05:17:10.107+0000] {update_sequential.py:244} INFO - Adding new chapter 9 (en) for manga 9fcec6cc-338a-4de3-a14c-a13a7442bf86
[2025-05-16T05:17:10.436+0000] {log.py:232} WARNING - 2025-05-16 05:17:10,409 - INFO: Processing manga 9fcec6cc-338a-4de3-a14c-a13a7442bf86, chapter 10 (en)
[2025-05-16T05:17:10.409+0000] {update_sequential.py:209} INFO - Processing manga 9fcec6cc-338a-4de3-a14c-a13a7442bf86, chapter 10 (en)
[2025-05-16T05:17:10.466+0000] {log.py:232} WARNING - 2025-05-16 05:17:10,466 - INFO: Adding new chapter 10 (en) for manga 9fcec6cc-338a-4de3-a14c-a13a7442bf86
[2025-05-16T05:17:10.466+0000] {update_sequential.py:244} INFO - Adding new chapter 10 (en) for manga 9fcec6cc-338a-4de3-a14c-a13a7442bf86
[2025-05-16T05:17:10.867+0000] {log.py:232} WARNING - 2025-05-16 05:17:10,867 - INFO: Processing manga 9fcec6cc-338a-4de3-a14c-a13a7442bf86, chapter 11 (en)
[2025-05-16T05:17:10.867+0000] {update_sequential.py:209} INFO - Processing manga 9fcec6cc-338a-4de3-a14c-a13a7442bf86, chapter 11 (en)
[2025-05-16T05:17:10.869+0000] {log.py:232} WARNING - 2025-05-16 05:17:10,868 - INFO: Adding new chapter 11 (en) for manga 9fcec6cc-338a-4de3-a14c-a13a7442bf86
[2025-05-16T05:17:10.868+0000] {update_sequential.py:244} INFO - Adding new chapter 11 (en) for manga 9fcec6cc-338a-4de3-a14c-a13a7442bf86
[2025-05-16T05:17:11.433+0000] {log.py:232} WARNING - 2025-05-16 05:17:11,432 - INFO: Database update complete
[2025-05-16T05:17:11.432+0000] {update_sequential.py:265} INFO - Database update complete
[2025-05-16T05:17:11.434+0000] {log.py:232} WARNING - 2025-05-16 05:17:11,434 - INFO: Total chapters added/updated: 97
[2025-05-16T05:17:11.434+0000] {update_sequential.py:269} INFO - Total chapters added/updated: 97
[2025-05-16T05:17:11.435+0000] {log.py:232} WARNING - 2025-05-16 05:17:11,435 - INFO: Total chapters replaced with English translations: 0
[2025-05-16T05:17:11.435+0000] {update_sequential.py:270} INFO - Total chapters replaced with English translations: 0
[2025-05-16T05:17:11.748+0000] {log.py:232} WARNING - 2025-05-16 05:17:11,748 - INFO: Registered chapter rollback data for 97 chapter IDs
[2025-05-16T05:17:11.748+0000] {update_manga_database_dag.py:157} INFO - Registered chapter rollback data for 97 chapter IDs
[2025-05-16T05:17:11.750+0000] {log.py:232} WARNING - 2025-05-16 05:17:11,750 - INFO: Updated/added 97 chapters, replaced 0
[2025-05-16T05:17:11.750+0000] {update_manga_database_dag.py:420} INFO - Updated/added 97 chapters, replaced 0
[2025-05-16T05:17:11.751+0000] {log.py:232} WARNING - 2025-05-16 05:17:11,751 - INFO: Starting image data update
[2025-05-16T05:17:11.751+0000] {update_manga_database_dag.py:424} INFO - Starting image data update
[2025-05-16T05:17:11.752+0000] {log.py:232} WARNING - 2025-05-16 05:17:11,752 - INFO: Checking for existing chapters...
[2025-05-16T05:17:11.752+0000] {update_sequential.py:310} INFO - Checking for existing chapters...
[2025-05-16T05:17:12.951+0000] {logging_mixin.py:190} WARNING - Preparing data:   0%|                                                        | 0/98 [00:00<?, ?it/s]
[2025-05-16T05:17:12.952+0000] {logging_mixin.py:190} WARNING - Preparing data: 100%|###########################################| 98/98 [00:00<00:00, 632371.99it/s]
[2025-05-16T05:17:12.954+0000] {log.py:232} WARNING - 2025-05-16 05:17:12,953 - INFO: Starting MongoDB bulk update with 97 new chapters...
[2025-05-16T05:17:12.953+0000] {update_sequential.py:345} INFO - Starting MongoDB bulk update with 97 new chapters...
[2025-05-16T05:17:12.958+0000] {logging_mixin.py:190} WARNING - Updating MongoDB:   0%|                                                      | 0/97 [00:00<?, ?it/s]
[2025-05-16T05:17:14.962+0000] {logging_mixin.py:190} WARNING - Updating MongoDB: 100%|#############################################| 97/97 [00:02<00:00, 48.44it/s]
[2025-05-16T05:17:14.963+0000] {logging_mixin.py:190} WARNING - Updating MongoDB: 100%|#############################################| 97/97 [00:02<00:00, 48.41it/s]
[2025-05-16T05:17:14.965+0000] {log.py:232} WARNING - 2025-05-16 05:17:14,964 - INFO: MongoDB update completed: Inserted: 97 | Duplicates skipped: 1
[2025-05-16T05:17:14.964+0000] {update_sequential.py:385} INFO - MongoDB update completed: Inserted: 97 | Duplicates skipped: 1
[2025-05-16T05:17:14.966+0000] {log.py:232} WARNING - 2025-05-16 05:17:14,966 - INFO: Inserted 97 chapters, skipped 1
[2025-05-16T05:17:14.966+0000] {update_manga_database_dag.py:426} INFO - Inserted 97 chapters, skipped 1
[2025-05-16T05:17:14.968+0000] {log.py:232} WARNING - 2025-05-16 05:17:14,967 - INFO: Registered image rollback data for 98 new chapters and 0 deleted chapters
[2025-05-16T05:17:14.967+0000] {update_manga_database_dag.py:181} INFO - Registered image rollback data for 98 new chapters and 0 deleted chapters
[2025-05-16T05:17:15.264+0000] {log.py:232} WARNING - 2025-05-16 05:17:15,264 - INFO: Transaction committed successfully
[2025-05-16T05:17:15.264+0000] {update_manga_database_dag.py:279} INFO - Transaction committed successfully
[2025-05-16T05:17:15.266+0000] {log.py:232} WARNING - 2025-05-16 05:17:15,266 - INFO: All updates committed successfully
[2025-05-16T05:17:15.266+0000] {update_manga_database_dag.py:439} INFO - All updates committed successfully
[2025-05-16T05:17:15.268+0000] {python.py:240} INFO - Done. Returned value was: None
[2025-05-16T05:17:15.279+0000] {taskinstance.py:341} INFO - ::group::Post task execution logs
[2025-05-16T05:17:15.280+0000] {taskinstance.py:353} INFO - Marking task as SUCCESS. dag_id=update_manga_database, task_id=update_all_databases, run_id=manual__2025-05-16T05:13:46.774384+00:00, execution_date=20250516T051346, start_date=20250516T051614, end_date=20250516T051715
[2025-05-16T05:17:15.313+0000] {logging_mixin.py:190} INFO - Task instance in success state
[2025-05-16T05:17:15.314+0000] {logging_mixin.py:190} INFO -  Previous state of the Task instance: running
[2025-05-16T05:17:15.314+0000] {logging_mixin.py:190} INFO - Dag name:update_manga_database queued_at:2025-05-16 05:13:46.784343+00:00
[2025-05-16T05:17:15.315+0000] {logging_mixin.py:190} INFO - Task hostname:3729034b4972 operator:_PythonDecoratedOperator
[2025-05-16T05:17:15.346+0000] {local_task_job_runner.py:266} INFO - Task exited with return code 0
[2025-05-16T05:17:15.360+0000] {taskinstance.py:3901} INFO - 0 downstream tasks scheduled from follow-on schedule check
[2025-05-16T05:17:15.363+0000] {local_task_job_runner.py:245} INFO - ::endgroup::
